This is XeTeX, Version 3.14159265-2.6-0.99996 (TeX Live 2016/W32TeX) (preloaded format=xetex 2017.5.11)  11 OCT 2019 13:49
entering extended mode
 restricted \write18 enabled.
 %&-line parsing enabled.
**./bib.tex
(./bib.tex (./gkpmac.tex
\openout0 = `bib.grf'.

 (./bib.ref)
\openout1 = `bib.ref'.

\openout2 = `bib.ans'.

\openout3 = `bib.inx'.

\openout4 = `bib.bnx'.

)
%% goal height=543.0, max depth=4.0
% t=54.88892 g=543.0 b=10000 p=0 c=100000#
% t=146.27444 minus 5.0 g=543.0 b=10000 p=0 c=100000#
% t=158.43668 minus 5.0 g=543.0 b=10000 p=0 c=100000#
% t=174.43668 plus 2.0 minus 6.0 g=543.0 b=10000 p=300 c=100000#
% t=187.43668 plus 2.0 minus 6.0 g=543.0 b=10000 p=0 c=100000#
% t=200.43668 plus 3.0 minus 6.0 g=543.0 b=10000 p=300 c=100000#
% t=213.43668 plus 3.0 minus 6.0 g=543.0 b=10000 p=0 c=100000#
% t=226.43668 plus 4.0 minus 6.0 g=543.0 b=10000 p=300 c=100000#
% t=239.43668 plus 4.0 minus 6.0 g=543.0 b=10000 p=-100 c=100000#
% t=257.43668 plus 7.0 minus 8.0 g=543.0 b=10000 p=150 c=100000#
% t=270.43668 plus 7.0 minus 8.0 g=543.0 b=10000 p=150 c=100000#
% t=283.43668 plus 7.0 minus 8.0 g=543.0 b=10000 p=-100 c=100000#
% t=301.43668 plus 10.0 minus 10.0 g=543.0 b=10000 p=250 c=100000#
% t=314.43668 plus 10.0 minus 10.0 g=543.0 b=10000 p=150 c=100000#
% t=327.43668 plus 10.0 minus 10.0 g=543.0 b=10000 p=-100 c=100000#
% t=345.43668 plus 13.0 minus 12.0 g=543.0 b=10000 p=150 c=100000#
% t=358.43668 plus 13.0 minus 12.0 g=543.0 b=10000 p=150 c=100000#
% t=371.43668 plus 13.0 minus 12.0 g=543.0 b=10000 p=-100 c=100000#
% t=389.43668 plus 16.0 minus 14.0 g=543.0 b=10000 p=300 c=100000#
% t=402.43668 plus 16.0 minus 14.0 g=543.0 b=10000 p=-100 c=100000#
% t=420.43668 plus 19.0 minus 16.0 g=543.0 b=10000 p=400 c=100000#
% t=433.43668 plus 19.0 minus 16.0 g=543.0 b=10000 p=-100 c=100000#
% t=451.43668 plus 22.0 minus 18.0 g=543.0 b=7203 p=150 c=7353#
% t=464.43668 plus 22.0 minus 18.0 g=543.0 b=4543 p=0 c=4543#
% t=477.43668 plus 22.0 minus 18.0 g=543.0 b=2644 p=150 c=2794#
% t=490.43668 plus 22.0 minus 18.0 g=543.0 b=1360 p=-100 c=1260#
% t=508.43668 plus 25.0 minus 20.0 g=543.0 b=263 p=300 c=563#
% t=521.43668 plus 25.0 minus 20.0 g=543.0 b=64 p=-100 c=-36#
% t=539.43668 plus 28.0 minus 22.0 g=543.0 b=0 p=400 c=400
% t=552.43668 plus 28.0 minus 22.0 g=543.0 b=8 p=-100 c=-92#
% t=570.43668 plus 31.0 minus 24.0 g=543.0 b=* p=300 c=*
 [604









]
%% goal height=543.0, max depth=4.0
% t=10.0 g=543.0 b=10000 p=300 c=100000#
% t=23.0 g=543.0 b=10000 p=-100 c=100000#
% t=41.0 plus 3.0 minus 2.0 g=543.0 b=10000 p=400 c=100000#
% t=54.0 plus 3.0 minus 2.0 g=543.0 b=10000 p=-100 c=100000#
% t=72.0 plus 6.0 minus 4.0 g=543.0 b=10000 p=-100 c=100000#
% t=90.0 plus 9.0 minus 6.0 g=543.0 b=10000 p=150 c=100000#
% t=103.0 plus 9.0 minus 6.0 g=543.0 b=10000 p=250 c=100000#
% t=116.0 plus 9.0 minus 6.0 g=543.0 b=10000 p=-100 c=100000#
% t=134.0 plus 12.0 minus 8.0 g=543.0 b=10000 p=150 c=100000#
% t=147.0 plus 12.0 minus 8.0 g=543.0 b=10000 p=150 c=100000#
% t=160.0 plus 12.0 minus 8.0 g=543.0 b=10000 p=-100 c=100000#
% t=178.0 plus 15.0 minus 10.0 g=543.0 b=10000 p=250 c=100000#
% t=191.0 plus 15.0 minus 10.0 g=543.0 b=10000 p=0 c=100000#
% t=204.0 plus 15.0 minus 10.0 g=543.0 b=10000 p=250 c=100000#
% t=217.0 plus 15.0 minus 10.0 g=543.0 b=10000 p=-100 c=100000#
% t=235.0 plus 18.0 minus 12.0 g=543.0 b=10000 p=150 c=100000#
% t=248.0 plus 18.0 minus 12.0 g=543.0 b=10000 p=150 c=100000#
% t=261.0 plus 18.0 minus 12.0 g=543.0 b=10000 p=-100 c=100000#
% t=279.0 plus 21.0 minus 14.0 g=543.0 b=10000 p=300 c=100000#
% t=292.0 plus 21.0 minus 14.0 g=543.0 b=10000 p=-100 c=100000#
% t=310.0 plus 24.0 minus 16.0 g=543.0 b=10000 p=-100 c=100000#
% t=328.0 plus 27.0 minus 18.0 g=543.0 b=10000 p=300 c=100000#
% t=341.0 plus 27.0 minus 18.0 g=543.0 b=10000 p=-100 c=100000#
% t=359.0 plus 30.0 minus 20.0 g=543.0 b=10000 p=300 c=100000#
% t=372.0 plus 30.0 minus 20.0 g=543.0 b=10000 p=-100 c=100000#
% t=390.0 plus 33.0 minus 22.0 g=543.0 b=10000 p=150 c=100000#
% t=403.0 plus 33.0 minus 22.0 g=543.0 b=7631 p=100 c=7731#
% t=416.0 plus 33.0 minus 22.0 g=543.0 b=5696 p=150 c=5846#
% t=429.0 plus 33.0 minus 22.0 g=543.0 b=4120 p=-100 c=4020#
% t=447.0 plus 36.0 minus 24.0 g=543.0 b=1895 p=300 c=2195#
% t=460.0 plus 36.0 minus 24.0 g=543.0 b=1221 p=-100 c=1121#
% t=478.0 plus 39.0 minus 26.0 g=543.0 b=463 p=300 c=763#
% t=491.0 plus 39.0 minus 26.0 g=543.0 b=237 p=-100 c=137#
% t=509.0 plus 42.0 minus 28.0 g=543.0 b=53 p=300 c=353
% t=522.0 plus 42.0 minus 28.0 g=543.0 b=12 p=-100 c=-88#
% t=540.0 plus 45.0 minus 30.0 g=543.0 b=0 p=300 c=300
% t=553.0 plus 45.0 minus 30.0 g=543.0 b=4 p=-100 c=-96#
% t=571.0 plus 48.0 minus 32.0 g=543.0 b=66 p=400 c=466
% t=584.0 plus 48.0 minus 32.0 g=543.0 b=* p=-100 c=*
 [605
















]
%% goal height=543.0, max depth=4.0
% t=10.0 g=543.0 b=10000 p=400 c=100000#
% t=23.0 g=543.0 b=10000 p=-100 c=100000#
% t=41.0 plus 3.0 minus 2.0 g=543.0 b=10000 p=400 c=100000#
% t=54.0 plus 3.0 minus 2.0 g=543.0 b=10000 p=-100 c=100000#
% t=72.0 plus 6.0 minus 4.0 g=543.0 b=10000 p=150 c=100000#
% t=85.0 plus 6.0 minus 4.0 g=543.0 b=10000 p=150 c=100000#
% t=98.0 plus 6.0 minus 4.0 g=543.0 b=10000 p=-100 c=100000#
% t=116.0 plus 9.0 minus 6.0 g=543.0 b=10000 p=400 c=100000#
% t=129.0 plus 9.0 minus 6.0 g=543.0 b=10000 p=-100 c=100000#
% t=147.0 plus 12.0 minus 8.0 g=543.0 b=10000 p=150 c=100000#
% t=160.0 plus 12.0 minus 8.0 g=543.0 b=10000 p=0 c=100000#
% t=173.0 plus 12.0 minus 8.0 g=543.0 b=10000 p=150 c=100000#
% t=186.0 plus 12.0 minus 8.0 g=543.0 b=10000 p=-100 c=100000#
% t=204.0 plus 15.0 minus 10.0 g=543.0 b=10000 p=250 c=100000#
% t=218.19443 plus 15.0 minus 10.0 g=543.0 b=10000 p=250 c=100000#
% t=231.19443 plus 15.0 minus 10.0 g=543.0 b=10000 p=-100 c=100000#
% t=249.19443 plus 18.0 minus 12.0 g=543.0 b=10000 p=250 c=100000#
% t=262.19443 plus 18.0 minus 12.0 g=543.0 b=10000 p=0 c=100000#
% t=275.19443 plus 18.0 minus 12.0 g=543.0 b=10000 p=150 c=100000#
% t=288.19443 plus 18.0 minus 12.0 g=543.0 b=10000 p=-100 c=100000#
% t=306.19443 plus 21.0 minus 14.0 g=543.0 b=10000 p=300 c=100000#
% t=319.19443 plus 21.0 minus 14.0 g=543.0 b=10000 p=-100 c=100000#
% t=337.19443 plus 24.0 minus 16.0 g=543.0 b=10000 p=300 c=100000#
% t=350.19443 plus 24.0 minus 16.0 g=543.0 b=10000 p=-100 c=100000#
% t=368.19443 plus 27.0 minus 18.0 g=543.0 b=10000 p=250 c=100000#
% t=381.19443 plus 27.0 minus 18.0 g=543.0 b=10000 p=150 c=100000#
% t=394.19443 plus 27.0 minus 18.0 g=543.0 b=10000 p=-100 c=100000#
% t=412.19443 plus 30.0 minus 20.0 g=543.0 b=10000 p=300 c=100000#
% t=425.19443 plus 30.0 minus 20.0 g=543.0 b=6047 p=-100 c=5947#
% t=443.19443 plus 33.0 minus 22.0 g=543.0 b=2762 p=300 c=3062#
% t=456.19443 plus 33.0 minus 22.0 g=543.0 b=1817 p=-100 c=1717#
% t=474.19443 plus 36.0 minus 24.0 g=543.0 b=695 p=300 c=995#
% t=487.19443 plus 36.0 minus 24.0 g=543.0 b=371 p=-100 c=271#
% t=505.19443 plus 39.0 minus 26.0 g=543.0 b=90 p=300 c=390
% t=518.19443 plus 39.0 minus 26.0 g=543.0 b=25 p=-100 c=-75#
% t=536.19443 plus 42.0 minus 28.0 g=543.0 b=0 p=300 c=300
% t=549.19443 plus 42.0 minus 28.0 g=543.0 b=1 p=-100 c=-99#
% t=567.19443 plus 45.0 minus 30.0 g=543.0 b=52 p=250 c=302
% t=580.19443 plus 45.0 minus 30.0 g=543.0 b=* p=150 c=*
 [606















]
%% goal height=543.0, max depth=4.0
% t=10.0 g=543.0 b=10000 p=250 c=100000#
% t=23.0 g=543.0 b=10000 p=150 c=100000#
% t=36.0 g=543.0 b=10000 p=-100 c=100000#
% t=54.0 plus 3.0 minus 2.0 g=543.0 b=10000 p=400 c=100000#
% t=67.0 plus 3.0 minus 2.0 g=543.0 b=10000 p=-100 c=100000#
% t=85.0 plus 6.0 minus 4.0 g=543.0 b=10000 p=400 c=100000#
% t=98.0 plus 6.0 minus 4.0 g=543.0 b=10000 p=-100 c=100000#
% t=116.0 plus 9.0 minus 6.0 g=543.0 b=10000 p=400 c=100000#
% t=129.0 plus 9.0 minus 6.0 g=543.0 b=10000 p=-100 c=100000#
% t=147.0 plus 12.0 minus 8.0 g=543.0 b=10000 p=150 c=100000#
% t=160.0 plus 12.0 minus 8.0 g=543.0 b=10000 p=100 c=100000#
% t=173.0 plus 12.0 minus 8.0 g=543.0 b=10000 p=0 c=100000#
% t=186.0 plus 12.0 minus 8.0 g=543.0 b=10000 p=250 c=100000#
% t=199.0 plus 12.0 minus 8.0 g=543.0 b=10000 p=-100 c=100000#
% t=217.0 plus 15.0 minus 10.0 g=543.0 b=10000 p=300 c=100000#
% t=230.0 plus 15.0 minus 10.0 g=543.0 b=10000 p=-100 c=100000#
% t=248.0 plus 18.0 minus 12.0 g=543.0 b=10000 p=400 c=100000#
% t=261.0 plus 18.0 minus 12.0 g=543.0 b=10000 p=-100 c=100000#
% t=279.0 plus 21.0 minus 14.0 g=543.0 b=10000 p=300 c=100000#
% t=292.0 plus 21.0 minus 14.0 g=543.0 b=10000 p=-100 c=100000#
% t=310.0 plus 24.0 minus 16.0 g=543.0 b=10000 p=250 c=100000#
% t=323.0 plus 24.0 minus 16.0 g=543.0 b=10000 p=150 c=100000#
% t=336.0 plus 24.0 minus 16.0 g=543.0 b=10000 p=-100 c=100000#
% t=354.0 plus 27.0 minus 18.0 g=543.0 b=10000 p=300 c=100000#
% t=367.0 plus 27.0 minus 18.0 g=543.0 b=10000 p=-100 c=100000#
% t=385.0 plus 30.0 minus 20.0 g=543.0 b=10000 p=300 c=100000#
% t=398.0 plus 30.0 minus 20.0 g=543.0 b=10000 p=-100 c=100000#
% t=416.0 plus 33.0 minus 22.0 g=543.0 b=5696 p=250 c=5946#
% t=429.0 plus 33.0 minus 22.0 g=543.0 b=4120 p=0 c=4120#
% t=442.0 plus 33.0 minus 22.0 g=543.0 b=2865 p=150 c=3015#
% t=455.0 plus 33.0 minus 22.0 g=543.0 b=1895 p=-100 c=1795#
% t=473.0 plus 36.0 minus 24.0 g=543.0 b=733 p=300 c=1033#
% t=486.0 plus 36.0 minus 24.0 g=543.0 b=396 p=-100 c=296#
% t=504.0 plus 39.0 minus 26.0 g=543.0 b=100 p=250 c=350
% t=517.0 plus 39.0 minus 26.0 g=543.0 b=30 p=250 c=280#
% t=530.0 plus 39.0 minus 26.0 g=543.0 b=4 p=-100 c=-96#
% t=548.0 plus 42.0 minus 28.0 g=543.0 b=1 p=150 c=151
% t=561.0 plus 42.0 minus 28.0 g=543.0 b=26 p=250 c=276
% t=574.0 plus 42.0 minus 28.0 g=543.0 b=* p=-100 c=*
 [607















]
%% goal height=543.0, max depth=4.0
% t=10.0 g=543.0 b=10000 p=150 c=100000#
% t=23.0 g=543.0 b=10000 p=250 c=100000#
% t=36.0 g=543.0 b=10000 p=-100 c=100000#
% t=54.0 plus 3.0 minus 2.0 g=543.0 b=10000 p=300 c=100000#
% t=67.0 plus 3.0 minus 2.0 g=543.0 b=10000 p=-100 c=100000#
% t=85.0 plus 6.0 minus 4.0 g=543.0 b=10000 p=250 c=100000#
% t=98.0 plus 6.0 minus 4.0 g=543.0 b=10000 p=0 c=100000#
% t=111.0 plus 6.0 minus 4.0 g=543.0 b=10000 p=250 c=100000#
% t=124.0 plus 6.0 minus 4.0 g=543.0 b=10000 p=-100 c=100000#
% t=142.0 plus 9.0 minus 6.0 g=543.0 b=10000 p=150 c=100000#
% t=155.0 plus 9.0 minus 6.0 g=543.0 b=10000 p=100 c=100000#
% t=168.0 plus 9.0 minus 6.0 g=543.0 b=10000 p=100 c=100000#
% t=181.0 plus 9.0 minus 6.0 g=543.0 b=10000 p=150 c=100000#
% t=194.0 plus 9.0 minus 6.0 g=543.0 b=10000 p=-100 c=100000#
% t=212.0 plus 12.0 minus 8.0 g=543.0 b=10000 p=150 c=100000#
% t=225.0 plus 12.0 minus 8.0 g=543.0 b=10000 p=100 c=100000#
% t=238.0 plus 12.0 minus 8.0 g=543.0 b=10000 p=0 c=100000#
% t=251.0 plus 12.0 minus 8.0 g=543.0 b=10000 p=100 c=100000#
% t=264.0 plus 12.0 minus 8.0 g=543.0 b=10000 p=0 c=100000#
% t=277.0 plus 12.0 minus 8.0 g=543.0 b=10000 p=150 c=100000#
% t=290.0 plus 12.0 minus 8.0 g=543.0 b=10000 p=-100 c=100000#
% t=308.0 plus 15.0 minus 10.0 g=543.0 b=10000 p=300 c=100000#
% t=321.0 plus 15.0 minus 10.0 g=543.0 b=10000 p=-100 c=100000#
% t=372.42921 plus 21.0 minus 14.0 g=543.0 b=10000 p=0 c=100000#
% t=426.35107 plus 27.0 minus 18.0 g=543.0 b=8056 p=0 c=8056#
% t=448.85107 plus 30.0 minus 20.0 g=543.0 b=3088 p=-100 c=2988#
% t=466.85107 plus 33.0 minus 22.0 g=543.0 b=1226 p=300 c=1526#
% t=479.85107 plus 33.0 minus 22.0 g=543.0 b=699 p=-100 c=599#
% t=497.85107 plus 36.0 minus 24.0 g=543.0 b=196 p=400 c=596#
% t=510.85107 plus 36.0 minus 24.0 g=543.0 b=71 p=-100 c=-29#
% t=528.85107 plus 39.0 minus 26.0 g=543.0 b=5 p=150 c=155
% t=541.85107 plus 39.0 minus 26.0 g=543.0 b=0 p=150 c=150
% t=554.85107 plus 39.0 minus 26.0 g=543.0 b=9 p=-100 c=-91#
% t=572.85107 plus 42.0 minus 28.0 g=543.0 b=* p=-100 c=*
 [608










]
%% goal height=543.0, max depth=4.0
% t=10.0 g=543.0 b=10000 p=-100 c=100000#
% t=28.0 plus 3.0 minus 2.0 g=543.0 b=10000 p=400 c=100000#
% t=41.0 plus 3.0 minus 2.0 g=543.0 b=10000 p=-100 c=100000#
% t=59.0 plus 6.0 minus 4.0 g=543.0 b=10000 p=300 c=100000#
% t=72.0 plus 6.0 minus 4.0 g=543.0 b=10000 p=-100 c=100000#
% t=90.0 plus 9.0 minus 6.0 g=543.0 b=10000 p=250 c=100000#
% t=103.0 plus 9.0 minus 6.0 g=543.0 b=10000 p=150 c=100000#
% t=116.0 plus 9.0 minus 6.0 g=543.0 b=10000 p=-100 c=100000#
% t=134.0 plus 12.0 minus 8.0 g=543.0 b=10000 p=400 c=100000#
% t=147.0 plus 12.0 minus 8.0 g=543.0 b=10000 p=-100 c=100000#
% t=165.0 plus 15.0 minus 10.0 g=543.0 b=10000 p=300 c=100000#
% t=178.0 plus 15.0 minus 10.0 g=543.0 b=10000 p=-100 c=100000#
% t=196.0 plus 18.0 minus 12.0 g=543.0 b=10000 p=400 c=100000#
% t=209.0 plus 18.0 minus 12.0 g=543.0 b=10000 p=-100 c=100000#
% t=227.0 plus 21.0 minus 14.0 g=543.0 b=10000 p=-100 c=100000#
% t=245.0 plus 24.0 minus 16.0 g=543.0 b=10000 p=150 c=100000#
% t=258.0 plus 24.0 minus 16.0 g=543.0 b=10000 p=250 c=100000#
% t=271.0 plus 24.0 minus 16.0 g=543.0 b=10000 p=-100 c=100000#
% t=289.0 plus 27.0 minus 18.0 g=543.0 b=10000 p=400 c=100000#
% t=302.0 plus 27.0 minus 18.0 g=543.0 b=10000 p=-100 c=100000#
% t=320.0 plus 30.0 minus 20.0 g=543.0 b=10000 p=300 c=100000#
% t=333.0 plus 30.0 minus 20.0 g=543.0 b=10000 p=-100 c=100000#
% t=351.0 plus 33.0 minus 22.0 g=543.0 b=10000 p=300 c=100000#
% t=364.0 plus 33.0 minus 22.0 g=543.0 b=10000 p=-100 c=100000#
% t=382.0 plus 36.0 minus 24.0 g=543.0 b=10000 p=300 c=100000#
% t=395.0 plus 36.0 minus 24.0 g=543.0 b=6944 p=-100 c=6844#
% t=413.0 plus 39.0 minus 26.0 g=543.0 b=3701 p=150 c=3851#
% t=426.0 plus 39.0 minus 26.0 g=543.0 b=2698 p=100 c=2798#
% t=439.0 plus 39.0 minus 26.0 g=543.0 b=1895 p=250 c=2145#
% t=452.0 plus 39.0 minus 26.0 g=543.0 b=1270 p=-100 c=1170#
% t=470.0 plus 42.0 minus 28.0 g=543.0 b=524 p=150 c=674#
% t=483.0 plus 42.0 minus 28.0 g=543.0 b=291 p=150 c=441#
% t=496.0 plus 42.0 minus 28.0 g=543.0 b=140 p=-100 c=40#
% t=514.0 plus 45.0 minus 30.0 g=543.0 b=27 p=400 c=427
% t=527.0 plus 45.0 minus 30.0 g=543.0 b=4 p=-100 c=-96#
% t=545.0 plus 48.0 minus 32.0 g=543.0 b=0 p=150 c=150
% t=558.0 plus 48.0 minus 32.0 g=543.0 b=10 p=0 c=10
% t=571.0 plus 48.0 minus 32.0 g=543.0 b=66 p=0 c=66
% t=584.0 plus 48.0 minus 32.0 g=543.0 b=* p=150 c=*
 [609
















]
%% goal height=543.0, max depth=4.0
% t=10.0 g=543.0 b=10000 p=150 c=100000#
% t=23.0 g=543.0 b=10000 p=0 c=100000#
% t=36.0 g=543.0 b=10000 p=0 c=100000#
% t=49.0 g=543.0 b=10000 p=150 c=100000#
% t=62.0 g=543.0 b=10000 p=-100 c=100000#
% t=80.0 plus 3.0 minus 2.0 g=543.0 b=10000 p=250 c=100000#
% t=93.0 plus 3.0 minus 2.0 g=543.0 b=10000 p=150 c=100000#
% t=106.0 plus 3.0 minus 2.0 g=543.0 b=10000 p=-100 c=100000#
% t=124.0 plus 6.0 minus 4.0 g=543.0 b=10000 p=150 c=100000#
% t=137.0 plus 6.0 minus 4.0 g=543.0 b=10000 p=150 c=100000#
% t=150.0 plus 6.0 minus 4.0 g=543.0 b=10000 p=-100 c=100000#
% t=168.0 plus 9.0 minus 6.0 g=543.0 b=10000 p=300 c=100000#
% t=181.0 plus 9.0 minus 6.0 g=543.0 b=10000 p=-100 c=100000#
% t=199.0 plus 12.0 minus 8.0 g=543.0 b=10000 p=400 c=100000#
% t=212.0 plus 12.0 minus 8.0 g=543.0 b=10000 p=-100 c=100000#
% t=230.0 plus 15.0 minus 10.0 g=543.0 b=10000 p=300 c=100000#
% t=243.0 plus 15.0 minus 10.0 g=543.0 b=10000 p=-100 c=100000#
% t=261.0 plus 18.0 minus 12.0 g=543.0 b=10000 p=400 c=100000#
% t=274.0 plus 18.0 minus 12.0 g=543.0 b=10000 p=-100 c=100000#
% t=292.0 plus 21.0 minus 14.0 g=543.0 b=10000 p=150 c=100000#
% t=305.0 plus 21.0 minus 14.0 g=543.0 b=10000 p=100 c=100000#
% t=318.0 plus 21.0 minus 14.0 g=543.0 b=10000 p=150 c=100000#
% t=331.0 plus 21.0 minus 14.0 g=543.0 b=10000 p=-100 c=100000#
% t=349.0 plus 24.0 minus 16.0 g=543.0 b=10000 p=400 c=100000#
% t=362.0 plus 24.0 minus 16.0 g=543.0 b=10000 p=-100 c=100000#
% t=380.0 plus 27.0 minus 18.0 g=543.0 b=10000 p=300 c=100000#
% t=393.0 plus 27.0 minus 18.0 g=543.0 b=10000 p=-100 c=100000#
% t=411.0 plus 30.0 minus 20.0 g=543.0 b=10000 p=300 c=100000#
% t=424.0 plus 30.0 minus 20.0 g=543.0 b=6236 p=-100 c=6136#
% t=442.0 plus 33.0 minus 22.0 g=543.0 b=2865 p=250 c=3115#
% t=455.0 plus 33.0 minus 22.0 g=543.0 b=1895 p=150 c=2045#
% t=468.0 plus 33.0 minus 22.0 g=543.0 b=1173 p=-100 c=1073#
% t=486.0 plus 36.0 minus 24.0 g=543.0 b=396 p=300 c=696#
% t=499.0 plus 36.0 minus 24.0 g=543.0 b=182 p=-100 c=82#
% t=528.15225 plus 39.0 minus 26.0 g=543.0 b=6 p=250 c=256
% t=540.65225 plus 39.0 minus 26.0 g=543.0 b=0 p=150 c=150
% t=553.65225 plus 39.0 minus 26.0 g=543.0 b=7 p=-100 c=-93#
% t=571.65225 plus 42.0 minus 28.0 g=543.0 b=* p=250 c=*

[610














]
%% goal height=543.0, max depth=4.0
% t=10.0 g=543.0 b=10000 p=250 c=100000#
% t=23.0 g=543.0 b=10000 p=150 c=100000#
% t=36.0 g=543.0 b=10000 p=-100 c=100000#
% t=54.0 plus 3.0 minus 2.0 g=543.0 b=10000 p=150 c=100000#
% t=67.0 plus 3.0 minus 2.0 g=543.0 b=10000 p=150 c=100000#
% t=80.0 plus 3.0 minus 2.0 g=543.0 b=10000 p=-100 c=100000#
% t=98.0 plus 6.0 minus 4.0 g=543.0 b=10000 p=300 c=100000#
% t=112.28104 plus 6.0 minus 4.0 g=543.0 b=10000 p=-100 c=100000#
% t=130.28104 plus 9.0 minus 6.0 g=543.0 b=10000 p=300 c=100000#
% t=143.28104 plus 9.0 minus 6.0 g=543.0 b=10000 p=-100 c=100000#
% t=161.28104 plus 12.0 minus 8.0 g=543.0 b=10000 p=150 c=100000#
% t=174.28104 plus 12.0 minus 8.0 g=543.0 b=10000 p=150 c=100000#
% t=187.28104 plus 12.0 minus 8.0 g=543.0 b=10000 p=-100 c=100000#
% t=205.28104 plus 15.0 minus 10.0 g=543.0 b=10000 p=250 c=100000#
% t=218.28104 plus 15.0 minus 10.0 g=543.0 b=10000 p=0 c=100000#
% t=231.28104 plus 15.0 minus 10.0 g=543.0 b=10000 p=150 c=100000#
% t=244.28104 plus 15.0 minus 10.0 g=543.0 b=10000 p=-100 c=100000#
% t=262.28104 plus 18.0 minus 12.0 g=543.0 b=10000 p=150 c=100000#
% t=275.28104 plus 18.0 minus 12.0 g=543.0 b=10000 p=0 c=100000#
% t=288.28104 plus 18.0 minus 12.0 g=543.0 b=10000 p=150 c=100000#
% t=301.28104 plus 18.0 minus 12.0 g=543.0 b=10000 p=-100 c=100000#
% t=319.28104 plus 21.0 minus 14.0 g=543.0 b=10000 p=250 c=100000#
% t=332.28104 plus 21.0 minus 14.0 g=543.0 b=10000 p=150 c=100000#
% t=345.28104 plus 21.0 minus 14.0 g=543.0 b=10000 p=-100 c=100000#
% t=363.28104 plus 24.0 minus 16.0 g=543.0 b=10000 p=250 c=100000#
% t=376.28104 plus 24.0 minus 16.0 g=543.0 b=10000 p=100 c=100000#
% t=389.28104 plus 24.0 minus 16.0 g=543.0 b=10000 p=0 c=100000#
% t=402.28104 plus 24.0 minus 16.0 g=543.0 b=10000 p=150 c=100000#
% t=415.28104 plus 24.0 minus 16.0 g=543.0 b=10000 p=-100 c=100000#
% t=433.28104 plus 27.0 minus 18.0 g=543.0 b=6691 p=250 c=6941#
% t=446.28104 plus 27.0 minus 18.0 g=543.0 b=4582 p=250 c=4832#
% t=459.28104 plus 27.0 minus 18.0 g=543.0 b=2970 p=-100 c=2870#
% t=477.28104 plus 30.0 minus 20.0 g=543.0 b=1048 p=250 c=1298#
% t=490.28104 plus 30.0 minus 20.0 g=543.0 b=539 p=0 c=539#
% t=503.28104 plus 30.0 minus 20.0 g=543.0 b=232 p=150 c=382#
% t=516.28104 plus 30.0 minus 20.0 g=543.0 b=70 p=-100 c=-30#
% t=534.28104 plus 33.0 minus 22.0 g=543.0 b=2 p=150 c=152
% t=547.28104 plus 33.0 minus 22.0 g=543.0 b=1 p=250 c=251
% t=560.28104 plus 33.0 minus 22.0 g=543.0 b=48 p=-100 c=-52#
% t=578.28104 plus 36.0 minus 24.0 g=543.0 b=* p=150 c=*
 [611












]
%% goal height=543.0, max depth=4.0
% t=10.0 g=543.0 b=10000 p=150 c=100000#
% t=23.0 g=543.0 b=10000 p=250 c=100000#
% t=36.0 g=543.0 b=10000 p=-100 c=100000#
% t=54.0 plus 3.0 minus 2.0 g=543.0 b=10000 p=250 c=100000#
% t=67.0 plus 3.0 minus 2.0 g=543.0 b=10000 p=0 c=100000#
% t=80.0 plus 3.0 minus 2.0 g=543.0 b=10000 p=150 c=100000#
% t=93.0 plus 3.0 minus 2.0 g=543.0 b=10000 p=-100 c=100000#
% t=111.0 plus 6.0 minus 4.0 g=543.0 b=10000 p=150 c=100000#
% t=124.0 plus 6.0 minus 4.0 g=543.0 b=10000 p=250 c=100000#
% t=137.0 plus 6.0 minus 4.0 g=543.0 b=10000 p=-100 c=100000#
% t=155.0 plus 9.0 minus 6.0 g=543.0 b=10000 p=250 c=100000#
% t=168.0 plus 9.0 minus 6.0 g=543.0 b=10000 p=0 c=100000#
% t=181.0 plus 9.0 minus 6.0 g=543.0 b=10000 p=150 c=100000#
% t=194.0 plus 9.0 minus 6.0 g=543.0 b=10000 p=-100 c=100000#
% t=212.0 plus 12.0 minus 8.0 g=543.0 b=10000 p=150 c=100000#
% t=225.0 plus 12.0 minus 8.0 g=543.0 b=10000 p=0 c=100000#
% t=238.0 plus 12.0 minus 8.0 g=543.0 b=10000 p=250 c=100000#
% t=251.0 plus 12.0 minus 8.0 g=543.0 b=10000 p=-100 c=100000#
% t=269.0 plus 15.0 minus 10.0 g=543.0 b=10000 p=150 c=100000#
% t=282.0 plus 15.0 minus 10.0 g=543.0 b=10000 p=0 c=100000#
% t=295.0 plus 15.0 minus 10.0 g=543.0 b=10000 p=0 c=100000#
% t=308.0 plus 15.0 minus 10.0 g=543.0 b=10000 p=150 c=100000#
% t=321.0 plus 15.0 minus 10.0 g=543.0 b=10000 p=-100 c=100000#
% t=339.0 plus 18.0 minus 12.0 g=543.0 b=10000 p=250 c=100000#
% t=352.0 plus 18.0 minus 12.0 g=543.0 b=10000 p=0 c=100000#
% t=365.0 plus 18.0 minus 12.0 g=543.0 b=10000 p=150 c=100000#
% t=378.0 plus 18.0 minus 12.0 g=543.0 b=10000 p=-100 c=100000#
% t=396.0 plus 21.0 minus 14.0 g=543.0 b=10000 p=250 c=100000#
% t=409.0 plus 21.0 minus 14.0 g=543.0 b=10000 p=150 c=100000#
% t=422.0 plus 21.0 minus 14.0 g=543.0 b=10000 p=-100 c=100000#
% t=440.0 plus 24.0 minus 16.0 g=543.0 b=7888 p=150 c=8038#
% t=453.0 plus 24.0 minus 16.0 g=543.0 b=5260 p=0 c=5260#
% t=466.0 plus 24.0 minus 16.0 g=543.0 b=3291 p=0 c=3291#
% t=479.0 plus 24.0 minus 16.0 g=543.0 b=1895 p=150 c=2045#
% t=492.0 plus 24.0 minus 16.0 g=543.0 b=958 p=-100 c=858#
% t=510.0 plus 27.0 minus 18.0 g=543.0 b=182 p=150 c=332#
% t=523.0 plus 27.0 minus 18.0 g=543.0 b=41 p=100 c=141#
% t=536.0 plus 27.0 minus 18.0 g=543.0 b=2 p=0 c=2#
% t=549.0 plus 27.0 minus 18.0 g=543.0 b=4 p=150 c=154
% t=562.0 plus 27.0 minus 18.0 g=543.0 b=* p=-100 c=*
 [612










]
%% goal height=543.0, max depth=4.0
% t=10.0 g=543.0 b=10000 p=150 c=100000#
% t=23.0 g=543.0 b=10000 p=-100 c=100000#
% t=41.0 plus 3.0 minus 2.0 g=543.0 b=10000 p=150 c=100000#
% t=54.0 plus 3.0 minus 2.0 g=543.0 b=10000 p=100 c=100000#
% t=67.0 plus 3.0 minus 2.0 g=543.0 b=10000 p=250 c=100000#
% t=80.0 plus 3.0 minus 2.0 g=543.0 b=10000 p=-100 c=100000#
% t=98.0 plus 6.0 minus 4.0 g=543.0 b=10000 p=250 c=100000#
% t=111.0 plus 6.0 minus 4.0 g=543.0 b=10000 p=150 c=100000#
% t=124.0 plus 6.0 minus 4.0 g=543.0 b=10000 p=-100 c=100000#
% t=142.0 plus 9.0 minus 6.0 g=543.0 b=10000 p=150 c=100000#
% t=155.0 plus 9.0 minus 6.0 g=543.0 b=10000 p=100 c=100000#
% t=168.0 plus 9.0 minus 6.0 g=543.0 b=10000 p=150 c=100000#
% t=181.0 plus 9.0 minus 6.0 g=543.0 b=10000 p=-100 c=100000#
% t=199.0 plus 12.0 minus 8.0 g=543.0 b=10000 p=250 c=100000#
% t=212.0 plus 12.0 minus 8.0 g=543.0 b=10000 p=100 c=100000#
% t=225.0 plus 12.0 minus 8.0 g=543.0 b=10000 p=150 c=100000#
% t=238.0 plus 12.0 minus 8.0 g=543.0 b=10000 p=-100 c=100000#
% t=256.0 plus 15.0 minus 10.0 g=543.0 b=10000 p=400 c=100000#
% t=269.0 plus 15.0 minus 10.0 g=543.0 b=10000 p=-100 c=100000#
% t=287.0 plus 18.0 minus 12.0 g=543.0 b=10000 p=300 c=100000#
% t=300.0 plus 18.0 minus 12.0 g=543.0 b=10000 p=-100 c=100000#
% t=318.0 plus 21.0 minus 14.0 g=543.0 b=10000 p=150 c=100000#
% t=331.0 plus 21.0 minus 14.0 g=543.0 b=10000 p=150 c=100000#
% t=344.0 plus 21.0 minus 14.0 g=543.0 b=10000 p=-100 c=100000#
% t=362.0 plus 24.0 minus 16.0 g=543.0 b=10000 p=400 c=100000#
% t=375.0 plus 24.0 minus 16.0 g=543.0 b=10000 p=-100 c=100000#
% t=393.0 plus 27.0 minus 18.0 g=543.0 b=10000 p=300 c=100000#
% t=406.0 plus 27.0 minus 18.0 g=543.0 b=10000 p=-100 c=100000#
% t=424.0 plus 30.0 minus 20.0 g=543.0 b=6236 p=250 c=6486#
% t=437.0 plus 30.0 minus 20.0 g=543.0 b=4403 p=150 c=4553#
% t=450.0 plus 30.0 minus 20.0 g=543.0 b=2970 p=-100 c=2870#
% t=468.0 plus 33.0 minus 22.0 g=543.0 b=1173 p=-100 c=1073#
% t=486.0 plus 36.0 minus 24.0 g=543.0 b=396 p=150 c=546#
% t=499.0 plus 36.0 minus 24.0 g=543.0 b=182 p=150 c=332#
% t=512.0 plus 36.0 minus 24.0 g=543.0 b=63 p=-100 c=-37#
% t=530.0 plus 39.0 minus 26.0 g=543.0 b=4 p=300 c=304
% t=543.0 plus 39.0 minus 26.0 g=543.0 b=0 p=-100 c=-100#
% t=561.0 plus 42.0 minus 28.0 g=543.0 b=26 p=300 c=326
% t=574.0 plus 42.0 minus 28.0 g=543.0 b=* p=-100 c=*
 [613













]
%% goal height=543.0, max depth=4.0
% t=10.0 g=543.0 b=10000 p=300 c=100000#
% t=23.0 g=543.0 b=10000 p=-100 c=100000#
% t=41.0 plus 3.0 minus 2.0 g=543.0 b=10000 p=400 c=100000#
% t=54.0 plus 3.0 minus 2.0 g=543.0 b=10000 p=-100 c=100000#
% t=72.0 plus 6.0 minus 4.0 g=543.0 b=10000 p=250 c=100000#
% t=85.0 plus 6.0 minus 4.0 g=543.0 b=10000 p=150 c=100000#
% t=98.0 plus 6.0 minus 4.0 g=543.0 b=10000 p=-100 c=100000#
% t=116.0 plus 9.0 minus 6.0 g=543.0 b=10000 p=300 c=100000#
% t=129.0 plus 9.0 minus 6.0 g=543.0 b=10000 p=-100 c=100000#
% t=147.0 plus 12.0 minus 8.0 g=543.0 b=10000 p=300 c=100000#
% t=160.0 plus 12.0 minus 8.0 g=543.0 b=10000 p=-100 c=100000#
% t=178.0 plus 15.0 minus 10.0 g=543.0 b=10000 p=150 c=100000#
% t=191.0 plus 15.0 minus 10.0 g=543.0 b=10000 p=150 c=100000#
% t=204.0 plus 15.0 minus 10.0 g=543.0 b=10000 p=-100 c=100000#
% t=222.0 plus 18.0 minus 12.0 g=543.0 b=10000 p=150 c=100000#
% t=235.0 plus 18.0 minus 12.0 g=543.0 b=10000 p=150 c=100000#
% t=248.0 plus 18.0 minus 12.0 g=543.0 b=10000 p=-100 c=100000#
% t=266.0 plus 21.0 minus 14.0 g=543.0 b=10000 p=250 c=100000#
% t=279.0 plus 21.0 minus 14.0 g=543.0 b=10000 p=0 c=100000#
% t=292.0 plus 21.0 minus 14.0 g=543.0 b=10000 p=150 c=100000#
% t=305.0 plus 21.0 minus 14.0 g=543.0 b=10000 p=-100 c=100000#
% t=323.0 plus 24.0 minus 16.0 g=543.0 b=10000 p=250 c=100000#
% t=336.0 plus 24.0 minus 16.0 g=543.0 b=10000 p=100 c=100000#
% t=349.0 plus 24.0 minus 16.0 g=543.0 b=10000 p=150 c=100000#
% t=362.0 plus 24.0 minus 16.0 g=543.0 b=10000 p=-100 c=100000#
% t=380.0 plus 27.0 minus 18.0 g=543.0 b=10000 p=150 c=100000#
% t=393.0 plus 27.0 minus 18.0 g=543.0 b=10000 p=0 c=100000#
% t=406.0 plus 27.0 minus 18.0 g=543.0 b=10000 p=150 c=100000#
% t=419.0 plus 27.0 minus 18.0 g=543.0 b=10000 p=-100 c=100000#
% t=437.0 plus 30.0 minus 20.0 g=543.0 b=4403 p=150 c=4553#
% t=450.0 plus 30.0 minus 20.0 g=543.0 b=2970 p=0 c=2970#
% t=463.0 plus 30.0 minus 20.0 g=543.0 b=1895 p=150 c=2045#
% t=476.0 plus 30.0 minus 20.0 g=543.0 b=1112 p=-100 c=1012#
% t=494.0 plus 33.0 minus 22.0 g=543.0 b=327 p=400 c=727#
% t=507.0 plus 33.0 minus 22.0 g=543.0 b=130 p=-100 c=30#
% t=525.0 plus 36.0 minus 24.0 g=543.0 b=12 p=400 c=412
% t=538.0 plus 36.0 minus 24.0 g=543.0 b=0 p=-100 c=-100#
% t=556.0 plus 39.0 minus 26.0 g=543.0 b=12 p=300 c=312
% t=569.0 plus 39.0 minus 26.0 g=543.0 b=100 p=-100 c=0
% t=623.61757 plus 45.0 minus 30.0 g=543.0 b=* p=0 c=*
 [614













]
%% goal height=543.0, max depth=4.0
% t=10.0 g=543.0 b=10000 p=300 c=100000#
% t=23.0 g=543.0 b=10000 p=-100 c=100000#
% t=77.61757 plus 6.0 minus 4.0 g=543.0 b=10000 p=0 c=100000#
% t=106.23514 plus 6.0 minus 4.0 g=543.0 b=10000 p=0 c=100000#
% t=128.17958 plus 9.0 minus 6.0 g=543.0 b=10000 p=150 c=100000#
% t=141.17958 plus 9.0 minus 6.0 g=543.0 b=10000 p=0 c=100000#
% t=154.17958 plus 9.0 minus 6.0 g=543.0 b=10000 p=150 c=100000#
% t=167.17958 plus 9.0 minus 6.0 g=543.0 b=10000 p=-100 c=100000#
% t=185.17958 plus 12.0 minus 8.0 g=543.0 b=10000 p=300 c=100000#
% t=198.17958 plus 12.0 minus 8.0 g=543.0 b=10000 p=-100 c=100000#
% t=216.17958 plus 15.0 minus 10.0 g=543.0 b=10000 p=300 c=100000#
% t=229.17958 plus 15.0 minus 10.0 g=543.0 b=10000 p=-100 c=100000#
% t=247.17958 plus 18.0 minus 12.0 g=543.0 b=10000 p=300 c=100000#
% t=260.17958 plus 18.0 minus 12.0 g=543.0 b=10000 p=-100 c=100000#
% t=278.17958 plus 21.0 minus 14.0 g=543.0 b=10000 p=300 c=100000#
% t=291.17958 plus 21.0 minus 14.0 g=543.0 b=10000 p=-100 c=100000#
% t=309.17958 plus 24.0 minus 16.0 g=543.0 b=10000 p=400 c=100000#
% t=322.17958 plus 24.0 minus 16.0 g=543.0 b=10000 p=-100 c=100000#
% t=340.17958 plus 27.0 minus 18.0 g=543.0 b=10000 p=400 c=100000#
% t=353.17958 plus 27.0 minus 18.0 g=543.0 b=10000 p=-100 c=100000#
% t=371.17958 plus 30.0 minus 20.0 g=543.0 b=10000 p=400 c=100000#
% t=384.17958 plus 30.0 minus 20.0 g=543.0 b=10000 p=-100 c=100000#
% t=402.17958 plus 33.0 minus 22.0 g=543.0 b=7759 p=300 c=8059#
% t=415.17958 plus 33.0 minus 22.0 g=543.0 b=5802 p=-100 c=5702#
% t=433.17958 plus 36.0 minus 24.0 g=543.0 b=2837 p=400 c=3237#
% t=446.17958 plus 36.0 minus 24.0 g=543.0 b=1939 p=-100 c=1839#
% t=464.17958 plus 39.0 minus 26.0 g=543.0 b=824 p=400 c=1224#
% t=477.17958 plus 39.0 minus 26.0 g=543.0 b=480 p=-100 c=380#
% t=495.17958 plus 42.0 minus 28.0 g=543.0 b=147 p=250 c=397
% t=508.17958 plus 42.0 minus 28.0 g=543.0 b=57 p=150 c=207#
% t=521.17958 plus 42.0 minus 28.0 g=543.0 b=14 p=-100 c=-86#
% t=539.17958 plus 45.0 minus 30.0 g=543.0 b=0 p=300 c=300
% t=552.17958 plus 45.0 minus 30.0 g=543.0 b=3 p=-100 c=-97#
% t=570.17958 plus 48.0 minus 32.0 g=543.0 b=61 p=400 c=461
% t=583.17958 plus 48.0 minus 32.0 g=543.0 b=* p=-100 c=*
 [615














]
%% goal height=543.0, max depth=4.0
% t=10.0 g=543.0 b=10000 p=400 c=100000#
% t=23.0 g=543.0 b=10000 p=-100 c=100000#
% t=41.0 plus 3.0 minus 2.0 g=543.0 b=10000 p=300 c=100000#
% t=54.0 plus 3.0 minus 2.0 g=543.0 b=10000 p=-100 c=100000#
% t=72.0 plus 6.0 minus 4.0 g=543.0 b=10000 p=150 c=100000#
% t=85.0 plus 6.0 minus 4.0 g=543.0 b=10000 p=150 c=100000#
% t=98.0 plus 6.0 minus 4.0 g=543.0 b=10000 p=-100 c=100000#
% t=116.0 plus 9.0 minus 6.0 g=543.0 b=10000 p=400 c=100000#
% t=129.0 plus 9.0 minus 6.0 g=543.0 b=10000 p=-100 c=100000#
% t=147.0 plus 12.0 minus 8.0 g=543.0 b=10000 p=300 c=100000#
% t=160.0 plus 12.0 minus 8.0 g=543.0 b=10000 p=-100 c=100000#
% t=178.0 plus 15.0 minus 10.0 g=543.0 b=10000 p=150 c=100000#
% t=191.0 plus 15.0 minus 10.0 g=543.0 b=10000 p=150 c=100000#
% t=204.0 plus 15.0 minus 10.0 g=543.0 b=10000 p=-100 c=100000#
% t=222.0 plus 18.0 minus 12.0 g=543.0 b=10000 p=300 c=100000#
% t=236.30698 plus 18.0 minus 12.0 g=543.0 b=10000 p=-100 c=100000#
% t=254.30698 plus 21.0 minus 14.0 g=543.0 b=10000 p=300 c=100000#
% t=267.30698 plus 21.0 minus 14.0 g=543.0 b=10000 p=-100 c=100000#
% t=285.30698 plus 24.0 minus 16.0 g=543.0 b=10000 p=300 c=100000#
% t=298.30698 plus 24.0 minus 16.0 g=543.0 b=10000 p=-100 c=100000#
% t=316.30698 plus 27.0 minus 18.0 g=543.0 b=10000 p=300 c=100000#
% t=329.30698 plus 27.0 minus 18.0 g=543.0 b=10000 p=-100 c=100000#
% t=347.30698 plus 30.0 minus 20.0 g=543.0 b=10000 p=300 c=100000#
% t=360.30698 plus 30.0 minus 20.0 g=543.0 b=10000 p=-100 c=100000#
% t=378.30698 plus 33.0 minus 22.0 g=543.0 b=10000 p=300 c=100000#
% t=391.30698 plus 33.0 minus 22.0 g=543.0 b=10000 p=-100 c=100000#
% t=409.30698 plus 36.0 minus 24.0 g=543.0 b=5119 p=150 c=5269#
% t=422.30698 plus 36.0 minus 24.0 g=543.0 b=3758 p=150 c=3908#
% t=435.30698 plus 36.0 minus 24.0 g=543.0 b=2671 p=-100 c=2571#
% t=453.30698 plus 39.0 minus 26.0 g=543.0 b=1215 p=400 c=1615#
% t=466.30698 plus 39.0 minus 26.0 g=543.0 b=760 p=-100 c=660#
% t=484.30698 plus 42.0 minus 28.0 g=543.0 b=273 p=300 c=573#
% t=497.30698 plus 42.0 minus 28.0 g=543.0 b=129 p=-100 c=29#
% t=515.30698 plus 45.0 minus 30.0 g=543.0 b=23 p=-100 c=-77#
% t=533.30698 plus 48.0 minus 32.0 g=543.0 b=1 p=250 c=251
% t=546.30698 plus 48.0 minus 32.0 g=543.0 b=0 p=150 c=150
% t=559.30698 plus 48.0 minus 32.0 g=543.0 b=13 p=-100 c=-87#
% t=577.30698 plus 51.0 minus 34.0 g=543.0 b=* p=150 c=*
 [616

















]
%% goal height=543.0, max depth=4.0
% t=10.0 g=543.0 b=10000 p=150 c=100000#
% t=23.0 g=543.0 b=10000 p=250 c=100000#
% t=36.0 g=543.0 b=10000 p=-100 c=100000#
% t=54.0 plus 3.0 minus 2.0 g=543.0 b=10000 p=150 c=100000#
% t=67.0 plus 3.0 minus 2.0 g=543.0 b=10000 p=250 c=100000#
% t=80.0 plus 3.0 minus 2.0 g=543.0 b=10000 p=-100 c=100000#
% t=98.0 plus 6.0 minus 4.0 g=543.0 b=10000 p=250 c=100000#
% t=111.0 plus 6.0 minus 4.0 g=543.0 b=10000 p=250 c=100000#
% t=124.0 plus 6.0 minus 4.0 g=543.0 b=10000 p=-100 c=100000#
% t=142.0 plus 9.0 minus 6.0 g=543.0 b=10000 p=250 c=100000#
% t=155.0 plus 9.0 minus 6.0 g=543.0 b=10000 p=0 c=100000#
% t=168.0 plus 9.0 minus 6.0 g=543.0 b=10000 p=250 c=100000#
% t=181.0 plus 9.0 minus 6.0 g=543.0 b=10000 p=-100 c=100000#
% t=199.0 plus 12.0 minus 8.0 g=543.0 b=10000 p=300 c=100000#
% t=212.0 plus 12.0 minus 8.0 g=543.0 b=10000 p=-100 c=100000#
% t=230.0 plus 15.0 minus 10.0 g=543.0 b=10000 p=-100 c=100000#
% t=248.0 plus 18.0 minus 12.0 g=543.0 b=10000 p=400 c=100000#
% t=261.0 plus 18.0 minus 12.0 g=543.0 b=10000 p=-100 c=100000#
% t=279.0 plus 21.0 minus 14.0 g=543.0 b=10000 p=150 c=100000#
% t=292.0 plus 21.0 minus 14.0 g=543.0 b=10000 p=150 c=100000#
% t=305.0 plus 21.0 minus 14.0 g=543.0 b=10000 p=-100 c=100000#
% t=323.0 plus 24.0 minus 16.0 g=543.0 b=10000 p=400 c=100000#
% t=336.0 plus 24.0 minus 16.0 g=543.0 b=10000 p=-100 c=100000#
% t=354.0 plus 27.0 minus 18.0 g=543.0 b=10000 p=300 c=100000#
% t=367.0 plus 27.0 minus 18.0 g=543.0 b=10000 p=-100 c=100000#
% t=385.0 plus 30.0 minus 20.0 g=543.0 b=10000 p=150 c=100000#
% t=398.0 plus 30.0 minus 20.0 g=543.0 b=10000 p=250 c=100000#
% t=411.0 plus 30.0 minus 20.0 g=543.0 b=10000 p=-100 c=100000#
% t=429.0 plus 33.0 minus 22.0 g=543.0 b=4120 p=250 c=4370#
% t=442.0 plus 33.0 minus 22.0 g=543.0 b=2865 p=250 c=3115#
% t=455.0 plus 33.0 minus 22.0 g=543.0 b=1895 p=-100 c=1795#
% t=473.0 plus 36.0 minus 24.0 g=543.0 b=733 p=300 c=1033#
% t=486.0 plus 36.0 minus 24.0 g=543.0 b=396 p=-100 c=296#
% t=504.0 plus 39.0 minus 26.0 g=543.0 b=100 p=150 c=250#
% t=517.0 plus 39.0 minus 26.0 g=543.0 b=30 p=150 c=180#
% t=530.0 plus 39.0 minus 26.0 g=543.0 b=4 p=-100 c=-96#
% t=548.0 plus 42.0 minus 28.0 g=543.0 b=1 p=300 c=301
% t=561.0 plus 42.0 minus 28.0 g=543.0 b=26 p=-100 c=-74
% t=579.0 plus 45.0 minus 30.0 g=543.0 b=* p=300 c=*
 [617














]
%% goal height=543.0, max depth=4.0
% t=10.0 g=543.0 b=10000 p=300 c=100000#
% t=23.0 g=543.0 b=10000 p=-100 c=100000#
% t=41.0 plus 3.0 minus 2.0 g=543.0 b=10000 p=300 c=100000#
% t=54.0 plus 3.0 minus 2.0 g=543.0 b=10000 p=-100 c=100000#
% t=72.0 plus 6.0 minus 4.0 g=543.0 b=10000 p=-100 c=100000#
% t=90.0 plus 9.0 minus 6.0 g=543.0 b=10000 p=400 c=100000#
% t=103.0 plus 9.0 minus 6.0 g=543.0 b=10000 p=-100 c=100000#
% t=121.0 plus 12.0 minus 8.0 g=543.0 b=10000 p=-100 c=100000#
% t=139.0 plus 15.0 minus 10.0 g=543.0 b=10000 p=150 c=100000#
% t=152.0 plus 15.0 minus 10.0 g=543.0 b=10000 p=250 c=100000#
% t=165.0 plus 15.0 minus 10.0 g=543.0 b=10000 p=-100 c=100000#
% t=183.0 plus 18.0 minus 12.0 g=543.0 b=10000 p=150 c=100000#
% t=196.0 plus 18.0 minus 12.0 g=543.0 b=10000 p=150 c=100000#
% t=209.0 plus 18.0 minus 12.0 g=543.0 b=10000 p=-100 c=100000#
% t=227.0 plus 21.0 minus 14.0 g=543.0 b=10000 p=150 c=100000#
% t=240.0 plus 21.0 minus 14.0 g=543.0 b=10000 p=0 c=100000#
% t=253.0 plus 21.0 minus 14.0 g=543.0 b=10000 p=100 c=100000#
% t=266.0 plus 21.0 minus 14.0 g=543.0 b=10000 p=150 c=100000#
% t=279.0 plus 21.0 minus 14.0 g=543.0 b=10000 p=-100 c=100000#
% t=297.0 plus 24.0 minus 16.0 g=543.0 b=10000 p=300 c=100000#
% t=310.0 plus 24.0 minus 16.0 g=543.0 b=10000 p=-100 c=100000#
% t=328.0 plus 27.0 minus 18.0 g=543.0 b=10000 p=400 c=100000#
% t=341.0 plus 27.0 minus 18.0 g=543.0 b=10000 p=-100 c=100000#
% t=359.0 plus 30.0 minus 20.0 g=543.0 b=10000 p=250 c=100000#
% t=372.0 plus 30.0 minus 20.0 g=543.0 b=10000 p=0 c=100000#
% t=385.0 plus 30.0 minus 20.0 g=543.0 b=10000 p=0 c=100000#
% t=398.0 plus 30.0 minus 20.0 g=543.0 b=10000 p=0 c=100000#
% t=411.0 plus 30.0 minus 20.0 g=543.0 b=10000 p=100 c=100000#
% t=424.0 plus 30.0 minus 20.0 g=543.0 b=6236 p=150 c=6386#
% t=437.0 plus 30.0 minus 20.0 g=543.0 b=4403 p=-100 c=4303#
% t=455.0 plus 33.0 minus 22.0 g=543.0 b=1895 p=150 c=2045#
% t=468.0 plus 33.0 minus 22.0 g=543.0 b=1173 p=150 c=1323#
% t=481.0 plus 33.0 minus 22.0 g=543.0 b=663 p=-100 c=563#
% t=499.0 plus 36.0 minus 24.0 g=543.0 b=182 p=300 c=482#
% t=512.0 plus 36.0 minus 24.0 g=543.0 b=63 p=-100 c=-37#
% t=530.0 plus 39.0 minus 26.0 g=543.0 b=4 p=400 c=404
% t=543.0 plus 39.0 minus 26.0 g=543.0 b=0 p=-100 c=-100#
% t=561.0 plus 42.0 minus 28.0 g=543.0 b=26 p=400 c=426
% t=574.0 plus 42.0 minus 28.0 g=543.0 b=* p=-100 c=*
 [618














]
%% goal height=543.0, max depth=4.0
% t=10.0 g=543.0 b=10000 p=400 c=100000#
% t=23.0 g=543.0 b=10000 p=-100 c=100000#
% t=41.0 plus 3.0 minus 2.0 g=543.0 b=10000 p=150 c=100000#
% t=54.0 plus 3.0 minus 2.0 g=543.0 b=10000 p=250 c=100000#
% t=67.0 plus 3.0 minus 2.0 g=543.0 b=10000 p=-100 c=100000#
% t=85.0 plus 6.0 minus 4.0 g=543.0 b=10000 p=300 c=100000#
% t=98.0 plus 6.0 minus 4.0 g=543.0 b=10000 p=-100 c=100000#
% t=116.0 plus 9.0 minus 6.0 g=543.0 b=10000 p=150 c=100000#
% t=129.0 plus 9.0 minus 6.0 g=543.0 b=10000 p=0 c=100000#
% t=142.0 plus 9.0 minus 6.0 g=543.0 b=10000 p=150 c=100000#
% t=155.0 plus 9.0 minus 6.0 g=543.0 b=10000 p=-100 c=100000#
% t=173.0 plus 12.0 minus 8.0 g=543.0 b=10000 p=300 c=100000#
% t=186.0 plus 12.0 minus 8.0 g=543.0 b=10000 p=-100 c=100000#
% t=204.0 plus 15.0 minus 10.0 g=543.0 b=10000 p=400 c=100000#
% t=217.0 plus 15.0 minus 10.0 g=543.0 b=10000 p=-100 c=100000#
% t=235.0 plus 18.0 minus 12.0 g=543.0 b=10000 p=400 c=100000#
% t=248.0 plus 18.0 minus 12.0 g=543.0 b=10000 p=-100 c=100000#
% t=266.0 plus 21.0 minus 14.0 g=543.0 b=10000 p=400 c=100000#
% t=279.0 plus 21.0 minus 14.0 g=543.0 b=10000 p=-100 c=100000#
% t=297.0 plus 24.0 minus 16.0 g=543.0 b=10000 p=300 c=100000#
% t=310.0 plus 24.0 minus 16.0 g=543.0 b=10000 p=-100 c=100000#
% t=328.0 plus 27.0 minus 18.0 g=543.0 b=10000 p=300 c=100000#
% t=341.0 plus 27.0 minus 18.0 g=543.0 b=10000 p=-100 c=100000#
% t=359.0 plus 30.0 minus 20.0 g=543.0 b=10000 p=150 c=100000#
% t=372.0 plus 30.0 minus 20.0 g=543.0 b=10000 p=150 c=100000#
% t=385.0 plus 30.0 minus 20.0 g=543.0 b=10000 p=-100 c=100000#
% t=403.0 plus 33.0 minus 22.0 g=543.0 b=7631 p=300 c=7931#
% t=416.0 plus 33.0 minus 22.0 g=543.0 b=5696 p=-100 c=5596#
% t=434.0 plus 36.0 minus 24.0 g=543.0 b=2772 p=400 c=3172#
% t=447.0 plus 36.0 minus 24.0 g=543.0 b=1895 p=-100 c=1795#
% t=465.0 plus 39.0 minus 26.0 g=543.0 b=800 p=300 c=1100#
% t=478.0 plus 39.0 minus 26.0 g=543.0 b=463 p=-100 c=363#
% t=496.0 plus 42.0 minus 28.0 g=543.0 b=140 p=300 c=440
% t=509.0 plus 42.0 minus 28.0 g=543.0 b=53 p=-100 c=-47#
% t=527.0 plus 45.0 minus 30.0 g=543.0 b=4 p=400 c=404
% t=540.0 plus 45.0 minus 30.0 g=543.0 b=0 p=-100 c=-100#
% t=558.0 plus 48.0 minus 32.0 g=543.0 b=10 p=400 c=410
% t=571.0 plus 48.0 minus 32.0 g=543.0 b=66 p=-100 c=-34
% t=589.0 plus 51.0 minus 34.0 g=543.0 b=* p=300 c=*
 [619
















]
%% goal height=543.0, max depth=4.0
% t=10.0 g=543.0 b=10000 p=400 c=100000#
% t=23.0 g=543.0 b=10000 p=-100 c=100000#
% t=41.0 plus 3.0 minus 2.0 g=543.0 b=10000 p=300 c=100000#
% t=54.0 plus 3.0 minus 2.0 g=543.0 b=10000 p=-100 c=100000#
% t=72.0 plus 6.0 minus 4.0 g=543.0 b=10000 p=300 c=100000#
% t=85.0 plus 6.0 minus 4.0 g=543.0 b=10000 p=-100 c=100000#
% t=103.0 plus 9.0 minus 6.0 g=543.0 b=10000 p=300 c=100000#
% t=116.0 plus 9.0 minus 6.0 g=543.0 b=10000 p=-100 c=100000#
% t=134.0 plus 12.0 minus 8.0 g=543.0 b=10000 p=300 c=100000#
% t=147.0 plus 12.0 minus 8.0 g=543.0 b=10000 p=-100 c=100000#
% t=165.0 plus 15.0 minus 10.0 g=543.0 b=10000 p=300 c=100000#
% t=178.0 plus 15.0 minus 10.0 g=543.0 b=10000 p=-100 c=100000#
% t=196.0 plus 18.0 minus 12.0 g=543.0 b=10000 p=150 c=100000#
% t=209.0 plus 18.0 minus 12.0 g=543.0 b=10000 p=150 c=100000#
% t=222.0 plus 18.0 minus 12.0 g=543.0 b=10000 p=-100 c=100000#
% t=240.0 plus 21.0 minus 14.0 g=543.0 b=10000 p=150 c=100000#
% t=253.0 plus 21.0 minus 14.0 g=543.0 b=10000 p=150 c=100000#
% t=266.0 plus 21.0 minus 14.0 g=543.0 b=10000 p=-100 c=100000#
% t=284.0 plus 24.0 minus 16.0 g=543.0 b=10000 p=250 c=100000#
% t=297.0 plus 24.0 minus 16.0 g=543.0 b=10000 p=150 c=100000#
% t=310.0 plus 24.0 minus 16.0 g=543.0 b=10000 p=-100 c=100000#
% t=328.0 plus 27.0 minus 18.0 g=543.0 b=10000 p=150 c=100000#
% t=341.0 plus 27.0 minus 18.0 g=543.0 b=10000 p=150 c=100000#
% t=354.0 plus 27.0 minus 18.0 g=543.0 b=10000 p=-100 c=100000#
% t=372.0 plus 30.0 minus 20.0 g=543.0 b=10000 p=300 c=100000#
% t=385.0 plus 30.0 minus 20.0 g=543.0 b=10000 p=-100 c=100000#
% t=403.0 plus 33.0 minus 22.0 g=543.0 b=7631 p=-100 c=7531#
% t=457.61757 plus 39.0 minus 26.0 g=543.0 b=1048 p=0 c=1048#
% t=486.23514 plus 39.0 minus 26.0 g=543.0 b=308 p=0 c=308#
% t=508.73514 plus 42.0 minus 28.0 g=543.0 b=54 p=300 c=354
% t=521.73514 plus 42.0 minus 28.0 g=543.0 b=13 p=-100 c=-87#
% t=539.73514 plus 45.0 minus 30.0 g=543.0 b=0 p=250 c=250
% t=552.73514 plus 45.0 minus 30.0 g=543.0 b=3 p=150 c=153
% t=565.73514 plus 45.0 minus 30.0 g=543.0 b=43 p=-100 c=-57
% t=583.73514 plus 48.0 minus 32.0 g=543.0 b=* p=400 c=*
 [620













]
%% goal height=543.0, max depth=4.0
% t=10.0 g=543.0 b=10000 p=250 c=100000#
% t=23.0 g=543.0 b=10000 p=150 c=100000#
% t=36.0 g=543.0 b=10000 p=-100 c=100000#
% t=54.0 plus 3.0 minus 2.0 g=543.0 b=10000 p=400 c=100000#
% t=67.0 plus 3.0 minus 2.0 g=543.0 b=10000 p=-100 c=100000#
% t=85.0 plus 6.0 minus 4.0 g=543.0 b=10000 p=150 c=100000#
% t=98.0 plus 6.0 minus 4.0 g=543.0 b=10000 p=0 c=100000#
% t=111.0 plus 6.0 minus 4.0 g=543.0 b=10000 p=150 c=100000#
% t=124.0 plus 6.0 minus 4.0 g=543.0 b=10000 p=-100 c=100000#
% t=142.0 plus 9.0 minus 6.0 g=543.0 b=10000 p=250 c=100000#
% t=155.0 plus 9.0 minus 6.0 g=543.0 b=10000 p=0 c=100000#
% t=168.0 plus 9.0 minus 6.0 g=543.0 b=10000 p=150 c=100000#
% t=181.0 plus 9.0 minus 6.0 g=543.0 b=10000 p=-100 c=100000#
% t=199.0 plus 12.0 minus 8.0 g=543.0 b=10000 p=150 c=100000#
% t=212.0 plus 12.0 minus 8.0 g=543.0 b=10000 p=0 c=100000#
% t=225.0 plus 12.0 minus 8.0 g=543.0 b=10000 p=150 c=100000#
% t=238.0 plus 12.0 minus 8.0 g=543.0 b=10000 p=-100 c=100000#
% t=256.0 plus 15.0 minus 10.0 g=543.0 b=10000 p=150 c=100000#
% t=269.0 plus 15.0 minus 10.0 g=543.0 b=10000 p=150 c=100000#
% t=282.0 plus 15.0 minus 10.0 g=543.0 b=10000 p=-100 c=100000#
% t=300.0 plus 18.0 minus 12.0 g=543.0 b=10000 p=250 c=100000#
% t=313.0 plus 18.0 minus 12.0 g=543.0 b=10000 p=150 c=100000#
% t=326.0 plus 18.0 minus 12.0 g=543.0 b=10000 p=-100 c=100000#
% t=344.0 plus 21.0 minus 14.0 g=543.0 b=10000 p=250 c=100000#
% t=357.0 plus 21.0 minus 14.0 g=543.0 b=10000 p=250 c=100000#
% t=370.0 plus 21.0 minus 14.0 g=543.0 b=10000 p=-100 c=100000#
% t=388.0 plus 24.0 minus 16.0 g=543.0 b=10000 p=400 c=100000#
% t=401.0 plus 24.0 minus 16.0 g=543.0 b=10000 p=-100 c=100000#
% t=419.0 plus 27.0 minus 18.0 g=543.0 b=10000 p=300 c=100000#
% t=432.0 plus 27.0 minus 18.0 g=543.0 b=6944 p=-100 c=6844#
% t=450.0 plus 30.0 minus 20.0 g=543.0 b=2970 p=150 c=3120#
% t=463.0 plus 30.0 minus 20.0 g=543.0 b=1895 p=0 c=1895#
% t=476.0 plus 30.0 minus 20.0 g=543.0 b=1112 p=150 c=1262#
% t=489.0 plus 30.0 minus 20.0 g=543.0 b=581 p=-100 c=481#
% t=507.0 plus 33.0 minus 22.0 g=543.0 b=130 p=150 c=280#
% t=520.0 plus 33.0 minus 22.0 g=543.0 b=34 p=150 c=184#
% t=533.0 plus 33.0 minus 22.0 g=543.0 b=3 p=-100 c=-97#
% t=551.0 plus 36.0 minus 24.0 g=543.0 b=4 p=150 c=154
% t=564.0 plus 36.0 minus 24.0 g=543.0 b=66 p=250 c=316
% t=577.0 plus 36.0 minus 24.0 g=543.0 b=* p=-100 c=*
 [621












]
%% goal height=543.0, max depth=4.0
% t=10.0 g=543.0 b=10000 p=150 c=100000#
% t=23.0 g=543.0 b=10000 p=250 c=100000#
% t=36.0 g=543.0 b=10000 p=-100 c=100000#
% t=54.0 plus 3.0 minus 2.0 g=543.0 b=10000 p=300 c=100000#
% t=67.0 plus 3.0 minus 2.0 g=543.0 b=10000 p=-100 c=100000#
% t=85.0 plus 6.0 minus 4.0 g=543.0 b=10000 p=150 c=100000#
% t=98.0 plus 6.0 minus 4.0 g=543.0 b=10000 p=150 c=100000#
% t=111.0 plus 6.0 minus 4.0 g=543.0 b=10000 p=-100 c=100000#
% t=129.0 plus 9.0 minus 6.0 g=543.0 b=10000 p=300 c=100000#
% t=142.0 plus 9.0 minus 6.0 g=543.0 b=10000 p=-100 c=100000#
% t=160.0 plus 12.0 minus 8.0 g=543.0 b=10000 p=300 c=100000#
% t=173.0 plus 12.0 minus 8.0 g=543.0 b=10000 p=-100 c=100000#
% t=191.0 plus 15.0 minus 10.0 g=543.0 b=10000 p=300 c=100000#
% t=204.0 plus 15.0 minus 10.0 g=543.0 b=10000 p=-100 c=100000#
% t=222.0 plus 18.0 minus 12.0 g=543.0 b=10000 p=300 c=100000#
% t=235.0 plus 18.0 minus 12.0 g=543.0 b=10000 p=-100 c=100000#
% t=253.0 plus 21.0 minus 14.0 g=543.0 b=10000 p=150 c=100000#
% t=266.0 plus 21.0 minus 14.0 g=543.0 b=10000 p=150 c=100000#
% t=279.0 plus 21.0 minus 14.0 g=543.0 b=10000 p=-100 c=100000#
% t=297.0 plus 24.0 minus 16.0 g=543.0 b=10000 p=300 c=100000#
% t=310.0 plus 24.0 minus 16.0 g=543.0 b=10000 p=-100 c=100000#
% t=328.0 plus 27.0 minus 18.0 g=543.0 b=10000 p=150 c=100000#
% t=341.0 plus 27.0 minus 18.0 g=543.0 b=10000 p=150 c=100000#
% t=354.0 plus 27.0 minus 18.0 g=543.0 b=10000 p=-100 c=100000#
% t=372.0 plus 30.0 minus 20.0 g=543.0 b=10000 p=300 c=100000#
% t=385.0 plus 30.0 minus 20.0 g=543.0 b=10000 p=-100 c=100000#
% t=403.0 plus 33.0 minus 22.0 g=543.0 b=7631 p=300 c=7931#
% t=416.0 plus 33.0 minus 22.0 g=543.0 b=5696 p=-100 c=5596#
% t=434.0 plus 36.0 minus 24.0 g=543.0 b=2772 p=300 c=3072#
% t=447.0 plus 36.0 minus 24.0 g=543.0 b=1895 p=-100 c=1795#
% t=465.0 plus 39.0 minus 26.0 g=543.0 b=800 p=300 c=1100#
% t=478.0 plus 39.0 minus 26.0 g=543.0 b=463 p=-100 c=363#
% t=496.0 plus 42.0 minus 28.0 g=543.0 b=140 p=400 c=540
% t=509.0 plus 42.0 minus 28.0 g=543.0 b=53 p=-100 c=-47#
% t=527.0 plus 45.0 minus 30.0 g=543.0 b=4 p=150 c=154
% t=540.0 plus 45.0 minus 30.0 g=543.0 b=0 p=150 c=150
% t=553.0 plus 45.0 minus 30.0 g=543.0 b=4 p=-100 c=-96#
% t=571.0 plus 48.0 minus 32.0 g=543.0 b=66 p=250 c=316
% t=584.0 plus 48.0 minus 32.0 g=543.0 b=* p=150 c=*

[622
















]
%% goal height=543.0, max depth=4.0
% t=10.0 g=543.0 b=10000 p=250 c=100000#
% t=23.0 g=543.0 b=10000 p=150 c=100000#
% t=36.0 g=543.0 b=10000 p=-100 c=100000#
% t=54.0 plus 3.0 minus 2.0 g=543.0 b=10000 p=300 c=100000#
% t=67.0 plus 3.0 minus 2.0 g=543.0 b=10000 p=-100 c=100000#
% t=85.0 plus 6.0 minus 4.0 g=543.0 b=10000 p=250 c=100000#
% t=98.0 plus 6.0 minus 4.0 g=543.0 b=10000 p=150 c=100000#
% t=111.0 plus 6.0 minus 4.0 g=543.0 b=10000 p=-100 c=100000#
% t=129.0 plus 9.0 minus 6.0 g=543.0 b=10000 p=-100 c=100000#
% t=147.0 plus 12.0 minus 8.0 g=543.0 b=10000 p=-100 c=100000#
% t=165.0 plus 15.0 minus 10.0 g=543.0 b=10000 p=400 c=100000#
% t=178.0 plus 15.0 minus 10.0 g=543.0 b=10000 p=-100 c=100000#
% t=196.0 plus 18.0 minus 12.0 g=543.0 b=10000 p=150 c=100000#
% t=209.0 plus 18.0 minus 12.0 g=543.0 b=10000 p=250 c=100000#
% t=222.0 plus 18.0 minus 12.0 g=543.0 b=10000 p=-100 c=100000#
% t=240.0 plus 21.0 minus 14.0 g=543.0 b=10000 p=-100 c=100000#
% t=259.47221 plus 24.0 minus 16.0 g=543.0 b=10000 p=150 c=100000#
% t=272.47221 plus 24.0 minus 16.0 g=543.0 b=10000 p=0 c=100000#
% t=285.47221 plus 24.0 minus 16.0 g=543.0 b=10000 p=150 c=100000#
% t=298.47221 plus 24.0 minus 16.0 g=543.0 b=10000 p=-100 c=100000#
% t=316.47221 plus 27.0 minus 18.0 g=543.0 b=10000 p=250 c=100000#
% t=329.47221 plus 27.0 minus 18.0 g=543.0 b=10000 p=150 c=100000#
% t=342.47221 plus 27.0 minus 18.0 g=543.0 b=10000 p=-100 c=100000#
% t=360.47221 plus 30.0 minus 20.0 g=543.0 b=10000 p=300 c=100000#
% t=373.47221 plus 30.0 minus 20.0 g=543.0 b=10000 p=-100 c=100000#
% t=391.47221 plus 33.0 minus 22.0 g=543.0 b=10000 p=-100 c=100000#
% t=409.47221 plus 36.0 minus 24.0 g=543.0 b=5091 p=300 c=5391#
% t=422.47221 plus 36.0 minus 24.0 g=543.0 b=3746 p=-100 c=3646#
% t=440.47221 plus 39.0 minus 26.0 g=543.0 b=1810 p=300 c=2110#
% t=453.47221 plus 39.0 minus 26.0 g=543.0 b=1205 p=-100 c=1105#
% t=471.47221 plus 42.0 minus 28.0 g=543.0 b=491 p=300 c=791#
% t=484.47221 plus 42.0 minus 28.0 g=543.0 b=269 p=-100 c=169#
% t=502.47221 plus 45.0 minus 30.0 g=543.0 b=73 p=150 c=223
% t=515.47221 plus 45.0 minus 30.0 g=543.0 b=23 p=150 c=173
% t=528.47221 plus 45.0 minus 30.0 g=543.0 b=3 p=-100 c=-97#
% t=546.47221 plus 48.0 minus 32.0 g=543.0 b=0 p=150 c=150
% t=559.47221 plus 48.0 minus 32.0 g=543.0 b=13 p=150 c=163
% t=572.47221 plus 48.0 minus 32.0 g=543.0 b=78 p=-100 c=-22
% t=590.47221 plus 51.0 minus 34.0 g=543.0 b=* p=150 c=*
 [623
















]
%% goal height=543.0, max depth=4.0
% t=10.0 g=543.0 b=10000 p=150 c=100000#
% t=23.0 g=543.0 b=10000 p=150 c=100000#
% t=36.0 g=543.0 b=10000 p=-100 c=100000#
% t=54.0 plus 3.0 minus 2.0 g=543.0 b=10000 p=150 c=100000#
% t=67.0 plus 3.0 minus 2.0 g=543.0 b=10000 p=150 c=100000#
% t=80.0 plus 3.0 minus 2.0 g=543.0 b=10000 p=-100 c=100000#
% t=98.0 plus 6.0 minus 4.0 g=543.0 b=10000 p=300 c=100000#
% t=111.0 plus 6.0 minus 4.0 g=543.0 b=10000 p=-100 c=100000#
% t=129.0 plus 9.0 minus 6.0 g=543.0 b=10000 p=300 c=100000#
% t=142.0 plus 9.0 minus 6.0 g=543.0 b=10000 p=-100 c=100000#
% t=160.0 plus 12.0 minus 8.0 g=543.0 b=10000 p=250 c=100000#
% t=173.0 plus 12.0 minus 8.0 g=543.0 b=10000 p=150 c=100000#
% t=186.0 plus 12.0 minus 8.0 g=543.0 b=10000 p=-100 c=100000#
% t=204.0 plus 15.0 minus 10.0 g=543.0 b=10000 p=400 c=100000#
% t=217.0 plus 15.0 minus 10.0 g=543.0 b=10000 p=-100 c=100000#
% t=235.0 plus 18.0 minus 12.0 g=543.0 b=10000 p=250 c=100000#
% t=248.0 plus 18.0 minus 12.0 g=543.0 b=10000 p=250 c=100000#
% t=261.0 plus 18.0 minus 12.0 g=543.0 b=10000 p=-100 c=100000#
% t=279.0 plus 21.0 minus 14.0 g=543.0 b=10000 p=-100 c=100000#
% t=297.0 plus 24.0 minus 16.0 g=543.0 b=10000 p=300 c=100000#
% t=310.0 plus 24.0 minus 16.0 g=543.0 b=10000 p=-100 c=100000#
% t=328.0 plus 27.0 minus 18.0 g=543.0 b=10000 p=300 c=100000#
% t=341.0 plus 27.0 minus 18.0 g=543.0 b=10000 p=-100 c=100000#
% t=359.0 plus 30.0 minus 20.0 g=543.0 b=10000 p=250 c=100000#
% t=372.0 plus 30.0 minus 20.0 g=543.0 b=10000 p=150 c=100000#
% t=385.0 plus 30.0 minus 20.0 g=543.0 b=10000 p=-100 c=100000#
% t=403.0 plus 33.0 minus 22.0 g=543.0 b=7631 p=150 c=7781#
% t=416.0 plus 33.0 minus 22.0 g=543.0 b=5696 p=0 c=5696#
% t=429.0 plus 33.0 minus 22.0 g=543.0 b=4120 p=150 c=4270#
% t=442.0 plus 33.0 minus 22.0 g=543.0 b=2865 p=-100 c=2765#
% t=460.0 plus 36.0 minus 24.0 g=543.0 b=1221 p=300 c=1521#
% t=473.0 plus 36.0 minus 24.0 g=543.0 b=733 p=-100 c=633#
% t=491.0 plus 39.0 minus 26.0 g=543.0 b=237 p=150 c=387#
% t=504.0 plus 39.0 minus 26.0 g=543.0 b=100 p=150 c=250#
% t=517.0 plus 39.0 minus 26.0 g=543.0 b=30 p=-100 c=-70#
% t=535.0 plus 42.0 minus 28.0 g=543.0 b=1 p=150 c=151
% t=548.0 plus 42.0 minus 28.0 g=543.0 b=1 p=0 c=1
% t=561.0 plus 42.0 minus 28.0 g=543.0 b=26 p=0 c=26
% t=574.0 plus 42.0 minus 28.0 g=543.0 b=* p=150 c=*
 [624














]
%% goal height=543.0, max depth=4.0
% t=10.0 g=543.0 b=10000 p=150 c=100000#
% t=23.0 g=543.0 b=10000 p=0 c=100000#
% t=36.0 g=543.0 b=10000 p=0 c=100000#
% t=49.0 g=543.0 b=10000 p=150 c=100000#
% t=62.0 g=543.0 b=10000 p=-100 c=100000#
% t=80.0 plus 3.0 minus 2.0 g=543.0 b=10000 p=300 c=100000#
% t=93.0 plus 3.0 minus 2.0 g=543.0 b=10000 p=-100 c=100000#
% t=111.0 plus 6.0 minus 4.0 g=543.0 b=10000 p=-100 c=100000#
% t=129.0 plus 9.0 minus 6.0 g=543.0 b=10000 p=150 c=100000#
% t=142.0 plus 9.0 minus 6.0 g=543.0 b=10000 p=150 c=100000#
% t=155.0 plus 9.0 minus 6.0 g=543.0 b=10000 p=-100 c=100000#
% t=173.0 plus 12.0 minus 8.0 g=543.0 b=10000 p=150 c=100000#
% t=186.0 plus 12.0 minus 8.0 g=543.0 b=10000 p=0 c=100000#
% t=199.0 plus 12.0 minus 8.0 g=543.0 b=10000 p=0 c=100000#
% t=212.0 plus 12.0 minus 8.0 g=543.0 b=10000 p=150 c=100000#
% t=225.0 plus 12.0 minus 8.0 g=543.0 b=10000 p=-100 c=100000#
% t=243.0 plus 15.0 minus 10.0 g=543.0 b=10000 p=300 c=100000#
% t=256.0 plus 15.0 minus 10.0 g=543.0 b=10000 p=-100 c=100000#
% t=274.0 plus 18.0 minus 12.0 g=543.0 b=10000 p=300 c=100000#
% t=287.0 plus 18.0 minus 12.0 g=543.0 b=10000 p=-100 c=100000#
% t=305.0 plus 21.0 minus 14.0 g=543.0 b=10000 p=150 c=100000#
% t=318.0 plus 21.0 minus 14.0 g=543.0 b=10000 p=150 c=100000#
% t=331.0 plus 21.0 minus 14.0 g=543.0 b=10000 p=-100 c=100000#
% t=349.0 plus 24.0 minus 16.0 g=543.0 b=10000 p=150 c=100000#
% t=362.0 plus 24.0 minus 16.0 g=543.0 b=10000 p=0 c=100000#
% t=375.0 plus 24.0 minus 16.0 g=543.0 b=10000 p=0 c=100000#
% t=388.0 plus 24.0 minus 16.0 g=543.0 b=10000 p=250 c=100000#
% t=401.0 plus 24.0 minus 16.0 g=543.0 b=10000 p=-100 c=100000#
% t=419.0 plus 27.0 minus 18.0 g=543.0 b=10000 p=400 c=100000#
% t=432.0 plus 27.0 minus 18.0 g=543.0 b=6944 p=-100 c=6844#
% t=450.0 plus 30.0 minus 20.0 g=543.0 b=2970 p=300 c=3270#
% t=463.0 plus 30.0 minus 20.0 g=543.0 b=1895 p=-100 c=1795#
% t=481.0 plus 33.0 minus 22.0 g=543.0 b=663 p=150 c=813#
% t=494.0 plus 33.0 minus 22.0 g=543.0 b=327 p=150 c=477#
% t=507.0 plus 33.0 minus 22.0 g=543.0 b=130 p=-100 c=30#
% t=525.0 plus 36.0 minus 24.0 g=543.0 b=12 p=300 c=312
% t=538.0 plus 36.0 minus 24.0 g=543.0 b=0 p=-100 c=-100#
% t=556.0 plus 39.0 minus 26.0 g=543.0 b=12 p=250 c=262
% t=569.0 plus 39.0 minus 26.0 g=543.0 b=100 p=250 c=350
% t=582.0 plus 39.0 minus 26.0 g=543.0 b=* p=-100 c=*
 [625













]
%% goal height=543.0, max depth=4.0
% t=10.0 g=543.0 b=10000 p=250 c=100000#
% t=23.0 g=543.0 b=10000 p=250 c=100000#
% t=36.0 g=543.0 b=10000 p=-100 c=100000#
% t=54.0 plus 3.0 minus 2.0 g=543.0 b=10000 p=250 c=100000#
% t=67.0 plus 3.0 minus 2.0 g=543.0 b=10000 p=150 c=100000#
% t=80.0 plus 3.0 minus 2.0 g=543.0 b=10000 p=-100 c=100000#
% t=98.0 plus 6.0 minus 4.0 g=543.0 b=10000 p=300 c=100000#
% t=111.0 plus 6.0 minus 4.0 g=543.0 b=10000 p=-100 c=100000#
% t=129.0 plus 9.0 minus 6.0 g=543.0 b=10000 p=150 c=100000#
% t=142.0 plus 9.0 minus 6.0 g=543.0 b=10000 p=150 c=100000#
% t=155.0 plus 9.0 minus 6.0 g=543.0 b=10000 p=-100 c=100000#
% t=173.0 plus 12.0 minus 8.0 g=543.0 b=10000 p=-100 c=100000#
% t=191.0 plus 15.0 minus 10.0 g=543.0 b=10000 p=300 c=100000#
% t=204.0 plus 15.0 minus 10.0 g=543.0 b=10000 p=-100 c=100000#
% t=222.0 plus 18.0 minus 12.0 g=543.0 b=10000 p=150 c=100000#
% t=235.0 plus 18.0 minus 12.0 g=543.0 b=10000 p=150 c=100000#
% t=248.0 plus 18.0 minus 12.0 g=543.0 b=10000 p=-100 c=100000#
% t=266.0 plus 21.0 minus 14.0 g=543.0 b=10000 p=400 c=100000#
% t=279.0 plus 21.0 minus 14.0 g=543.0 b=10000 p=-100 c=100000#
% t=297.0 plus 24.0 minus 16.0 g=543.0 b=10000 p=150 c=100000#
% t=310.0 plus 24.0 minus 16.0 g=543.0 b=10000 p=100 c=100000#
% t=323.0 plus 24.0 minus 16.0 g=543.0 b=10000 p=0 c=100000#
% t=336.0 plus 24.0 minus 16.0 g=543.0 b=10000 p=250 c=100000#
% t=349.0 plus 24.0 minus 16.0 g=543.0 b=10000 p=-100 c=100000#
% t=367.0 plus 27.0 minus 18.0 g=543.0 b=10000 p=150 c=100000#
% t=380.0 plus 27.0 minus 18.0 g=543.0 b=10000 p=100 c=100000#
% t=393.0 plus 27.0 minus 18.0 g=543.0 b=10000 p=150 c=100000#
% t=406.0 plus 27.0 minus 18.0 g=543.0 b=10000 p=-100 c=100000#
% t=424.0 plus 30.0 minus 20.0 g=543.0 b=6236 p=400 c=6636#
% t=437.0 plus 30.0 minus 20.0 g=543.0 b=4403 p=-100 c=4303#
% t=455.0 plus 33.0 minus 22.0 g=543.0 b=1895 p=150 c=2045#
% t=468.0 plus 33.0 minus 22.0 g=543.0 b=1173 p=150 c=1323#
% t=481.0 plus 33.0 minus 22.0 g=543.0 b=663 p=-100 c=563#
% t=499.0 plus 36.0 minus 24.0 g=543.0 b=182 p=250 c=432#
% t=512.0 plus 36.0 minus 24.0 g=543.0 b=63 p=150 c=213#
% t=525.0 plus 36.0 minus 24.0 g=543.0 b=12 p=-100 c=-88#
% t=543.0 plus 39.0 minus 26.0 g=543.0 b=0 p=300 c=300
% t=556.0 plus 39.0 minus 26.0 g=543.0 b=12 p=-100 c=-88#
% t=574.0 plus 42.0 minus 28.0 g=543.0 b=* p=300 c=*
 [626














]
%% goal height=543.0, max depth=4.0
% t=10.0 g=543.0 b=10000 p=300 c=100000#
% t=23.0 g=543.0 b=10000 p=-100 c=100000#
% t=41.0 plus 3.0 minus 2.0 g=543.0 b=10000 p=300 c=100000#
% t=54.0 plus 3.0 minus 2.0 g=543.0 b=10000 p=-100 c=100000#
% t=72.0 plus 6.0 minus 4.0 g=543.0 b=10000 p=300 c=100000#
% t=85.0 plus 6.0 minus 4.0 g=543.0 b=10000 p=-100 c=100000#
% t=103.0 plus 9.0 minus 6.0 g=543.0 b=10000 p=-100 c=100000#
% t=121.0 plus 12.0 minus 8.0 g=543.0 b=10000 p=400 c=100000#
% t=134.0 plus 12.0 minus 8.0 g=543.0 b=10000 p=-100 c=100000#
% t=152.0 plus 15.0 minus 10.0 g=543.0 b=10000 p=400 c=100000#
% t=165.0 plus 15.0 minus 10.0 g=543.0 b=10000 p=-100 c=100000#
% t=183.0 plus 18.0 minus 12.0 g=543.0 b=10000 p=250 c=100000#
% t=196.0 plus 18.0 minus 12.0 g=543.0 b=10000 p=250 c=100000#
% t=209.0 plus 18.0 minus 12.0 g=543.0 b=10000 p=-100 c=100000#
% t=227.0 plus 21.0 minus 14.0 g=543.0 b=10000 p=300 c=100000#
% t=240.0 plus 21.0 minus 14.0 g=543.0 b=10000 p=-100 c=100000#
% t=258.0 plus 24.0 minus 16.0 g=543.0 b=10000 p=150 c=100000#
% t=271.0 plus 24.0 minus 16.0 g=543.0 b=10000 p=0 c=100000#
% t=284.0 plus 24.0 minus 16.0 g=543.0 b=10000 p=250 c=100000#
% t=297.0 plus 24.0 minus 16.0 g=543.0 b=10000 p=-100 c=100000#
% t=315.0 plus 27.0 minus 18.0 g=543.0 b=10000 p=300 c=100000#
% t=328.0 plus 27.0 minus 18.0 g=543.0 b=10000 p=-100 c=100000#
% t=346.0 plus 30.0 minus 20.0 g=543.0 b=10000 p=400 c=100000#
% t=359.0 plus 30.0 minus 20.0 g=543.0 b=10000 p=-100 c=100000#
% t=377.0 plus 33.0 minus 22.0 g=543.0 b=10000 p=250 c=100000#
% t=390.0 plus 33.0 minus 22.0 g=543.0 b=10000 p=250 c=100000#
% t=403.0 plus 33.0 minus 22.0 g=543.0 b=7631 p=-100 c=7531#
% t=421.0 plus 36.0 minus 24.0 g=543.0 b=3884 p=150 c=4034#
% t=434.0 plus 36.0 minus 24.0 g=543.0 b=2772 p=150 c=2922#
% t=447.0 plus 36.0 minus 24.0 g=543.0 b=1895 p=-100 c=1795#
% t=465.0 plus 39.0 minus 26.0 g=543.0 b=800 p=300 c=1100#
% t=478.0 plus 39.0 minus 26.0 g=543.0 b=463 p=-100 c=363#
% t=496.0 plus 42.0 minus 28.0 g=543.0 b=140 p=150 c=290#
% t=509.0 plus 42.0 minus 28.0 g=543.0 b=53 p=100 c=153#
% t=522.0 plus 42.0 minus 28.0 g=543.0 b=12 p=150 c=162
% t=535.0 plus 42.0 minus 28.0 g=543.0 b=1 p=-100 c=-99#
% t=553.0 plus 45.0 minus 30.0 g=543.0 b=4 p=300 c=304
% t=566.0 plus 45.0 minus 30.0 g=543.0 b=45 p=-100 c=-55
% t=584.0 plus 48.0 minus 32.0 g=543.0 b=* p=150 c=*
 [627















]
%% goal height=543.0, max depth=4.0
% t=10.0 g=543.0 b=10000 p=300 c=100000#
% t=23.0 g=543.0 b=10000 p=-100 c=100000#
% t=41.0 plus 3.0 minus 2.0 g=543.0 b=10000 p=150 c=100000#
% t=54.0 plus 3.0 minus 2.0 g=543.0 b=10000 p=0 c=100000#
% t=67.0 plus 3.0 minus 2.0 g=543.0 b=10000 p=100 c=100000#
% t=80.0 plus 3.0 minus 2.0 g=543.0 b=10000 p=0 c=100000#
% t=93.0 plus 3.0 minus 2.0 g=543.0 b=10000 p=150 c=100000#
% t=106.0 plus 3.0 minus 2.0 g=543.0 b=10000 p=-100 c=100000#
% t=124.0 plus 6.0 minus 4.0 g=543.0 b=10000 p=300 c=100000#
% t=137.0 plus 6.0 minus 4.0 g=543.0 b=10000 p=-100 c=100000#
% t=155.0 plus 9.0 minus 6.0 g=543.0 b=10000 p=400 c=100000#
% t=168.0 plus 9.0 minus 6.0 g=543.0 b=10000 p=-100 c=100000#
% t=186.0 plus 12.0 minus 8.0 g=543.0 b=10000 p=300 c=100000#
% t=199.0 plus 12.0 minus 8.0 g=543.0 b=10000 p=-100 c=100000#
% t=217.0 plus 15.0 minus 10.0 g=543.0 b=10000 p=300 c=100000#
% t=230.0 plus 15.0 minus 10.0 g=543.0 b=10000 p=-100 c=100000#
% t=248.0 plus 18.0 minus 12.0 g=543.0 b=10000 p=150 c=100000#
% t=261.0 plus 18.0 minus 12.0 g=543.0 b=10000 p=150 c=100000#
% t=274.0 plus 18.0 minus 12.0 g=543.0 b=10000 p=-100 c=100000#
% t=292.0 plus 21.0 minus 14.0 g=543.0 b=10000 p=150 c=100000#
% t=305.0 plus 21.0 minus 14.0 g=543.0 b=10000 p=100 c=100000#
% t=318.0 plus 21.0 minus 14.0 g=543.0 b=10000 p=150 c=100000#
% t=331.0 plus 21.0 minus 14.0 g=543.0 b=10000 p=-100 c=100000#
% t=349.0 plus 24.0 minus 16.0 g=543.0 b=10000 p=150 c=100000#
% t=362.0 plus 24.0 minus 16.0 g=543.0 b=10000 p=150 c=100000#
% t=375.0 plus 24.0 minus 16.0 g=543.0 b=10000 p=-100 c=100000#
% t=393.0 plus 27.0 minus 18.0 g=543.0 b=10000 p=300 c=100000#
% t=406.0 plus 27.0 minus 18.0 g=543.0 b=10000 p=-100 c=100000#
% t=424.0 plus 30.0 minus 20.0 g=543.0 b=6236 p=300 c=6536#
% t=437.0 plus 30.0 minus 20.0 g=543.0 b=4403 p=-100 c=4303#
% t=455.0 plus 33.0 minus 22.0 g=543.0 b=1895 p=400 c=2295#
% t=468.0 plus 33.0 minus 22.0 g=543.0 b=1173 p=-100 c=1073#
% t=486.0 plus 36.0 minus 24.0 g=543.0 b=396 p=150 c=546#
% t=499.0 plus 36.0 minus 24.0 g=543.0 b=182 p=150 c=332#
% t=512.0 plus 36.0 minus 24.0 g=543.0 b=63 p=-100 c=-37#
% t=530.0 plus 39.0 minus 26.0 g=543.0 b=4 p=400 c=404
% t=543.0 plus 39.0 minus 26.0 g=543.0 b=0 p=-100 c=-100#
% t=561.0 plus 42.0 minus 28.0 g=543.0 b=26 p=400 c=426
% t=574.0 plus 42.0 minus 28.0 g=543.0 b=* p=-100 c=*
 [628














]
%% goal height=543.0, max depth=4.0
% t=10.0 g=543.0 b=10000 p=400 c=100000#
% t=23.0 g=543.0 b=10000 p=-100 c=100000#
% t=41.0 plus 3.0 minus 2.0 g=543.0 b=10000 p=400 c=100000#
% t=54.0 plus 3.0 minus 2.0 g=543.0 b=10000 p=-100 c=100000#
% t=72.0 plus 6.0 minus 4.0 g=543.0 b=10000 p=400 c=100000#
% t=85.0 plus 6.0 minus 4.0 g=543.0 b=10000 p=-100 c=100000#
% t=103.0 plus 9.0 minus 6.0 g=543.0 b=10000 p=250 c=100000#
% t=116.0 plus 9.0 minus 6.0 g=543.0 b=10000 p=0 c=100000#
% t=129.0 plus 9.0 minus 6.0 g=543.0 b=10000 p=0 c=100000#
% t=142.0 plus 9.0 minus 6.0 g=543.0 b=10000 p=250 c=100000#
% t=155.0 plus 9.0 minus 6.0 g=543.0 b=10000 p=-100 c=100000#
% t=173.0 plus 12.0 minus 8.0 g=543.0 b=10000 p=400 c=100000#
% t=186.0 plus 12.0 minus 8.0 g=543.0 b=10000 p=-100 c=100000#
% t=204.0 plus 15.0 minus 10.0 g=543.0 b=10000 p=300 c=100000#
% t=217.0 plus 15.0 minus 10.0 g=543.0 b=10000 p=-100 c=100000#
% t=235.0 plus 18.0 minus 12.0 g=543.0 b=10000 p=300 c=100000#
% t=248.0 plus 18.0 minus 12.0 g=543.0 b=10000 p=-100 c=100000#
% t=266.0 plus 21.0 minus 14.0 g=543.0 b=10000 p=150 c=100000#
% t=279.0 plus 21.0 minus 14.0 g=543.0 b=10000 p=150 c=100000#
% t=292.0 plus 21.0 minus 14.0 g=543.0 b=10000 p=-100 c=100000#
% t=310.0 plus 24.0 minus 16.0 g=543.0 b=10000 p=300 c=100000#
% t=323.0 plus 24.0 minus 16.0 g=543.0 b=10000 p=-100 c=100000#
% t=341.0 plus 27.0 minus 18.0 g=543.0 b=10000 p=300 c=100000#
% t=354.0 plus 27.0 minus 18.0 g=543.0 b=10000 p=-100 c=100000#
% t=372.0 plus 30.0 minus 20.0 g=543.0 b=10000 p=300 c=100000#
% t=385.0 plus 30.0 minus 20.0 g=543.0 b=10000 p=-100 c=100000#
% t=403.0 plus 33.0 minus 22.0 g=543.0 b=7631 p=300 c=7931#
% t=416.0 plus 33.0 minus 22.0 g=543.0 b=5696 p=-100 c=5596#
% t=434.0 plus 36.0 minus 24.0 g=543.0 b=2772 p=150 c=2922#
% t=447.0 plus 36.0 minus 24.0 g=543.0 b=1895 p=250 c=2145#
% t=460.0 plus 36.0 minus 24.0 g=543.0 b=1221 p=-100 c=1121#
% t=478.0 plus 39.0 minus 26.0 g=543.0 b=463 p=150 c=613#
% t=491.0 plus 39.0 minus 26.0 g=543.0 b=237 p=0 c=237#
% t=504.0 plus 39.0 minus 26.0 g=543.0 b=100 p=150 c=250
% t=517.0 plus 39.0 minus 26.0 g=543.0 b=30 p=-100 c=-70#
% t=535.0 plus 42.0 minus 28.0 g=543.0 b=1 p=300 c=301
% t=548.0 plus 42.0 minus 28.0 g=543.0 b=1 p=-100 c=-99#
% t=566.0 plus 45.0 minus 30.0 g=543.0 b=45 p=250 c=295
% t=579.0 plus 45.0 minus 30.0 g=543.0 b=* p=250 c=*
 [629















]
%% goal height=543.0, max depth=4.0
% t=10.0 g=543.0 b=10000 p=250 c=100000#
% t=23.0 g=543.0 b=10000 p=250 c=100000#
% t=36.0 g=543.0 b=10000 p=-100 c=100000#
% t=54.0 plus 3.0 minus 2.0 g=543.0 b=10000 p=-100 c=100000#
% t=72.0 plus 6.0 minus 4.0 g=543.0 b=10000 p=400 c=100000#
% t=85.0 plus 6.0 minus 4.0 g=543.0 b=10000 p=-100 c=100000#
% t=103.0 plus 9.0 minus 6.0 g=543.0 b=10000 p=300 c=100000#
% t=116.0 plus 9.0 minus 6.0 g=543.0 b=10000 p=-100 c=100000#
% t=134.0 plus 12.0 minus 8.0 g=543.0 b=10000 p=400 c=100000#
% t=147.0 plus 12.0 minus 8.0 g=543.0 b=10000 p=-100 c=100000#
% t=165.0 plus 15.0 minus 10.0 g=543.0 b=10000 p=300 c=100000#
% t=178.0 plus 15.0 minus 10.0 g=543.0 b=10000 p=-100 c=100000#
% t=196.0 plus 18.0 minus 12.0 g=543.0 b=10000 p=250 c=100000#
% t=209.0 plus 18.0 minus 12.0 g=543.0 b=10000 p=250 c=100000#
% t=222.0 plus 18.0 minus 12.0 g=543.0 b=10000 p=-100 c=100000#
% t=240.0 plus 21.0 minus 14.0 g=543.0 b=10000 p=400 c=100000#
% t=253.0 plus 21.0 minus 14.0 g=543.0 b=10000 p=-100 c=100000#
% t=271.0 plus 24.0 minus 16.0 g=543.0 b=10000 p=400 c=100000#
% t=284.0 plus 24.0 minus 16.0 g=543.0 b=10000 p=-100 c=100000#
% t=302.0 plus 27.0 minus 18.0 g=543.0 b=10000 p=250 c=100000#
% t=315.0 plus 27.0 minus 18.0 g=543.0 b=10000 p=150 c=100000#
% t=328.0 plus 27.0 minus 18.0 g=543.0 b=10000 p=-100 c=100000#
% t=346.0 plus 30.0 minus 20.0 g=543.0 b=10000 p=150 c=100000#
% t=359.0 plus 30.0 minus 20.0 g=543.0 b=10000 p=150 c=100000#
% t=372.0 plus 30.0 minus 20.0 g=543.0 b=10000 p=-100 c=100000#
% t=390.0 plus 33.0 minus 22.0 g=543.0 b=10000 p=300 c=100000#
% t=403.0 plus 33.0 minus 22.0 g=543.0 b=7631 p=-100 c=7531#
% t=421.0 plus 36.0 minus 24.0 g=543.0 b=3884 p=150 c=4034#
% t=434.0 plus 36.0 minus 24.0 g=543.0 b=2772 p=0 c=2772#
% t=447.0 plus 36.0 minus 24.0 g=543.0 b=1895 p=150 c=2045#
% t=460.0 plus 36.0 minus 24.0 g=543.0 b=1221 p=-100 c=1121#
% t=478.0 plus 39.0 minus 26.0 g=543.0 b=463 p=150 c=613#
% t=491.0 plus 39.0 minus 26.0 g=543.0 b=237 p=150 c=387#
% t=504.0 plus 39.0 minus 26.0 g=543.0 b=100 p=-100 c=0#
% t=522.0 plus 42.0 minus 28.0 g=543.0 b=12 p=-100 c=-88#
% t=540.0 plus 45.0 minus 30.0 g=543.0 b=0 p=150 c=150
% t=553.0 plus 45.0 minus 30.0 g=543.0 b=4 p=250 c=254
% t=566.0 plus 45.0 minus 30.0 g=543.0 b=45 p=-100 c=-55
% t=584.0 plus 48.0 minus 32.0 g=543.0 b=* p=400 c=*
 [630















]
%% goal height=543.0, max depth=4.0
% t=10.0 g=543.0 b=10000 p=150 c=100000#
% t=23.0 g=543.0 b=10000 p=250 c=100000#
% t=36.0 g=543.0 b=10000 p=-100 c=100000#
% t=54.0 plus 3.0 minus 2.0 g=543.0 b=10000 p=400 c=100000#
% t=67.0 plus 3.0 minus 2.0 g=543.0 b=10000 p=-100 c=100000#
% t=85.0 plus 6.0 minus 4.0 g=543.0 b=10000 p=300 c=100000#
% t=98.0 plus 6.0 minus 4.0 g=543.0 b=10000 p=-100 c=100000#
% t=116.0 plus 9.0 minus 6.0 g=543.0 b=10000 p=300 c=100000#
% t=129.0 plus 9.0 minus 6.0 g=543.0 b=10000 p=-100 c=100000#
% t=147.0 plus 12.0 minus 8.0 g=543.0 b=10000 p=300 c=100000#
% t=160.0 plus 12.0 minus 8.0 g=543.0 b=10000 p=-100 c=100000#
% t=178.0 plus 15.0 minus 10.0 g=543.0 b=10000 p=300 c=100000#
% t=191.0 plus 15.0 minus 10.0 g=543.0 b=10000 p=-100 c=100000#
% t=209.0 plus 18.0 minus 12.0 g=543.0 b=10000 p=300 c=100000#
% t=222.0 plus 18.0 minus 12.0 g=543.0 b=10000 p=-100 c=100000#
% t=240.0 plus 21.0 minus 14.0 g=543.0 b=10000 p=150 c=100000#
% t=253.0 plus 21.0 minus 14.0 g=543.0 b=10000 p=150 c=100000#
% t=266.0 plus 21.0 minus 14.0 g=543.0 b=10000 p=-100 c=100000#
% t=284.0 plus 24.0 minus 16.0 g=543.0 b=10000 p=150 c=100000#
% t=297.0 plus 24.0 minus 16.0 g=543.0 b=10000 p=150 c=100000#
% t=310.0 plus 24.0 minus 16.0 g=543.0 b=10000 p=-100 c=100000#
% t=328.0 plus 27.0 minus 18.0 g=543.0 b=10000 p=400 c=100000#

(383 new references written on bib.ref)
(383 old references dropped from bib.ref)
% t=341.0 plus 27.0 minus 18.0 g=543.0 b=10000 p=0 c=100000#
% t=343.5 plus 27.0 plus 1.0fill minus 18.0 g=543.0 b=0 p=-20000 c=-20000#
 [631










] )
Output written on bib.pdf (28 pages).
