This is XeTeX, Version 3.14159265-2.6-0.99996 (TeX Live 2016/W32TeX) (preloaded format=xetex 2017.5.11)  30 MAR 2018 10:23
entering extended mode
 restricted \write18 enabled.
 %&-line parsing enabled.
**./chap6.tex
(./chap6.tex (./gkpmac.tex
\openout0 = `chap6.grf'.

 (./chap6.ref)
\openout1 = `chap6.ref'.

\openout2 = `chap6.ans'.

\openout3 = `chap6.inx'.

\openout4 = `chap6.bnx'.

) (./bib.ref) (./chap2.ref)
(./chap4.ref) (./chap5.ref) (./chap7.ref) (./chap9.ref)
%% goal height=543.0, max depth=4.0
% t=51.55556 g=543.0 b=10000 p=0 c=100000#
% t=142.94109 minus 5.0 g=543.0 b=10000 p=0 c=100000#
% t=155.10332 minus 5.0 g=543.0 b=10000 p=0 c=100000#
% t=171.10332 plus 2.0 minus 6.0 g=543.0 b=10000 p=250 c=100000#
% t=184.10332 plus 2.0 minus 6.0 g=543.0 b=10000 p=0 c=100000#
% t=197.10332 plus 2.0 minus 6.0 g=543.0 b=10000 p=0 c=100000#
% t=210.10332 plus 2.0 minus 6.0 g=543.0 b=10000 p=100 c=100000#
% t=223.10332 plus 2.0 minus 6.0 g=543.0 b=10000 p=150 c=100000#
% t=236.10332 plus 2.0 minus 6.0 g=543.0 b=10000 p=0 c=100000#
% t=249.10332 plus 3.0 minus 6.0 g=543.0 b=10000 p=150 c=100000#
% t=262.10332 plus 3.0 minus 6.0 g=543.0 b=10000 p=0 c=100000#
% t=275.10332 plus 3.0 minus 6.0 g=543.0 b=10000 p=0 c=100000#
% t=288.10332 plus 3.0 minus 6.0 g=543.0 b=10000 p=0 c=100000#
% t=301.10332 plus 3.0 minus 6.0 g=543.0 b=10000 p=0 c=100000#
% t=314.10332 plus 3.0 minus 6.0 g=543.0 b=10000 p=0 c=100000#
% t=327.10332 plus 3.0 minus 6.0 g=543.0 b=10000 p=150 c=100000#
% t=342.04776 plus 3.0 minus 6.0 g=543.0 b=10000 p=-200 c=100000#
% t=392.10332 plus 5.0 minus 6.0 g=543.0 b=10000 p=150 c=100000#
% t=405.10332 plus 5.0 minus 6.0 g=543.0 b=10000 p=0 c=100000#
% t=418.10332 plus 5.0 minus 6.0 g=543.0 b=10000 p=100 c=100000#
% t=431.10332 plus 5.0 minus 6.0 g=543.0 b=10000 p=0 c=100000#
% t=444.10332 plus 5.0 minus 6.0 g=543.0 b=10000 p=100 c=100000#
% t=457.10332 plus 5.0 minus 6.0 g=543.0 b=10000 p=0 c=100000#
% t=470.10332 plus 5.0 minus 6.0 g=543.0 b=10000 p=150 c=100000#
% t=483.10332 plus 5.0 minus 6.0 g=543.0 b=10000 p=0 c=100000#
% t=496.10332 plus 6.0 minus 6.0 g=543.0 b=10000 p=150 c=100000#
% t=509.10332 plus 6.0 minus 6.0 g=543.0 b=10000 p=0 c=100000#
% t=522.10332 plus 6.0 minus 6.0 g=543.0 b=4217 p=0 c=4217#
% t=535.10332 plus 6.0 minus 6.0 g=543.0 b=226 p=150 c=376#
% split253 to -8.60338,0.0 p=100
% t=548.10332 plus 6.0 minus 6.0 g=543.0 b=61 p=0 c=161#
% t=561.10332 plus 7.0 minus 6.0 g=543.0 b=* p=150 c=*
 [257

]
%% goal height=543.0, max depth=4.0
% t=0.0 g=345.59978 b=10000 p=0 c=100000#
% t=10.0 g=345.59978 b=10000 p=150 c=100000#
% t=23.0 g=345.59978 b=10000 p=0 c=100000#
% t=36.0 g=345.59978 b=10000 p=50 c=100000#
% t=72.0 plus 3.0 minus 2.0 g=345.59978 b=10000 p=0 c=100000#
% t=89.49825 plus 3.0 minus 2.0 g=345.59978 b=10000 p=0 c=100000#
% t=110.0 plus 6.0 minus 4.0 g=345.59978 b=10000 p=150 c=100000#
% t=123.0 plus 6.0 minus 4.0 g=345.59978 b=10000 p=150 c=100000#
% t=136.0 plus 6.0 minus 4.0 g=345.59978 b=10000 p=0 c=100000#
% t=149.0 plus 7.0 minus 4.0 g=345.59978 b=10000 p=150 c=100000#
% t=162.0 plus 7.0 minus 4.0 g=345.59978 b=10000 p=150 c=100000#
% t=175.0 plus 7.0 minus 4.0 g=345.59978 b=10000 p=0 c=100000#
% t=188.0 plus 8.0 minus 4.0 g=345.59978 b=10000 p=150 c=100000#
% t=201.0 plus 8.0 minus 4.0 g=345.59978 b=10000 p=150 c=100000#
% t=214.0 plus 8.0 minus 4.0 g=345.59978 b=10000 p=0 c=100000#
% t=227.0 plus 9.0 minus 4.0 g=345.59978 b=10000 p=150 c=100000#
% t=240.0 plus 9.0 minus 4.0 g=345.59978 b=10000 p=0 c=100000#
% t=253.0 plus 9.0 minus 4.0 g=345.59978 b=10000 p=0 c=100000#
% t=266.0 plus 9.0 minus 4.0 g=345.59978 b=10000 p=0 c=100000#
% t=279.0 plus 9.0 minus 4.0 g=345.59978 b=10000 p=50 c=100000#
% t=328.94467 plus 12.0 minus 6.0 g=345.59978 b=267 p=0 c=267#
% split253 to -7.12599,0.0 p=100
% t=349.22571 plus 15.0 minus 8.0 g=345.59978 b=9 p=-500 c=-391#
% t=362.22571 plus 16.0 minus 8.0 g=345.59978 b=* p=150 c=*
 [258



]
%% goal height=543.0, max depth=4.0
% t=0.0 g=345.59978 b=10000 p=0 c=100000#
% t=10.0 g=345.59978 b=10000 p=150 c=100000#
% t=23.0 g=345.59978 b=10000 p=0 c=100000#
% t=36.03117 g=345.59978 b=10000 p=0 c=100000#
% t=49.0 g=345.59978 b=10000 p=0 c=100000#
% t=62.0 g=345.59978 b=10000 p=0 c=100000#
% t=75.0 g=345.59978 b=10000 p=50 c=100000#
% t=124.94467 plus 3.0 minus 2.0 g=345.59978 b=10000 p=0 c=100000#
% t=142.88911 plus 6.0 minus 4.0 g=345.59978 b=10000 p=300 c=100000#
% t=155.88911 plus 6.0 minus 4.0 g=345.59978 b=10000 p=-50 c=100000#
% t=171.88911 plus 8.0 minus 5.0 g=345.59978 b=10000 p=150 c=100000#
% t=184.88911 plus 8.0 minus 5.0 g=345.59978 b=10000 p=150 c=100000#
% t=197.88911 plus 8.0 minus 5.0 g=345.59978 b=10000 p=0 c=100000#
% t=210.88911 plus 9.0 minus 5.0 g=345.59978 b=10000 p=300 c=100000#
% t=266.83356 plus 12.0 minus 7.0 g=345.59978 b=10000 p=0 c=100000#
% t=309.83356 plus 18.0 minus 11.0 g=345.59978 b=783 p=0 c=783#
% t=332.83356 plus 21.0 minus 13.0 g=345.59978 b=22 p=300 c=322#
% t=345.83356 plus 21.0 minus 13.0 g=345.59978 b=0 p=0 c=0#
% t=381.83356 plus 25.0 minus 15.0 g=345.59978 b=* p=0 c=*
 [259


]
%% goal height=543.0, max depth=4.0
% t=33.0 plus 3.0 minus 2.0 g=543.0 b=10000 p=0 c=100000#
% t=48.0 plus 3.0 minus 2.0 g=543.0 b=10000 p=0 c=100000#
% t=65.49825 plus 3.0 minus 2.0 g=543.0 b=10000 p=0 c=100000#
% t=86.0 plus 6.0 minus 4.0 g=543.0 b=10000 p=0 c=100000#
% t=99.0 plus 7.0 minus 4.0 g=543.0 b=10000 p=150 c=100000#
% t=112.0 plus 7.0 minus 4.0 g=543.0 b=10000 p=0 c=100000#
% t=125.0 plus 7.0 minus 4.0 g=543.0 b=10000 p=0 c=100000#
% t=138.0 plus 7.0 minus 4.0 g=543.0 b=10000 p=0 c=100000#
% t=151.0 plus 7.0 minus 4.0 g=543.0 b=10000 p=150 c=100000#
% t=164.0 plus 7.0 minus 4.0 g=543.0 b=10000 p=0 c=100000#
% t=177.0 plus 8.0 minus 4.0 g=543.0 b=10000 p=250 c=100000#
% t=190.0 plus 8.0 minus 4.0 g=543.0 b=10000 p=0 c=100000#
% t=203.0 plus 8.0 minus 4.0 g=543.0 b=10000 p=50 c=100000#
% t=251.00023 plus 11.0 minus 6.0 g=543.0 b=10000 p=0 c=100000#
% t=270.50027 plus 14.0 minus 8.0 g=543.0 b=10000 p=150 c=100000#
% t=283.50027 plus 14.0 minus 8.0 g=543.0 b=10000 p=50 c=100000#
% t=333.44495 plus 17.0 minus 10.0 g=543.0 b=10000 p=0 c=100000#
% t=351.38939 plus 20.0 minus 12.0 g=543.0 b=10000 p=400 c=100000#
% t=364.38939 plus 20.0 minus 12.0 g=543.0 b=10000 p=0 c=100000#
% t=377.38939 plus 21.0 minus 12.0 g=543.0 b=10000 p=150 c=100000#
% t=390.38939 plus 21.0 minus 12.0 g=543.0 b=10000 p=150 c=100000#
% t=436.33406 plus 24.0 minus 14.0 g=543.0 b=10000 p=0 c=100000#
% t=495.22318 plus 30.0 minus 18.0 g=543.0 b=401 p=0 c=401#
% t=513.72318 plus 33.0 minus 20.0 g=543.0 b=69 p=150 c=219#
% t=526.72318 plus 33.0 minus 20.0 g=543.0 b=12 p=0 c=12#
% t=539.72318 plus 33.0 minus 20.0 g=543.0 b=0 p=150 c=150
% t=552.72318 plus 33.0 minus 20.0 g=543.0 b=11 p=0 c=11#
% t=565.72318 plus 34.0 minus 20.0 g=543.0 b=* p=150 c=*

[260

]
%% goal height=543.0, max depth=4.0
% t=10.0 g=543.0 b=10000 p=150 c=100000#
% t=23.0 g=543.0 b=10000 p=0 c=100000#
% t=36.03117 g=543.0 b=10000 p=0 c=100000#
% t=50.31221 g=543.0 b=10000 p=0 c=100000#
% t=63.31221 g=543.0 b=10000 p=0 c=100000#
% t=76.31221 g=543.0 b=10000 p=0 c=100000#
% t=89.31221 g=543.0 b=10000 p=50 c=100000#
% t=125.31221 plus 3.0 minus 2.0 g=543.0 b=10000 p=0 c=100000#
% t=148.31221 plus 6.0 minus 4.0 g=543.0 b=10000 p=250 c=100000#
% t=161.31221 plus 6.0 minus 4.0 g=543.0 b=10000 p=50 c=100000#
% t=211.81244 plus 9.0 minus 6.0 g=543.0 b=10000 p=0 c=100000#
% t=229.75688 plus 12.0 minus 8.0 g=543.0 b=10000 p=0 c=100000#
% t=242.75688 plus 13.0 minus 8.0 g=543.0 b=10000 p=150 c=100000#
% t=255.75688 plus 13.0 minus 8.0 g=543.0 b=10000 p=0 c=100000#
% t=268.75688 plus 13.0 minus 8.0 g=543.0 b=10000 p=0 c=100000#
% t=281.75688 plus 13.0 minus 8.0 g=543.0 b=10000 p=150 c=100000#
% t=294.75688 plus 13.0 minus 8.0 g=543.0 b=10000 p=0 c=100000#
% t=307.75688 plus 14.0 minus 8.0 g=543.0 b=10000 p=150 c=100000#
% t=320.75688 plus 14.0 minus 8.0 g=543.0 b=10000 p=50 c=100000#
% t=356.75688 plus 17.0 minus 10.0 g=543.0 b=10000 p=0 c=100000#
% t=371.75688 plus 17.0 minus 10.0 g=543.0 b=10000 p=0 c=100000#
% t=394.75688 plus 20.0 minus 12.0 g=543.0 b=10000 p=150 c=100000#
% t=407.75688 plus 20.0 minus 12.0 g=543.0 b=10000 p=100 c=100000#
% t=420.75688 plus 20.0 minus 12.0 g=543.0 b=10000 p=0 c=100000#
% t=433.75688 plus 20.0 minus 12.0 g=543.0 b=10000 p=50 c=100000#
% t=469.75688 plus 23.0 minus 14.0 g=543.0 b=3219 p=0 c=3219#
% t=492.75688 plus 26.0 minus 16.0 g=543.0 b=718 p=150 c=868#
% t=505.75688 plus 26.0 minus 16.0 g=543.0 b=293 p=0 c=293#
% t=518.75688 plus 26.0 minus 16.0 g=543.0 b=80 p=0 c=80#
% t=531.75688 plus 26.0 minus 16.0 g=543.0 b=8 p=0 c=8#
% t=544.75688 plus 26.0 minus 16.0 g=543.0 b=0 p=0 c=0#
% t=557.75688 plus 26.0 minus 16.0 g=543.0 b=78 p=0 c=78
% t=570.75688 plus 26.0 minus 16.0 g=543.0 b=* p=100 c=*
 [261]
%% goal height=543.0, max depth=4.0
% t=10.0 g=543.0 b=10000 p=0 c=100000#
% t=23.0 g=543.0 b=10000 p=100 c=100000#
% t=36.0 g=543.0 b=10000 p=150 c=100000#
% t=49.0 g=543.0 b=10000 p=0 c=100000#
% t=62.0 plus 1.0 g=543.0 b=10000 p=150 c=100000#
% t=75.0 plus 1.0 g=543.0 b=10000 p=50 c=100000#
% t=130.6715 plus 4.0 minus 2.0 g=543.0 b=10000 p=0 c=100000#
% t=148.61594 plus 7.0 minus 4.0 g=543.0 b=10000 p=0 c=100000#
% t=161.61594 plus 8.0 minus 4.0 g=543.0 b=10000 p=150 c=100000#
% t=174.61594 plus 8.0 minus 4.0 g=543.0 b=10000 p=50 c=100000#
% t=210.61594 plus 11.0 minus 6.0 g=543.0 b=10000 p=0 c=100000#
% t=225.61594 plus 11.0 minus 6.0 g=543.0 b=10000 p=0 c=100000#
% t=240.61594 plus 11.0 minus 6.0 g=543.0 b=10000 p=0 c=100000#
% t=255.61594 plus 11.0 minus 6.0 g=543.0 b=10000 p=0 c=100000#
% t=270.61594 plus 11.0 minus 6.0 g=543.0 b=10000 p=0 c=100000#
% t=293.61594 plus 14.0 minus 8.0 g=543.0 b=10000 p=150 c=100000#
% t=306.61594 plus 14.0 minus 8.0 g=543.0 b=10000 p=50 c=100000#
% t=362.1265 plus 17.0 minus 10.0 g=543.0 b=10000 p=0 c=100000#
% t=380.07094 plus 20.0 minus 12.0 g=543.0 b=10000 p=200 c=100000#
% t=433.07974 plus 23.0 minus 14.0 g=543.0 b=10000 p=0 c=100000#
% t=466.5903 plus 23.0 minus 14.0 g=543.0 b=3657 p=0 c=3657#
% t=500.10086 plus 23.0 minus 14.0 g=543.0 b=645 p=0 c=645#
% t=522.0453 plus 26.0 minus 16.0 g=543.0 b=52 p=300 c=352#
% t=535.0453 plus 26.0 minus 16.0 g=543.0 b=3 p=0 c=3#
% t=548.0453 plus 27.0 minus 16.0 g=543.0 b=3 p=200 c=203
% t=584.0453 plus 30.0 minus 18.0 g=543.0 b=* p=0 c=*
 [262

]
%% goal height=543.0, max depth=4.0
% t=10.0 g=543.0 b=10000 p=200 c=100000#
% t=46.0 plus 3.0 minus 2.0 g=543.0 b=10000 p=0 c=100000#
% t=61.0 plus 3.0 minus 2.0 g=543.0 b=10000 p=0 c=100000#
% t=76.0 plus 3.0 minus 2.0 g=543.0 b=10000 p=0 c=100000#
% t=91.0 plus 3.0 minus 2.0 g=543.0 b=10000 p=0 c=100000#
% t=106.0 plus 3.0 minus 2.0 g=543.0 b=10000 p=0 c=100000#
% t=129.0 plus 6.0 minus 4.0 g=543.0 b=10000 p=200 c=100000#
% t=176.51056 plus 9.0 minus 6.0 g=543.0 b=10000 p=0 c=100000#
% t=238.91 plus 15.0 minus 10.0 g=543.0 b=10000 p=0 c=100000#
% t=257.41 plus 18.0 minus 12.0 g=543.0 b=10000 p=0 c=100000#
% t=270.41 plus 19.0 minus 12.0 g=543.0 b=10000 p=150 c=100000#
% t=283.41 plus 19.0 minus 12.0 g=543.0 b=10000 p=0 c=100000#
% t=296.41 plus 19.0 minus 12.0 g=543.0 b=10000 p=50 c=100000#
% t=353.865 plus 22.0 minus 14.0 g=543.0 b=10000 p=0 c=100000#
% t=388.37556 plus 22.0 minus 14.0 g=543.0 b=10000 p=0 c=100000#
% t=429.32 plus 28.0 minus 18.0 g=543.0 b=6675 p=0 c=6675#
% t=475.32 plus 34.0 minus 22.0 g=543.0 b=787 p=0 c=787#
% split253 to -3.82,0.0 p=100
% t=544.32 plus 43.0 minus 28.0 g=543.0 b=0 p=0 c=100#
% t=557.32 plus 44.0 minus 28.0 g=543.0 b=13 p=200 c=313
% t=593.52257 plus 47.0 minus 30.0 g=543.0 b=* p=0 c=*
 [263]
%% goal height=543.0, max depth=4.0
% split253 to 0.0,0.0 p=100
% t=0.0 g=0.0 b=0 p=0 c=100#
% t=10.0 g=0.0 b=* p=200 c=*
 [264

]
%% goal height=543.0, max depth=4.0
% t=0.0 g=0.0 b=0 p=0 c=0#
% t=10.0 g=0.0 b=* p=200 c=*
 [265



]
%% goal height=543.0, max depth=4.0
% t=10.0 g=543.0 b=10000 p=200 c=100000#
% t=46.20256 plus 3.0 minus 2.0 g=543.0 b=10000 p=0 c=100000#
% t=69.0 plus 6.0 minus 4.0 g=543.0 b=10000 p=300 c=100000#
% t=82.0 plus 6.0 minus 4.0 g=543.0 b=10000 p=0 c=100000#
% t=132.01056 plus 10.0 minus 6.0 g=543.0 b=10000 p=0 c=100000#
% t=155.48322 plus 13.0 minus 8.0 g=543.0 b=10000 p=200 c=100000#
% t=208.93822 plus 16.0 minus 10.0 g=543.0 b=10000 p=0 c=100000#
% t=226.88266 plus 20.0 minus 12.0 g=543.0 b=10000 p=250 c=100000#
% t=239.88266 plus 20.0 minus 12.0 g=543.0 b=10000 p=0 c=100000#
% t=252.88266 plus 20.0 minus 12.0 g=543.0 b=10000 p=0 c=100000#
% t=265.88266 plus 20.0 minus 12.0 g=543.0 b=10000 p=0 c=100000#
% t=278.88266 plus 20.0 minus 12.0 g=543.0 b=10000 p=150 c=100000#
% t=291.88266 plus 20.0 minus 12.0 g=543.0 b=10000 p=0 c=100000#
% t=304.88266 plus 21.0 minus 12.0 g=543.0 b=10000 p=150 c=100000#
% t=317.88266 plus 21.0 minus 12.0 g=543.0 b=10000 p=0 c=100000#
% t=330.91383 plus 21.0 minus 12.0 g=543.0 b=10000 p=0 c=100000#
% t=343.88266 plus 21.0 minus 12.0 g=543.0 b=10000 p=0 c=100000#
% t=356.88266 plus 21.0 minus 12.0 g=543.0 b=10000 p=0 c=100000#
% t=369.88266 plus 21.0 minus 12.0 g=543.0 b=10000 p=50 c=100000#
% t=417.82733 plus 24.0 minus 14.0 g=543.0 b=10000 p=0 c=100000#
% t=449.82756 plus 24.0 minus 14.0 g=543.0 b=5847 p=0 c=5847#
% t=471.772 plus 27.0 minus 16.0 g=543.0 b=1831 p=200 c=2031#
% t=521.71667 plus 30.0 minus 18.0 g=543.0 b=35 p=0 c=35#
% t=539.66112 plus 33.0 minus 20.0 g=543.0 b=0 p=150 c=150
% t=552.66112 plus 33.0 minus 20.0 g=543.0 b=11 p=50 c=61
% t=600.16135 plus 36.0 minus 22.0 g=543.0 b=* p=0 c=*
 [266]
%% goal height=543.0, max depth=4.0
% t=10.0 g=543.0 b=10000 p=150 c=100000#
% t=23.0 g=543.0 b=10000 p=50 c=100000#
% t=70.50023 plus 3.0 minus 2.0 g=543.0 b=10000 p=0 c=100000#
% t=85.44467 plus 6.0 minus 4.0 g=543.0 b=10000 p=150 c=100000#
% t=98.44467 plus 6.0 minus 4.0 g=543.0 b=10000 p=0 c=100000#
% t=111.47585 plus 6.0 minus 4.0 g=543.0 b=10000 p=150 c=100000#
% t=126.38911 plus 6.0 minus 4.0 g=332.59978 b=10000 p=-200 c=100000#
% t=176.44467 plus 8.0 minus 4.0 g=332.59978 b=10000 p=150 c=100000#
% t=189.44467 plus 8.0 minus 4.0 g=332.59978 b=10000 p=0 c=100000#
% t=202.44467 plus 8.0 minus 4.0 g=332.59978 b=10000 p=0 c=100000#
% t=215.44467 plus 8.0 minus 4.0 g=332.59978 b=10000 p=0 c=100000#
% t=228.44467 plus 8.0 minus 4.0 g=332.59978 b=10000 p=0 c=100000#
% t=241.44467 plus 8.0 minus 4.0 g=332.59978 b=10000 p=150 c=100000#
% t=254.44467 plus 8.0 minus 4.0 g=332.59978 b=10000 p=0 c=100000#
% t=286.44467 plus 12.0 minus 6.0 g=332.59978 b=5681 p=0 c=5681#
% t=299.44467 plus 12.0 minus 6.0 g=332.59978 b=2103 p=0 c=2103#
% t=320.44467 plus 15.0 minus 8.0 g=332.59978 b=53 p=150 c=203#
% t=333.44467 plus 15.0 minus 8.0 g=332.59978 b=0 p=0 c=0#
% t=346.44467 plus 15.0 minus 8.0 g=332.59978 b=* p=0 c=*
 [267



]
%% goal height=543.0, max depth=4.0
% t=10.0 g=543.0 b=10000 p=0 c=100000#
% t=23.0 g=543.0 b=10000 p=150 c=100000#
% t=36.0 g=345.59978 b=10000 p=0 c=100000#
% t=49.0 plus 1.0 g=345.59978 b=10000 p=200 c=100000#
% t=98.94467 plus 4.0 minus 2.0 g=345.59978 b=10000 p=0 c=100000#
% t=116.88911 plus 7.0 minus 4.0 g=345.59978 b=10000 p=300 c=100000#
% t=129.88911 plus 7.0 minus 4.0 g=345.59978 b=10000 p=0 c=100000#
% t=142.88911 plus 8.0 minus 4.0 g=345.59978 b=10000 p=150 c=100000#
% t=155.88911 plus 8.0 minus 4.0 g=345.59978 b=10000 p=0 c=100000#
% t=168.88911 plus 8.0 minus 4.0 g=345.59978 b=10000 p=0 c=100000#
% t=181.88911 plus 8.0 minus 4.0 g=345.59978 b=10000 p=0 c=100000#
% t=194.88911 plus 8.0 minus 4.0 g=345.59978 b=10000 p=0 c=100000#
% t=207.88911 plus 8.0 minus 4.0 g=345.59978 b=10000 p=0 c=100000#
% t=220.88911 plus 8.0 minus 4.0 g=345.59978 b=10000 p=0 c=100000#
% t=233.92029 plus 8.0 minus 4.0 g=345.59978 b=10000 p=50 c=100000#
% t=281.88934 plus 11.0 minus 6.0 g=345.59978 b=10000 p=0 c=100000#
% t=356.2785 plus 20.0 minus 12.0 g=345.59978 b=70 p=0 c=70#
% t=369.2785 plus 21.0 minus 12.0 g=345.59978 b=* p=200 c=*
 [268

]
%% goal height=543.0, max depth=4.0
% t=10.0 g=543.0 b=10000 p=200 c=100000#
% t=63.455 plus 3.0 minus 2.0 g=543.0 b=10000 p=0 c=100000#
% t=123.45523 plus 9.0 minus 6.0 g=543.0 b=10000 p=0 c=100000#
% t=155.45546 plus 9.0 minus 6.0 g=543.0 b=10000 p=0 c=100000#
% t=187.45569 plus 9.0 minus 6.0 g=543.0 b=10000 p=0 c=100000#
% t=209.95569 plus 12.0 minus 8.0 g=543.0 b=10000 p=0 c=100000#
% t=222.95569 plus 13.0 minus 8.0 g=543.0 b=10000 p=200 c=100000#
% t=265.95569 plus 16.0 minus 10.0 g=543.0 b=10000 p=0 c=100000#
% t=287.95569 plus 16.0 minus 10.0 g=543.0 b=10000 p=0 c=100000#
% t=310.95569 plus 20.0 minus 12.0 g=543.0 b=10000 p=150 c=100000#
% t=323.95569 plus 20.0 minus 12.0 g=543.0 b=10000 p=50 c=100000#
% t=384.62718 plus 23.0 minus 14.0 g=543.0 b=10000 p=0 c=100000#
% t=420.13774 plus 23.0 minus 14.0 g=543.0 b=10000 p=0 c=100000#
% t=455.6483 plus 23.0 minus 14.0 g=543.0 b=5460 p=0 c=5460#
% t=475.14835 plus 26.0 minus 16.0 g=543.0 b=1776 p=150 c=1926#
% t=488.14835 plus 26.0 minus 16.0 g=543.0 b=936 p=0 c=936#
% t=501.14835 plus 26.0 minus 16.0 g=543.0 b=417 p=50 c=467#
% t=547.64857 plus 29.0 minus 18.0 g=543.0 b=2 p=-150 c=-148#
% split253 to -18.64857,0.0 p=100
% t=561.64857 plus 32.0 minus 20.0 g=543.0 b=80 p=0 c=180
% t=569.59302 plus 33.0 minus 20.0 g=543.0 b=* p=150 c=*
 [269

]
%% goal height=543.0, max depth=4.0
% t=0.0 g=358.59978 b=10000 p=0 c=100000#
% t=10.0 g=358.59978 b=10000 p=150 c=100000#
% t=23.0 g=358.59978 b=10000 p=0 c=100000#
% t=36.0 g=358.59978 b=10000 p=0 c=100000#
% t=49.0 g=358.59978 b=10000 p=0 c=100000#
% t=62.0 g=358.59978 b=10000 p=50 c=100000#
% t=112.50023 plus 3.0 minus 2.0 g=358.59978 b=10000 p=0 c=100000#
% t=130.44467 plus 6.0 minus 4.0 g=358.59978 b=10000 p=150 c=100000#
% t=143.44467 plus 6.0 minus 4.0 g=358.59978 b=10000 p=0 c=100000#
% t=156.44467 plus 6.0 minus 4.0 g=358.59978 b=10000 p=100 c=100000#
% t=169.44467 plus 6.0 minus 4.0 g=358.59978 b=10000 p=0 c=100000#
% t=182.44467 plus 6.0 minus 4.0 g=358.59978 b=10000 p=50 c=100000#
% t=218.44467 plus 9.0 minus 6.0 g=358.59978 b=10000 p=0 c=100000#
% t=283.45529 plus 15.0 minus 10.0 g=358.59978 b=10000 p=0 c=100000#
% t=301.39973 plus 18.0 minus 12.0 g=358.59978 b=3199 p=150 c=3349#
% t=314.39973 plus 18.0 minus 12.0 g=358.59978 b=1478 p=0 c=1478#
% t=327.39973 plus 18.0 minus 12.0 g=358.59978 b=518 p=0 c=518#
% t=340.39973 plus 18.0 minus 12.0 g=358.59978 b=103 p=150 c=253#
% t=353.39973 plus 18.0 minus 12.0 g=358.59978 b=2 p=0 c=2#
% t=366.39973 plus 19.0 minus 12.0 g=358.59978 b=27 p=200 c=227
% t=424.4103 plus 22.0 minus 14.0 g=358.59978 b=* p=0 c=*
 [270


]
%% goal height=543.0, max depth=4.0
% t=10.0 g=543.0 b=10000 p=200 c=100000#
% t=68.01056 plus 3.0 minus 2.0 g=543.0 b=10000 p=0 c=100000#
% t=102.52112 plus 3.0 minus 2.0 g=543.0 b=10000 p=0 c=100000#
% t=157.41023 plus 9.0 minus 6.0 g=543.0 b=10000 p=0 c=100000#
% t=188.41046 plus 9.0 minus 6.0 g=543.0 b=10000 p=0 c=100000#
% t=219.41069 plus 9.0 minus 6.0 g=543.0 b=10000 p=0 c=100000#
% t=250.41092 plus 9.0 minus 6.0 g=543.0 b=10000 p=0 c=100000#
% t=272.91092 plus 12.0 minus 8.0 g=543.0 b=10000 p=150 c=100000#
% t=285.91092 plus 12.0 minus 8.0 g=543.0 b=10000 p=0 c=100000#
% t=298.91092 plus 12.0 minus 8.0 g=543.0 b=10000 p=150 c=100000#
% t=311.9421 plus 12.0 minus 8.0 g=543.0 b=10000 p=0 c=100000#
% t=327.9421 plus 14.0 minus 9.0 g=543.0 b=10000 p=150 c=100000#
% t=340.91092 plus 14.0 minus 9.0 g=543.0 b=10000 p=0 c=100000#
% t=353.91092 plus 14.0 minus 9.0 g=543.0 b=10000 p=50 c=100000#
% t=404.4094 plus 17.0 minus 11.0 g=543.0 b=10000 p=0 c=100000#
% t=448.4094 plus 23.0 minus 15.0 g=543.0 b=6944 p=0 c=6944#
% t=464.4094 plus 23.0 minus 15.0 g=543.0 b=3977 p=0 c=3977#
% t=480.4094 plus 23.0 minus 15.0 g=543.0 b=2012 p=0 c=2012#
% t=496.4094 plus 23.0 minus 15.0 g=543.0 b=828 p=0 c=828#
% t=512.4094 plus 23.0 minus 15.0 g=543.0 b=235 p=0 c=235#
% t=558.4094 plus 29.0 minus 19.0 g=543.0 b=53 p=0 c=53#
% split253 to -28.90945,0.0 p=100
% t=571.90945 plus 32.0 minus 21.0 g=543.0 b=* p=0 c=*
 [271

]
%% goal height=543.0, max depth=4.0
% t=0.0 g=372.04556 b=10000 p=0 c=100000#
% t=52.15485 plus 3.0 minus 2.0 g=372.04556 b=10000 p=0 c=100000#
% t=84.36525 plus 3.0 minus 2.0 g=372.04556 b=10000 p=0 c=100000#
% t=129.36005 plus 9.0 minus 6.0 g=372.04556 b=10000 p=0 c=100000#
% t=185.82593 plus 15.0 minus 10.0 g=372.04556 b=10000 p=0 c=100000#
% t=203.77037 plus 18.0 minus 12.0 g=372.04556 b=10000 p=150 c=100000#
% t=216.77037 plus 18.0 minus 12.0 g=372.04556 b=10000 p=0 c=100000#
% t=229.77037 plus 18.0 minus 12.0 g=372.04556 b=10000 p=0 c=100000#
% t=242.77037 plus 18.0 minus 12.0 g=372.04556 b=10000 p=0 c=100000#
% t=255.77037 plus 18.0 minus 12.0 g=372.04556 b=10000 p=150 c=100000#
% t=271.27037 plus 18.0 minus 12.0 g=372.04556 b=10000 p=-200 c=100000#
% t=320.77037 plus 20.0 minus 12.0 g=372.04556 b=1681 p=200 c=1881#
% t=376.44186 plus 23.0 minus 14.0 g=372.04556 b=3 p=0 c=3#
% t=394.3863 plus 26.0 minus 16.0 g=372.04556 b=* p=150 c=*

[272

]
%% goal height=543.0, max depth=4.0
% t=10.0 g=543.0 b=10000 p=150 c=100000#
% t=23.0 g=543.0 b=10000 p=0 c=100000#
% t=36.0 g=543.0 b=10000 p=50 c=100000#
% t=110.4 plus 6.0 minus 4.0 g=543.0 b=10000 p=0 c=100000#
% t=123.4 plus 7.0 minus 4.0 g=543.0 b=10000 p=150 c=100000#
% t=136.4 plus 7.0 minus 4.0 g=543.0 b=10000 p=0 c=100000#
% t=149.4 plus 7.0 minus 4.0 g=543.0 b=10000 p=50 c=100000#
% t=249.4 plus 10.0 minus 6.0 g=543.0 b=10000 p=0 c=100000#
% t=272.4 plus 13.0 minus 8.0 g=543.0 b=10000 p=150 c=100000#
% t=285.4 plus 13.0 minus 8.0 g=543.0 b=10000 p=0 c=100000#
% t=298.4 plus 13.0 minus 8.0 g=543.0 b=10000 p=150 c=100000#
% t=311.4 plus 13.0 minus 8.0 g=543.0 b=10000 p=0 c=100000#
% t=324.4 plus 14.0 minus 8.0 g=543.0 b=10000 p=150 c=100000#
% t=337.4 plus 14.0 minus 8.0 g=543.0 b=10000 p=150 c=100000#
% t=350.4 plus 14.0 minus 8.0 g=543.0 b=10000 p=0 c=100000#
% t=363.4 plus 15.0 minus 8.0 g=543.0 b=10000 p=150 c=100000#
% t=376.4 plus 15.0 minus 8.0 g=543.0 b=10000 p=0 c=100000#
% t=389.4 plus 15.0 minus 8.0 g=543.0 b=10000 p=0 c=100000#
% t=402.4 plus 15.0 minus 8.0 g=543.0 b=10000 p=0 c=100000#
% t=415.4 plus 15.0 minus 8.0 g=543.0 b=10000 p=150 c=100000#
% t=428.4 plus 15.0 minus 8.0 g=543.0 b=10000 p=0 c=100000#
% t=441.4 plus 16.0 minus 8.0 g=543.0 b=10000 p=150 c=100000#
% t=454.4 plus 16.0 minus 8.0 g=543.0 b=10000 p=0 c=100000#
% t=467.4 plus 16.0 minus 8.0 g=543.0 b=10000 p=0 c=100000#
% t=480.4 plus 16.0 minus 8.0 g=543.0 b=5985 p=0 c=5985#
% t=493.4 plus 16.0 minus 8.0 g=543.0 b=2970 p=0 c=2970#
% t=506.4 plus 16.0 minus 8.0 g=543.0 b=1194 p=50 c=1244#
% t=551.51932 plus 19.0 minus 10.0 g=543.0 b=62 p=0 c=62#
% t=570.01932 plus 22.0 minus 12.0 g=543.0 b=* p=150 c=*
 [273


]
%% goal height=543.0, max depth=4.0
% t=10.0 g=543.0 b=10000 p=150 c=100000#
% t=23.0 g=543.0 b=10000 p=0 c=100000#
% t=36.0 g=543.0 b=10000 p=50 c=100000#
% t=72.0 plus 3.0 minus 2.0 g=543.0 b=10000 p=0 c=100000#
% t=87.0 plus 3.0 minus 2.0 g=543.0 b=10000 p=0 c=100000#
% t=133.0 plus 9.0 minus 6.0 g=543.0 b=10000 p=0 c=100000#
% t=156.0 plus 12.0 minus 8.0 g=543.0 b=10000 p=150 c=100000#
% t=169.0 plus 12.0 minus 8.0 g=543.0 b=10000 p=50 c=100000#
% t=207.08275 plus 15.0 minus 10.0 g=543.0 b=10000 p=0 c=100000#
% t=228.0 plus 18.0 minus 12.0 g=543.0 b=10000 p=300 c=100000#
% t=241.0 plus 18.0 minus 12.0 g=543.0 b=10000 p=0 c=100000#
% t=254.0 plus 19.0 minus 12.0 g=543.0 b=10000 p=150 c=100000#
% t=267.0 plus 19.0 minus 12.0 g=543.0 b=10000 p=50 c=100000#
% t=310.06377 plus 22.0 minus 14.0 g=543.0 b=10000 p=0 c=100000#
% t=332.00821 plus 25.0 minus 16.0 g=543.0 b=10000 p=0 c=100000#
% t=345.00821 plus 26.0 minus 16.0 g=543.0 b=10000 p=250 c=100000#
% t=358.00821 plus 26.0 minus 16.0 g=543.0 b=10000 p=0 c=100000#
% t=371.00821 plus 26.0 minus 16.0 g=543.0 b=10000 p=150 c=100000#
% t=384.00821 plus 26.0 minus 16.0 g=543.0 b=10000 p=0 c=100000#
% t=397.00821 plus 27.0 minus 16.0 g=543.0 b=10000 p=150 c=100000#
% t=410.00821 plus 27.0 minus 16.0 g=543.0 b=10000 p=0 c=100000#
% t=423.00821 plus 27.0 minus 16.0 g=543.0 b=10000 p=150 c=100000#
% t=436.00821 plus 27.0 minus 16.0 g=543.0 b=6204 p=-50 c=6154#
% t=452.00821 plus 29.0 minus 17.0 g=543.0 b=3078 p=250 c=3328#
% t=465.00821 plus 29.0 minus 17.0 g=543.0 b=1939 p=0 c=1939#
% t=478.00821 plus 29.0 minus 17.0 g=543.0 b=1122 p=0 c=1122#
% t=491.00821 plus 29.0 minus 17.0 g=543.0 b=574 p=0 c=574#
% t=504.00821 plus 29.0 minus 17.0 g=543.0 b=242 p=0 c=242#
% t=517.00821 plus 29.0 minus 17.0 g=543.0 b=72 p=0 c=72#
% t=530.00821 plus 29.0 minus 17.0 g=543.0 b=9 p=0 c=9#
% t=543.00821 plus 29.0 minus 17.0 g=543.0 b=0 p=0 c=0#
% t=556.00821 plus 29.0 minus 17.0 g=543.0 b=45 p=0 c=45
% t=569.00821 plus 29.0 minus 17.0 g=543.0 b=* p=0 c=*
 [274

]
%% goal height=543.0, max depth=4.0
% t=10.0 g=543.0 b=10000 p=0 c=100000#
% t=23.0 g=543.0 b=10000 p=0 c=100000#
% t=36.0 g=543.0 b=10000 p=0 c=100000#
% t=49.0 g=543.0 b=10000 p=0 c=100000#
% t=62.0 g=543.0 b=10000 p=150 c=100000#
% t=75.0 g=543.0 b=10000 p=0 c=100000#
% t=88.0 plus 1.0 g=543.0 b=10000 p=150 c=100000#
% t=101.0 plus 1.0 g=543.0 b=10000 p=0 c=100000#
% t=114.0 plus 1.0 g=543.0 b=10000 p=50 c=100000#
% t=162.00023 plus 4.0 minus 2.0 g=543.0 b=10000 p=0 c=100000#
% t=179.94467 plus 7.0 minus 4.0 g=543.0 b=10000 p=0 c=100000#
% t=192.94467 plus 8.0 minus 4.0 g=543.0 b=10000 p=150 c=100000#
% t=205.94467 plus 8.0 minus 4.0 g=543.0 b=10000 p=0 c=100000#
% t=218.94467 plus 8.0 minus 4.0 g=543.0 b=10000 p=0 c=100000#
% t=231.94467 plus 8.0 minus 4.0 g=543.0 b=10000 p=0 c=100000#
% t=244.94467 plus 8.0 minus 4.0 g=543.0 b=10000 p=0 c=100000#
% t=257.94467 plus 8.0 minus 4.0 g=543.0 b=10000 p=0 c=100000#
% t=270.94467 plus 8.0 minus 4.0 g=543.0 b=10000 p=150 c=100000#
% t=283.94467 plus 8.0 minus 4.0 g=543.0 b=10000 p=0 c=100000#
% t=296.94467 plus 9.0 minus 4.0 g=543.0 b=10000 p=150 c=100000#
% t=309.94467 plus 9.0 minus 4.0 g=543.0 b=10000 p=50 c=100000#
% t=359.4449 plus 12.0 minus 6.0 g=543.0 b=10000 p=0 c=100000#
% t=389.44513 plus 12.0 minus 6.0 g=543.0 b=10000 p=0 c=100000#
% t=411.38957 plus 15.0 minus 8.0 g=543.0 b=10000 p=200 c=100000#
% t=457.33424 plus 18.0 minus 10.0 g=543.0 b=10000 p=0 c=100000#
% t=520.11557 plus 24.0 minus 14.0 g=543.0 b=86 p=0 c=86#
% t=538.61563 plus 28.0 minus 16.0 g=543.0 b=0 p=150 c=150
% t=551.61563 plus 28.0 minus 16.0 g=543.0 b=15 p=0 c=15#
% t=564.61563 plus 28.0 minus 16.0 g=543.0 b=* p=0 c=*
 [275


]
%% goal height=543.0, max depth=4.0
% t=10.0 g=543.0 b=10000 p=0 c=100000#
% t=23.0 g=543.0 b=10000 p=0 c=100000#
% t=36.0 g=543.0 b=10000 p=0 c=100000#
% t=49.0 g=543.0 b=10000 p=0 c=100000#
% t=62.0 g=543.0 b=10000 p=150 c=100000#
% t=75.0 g=543.0 b=10000 p=0 c=100000#
% t=88.0 plus 1.0 g=543.0 b=10000 p=150 c=100000#
% t=101.0 plus 1.0 g=543.0 b=10000 p=50 c=100000#
% t=159.3268 plus 4.0 minus 2.0 g=543.0 b=10000 p=0 c=100000#
% t=183.10785 plus 7.0 minus 4.0 g=543.0 b=10000 p=150 c=100000#
% t=196.10785 plus 7.0 minus 4.0 g=543.0 b=10000 p=0 c=100000#
% t=209.10785 plus 7.0 minus 4.0 g=543.0 b=10000 p=0 c=100000#
% t=222.10785 plus 7.0 minus 4.0 g=543.0 b=10000 p=150 c=100000#
% t=235.10785 plus 7.0 minus 4.0 g=543.0 b=10000 p=0 c=100000#
% t=248.10785 plus 8.0 minus 4.0 g=543.0 b=10000 p=200 c=100000#
% t=295.73244 plus 11.0 minus 6.0 g=543.0 b=10000 p=0 c=100000#
% t=313.67688 plus 14.0 minus 8.0 g=543.0 b=10000 p=300 c=100000#
% t=326.67688 plus 14.0 minus 8.0 g=543.0 b=10000 p=0 c=100000#
% t=339.67688 plus 15.0 minus 8.0 g=543.0 b=10000 p=150 c=100000#
% t=352.67688 plus 15.0 minus 8.0 g=543.0 b=10000 p=0 c=100000#
% t=365.67688 plus 15.0 minus 8.0 g=543.0 b=10000 p=50 c=100000#
% t=466.62132 plus 18.0 minus 10.0 g=543.0 b=7631 p=0 c=7631#
% t=489.62132 plus 21.0 minus 12.0 g=543.0 b=1635 p=150 c=1785#
% t=502.62132 plus 21.0 minus 12.0 g=543.0 b=710 p=0 c=710#
% t=515.62132 plus 21.0 minus 12.0 g=543.0 b=221 p=50 c=271#
% t=618.62132 plus 24.0 minus 14.0 g=543.0 b=* p=0 c=*
 [276


]
%% goal height=543.0, max depth=4.0
% t=100.0 plus 3.0 minus 2.0 g=543.0 b=10000 p=0 c=100000#
% t=123.0 plus 6.0 minus 4.0 g=543.0 b=10000 p=200 c=100000#
% t=182.0 plus 12.0 minus 8.0 g=543.0 b=10000 p=0 c=100000#
% t=195.0 plus 13.0 minus 8.0 g=543.0 b=10000 p=200 c=100000#
% t=246.6715 plus 16.0 minus 10.0 g=543.0 b=10000 p=0 c=100000#
% t=312.39153 plus 22.0 minus 14.0 g=543.0 b=10000 p=0 c=100000#
% t=330.33597 plus 25.0 minus 16.0 g=543.0 b=10000 p=200 c=100000#
% t=383.92549 plus 28.0 minus 18.0 g=543.0 b=10000 p=0 c=100000#
% t=393.92549 plus 31.0 minus 20.0 g=543.0 b=10000 p=0 c=100000#
% t=402.42549 plus 32.0 minus 20.0 g=543.0 b=10000 p=200 c=100000#
% t=452.37016 plus 35.0 minus 22.0 g=543.0 b=1735 p=0 c=1735#
% t=470.8649 plus 38.0 minus 24.0 g=543.0 b=681 p=200 c=881#
% t=525.53639 plus 41.0 minus 26.0 g=543.0 b=8 p=0 c=8#
% t=545.98152 plus 41.0 minus 26.0 g=543.0 b=0 p=0 c=0#
% t=591.98152 plus 47.0 minus 30.0 g=543.0 b=* p=0 c=*
 [277


]
%% goal height=543.0, max depth=4.0
% t=33.0 plus 3.0 minus 2.0 g=543.0 b=10000 p=0 c=100000#
% t=79.0 plus 9.0 minus 6.0 g=543.0 b=10000 p=0 c=100000#
% t=102.0 plus 12.0 minus 8.0 g=543.0 b=10000 p=150 c=100000#
% t=115.0 plus 12.0 minus 8.0 g=543.0 b=10000 p=50 c=100000#
% t=152.89056 plus 15.0 minus 10.0 g=543.0 b=10000 p=0 c=100000#
% t=204.0 plus 21.0 minus 14.0 g=543.0 b=10000 p=0 c=100000#
% t=222.5 plus 24.0 minus 16.0 g=543.0 b=10000 p=300 c=100000#
% t=235.5 plus 24.0 minus 16.0 g=543.0 b=10000 p=0 c=100000#
% t=248.5 plus 25.0 minus 16.0 g=543.0 b=10000 p=200 c=100000#
% t=294.9831 plus 28.0 minus 18.0 g=543.0 b=10000 p=0 c=100000#
% t=335.92754 plus 34.0 minus 22.0 g=543.0 b=10000 p=0 c=100000#
% t=358.92754 plus 37.0 minus 24.0 g=543.0 b=10000 p=150 c=100000#
% t=371.92754 plus 37.0 minus 24.0 g=543.0 b=10000 p=150 c=100000#
% t=384.92754 plus 37.0 minus 24.0 g=543.0 b=7777 p=0 c=7777#
% t=397.92754 plus 38.0 minus 24.0 g=543.0 b=5548 p=150 c=5698#
% t=410.92754 plus 38.0 minus 24.0 g=543.0 b=4193 p=50 c=4243#
% t=446.92754 plus 41.0 minus 26.0 g=543.0 b=1281 p=0 c=1281#
% t=469.92754 plus 44.0 minus 28.0 g=543.0 b=457 p=150 c=607#
% t=482.92754 plus 44.0 minus 28.0 g=543.0 b=253 p=0 c=253#
% t=495.92754 plus 44.0 minus 28.0 g=543.0 b=122 p=0 c=122#
% t=508.92754 plus 44.0 minus 28.0 g=543.0 b=46 p=150 c=196
% t=524.42754 plus 44.0 minus 28.0 g=543.0 b=7 p=-200 c=-193#
% t=573.92754 plus 46.0 minus 28.0 g=543.0 b=* p=150 c=*
 [278


]
%% goal height=543.0, max depth=4.0
% t=28.0 plus 1.0 g=543.0 b=10000 p=150 c=100000#
% t=41.0 plus 1.0 g=543.0 b=10000 p=50 c=100000#
% t=92.966 plus 4.0 minus 2.0 g=543.0 b=10000 p=0 c=100000#
% t=125.19176 plus 4.0 minus 2.0 g=543.0 b=10000 p=0 c=100000#
% t=143.1362 plus 7.0 minus 4.0 g=543.0 b=10000 p=200 c=100000#
% t=192.44669 plus 10.0 minus 6.0 g=543.0 b=10000 p=0 c=100000#
% t=213.29112 plus 13.0 minus 8.0 g=543.0 b=10000 p=0 c=100000#
% t=226.29112 plus 14.0 minus 8.0 g=543.0 b=10000 p=150 c=100000#
% t=239.29112 plus 14.0 minus 8.0 g=543.0 b=10000 p=50 c=100000#
% t=284.10721 plus 17.0 minus 10.0 g=543.0 b=10000 p=0 c=100000#
% t=304.38824 plus 20.0 minus 12.0 g=543.0 b=10000 p=200 c=100000#
% t=349.75874 plus 23.0 minus 14.0 g=543.0 b=10000 p=0 c=100000#
% t=380.75897 plus 23.0 minus 14.0 g=543.0 b=10000 p=0 c=100000#
% t=403.25897 plus 26.0 minus 16.0 g=543.0 b=10000 p=200 c=100000#
% t=454.96939 plus 29.0 minus 18.0 g=543.0 b=2790 p=0 c=2790#
% t=486.43544 plus 29.0 minus 18.0 g=543.0 b=740 p=0 c=740#
% t=509.9081 plus 32.0 minus 20.0 g=543.0 b=110 p=200 c=310#
% t=560.87415 plus 35.0 minus 22.0 g=543.0 b=53 p=0 c=53#
% t=622.28464 plus 41.0 minus 26.0 g=543.0 b=* p=0 c=*
 [279]
%% goal height=543.0, max depth=4.0
% t=49.46605 plus 3.0 minus 2.0 g=543.0 b=10000 p=0 c=100000#
% t=67.96605 plus 6.0 minus 4.0 g=543.0 b=10000 p=0 c=100000#
% t=80.96605 plus 7.0 minus 4.0 g=543.0 b=10000 p=200 c=100000#
% t=130.6931 plus 10.0 minus 6.0 g=543.0 b=10000 p=0 c=100000#
% t=189.59604 plus 16.0 minus 10.0 g=543.0 b=10000 p=0 c=100000#
% t=212.09604 plus 19.0 minus 12.0 g=543.0 b=10000 p=200 c=100000#
% t=266.60663 plus 22.0 minus 14.0 g=543.0 b=10000 p=0 c=100000#
% t=284.55107 plus 25.0 minus 16.0 g=543.0 b=10000 p=300 c=100000#
% t=297.55107 plus 25.0 minus 16.0 g=543.0 b=10000 p=0 c=100000#
% t=310.55107 plus 26.0 minus 16.0 g=543.0 b=10000 p=200 c=100000#
% t=361.69919 plus 29.0 minus 18.0 g=543.0 b=10000 p=0 c=100000#
% t=385.69919 plus 32.0 minus 20.0 g=543.0 b=10000 p=300 c=100000#
% t=398.69919 plus 32.0 minus 20.0 g=543.0 b=10000 p=0 c=100000#
% t=411.69919 plus 33.0 minus 20.0 g=543.0 b=6284 p=150 c=6434#
% t=424.69919 plus 33.0 minus 20.0 g=543.0 b=4595 p=0 c=4595#
% t=437.69919 plus 33.0 minus 20.0 g=543.0 b=3240 p=50 c=3290#
% t=487.27184 plus 36.0 minus 22.0 g=543.0 b=369 p=0 c=369#
% t=519.10686 plus 36.0 minus 22.0 g=543.0 b=29 p=0 c=29#
% t=542.57951 plus 39.0 minus 24.0 g=543.0 b=0 p=150 c=150
% t=555.57951 plus 39.0 minus 24.0 g=543.0 b=14 p=0 c=14#
% t=568.57951 plus 39.0 minus 24.0 g=543.0 b=* p=0 c=*
 [280

]
%% goal height=543.0, max depth=4.0
% t=10.0 g=543.0 b=10000 p=0 c=100000#
% t=23.0 g=543.0 b=10000 p=0 c=100000#
% t=36.0 g=543.0 b=10000 p=0 c=100000#
% t=49.0 g=543.0 b=10000 p=50 c=100000#
% t=100.33502 plus 3.0 minus 2.0 g=543.0 b=10000 p=0 c=100000#
% t=132.17004 plus 3.0 minus 2.0 g=543.0 b=10000 p=0 c=100000#
% t=164.6361 plus 3.0 minus 2.0 g=543.0 b=10000 p=0 c=100000#
% t=187.1361 plus 6.0 minus 4.0 g=543.0 b=10000 p=150 c=100000#
% t=200.1361 plus 6.0 minus 4.0 g=543.0 b=10000 p=0 c=100000#
% t=213.1361 plus 6.0 minus 4.0 g=543.0 b=10000 p=0 c=100000#
% t=226.1361 plus 6.0 minus 4.0 g=543.0 b=10000 p=50 c=100000#
% t=281.28421 plus 9.0 minus 6.0 g=543.0 b=10000 p=0 c=100000#
% t=301.56525 plus 12.0 minus 8.0 g=543.0 b=10000 p=300 c=100000#
% t=314.56525 plus 12.0 minus 8.0 g=543.0 b=10000 p=0 c=100000#
% t=327.59642 plus 13.0 minus 8.0 g=543.0 b=10000 p=150 c=100000#
% t=340.56525 plus 13.0 minus 8.0 g=543.0 b=10000 p=50 c=100000#
% t=391.31343 plus 16.0 minus 10.0 g=543.0 b=10000 p=0 c=100000#
% t=451.70255 plus 22.0 minus 14.0 g=543.0 b=7133 p=0 c=7133#
% t=484.20277 plus 22.0 minus 14.0 g=543.0 b=1902 p=0 c=1902#
% t=519.41502 plus 22.0 minus 14.0 g=543.0 b=123 p=0 c=123#
% t=544.88757 plus 25.0 minus 16.0 g=543.0 b=0 p=150 c=150
% t=557.88757 plus 25.0 minus 16.0 g=543.0 b=80 p=50 c=130
% t=596.38582 plus 28.0 minus 18.0 g=543.0 b=* p=0 c=*
 [281]
%% goal height=543.0, max depth=4.0
% t=10.47255 g=543.0 b=10000 p=150 c=100000#
% t=23.47255 g=543.0 b=10000 p=50 c=100000#
% t=61.9708 plus 3.0 minus 2.0 g=543.0 b=10000 p=0 c=100000#
% t=82.47255 plus 7.0 minus 4.0 g=543.0 b=10000 p=200 c=100000#
% t=137.62067 plus 10.0 minus 6.0 g=543.0 b=10000 p=0 c=100000#
% t=156.12067 plus 13.0 minus 8.0 g=543.0 b=10000 p=150 c=100000#
% t=169.12067 plus 13.0 minus 8.0 g=543.0 b=10000 p=0 c=100000#
% t=182.12067 plus 13.0 minus 8.0 g=543.0 b=10000 p=150 c=100000#
% t=195.12067 plus 13.0 minus 8.0 g=543.0 b=10000 p=0 c=100000#
% t=208.12067 plus 14.0 minus 8.0 g=543.0 b=10000 p=150 c=100000#
% t=221.12067 plus 14.0 minus 8.0 g=543.0 b=10000 p=50 c=100000#
% t=260.62274 plus 17.0 minus 10.0 g=543.0 b=10000 p=0 c=100000#
% t=281.1245 plus 20.0 minus 12.0 g=543.0 b=10000 p=0 c=100000#
% t=294.1245 plus 21.0 minus 12.0 g=543.0 b=10000 p=150 c=100000#
% t=307.1245 plus 21.0 minus 12.0 g=543.0 b=10000 p=0 c=100000#
% t=320.1245 plus 21.0 minus 12.0 g=543.0 b=10000 p=50 c=100000#
% t=368.59055 plus 24.0 minus 14.0 g=543.0 b=10000 p=0 c=100000#
% t=402.0566 plus 24.0 minus 14.0 g=543.0 b=10000 p=0 c=100000#
% t=424.5566 plus 27.0 minus 16.0 g=543.0 b=10000 p=0 c=100000#
% t=437.5566 plus 28.0 minus 16.0 g=543.0 b=5331 p=150 c=5481#
% t=450.5566 plus 28.0 minus 16.0 g=543.0 b=3590 p=150 c=3740#
% t=463.5566 plus 28.0 minus 16.0 g=543.0 b=2277 p=0 c=2277#
% t=476.5566 plus 29.0 minus 16.0 g=543.0 b=1199 p=150 c=1349#
% t=489.5566 plus 29.0 minus 16.0 g=543.0 b=624 p=50 c=674#
% t=551.05484 plus 35.0 minus 20.0 g=543.0 b=6 p=-200 c=-194#
% t=600.5566 plus 37.0 minus 20.0 g=543.0 b=* p=150 c=*
 [282]
%% goal height=543.0, max depth=4.0
% t=28.0 plus 1.0 g=543.0 b=10000 p=150 c=100000#
% t=41.0 plus 1.0 g=543.0 b=10000 p=50 c=100000#
% t=98.85423 plus 4.0 minus 2.0 g=543.0 b=10000 p=0 c=100000#
% t=120.29936 plus 7.0 minus 4.0 g=543.0 b=10000 p=150 c=100000#
% t=133.29936 plus 7.0 minus 4.0 g=543.0 b=10000 p=50 c=100000#
% t=171.29936 plus 10.0 minus 6.0 g=543.0 b=10000 p=0 c=100000#
% t=188.29936 plus 10.0 minus 6.0 g=543.0 b=10000 p=0 c=100000#
% t=205.29936 plus 10.0 minus 6.0 g=543.0 b=10000 p=0 c=100000#
% t=222.29936 plus 10.0 minus 6.0 g=543.0 b=10000 p=0 c=100000#
% t=239.29936 plus 10.0 minus 6.0 g=543.0 b=10000 p=0 c=100000#
% t=256.29936 plus 10.0 minus 6.0 g=543.0 b=10000 p=0 c=100000#
% t=273.29936 plus 10.0 minus 6.0 g=543.0 b=10000 p=0 c=100000#
% t=290.29936 plus 10.0 minus 6.0 g=543.0 b=10000 p=0 c=100000#
% t=307.29936 plus 10.0 minus 6.0 g=543.0 b=10000 p=0 c=100000#
% t=324.29936 plus 10.0 minus 6.0 g=543.0 b=10000 p=0 c=100000#
% t=341.29936 plus 10.0 minus 6.0 g=543.0 b=10000 p=0 c=100000#
% t=364.29936 plus 13.0 minus 8.0 g=543.0 b=10000 p=150 c=100000#
% t=377.29936 plus 13.0 minus 8.0 g=543.0 b=10000 p=0 c=100000#
% t=390.29936 plus 13.0 minus 8.0 g=543.0 b=10000 p=0 c=100000#
% t=403.29936 plus 13.0 minus 8.0 g=543.0 b=10000 p=0 c=100000#
% t=416.29936 plus 13.0 minus 8.0 g=543.0 b=10000 p=150 c=100000#
% t=429.29936 plus 13.0 minus 8.0 g=543.0 b=10000 p=0 c=100000#
% t=442.29936 plus 14.0 minus 8.0 g=543.0 b=10000 p=200 c=100000#
% t=489.29959 plus 17.0 minus 10.0 g=543.0 b=3148 p=0 c=3148#
% t=529.02664 plus 17.0 minus 10.0 g=543.0 b=55 p=0 c=55#
% t=590.96704 plus 24.0 minus 14.0 g=543.0 b=* p=0 c=*
 [283]
%% goal height=543.0, max depth=4.0
% t=53.99596 plus 3.0 minus 2.0 g=543.0 b=10000 p=0 c=100000#
% t=115.17705 plus 9.0 minus 6.0 g=543.0 b=10000 p=0 c=100000#
% t=138.17705 plus 12.0 minus 8.0 g=543.0 b=10000 p=300 c=100000#
% t=151.17705 plus 12.0 minus 8.0 g=543.0 b=10000 p=0 c=100000#
% t=164.17705 plus 13.0 minus 8.0 g=543.0 b=10000 p=200 c=100000#
% t=218.03128 plus 16.0 minus 10.0 g=543.0 b=10000 p=0 c=100000#
% t=257.70998 plus 16.0 minus 10.0 g=543.0 b=10000 p=0 c=100000#
% t=278.54073 plus 19.0 minus 12.0 g=543.0 b=10000 p=150 c=100000#
% t=291.54073 plus 19.0 minus 12.0 g=543.0 b=10000 p=0 c=100000#
% t=304.54073 plus 19.0 minus 12.0 g=543.0 b=10000 p=0 c=100000#
% t=317.54073 plus 19.0 minus 12.0 g=543.0 b=10000 p=50 c=100000#
% t=373.53668 plus 22.0 minus 14.0 g=543.0 b=10000 p=0 c=100000#
% t=412.65097 plus 22.0 minus 14.0 g=543.0 b=10000 p=0 c=100000#
% t=447.486 plus 22.0 minus 14.0 g=543.0 b=8170 p=0 c=8170#
% t=482.32101 plus 22.0 minus 14.0 g=543.0 b=2096 p=0 c=2096#
% t=517.15604 plus 22.0 minus 14.0 g=543.0 b=161 p=0 c=161#
% t=552.72868 plus 22.0 minus 14.0 g=543.0 b=33 p=0 c=33#
% t=588.30133 plus 22.0 minus 14.0 g=543.0 b=* p=0 c=*

[284]
%% goal height=543.0, max depth=4.0
% t=25.57265 g=543.0 b=10000 p=0 c=100000#
% t=61.1453 g=543.0 b=10000 p=0 c=100000#
% t=96.34897 g=543.0 b=10000 p=0 c=100000#
% t=127.08682 g=543.0 b=10000 p=0 c=100000#
% t=146.91757 g=543.0 b=10000 p=0 c=100000#
% t=169.91757 plus 3.0 minus 2.0 g=543.0 b=10000 p=300 c=100000#
% t=182.91757 plus 3.0 minus 2.0 g=543.0 b=10000 p=0 c=100000#
% t=195.91757 plus 4.0 minus 2.0 g=543.0 b=10000 p=150 c=100000#
% t=208.91757 plus 4.0 minus 2.0 g=543.0 b=10000 p=50 c=100000#
% t=262.4385 plus 7.0 minus 4.0 g=543.0 b=10000 p=0 c=100000#
% t=280.9385 plus 10.0 minus 6.0 g=543.0 b=10000 p=250 c=100000#
% t=293.9385 plus 10.0 minus 6.0 g=543.0 b=10000 p=50 c=100000#
% t=344.90265 plus 13.0 minus 8.0 g=543.0 b=10000 p=0 c=100000#
% t=362.84709 plus 16.0 minus 10.0 g=543.0 b=10000 p=200 c=100000#
% t=410.18198 plus 19.0 minus 12.0 g=543.0 b=10000 p=0 c=100000#
% t=429.18202 plus 22.0 minus 14.0 g=543.0 b=10000 p=200 c=100000#
% t=466.682 plus 25.0 minus 16.0 g=543.0 b=2837 p=0 c=2837#
% t=530.8857 plus 31.0 minus 20.0 g=543.0 b=6 p=0 c=6#
% t=548.83014 plus 34.0 minus 22.0 g=543.0 b=2 p=150 c=152
% t=561.83014 plus 34.0 minus 22.0 g=543.0 b=63 p=-200 c=-137#
% t=599.77458 plus 37.0 minus 24.0 g=543.0 b=* p=0 c=*
 [285

]
%% goal height=543.0, max depth=4.0
% t=34.94444 plus 3.0 minus 2.0 g=543.0 b=10000 p=0 c=100000#
% t=90.04169 plus 9.0 minus 6.0 g=543.0 b=10000 p=0 c=100000#
% t=118.13893 plus 9.0 minus 6.0 g=543.0 b=10000 p=0 c=100000#
% t=186.3426 plus 15.0 minus 10.0 g=543.0 b=10000 p=0 c=100000#
% t=247.54628 plus 21.0 minus 14.0 g=543.0 b=10000 p=0 c=100000#
% t=309.16705 plus 27.0 minus 18.0 g=543.0 b=10000 p=0 c=100000#
% t=340.9049 plus 27.0 minus 18.0 g=543.0 b=10000 p=0 c=100000#
% t=364.37756 plus 30.0 minus 20.0 g=543.0 b=10000 p=200 c=100000#
% t=414.9175 plus 33.0 minus 22.0 g=543.0 b=5832 p=0 c=5832#
% t=462.31035 plus 39.0 minus 26.0 g=543.0 b=883 p=0 c=883#
% t=480.31035 plus 39.0 minus 26.0 g=543.0 b=414 p=0 c=414#
% t=501.75548 plus 42.0 minus 28.0 g=543.0 b=94 p=250 c=344#
% t=514.75548 plus 42.0 minus 28.0 g=543.0 b=30 p=0 c=30#
% t=527.75548 plus 42.0 minus 28.0 g=543.0 b=5 p=150 c=155
% t=540.75548 plus 42.0 minus 28.0 g=543.0 b=0 p=0 c=0#
% t=553.75548 plus 43.0 minus 28.0 g=543.0 b=6 p=200 c=206
% t=608.9036 plus 46.0 minus 30.0 g=543.0 b=* p=0 c=*
 [286

]
%% goal height=543.0, max depth=4.0
% t=10.0 g=543.0 b=10000 p=200 c=100000#
% t=65.14812 plus 3.0 minus 2.0 g=543.0 b=10000 p=0 c=100000#
% t=83.64812 plus 6.0 minus 4.0 g=543.0 b=10000 p=200 c=100000#
% t=130.71188 plus 9.0 minus 6.0 g=543.0 b=10000 p=0 c=100000#
% t=187.05632 plus 15.0 minus 10.0 g=543.0 b=10000 p=0 c=100000#
% t=210.05632 plus 18.0 minus 12.0 g=543.0 b=10000 p=0 c=100000#
% t=223.05632 plus 19.0 minus 12.0 g=543.0 b=10000 p=200 c=100000#
% t=270.92986 plus 22.0 minus 14.0 g=543.0 b=10000 p=0 c=100000#
% t=308.50635 plus 22.0 minus 14.0 g=543.0 b=10000 p=0 c=100000#
% t=328.50635 plus 25.0 minus 16.0 g=543.0 b=10000 p=200 c=100000#
% t=378.65143 plus 28.0 minus 18.0 g=543.0 b=10000 p=0 c=100000#
% t=438.74399 plus 34.0 minus 22.0 g=543.0 b=2875 p=0 c=2875#
% t=486.74223 plus 40.0 minus 26.0 g=543.0 b=277 p=0 c=277#
% t=507.24399 plus 43.0 minus 28.0 g=543.0 b=57 p=150 c=207#
% t=520.24399 plus 43.0 minus 28.0 g=543.0 b=15 p=0 c=15#
% t=533.24399 plus 43.0 minus 28.0 g=543.0 b=1 p=150 c=151
% t=546.24399 plus 43.0 minus 28.0 g=543.0 b=0 p=0 c=0#
% t=559.24399 plus 44.0 minus 28.0 g=543.0 b=19 p=150 c=169
% t=572.24399 plus 44.0 minus 28.0 g=543.0 b=* p=150 c=*
 [287


]
%% goal height=543.0, max depth=4.0
% t=10.0 g=543.0 b=10000 p=150 c=100000#
% t=23.0 g=543.0 b=10000 p=150 c=100000#
% t=36.0 g=543.0 b=10000 p=-50 c=100000#
% t=52.0 plus 2.0 minus 1.0 g=543.0 b=10000 p=200 c=100000#
% t=109.29868 plus 5.0 minus 3.0 g=543.0 b=10000 p=0 c=100000#
% t=127.24312 plus 8.0 minus 5.0 g=543.0 b=10000 p=200 c=100000#
% t=179.18011 plus 11.0 minus 7.0 g=543.0 b=10000 p=0 c=100000#
% t=224.12456 plus 17.0 minus 11.0 g=543.0 b=10000 p=0 c=100000#
% t=272.6228 plus 23.0 minus 15.0 g=543.0 b=10000 p=0 c=100000#
% t=293.12456 plus 26.0 minus 17.0 g=543.0 b=10000 p=150 c=100000#
% t=306.12456 plus 26.0 minus 17.0 g=543.0 b=10000 p=0 c=100000#
% t=319.15573 plus 26.0 minus 17.0 g=543.0 b=10000 p=0 c=100000#
% t=332.12456 plus 26.0 minus 17.0 g=543.0 b=10000 p=0 c=100000#
% t=345.12456 plus 26.0 minus 17.0 g=543.0 b=10000 p=50 c=100000#
% t=381.12456 plus 29.0 minus 19.0 g=543.0 b=10000 p=0 c=100000#
% t=404.12456 plus 32.0 minus 21.0 g=543.0 b=8151 p=150 c=8301#
% t=417.12456 plus 32.0 minus 21.0 g=543.0 b=6078 p=50 c=6128#
% t=453.12456 plus 35.0 minus 23.0 g=543.0 b=1688 p=0 c=1688#
% t=561.86746 plus 41.0 minus 27.0 g=543.0 b=34 p=0 c=34#
% t=581.64851 plus 44.0 minus 29.0 g=543.0 b=* p=200 c=*
 [288

]
%% goal height=543.0, max depth=4.0
% t=10.0 g=543.0 b=10000 p=200 c=100000#
% t=49.0 plus 3.0 minus 2.0 g=543.0 b=10000 p=0 c=100000#
% t=67.0 plus 3.0 minus 2.0 g=543.0 b=10000 p=0 c=100000#
% t=85.0 plus 3.0 minus 2.0 g=543.0 b=10000 p=0 c=100000#
% t=103.0 plus 3.0 minus 2.0 g=543.0 b=10000 p=0 c=100000#
% t=123.40541 plus 3.0 minus 2.0 g=543.0 b=10000 p=0 c=100000#
% t=146.40541 plus 6.0 minus 4.0 g=543.0 b=10000 p=150 c=100000#
% t=159.40541 plus 6.0 minus 4.0 g=543.0 b=10000 p=150 c=100000#
% t=172.40541 plus 6.0 minus 4.0 g=543.0 b=10000 p=-50 c=100000#
% t=188.40541 plus 8.0 minus 5.0 g=543.0 b=10000 p=150 c=100000#
% t=201.40541 plus 8.0 minus 5.0 g=543.0 b=10000 p=0 c=100000#
% t=214.40541 plus 8.0 minus 5.0 g=543.0 b=10000 p=50 c=100000#
% t=273.02855 plus 11.0 minus 7.0 g=543.0 b=10000 p=0 c=100000#
% t=310.37302 plus 11.0 minus 7.0 g=543.0 b=10000 p=0 c=100000#
% t=346.20804 plus 11.0 minus 7.0 g=543.0 b=10000 p=0 c=100000#
% t=411.78069 plus 17.0 minus 11.0 g=543.0 b=10000 p=0 c=100000#
% t=429.72513 plus 20.0 minus 13.0 g=543.0 b=10000 p=150 c=100000#
% t=442.72513 plus 20.0 minus 13.0 g=543.0 b=10000 p=0 c=100000#
% t=455.72513 plus 20.0 minus 13.0 g=543.0 b=10000 p=0 c=100000#
% t=468.72513 plus 20.0 minus 13.0 g=543.0 b=5105 p=0 c=5105#
% t=481.7563 plus 20.0 minus 13.0 g=543.0 b=2865 p=100 c=2965#
% t=496.06851 plus 20.0 minus 13.0 g=543.0 b=1286 p=0 c=1286#
% t=509.03734 plus 20.0 minus 13.0 g=543.0 b=488 p=0 c=488#
% t=522.03734 plus 20.0 minus 13.0 g=543.0 b=115 p=150 c=265#
% t=535.03734 plus 20.0 minus 13.0 g=543.0 b=6 p=0 c=6#
% t=548.81021 plus 21.0 minus 13.0 g=543.0 b=9 p=200 c=209
% t=599.55443 plus 24.0 minus 15.0 g=543.0 b=* p=0 c=*
 [289

]
%% goal height=543.0, max depth=4.0
% t=10.77287 g=543.0 b=10000 p=200 c=100000#
% t=61.51709 plus 3.0 minus 2.0 g=543.0 b=10000 p=0 c=100000#
% t=84.01709 plus 6.0 minus 4.0 g=543.0 b=10000 p=150 c=100000#
% t=97.01709 plus 6.0 minus 4.0 g=543.0 b=10000 p=0 c=100000#
% t=110.01709 plus 6.0 minus 4.0 g=543.0 b=10000 p=50 c=100000#
% t=164.76527 plus 9.0 minus 6.0 g=543.0 b=10000 p=0 c=100000#
% t=182.70972 plus 12.0 minus 8.0 g=543.0 b=10000 p=300 c=100000#
% t=195.70972 plus 12.0 minus 8.0 g=543.0 b=10000 p=0 c=100000#
% t=208.70972 plus 13.0 minus 8.0 g=543.0 b=10000 p=200 c=100000#
% t=259.20995 plus 16.0 minus 10.0 g=543.0 b=10000 p=0 c=100000#
% t=290.9478 plus 16.0 minus 10.0 g=543.0 b=10000 p=0 c=100000#
% t=356.54143 plus 22.0 minus 14.0 g=543.0 b=10000 p=0 c=100000#
% t=384.4926 plus 22.0 minus 14.0 g=543.0 b=10000 p=0 c=100000#
% t=406.9926 plus 25.0 minus 16.0 g=543.0 b=10000 p=200 c=100000#
% t=455.53125 plus 28.0 minus 18.0 g=543.0 b=3039 p=0 c=3039#
% t=455.53125 plus 31.0 minus 20.0 g=543.0 b=2245 p=-200 c=2045#
% t=500.67174 plus 33.0 minus 20.0 g=543.0 b=209 p=200 c=409#
% t=553.57173 plus 36.0 minus 22.0 g=543.0 b=11 p=0 c=11#
% t=576.57173 plus 39.0 minus 24.0 g=543.0 b=* p=300 c=*
 [290

]
%% goal height=543.0, max depth=4.0
% t=10.0 g=543.0 b=10000 p=300 c=100000#
% t=48.0 plus 3.0 minus 2.0 g=543.0 b=10000 p=0 c=100000#
% t=65.0 plus 3.0 minus 2.0 g=543.0 b=10000 p=0 c=100000#
% t=84.08275 plus 3.0 minus 2.0 g=543.0 b=10000 p=0 c=100000#
% t=105.0 plus 6.0 minus 4.0 g=543.0 b=10000 p=150 c=100000#
% t=118.0 plus 6.0 minus 4.0 g=543.0 b=10000 p=150 c=100000#
% t=131.0 plus 6.0 minus 4.0 g=543.0 b=10000 p=0 c=100000#
% t=144.0 plus 7.0 minus 4.0 g=543.0 b=10000 p=150 c=100000#
% t=157.0 plus 7.0 minus 4.0 g=543.0 b=10000 p=0 c=100000#
% t=170.0 plus 7.0 minus 4.0 g=543.0 b=10000 p=0 c=100000#
% t=183.0 plus 7.0 minus 4.0 g=543.0 b=10000 p=50 c=100000#
% t=351.0 plus 10.0 minus 6.0 g=543.0 b=10000 p=0 c=100000#
% t=374.0 plus 13.0 minus 8.0 g=543.0 b=10000 p=250 c=100000#
% t=387.0 plus 13.0 minus 8.0 g=543.0 b=10000 p=0 c=100000#
% t=400.0 plus 13.0 minus 8.0 g=543.0 b=10000 p=150 c=100000#
% t=413.0 plus 13.0 minus 8.0 g=543.0 b=10000 p=0 c=100000#
% t=426.0 plus 14.0 minus 8.0 g=543.0 b=10000 p=150 c=100000#
% t=439.0 plus 14.0 minus 8.0 g=543.0 b=10000 p=0 c=100000#
% t=452.0 plus 14.0 minus 8.0 g=543.0 b=10000 p=100 c=100000#
% t=465.0 plus 14.0 minus 8.0 g=543.0 b=10000 p=0 c=100000#
% t=478.0 plus 14.0 minus 8.0 g=543.0 b=10000 p=150 c=100000#
% t=491.0 plus 14.0 minus 8.0 g=543.0 b=5119 p=0 c=5119#
% t=504.0 plus 15.0 minus 8.0 g=543.0 b=1755 p=150 c=1905#
% t=517.0 plus 15.0 minus 8.0 g=543.0 b=518 p=0 c=518#
% t=530.0 plus 15.0 minus 8.0 g=543.0 b=65 p=50 c=115#
% t=605.2002 plus 18.0 minus 10.0 g=543.0 b=* p=0 c=*
 [291


]
%% goal height=543.0, max depth=4.0
% t=72.2002 plus 3.0 minus 2.0 g=543.0 b=10000 p=0 c=100000#
% t=95.2002 plus 6.0 minus 4.0 g=543.0 b=10000 p=150 c=100000#
% t=108.2002 plus 6.0 minus 4.0 g=543.0 b=10000 p=0 c=100000#
% t=121.2002 plus 6.0 minus 4.0 g=543.0 b=10000 p=0 c=100000#
% t=134.2002 plus 6.0 minus 4.0 g=543.0 b=10000 p=0 c=100000#
% t=147.2002 plus 6.0 minus 4.0 g=543.0 b=10000 p=0 c=100000#
% t=160.2002 plus 6.0 minus 4.0 g=543.0 b=10000 p=0 c=100000#
% t=173.2002 plus 6.0 minus 4.0 g=543.0 b=10000 p=0 c=100000#
% t=186.2002 plus 6.0 minus 4.0 g=543.0 b=10000 p=0 c=100000#
% t=199.2002 plus 6.0 minus 4.0 g=543.0 b=10000 p=150 c=100000#
% t=212.2002 plus 6.0 minus 4.0 g=543.0 b=10000 p=0 c=100000#
% t=225.2002 plus 7.0 minus 4.0 g=543.0 b=10000 p=250 c=100000#
% t=238.2002 plus 7.0 minus 4.0 g=543.0 b=10000 p=0 c=100000#
% t=251.2002 plus 7.0 minus 4.0 g=543.0 b=10000 p=100 c=100000#
% t=264.2002 plus 7.0 minus 4.0 g=543.0 b=10000 p=100 c=100000#
% t=277.2002 plus 7.0 minus 4.0 g=543.0 b=10000 p=0 c=100000#
% t=290.2002 plus 7.0 minus 4.0 g=543.0 b=10000 p=150 c=100000#
% t=303.2002 plus 7.0 minus 4.0 g=543.0 b=10000 p=0 c=100000#
% t=316.2002 plus 8.0 minus 4.0 g=543.0 b=10000 p=200 c=100000#
% t=354.69844 plus 11.0 minus 6.0 g=543.0 b=10000 p=0 c=100000#
% t=375.2002 plus 14.0 minus 8.0 g=543.0 b=10000 p=300 c=100000#
% t=388.2002 plus 14.0 minus 8.0 g=543.0 b=10000 p=0 c=100000#
% t=401.2002 plus 15.0 minus 8.0 g=543.0 b=10000 p=150 c=100000#
% t=414.2002 plus 15.0 minus 8.0 g=543.0 b=10000 p=50 c=100000#
% t=452.28294 plus 18.0 minus 10.0 g=543.0 b=10000 p=0 c=100000#
% t=473.2002 plus 21.0 minus 12.0 g=543.0 b=3668 p=200 c=3868#
% t=511.28294 plus 24.0 minus 14.0 g=543.0 b=230 p=0 c=230#
% t=532.2002 plus 27.0 minus 16.0 g=543.0 b=6 p=150 c=156#
% t=545.2002 plus 27.0 minus 16.0 g=543.0 b=0 p=50 c=50#
% t=584.25513 plus 30.0 minus 18.0 g=543.0 b=* p=0 c=*
 [292

]
%% goal height=543.0, max depth=4.0
% t=36.05493 plus 3.0 minus 2.0 g=543.0 b=10000 p=0 c=100000#
% t=79.0 plus 9.0 minus 6.0 g=543.0 b=10000 p=0 c=100000#
% t=102.0 plus 12.0 minus 8.0 g=543.0 b=10000 p=150 c=100000#
% t=115.0 plus 12.0 minus 8.0 g=543.0 b=10000 p=150 c=100000#
% t=128.0 plus 12.0 minus 8.0 g=543.0 b=10000 p=0 c=100000#
% t=141.0 plus 13.0 minus 8.0 g=543.0 b=10000 p=150 c=100000#
% t=154.0 plus 13.0 minus 8.0 g=543.0 b=10000 p=100 c=100000#
% t=167.0 plus 13.0 minus 8.0 g=543.0 b=10000 p=50 c=100000#
% t=271.86827 plus 16.0 minus 10.0 g=543.0 b=10000 p=0 c=100000#
% t=294.86827 plus 19.0 minus 12.0 g=543.0 b=10000 p=150 c=100000#
% t=307.86827 plus 19.0 minus 12.0 g=543.0 b=10000 p=0 c=100000#
% t=320.86827 plus 19.0 minus 12.0 g=543.0 b=10000 p=0 c=100000#
% t=333.86827 plus 19.0 minus 12.0 g=543.0 b=10000 p=0 c=100000#
% t=346.86827 plus 19.0 minus 12.0 g=543.0 b=10000 p=150 c=100000#
% t=359.86827 plus 19.0 minus 12.0 g=543.0 b=10000 p=0 c=100000#
% t=372.86827 plus 20.0 minus 12.0 g=543.0 b=10000 p=150 c=100000#
% t=385.86827 plus 20.0 minus 12.0 g=543.0 b=10000 p=0 c=100000#
% t=398.86827 plus 20.0 minus 12.0 g=543.0 b=10000 p=0 c=100000#
% t=411.86827 plus 20.0 minus 12.0 g=543.0 b=10000 p=0 c=100000#
% t=424.86827 plus 20.0 minus 12.0 g=543.0 b=10000 p=50 c=100000#
% t=476.26826 plus 23.0 minus 14.0 g=543.0 b=2435 p=0 c=2435#
% t=545.26826 plus 32.0 minus 20.0 g=543.0 b=0 p=300 c=300#
% t=558.26826 plus 32.0 minus 20.0 g=543.0 b=44 p=0 c=44#
% t=571.26826 plus 33.0 minus 20.0 g=543.0 b=* p=200 c=*
 [293

]
%% goal height=543.0, max depth=4.0
% t=10.0 g=543.0 b=10000 p=200 c=100000#
% t=46.0 plus 3.0 minus 2.0 g=543.0 b=10000 p=0 c=100000#
% t=61.0 plus 3.0 minus 2.0 g=543.0 b=10000 p=0 c=100000#
% t=76.0 plus 3.0 minus 2.0 g=543.0 b=10000 p=0 c=100000#
% t=91.0 plus 3.0 minus 2.0 g=543.0 b=10000 p=0 c=100000#
% t=139.08275 plus 9.0 minus 6.0 g=543.0 b=10000 p=0 c=100000#
% t=160.0 plus 12.0 minus 8.0 g=543.0 b=10000 p=400 c=100000#
% t=173.0 plus 12.0 minus 8.0 g=543.0 b=10000 p=0 c=100000#
% t=211.08275 plus 16.0 minus 10.0 g=543.0 b=10000 p=0 c=100000#
% t=255.0 plus 22.0 minus 14.0 g=543.0 b=10000 p=0 c=100000#
% t=302.94444 plus 28.0 minus 18.0 g=543.0 b=10000 p=0 c=100000#
% t=324.0 plus 31.0 minus 20.0 g=543.0 b=10000 p=150 c=100000#
% t=337.0 plus 31.0 minus 20.0 g=543.0 b=10000 p=50 c=100000#
% t=376.55627 plus 34.0 minus 22.0 g=543.0 b=10000 p=0 c=100000#
% t=396.0 plus 37.0 minus 24.0 g=543.0 b=6268 p=0 c=6268#
% t=409.0 plus 38.0 minus 24.0 g=543.0 b=4378 p=150 c=4528#
% t=422.0 plus 38.0 minus 24.0 g=543.0 b=3219 p=0 c=3219#
% t=435.0 plus 38.0 minus 24.0 g=543.0 b=2293 p=150 c=2443#
% t=448.0 plus 38.0 minus 24.0 g=543.0 b=1558 p=0 c=1558#
% t=461.0 plus 39.0 minus 24.0 g=543.0 b=927 p=150 c=1077#
% t=474.0 plus 39.0 minus 24.0 g=543.0 b=552 p=100 c=652#
% t=487.0 plus 39.0 minus 24.0 g=543.0 b=295 p=0 c=295#
% t=500.0 plus 39.0 minus 24.0 g=543.0 b=133 p=150 c=283#
% t=513.0 plus 39.0 minus 24.0 g=543.0 b=45 p=0 c=45#
% t=526.0 plus 40.0 minus 24.0 g=543.0 b=8 p=150 c=158
% t=539.0 plus 40.0 minus 24.0 g=543.0 b=0 p=0 c=0#
% t=552.0 plus 40.0 minus 24.0 g=543.0 b=5 p=50 c=55
% t=588.0 plus 43.0 minus 26.0 g=543.0 b=* p=0 c=*
 [294]
%% goal height=543.0, max depth=4.0
% t=10.0 g=543.0 b=10000 p=50 c=100000#
% t=46.0 plus 3.0 minus 2.0 g=543.0 b=10000 p=0 c=100000#
% t=92.0 plus 9.0 minus 6.0 g=543.0 b=10000 p=0 c=100000#
% t=138.0 plus 15.0 minus 10.0 g=543.0 b=10000 p=0 c=100000#
% t=153.0 plus 15.0 minus 10.0 g=543.0 b=10000 p=0 c=100000#
% t=171.0 plus 16.0 minus 11.0 g=543.0 b=10000 p=0 c=100000#
% t=186.0 plus 16.0 minus 11.0 g=543.0 b=10000 p=0 c=100000#
% t=232.0 plus 22.0 minus 15.0 g=543.0 b=10000 p=0 c=100000#
% t=278.0 plus 28.0 minus 19.0 g=543.0 b=10000 p=0 c=100000#
% t=293.0 plus 28.0 minus 19.0 g=543.0 b=10000 p=0 c=100000#
% t=316.0 plus 31.0 minus 21.0 g=543.0 b=10000 p=-50 c=100000#
% t=332.0 plus 33.0 minus 22.0 g=543.0 b=10000 p=200 c=100000#
% t=369.89056 plus 36.0 minus 24.0 g=543.0 b=10000 p=0 c=100000#
% t=416.56544 plus 42.0 minus 28.0 g=543.0 b=2726 p=0 c=2726#
% t=437.0 plus 45.0 minus 30.0 g=543.0 b=1303 p=200 c=1503#
% t=473.0 plus 48.0 minus 32.0 g=543.0 b=310 p=0 c=310#
% t=488.0 plus 48.0 minus 32.0 g=543.0 b=150 p=0 c=150#
% t=511.0 plus 51.0 minus 34.0 g=543.0 b=25 p=150 c=175
% t=524.0 plus 51.0 minus 34.0 g=543.0 b=5 p=0 c=5#
% t=537.0 plus 51.0 minus 34.0 g=543.0 b=0 p=0 c=0#
% t=550.0 plus 51.0 minus 34.0 g=543.0 b=1 p=0 c=1
% t=563.0 plus 51.0 minus 34.0 g=543.0 b=20 p=0 c=20
% t=576.0 plus 51.0 minus 34.0 g=543.0 b=91 p=0 c=91
% t=589.0 plus 51.0 minus 34.0 g=543.0 b=* p=50 c=*
 [295]
%% goal height=543.0, max depth=4.0
% t=10.0 g=543.0 b=10000 p=0 c=100000#
% t=23.0 g=543.0 b=10000 p=0 c=100000#
% t=36.0 g=543.0 b=10000 p=0 c=100000#
% t=49.0 g=543.0 b=10000 p=50 c=100000#
% t=85.0 plus 3.0 minus 2.0 g=543.0 b=10000 p=0 c=100000#
% t=108.0 plus 6.0 minus 4.0 g=543.0 b=10000 p=200 c=100000#
% t=146.08275 plus 9.0 minus 6.0 g=543.0 b=10000 p=0 c=100000#
% t=167.0 plus 12.0 minus 8.0 g=543.0 b=10000 p=150 c=100000#
% t=180.0 plus 12.0 minus 8.0 g=543.0 b=10000 p=150 c=100000#
% t=193.0 plus 12.0 minus 8.0 g=543.0 b=10000 p=0 c=100000#
% t=206.0 plus 13.0 minus 8.0 g=543.0 b=10000 p=250 c=100000#
% t=219.0 plus 13.0 minus 8.0 g=543.0 b=10000 p=50 c=100000#
% t=274.6715 plus 16.0 minus 10.0 g=543.0 b=10000 p=0 c=100000#
% t=293.1715 plus 19.0 minus 12.0 g=543.0 b=10000 p=150 c=100000#
% t=306.1715 plus 19.0 minus 12.0 g=543.0 b=10000 p=50 c=100000#
% t=342.1715 plus 22.0 minus 14.0 g=543.0 b=10000 p=0 c=100000#
% t=357.1715 plus 22.0 minus 14.0 g=543.0 b=10000 p=0 c=100000#
% t=372.1715 plus 22.0 minus 14.0 g=543.0 b=10000 p=0 c=100000#
% t=387.1715 plus 22.0 minus 14.0 g=543.0 b=10000 p=0 c=100000#
% t=402.1715 plus 22.0 minus 14.0 g=543.0 b=10000 p=0 c=100000#
% t=425.1715 plus 25.0 minus 16.0 g=543.0 b=10000 p=300 c=100000#
% t=461.1715 plus 28.0 minus 18.0 g=543.0 b=2486 p=0 c=2486#
% t=476.1715 plus 28.0 minus 18.0 g=543.0 b=1354 p=0 c=1354#
% t=499.1715 plus 31.0 minus 20.0 g=543.0 b=281 p=300 c=581#
% t=512.1715 plus 31.0 minus 20.0 g=543.0 b=98 p=0 c=98#
% t=525.1715 plus 32.0 minus 20.0 g=543.0 b=17 p=150 c=167
% t=538.1715 plus 32.0 minus 20.0 g=543.0 b=0 p=0 c=0#
% t=551.1715 plus 32.0 minus 20.0 g=543.0 b=7 p=0 c=7
% t=564.1715 plus 32.0 minus 20.0 g=543.0 b=* p=0 c=*

[296]
%% goal height=543.0, max depth=4.0
% t=10.0 g=543.0 b=10000 p=0 c=100000#
% t=23.0 g=543.0 b=10000 p=0 c=100000#
% t=36.0 g=543.0 b=10000 p=0 c=100000#
% t=49.0 g=543.0 b=10000 p=0 c=100000#
% t=62.0 g=543.0 b=10000 p=0 c=100000#
% t=75.0 g=543.0 b=10000 p=150 c=100000#
% t=88.0 g=543.0 b=10000 p=0 c=100000#
% t=104.0 plus 2.0 minus 1.0 g=543.0 b=10000 p=150 c=100000#
% t=117.0 plus 2.0 minus 1.0 g=543.0 b=10000 p=0 c=100000#
% t=130.0 plus 2.0 minus 1.0 g=543.0 b=10000 p=0 c=100000#
% t=143.0 plus 2.0 minus 1.0 g=543.0 b=10000 p=0 c=100000#
% t=156.0 plus 2.0 minus 1.0 g=543.0 b=10000 p=150 c=100000#
% t=169.0 plus 2.0 minus 1.0 g=543.0 b=10000 p=0 c=100000#
% t=182.0 plus 3.0 minus 1.0 g=543.0 b=10000 p=150 c=100000#
% t=195.0 plus 3.0 minus 1.0 g=543.0 b=10000 p=50 c=100000#
% t=244.96594 plus 6.0 minus 3.0 g=543.0 b=10000 p=0 c=100000#
% t=263.46068 plus 9.0 minus 5.0 g=543.0 b=10000 p=300 c=100000#
% t=276.46068 plus 9.0 minus 5.0 g=543.0 b=10000 p=0 c=100000#
% t=289.46068 plus 10.0 minus 5.0 g=543.0 b=10000 p=150 c=100000#
% t=302.46068 plus 10.0 minus 5.0 g=543.0 b=10000 p=0 c=100000#
% t=315.46068 plus 10.0 minus 5.0 g=543.0 b=10000 p=50 c=100000#
% t=351.46068 plus 13.0 minus 7.0 g=543.0 b=10000 p=0 c=100000#
% t=366.46068 plus 13.0 minus 7.0 g=543.0 b=10000 p=0 c=100000#
% t=381.46068 plus 13.0 minus 7.0 g=543.0 b=10000 p=0 c=100000#
% t=404.46068 plus 16.0 minus 9.0 g=543.0 b=10000 p=150 c=100000#
% t=417.46068 plus 16.0 minus 9.0 g=543.0 b=10000 p=0 c=100000#
% t=430.46068 plus 16.0 minus 9.0 g=543.0 b=10000 p=0 c=100000#
% t=443.46068 plus 16.0 minus 9.0 g=543.0 b=10000 p=50 c=100000#
% t=479.46068 plus 19.0 minus 11.0 g=543.0 b=3735 p=0 c=3735#
% t=535.00673 plus 25.0 minus 15.0 g=543.0 b=3 p=0 c=3#
% t=552.95117 plus 29.0 minus 17.0 g=543.0 b=20 p=150 c=170
% t=565.95117 plus 29.0 minus 17.0 g=543.0 b=* p=0 c=*
 [297

]
%% goal height=543.0, max depth=4.0
% t=10.0 g=543.0 b=10000 p=150 c=100000#
% t=23.0 g=543.0 b=10000 p=0 c=100000#
% t=36.0 g=543.0 b=10000 p=0 c=100000#
% t=49.0 g=543.0 b=10000 p=0 c=100000#
% t=62.0 g=543.0 b=10000 p=150 c=100000#
% t=75.0 g=543.0 b=10000 p=0 c=100000#
% t=88.0 plus 1.0 g=543.0 b=10000 p=150 c=100000#
% t=101.0 plus 1.0 g=543.0 b=10000 p=0 c=100000#
% t=114.0 plus 1.0 g=543.0 b=10000 p=50 c=100000#
% t=155.3705 plus 4.0 minus 2.0 g=543.0 b=10000 p=0 c=100000#
% t=177.86523 plus 7.0 minus 4.0 g=543.0 b=10000 p=200 c=100000#
% t=230.45476 plus 10.0 minus 6.0 g=543.0 b=10000 p=0 c=100000#
% t=264.92076 plus 10.0 minus 6.0 g=543.0 b=10000 p=0 c=100000#
% t=314.23886 plus 16.0 minus 10.0 g=543.0 b=10000 p=0 c=100000#
% t=336.1833 plus 19.0 minus 12.0 g=543.0 b=10000 p=200 c=100000#
% t=381.71844 plus 22.0 minus 14.0 g=543.0 b=10000 p=0 c=100000#
% t=433.16113 plus 28.0 minus 18.0 g=543.0 b=6032 p=0 c=6032#
% t=452.16113 plus 28.0 minus 18.0 g=543.0 b=3407 p=0 c=3407#
% t=472.66289 plus 31.0 minus 20.0 g=543.0 b=1163 p=150 c=1313#
% t=485.66289 plus 31.0 minus 20.0 g=543.0 b=631 p=150 c=781#
% t=498.66289 plus 31.0 minus 20.0 g=543.0 b=291 p=0 c=291#
% t=511.66289 plus 32.0 minus 20.0 g=543.0 b=93 p=150 c=243#
% t=524.66289 plus 32.0 minus 20.0 g=543.0 b=19 p=0 c=19#
% t=537.66289 plus 32.0 minus 20.0 g=543.0 b=0 p=150 c=150
% t=550.66289 plus 32.0 minus 20.0 g=543.0 b=6 p=0 c=6#
% t=563.66289 plus 33.0 minus 20.0 g=543.0 b=* p=200 c=*
 [298]
%% goal height=543.0, max depth=4.0
% t=10.0 g=543.0 b=10000 p=200 c=100000#
% t=46.0 plus 3.0 minus 2.0 g=543.0 b=10000 p=0 c=100000#
% t=69.0 plus 6.0 minus 4.0 g=543.0 b=10000 p=200 c=100000#
% t=115.33665 plus 9.0 minus 6.0 g=543.0 b=10000 p=0 c=100000#
% t=163.85327 plus 15.0 minus 10.0 g=543.0 b=10000 p=0 c=100000#
% t=182.79771 plus 18.0 minus 12.0 g=543.0 b=10000 p=0 c=100000#
% t=195.79771 plus 19.0 minus 12.0 g=543.0 b=10000 p=250 c=100000#
% t=208.79771 plus 19.0 minus 12.0 g=543.0 b=10000 p=0 c=100000#
% t=221.79771 plus 19.0 minus 12.0 g=543.0 b=10000 p=0 c=100000#
% t=234.79771 plus 19.0 minus 12.0 g=543.0 b=10000 p=0 c=100000#
% t=247.79771 plus 19.0 minus 12.0 g=543.0 b=10000 p=0 c=100000#
% t=260.79771 plus 19.0 minus 12.0 g=543.0 b=10000 p=0 c=100000#
% t=273.79771 plus 19.0 minus 12.0 g=543.0 b=10000 p=50 c=100000#
% t=311.74216 plus 22.0 minus 14.0 g=543.0 b=10000 p=0 c=100000#
% t=332.79771 plus 25.0 minus 16.0 g=543.0 b=10000 p=0 c=100000#
% t=345.79771 plus 26.0 minus 16.0 g=543.0 b=10000 p=150 c=100000#
% t=358.79771 plus 26.0 minus 16.0 g=543.0 b=10000 p=50 c=100000#
% t=394.79771 plus 29.0 minus 18.0 g=543.0 b=10000 p=0 c=100000#
% t=417.79771 plus 32.0 minus 20.0 g=543.0 b=5985 p=200 c=6185#
% t=468.29794 plus 35.0 minus 22.0 g=543.0 b=968 p=0 c=968#
% t=486.79268 plus 38.0 minus 24.0 g=543.0 b=323 p=200 c=523#
% t=567.77171 plus 44.0 minus 28.0 g=543.0 b=69 p=0 c=69#
% t=580.77171 plus 45.0 minus 28.0 g=543.0 b=* p=150 c=*
 [299


]
%% goal height=543.0, max depth=4.0
% t=10.0 g=543.0 b=10000 p=150 c=100000#
% t=23.0 g=543.0 b=10000 p=0 c=100000#
% t=36.0 g=543.0 b=10000 p=0 c=100000#
% t=49.0 g=543.0 b=10000 p=0 c=100000#
% t=62.0 g=543.0 b=10000 p=0 c=100000#
% t=75.0 g=543.0 b=10000 p=0 c=100000#
% t=88.0 g=543.0 b=10000 p=0 c=100000#
% t=101.0 g=543.0 b=10000 p=150 c=100000#
% t=114.0 g=543.0 b=10000 p=0 c=100000#
% t=127.0 plus 1.0 g=543.0 b=10000 p=150 c=100000#
% t=140.0 plus 1.0 g=543.0 b=10000 p=100 c=100000#
% t=153.0 plus 1.0 g=543.0 b=10000 p=0 c=100000#
% t=166.0 plus 1.0 g=543.0 b=10000 p=100 c=100000#
% t=179.0 plus 1.0 g=543.0 b=10000 p=0 c=100000#
% t=192.0 plus 1.0 g=543.0 b=10000 p=0 c=100000#
% t=205.0 plus 1.0 g=543.0 b=10000 p=0 c=100000#
% t=218.0 plus 1.0 g=543.0 b=10000 p=0 c=100000#
% t=231.0 plus 1.0 g=543.0 b=10000 p=150 c=100000#
% t=244.0 plus 1.0 g=543.0 b=10000 p=0 c=100000#
% t=257.0 plus 2.0 g=543.0 b=10000 p=150 c=100000#
% t=270.0 plus 2.0 g=543.0 b=10000 p=0 c=100000#
% t=283.0 plus 2.0 g=543.0 b=10000 p=50 c=100000#
% t=334.03763 plus 5.0 minus 2.0 g=543.0 b=10000 p=0 c=100000#
% t=392.92674 plus 11.0 minus 6.0 g=543.0 b=10000 p=0 c=100000#
% t=413.23372 plus 14.0 minus 8.0 g=543.0 b=10000 p=300 c=100000#
% t=426.23372 plus 14.0 minus 8.0 g=543.0 b=10000 p=0 c=100000#
% t=471.93579 plus 18.0 minus 10.0 g=543.0 b=6141 p=0 c=6141#
% t=494.43053 plus 21.0 minus 12.0 g=543.0 b=1231 p=150 c=1381#
% t=507.43053 plus 21.0 minus 12.0 g=543.0 b=485 p=50 c=535#
% t=545.51328 plus 24.0 minus 14.0 g=543.0 b=1 p=0 c=1#
% t=566.43053 plus 27.0 minus 16.0 g=543.0 b=* p=150 c=*
 [300]
%% goal height=543.0, max depth=4.0
% t=10.0 g=543.0 b=10000 p=150 c=100000#
% t=23.0 g=543.0 b=10000 p=150 c=100000#
% t=36.0 g=543.0 b=10000 p=0 c=100000#
% t=49.0 plus 1.0 g=543.0 b=10000 p=150 c=100000#
% t=62.0 plus 1.0 g=543.0 b=10000 p=0 c=100000#
% t=75.0 plus 1.0 g=543.0 b=10000 p=150 c=100000#
% t=88.0 plus 1.0 g=543.0 b=10000 p=0 c=100000#
% t=101.0 plus 2.0 g=543.0 b=10000 p=150 c=100000#
% t=114.0 plus 2.0 g=543.0 b=10000 p=0 c=100000#
% t=127.0 plus 2.0 g=543.0 b=10000 p=0 c=100000#
% t=140.0 plus 2.0 g=543.0 b=10000 p=0 c=100000#
% t=153.0 plus 2.0 g=543.0 b=10000 p=0 c=100000#
% t=166.0 plus 2.0 g=543.0 b=10000 p=0 c=100000#
% t=179.0 plus 2.0 g=543.0 b=10000 p=0 c=100000#
% t=192.0 plus 2.0 g=543.0 b=10000 p=0 c=100000#
% t=205.0 plus 2.0 g=543.0 b=10000 p=150 c=100000#
% t=218.0 plus 2.0 g=543.0 b=10000 p=0 c=100000#
% t=231.0 plus 3.0 g=543.0 b=10000 p=150 c=100000#
% t=244.0 plus 3.0 g=543.0 b=10000 p=0 c=100000#
% t=257.0 plus 3.0 g=543.0 b=10000 p=0 c=100000#
% t=270.0 plus 3.0 g=543.0 b=10000 p=0 c=100000#
% t=283.0 plus 3.0 g=543.0 b=10000 p=0 c=100000#
% t=296.0 plus 3.0 g=543.0 b=10000 p=150 c=100000#
% t=311.5 plus 3.0 g=543.0 b=10000 p=-200 c=100000#
% t=361.0 plus 5.0 g=543.0 b=10000 p=150 c=100000#
% t=374.0 plus 5.0 g=543.0 b=10000 p=0 c=100000#
% t=387.0 plus 5.0 g=543.0 b=10000 p=0 c=100000#
% t=400.0 plus 5.0 g=543.0 b=10000 p=50 c=100000#
% t=535.27081 plus 8.0 minus 2.0 g=543.0 b=89 p=0 c=89#
% t=553.76555 plus 12.0 minus 4.0 g=543.0 b=* p=200 c=*
 [301


]
%% goal height=543.0, max depth=4.0
% t=10.0 g=543.0 b=10000 p=200 c=100000#
% t=46.0 plus 3.0 minus 2.0 g=543.0 b=10000 p=0 c=100000#
% t=61.0 plus 3.0 minus 2.0 g=543.0 b=10000 p=0 c=100000#
% t=78.49825 plus 3.0 minus 2.0 g=543.0 b=10000 p=0 c=100000#
% t=122.0 plus 9.0 minus 6.0 g=543.0 b=10000 p=0 c=100000#
% t=137.0 plus 9.0 minus 6.0 g=543.0 b=10000 p=0 c=100000#
% t=152.0 plus 9.0 minus 6.0 g=543.0 b=10000 p=0 c=100000#
% t=200.49825 plus 15.0 minus 10.0 g=543.0 b=10000 p=0 c=100000#
% t=221.0 plus 19.0 minus 12.0 g=543.0 b=10000 p=150 c=100000#
% t=234.0 plus 19.0 minus 12.0 g=543.0 b=10000 p=0 c=100000#
% t=247.0 plus 19.0 minus 12.0 g=543.0 b=10000 p=0 c=100000#
% t=260.0 plus 19.0 minus 12.0 g=543.0 b=10000 p=150 c=100000#
% t=273.0 plus 19.0 minus 12.0 g=543.0 b=10000 p=0 c=100000#
% t=286.0 plus 20.0 minus 12.0 g=543.0 b=10000 p=150 c=100000#
% t=299.0 plus 20.0 minus 12.0 g=543.0 b=10000 p=0 c=100000#
% t=312.0 plus 20.0 minus 12.0 g=543.0 b=10000 p=0 c=100000#
% t=325.0 plus 20.0 minus 12.0 g=543.0 b=10000 p=0 c=100000#
% t=338.0 plus 20.0 minus 12.0 g=543.0 b=10000 p=50 c=100000#
% t=374.0 plus 23.0 minus 14.0 g=543.0 b=10000 p=0 c=100000#
% t=397.0 plus 26.0 minus 16.0 g=543.0 b=10000 p=150 c=100000#
% t=410.0 plus 26.0 minus 16.0 g=543.0 b=10000 p=150 c=100000#
% t=423.0 plus 26.0 minus 16.0 g=543.0 b=10000 p=0 c=100000#
% t=436.0 plus 27.0 minus 16.0 g=543.0 b=6220 p=150 c=6370#
% t=449.0 plus 27.0 minus 16.0 g=543.0 b=4217 p=50 c=4267#
% t=504.6715 plus 30.0 minus 18.0 g=543.0 b=208 p=0 c=208#
% t=522.61594 plus 33.0 minus 20.0 g=543.0 b=23 p=200 c=223
% t=578.28743 plus 36.0 minus 22.0 g=543.0 b=* p=0 c=*
 [302

]
%% goal height=543.0, max depth=4.0
% t=10.0 g=543.0 b=10000 p=200 c=100000#
% t=65.6715 plus 3.0 minus 2.0 g=543.0 b=10000 p=0 c=100000#
% t=84.1715 plus 6.0 minus 4.0 g=543.0 b=10000 p=300 c=100000#
% t=97.1715 plus 6.0 minus 4.0 g=543.0 b=10000 p=0 c=100000#
% t=110.1715 plus 7.0 minus 4.0 g=543.0 b=10000 p=200 c=100000#
% t=148.66974 plus 10.0 minus 6.0 g=543.0 b=10000 p=0 c=100000#
% t=169.1715 plus 13.0 minus 8.0 g=543.0 b=10000 p=300 c=100000#
% t=207.66974 plus 16.0 minus 10.0 g=543.0 b=10000 p=0 c=100000#
% t=251.1715 plus 22.0 minus 14.0 g=543.0 b=10000 p=0 c=100000#
% t=266.1715 plus 22.0 minus 14.0 g=543.0 b=10000 p=0 c=100000#
% t=283.66974 plus 22.0 minus 14.0 g=543.0 b=10000 p=0 c=100000#
% t=304.1715 plus 25.0 minus 16.0 g=543.0 b=10000 p=150 c=100000#
% t=317.1715 plus 25.0 minus 16.0 g=543.0 b=10000 p=0 c=100000#
% t=330.1715 plus 25.0 minus 16.0 g=543.0 b=10000 p=0 c=100000#
% t=343.1715 plus 25.0 minus 16.0 g=543.0 b=10000 p=150 c=100000#
% t=356.1715 plus 25.0 minus 16.0 g=543.0 b=10000 p=0 c=100000#
% t=369.1715 plus 26.0 minus 16.0 g=543.0 b=10000 p=200 c=100000#
% t=405.1715 plus 29.0 minus 18.0 g=543.0 b=10000 p=0 c=100000#
% t=420.1715 plus 29.0 minus 18.0 g=543.0 b=7576 p=0 c=7576#
% t=437.66974 plus 29.0 minus 18.0 g=543.0 b=4779 p=0 c=4779#
% t=458.1715 plus 32.0 minus 20.0 g=543.0 b=1859 p=200 c=2059#
% t=494.1715 plus 35.0 minus 22.0 g=543.0 b=271 p=0 c=271#
% t=517.1715 plus 39.0 minus 24.0 g=543.0 b=29 p=250 c=279
% t=530.1715 plus 39.0 minus 24.0 g=543.0 b=3 p=50 c=53#
% t=566.1715 plus 42.0 minus 26.0 g=543.0 b=70 p=0 c=70
% t=581.1715 plus 42.0 minus 26.0 g=543.0 b=* p=0 c=*
 [303]
%% goal height=543.0, max depth=4.0
% t=33.0 plus 3.0 minus 2.0 g=543.0 b=10000 p=0 c=100000#
% t=48.0 plus 3.0 minus 2.0 g=543.0 b=10000 p=0 c=100000#
% t=63.0 plus 3.0 minus 2.0 g=543.0 b=10000 p=0 c=100000#
% t=78.0 plus 3.0 minus 2.0 g=543.0 b=10000 p=0 c=100000#
% t=93.0 plus 3.0 minus 2.0 g=543.0 b=10000 p=0 c=100000#
% t=139.0 plus 9.0 minus 6.0 g=543.0 b=10000 p=0 c=100000#
% t=154.0 plus 9.0 minus 6.0 g=543.0 b=10000 p=0 c=100000#
% t=169.0 plus 9.0 minus 6.0 g=543.0 b=10000 p=0 c=100000#
% t=184.0 plus 9.0 minus 6.0 g=543.0 b=10000 p=0 c=100000#
% t=199.0 plus 9.0 minus 6.0 g=543.0 b=10000 p=0 c=100000#
% t=222.0 plus 12.0 minus 8.0 g=543.0 b=10000 p=150 c=100000#
% t=235.0 plus 12.0 minus 8.0 g=543.0 b=10000 p=100 c=100000#
% t=248.0 plus 12.0 minus 8.0 g=543.0 b=10000 p=0 c=100000#
% t=261.0 plus 12.0 minus 8.0 g=543.0 b=10000 p=0 c=100000#
% t=274.0 plus 12.0 minus 8.0 g=543.0 b=10000 p=0 c=100000#
% t=287.0 plus 12.0 minus 8.0 g=543.0 b=10000 p=0 c=100000#
% t=300.0 plus 12.0 minus 8.0 g=543.0 b=10000 p=150 c=100000#
% t=313.0 plus 12.0 minus 8.0 g=543.0 b=10000 p=0 c=100000#
% t=326.0 plus 13.0 minus 8.0 g=543.0 b=10000 p=200 c=100000#
% t=405.0374 plus 16.0 minus 10.0 g=543.0 b=10000 p=0 c=100000#
% t=422.98184 plus 19.0 minus 12.0 g=543.0 b=10000 p=200 c=100000#
% t=468.54385 plus 22.0 minus 14.0 g=543.0 b=3872 p=0 c=3872#
% t=513.4883 plus 28.0 minus 18.0 g=543.0 b=117 p=0 c=117#
% t=530.98654 plus 28.0 minus 18.0 g=543.0 b=8 p=0 c=8#
% t=551.4883 plus 31.0 minus 20.0 g=543.0 b=8 p=0 c=8#
% t=564.4883 plus 32.0 minus 20.0 g=543.0 b=* p=150 c=*
 [304]
%% goal height=543.0, max depth=4.0
% t=10.0 g=543.0 b=10000 p=150 c=100000#
% t=23.0 g=543.0 b=10000 p=50 c=100000#
% t=59.0 plus 3.0 minus 2.0 g=543.0 b=10000 p=0 c=100000#
% t=82.0 plus 6.0 minus 4.0 g=543.0 b=10000 p=150 c=100000#
% t=95.0 plus 6.0 minus 4.0 g=543.0 b=10000 p=50 c=100000#
% t=146.49298 plus 9.0 minus 6.0 g=543.0 b=10000 p=0 c=100000#
% t=198.49321 plus 15.0 minus 10.0 g=543.0 b=10000 p=0 c=100000#
% t=220.99321 plus 18.0 minus 12.0 g=543.0 b=10000 p=200 c=100000#
% t=271.11078 plus 21.0 minus 14.0 g=543.0 b=10000 p=0 c=100000#
% t=289.61078 plus 24.0 minus 16.0 g=543.0 b=10000 p=150 c=100000#
% t=302.61078 plus 24.0 minus 16.0 g=543.0 b=10000 p=50 c=100000#
% t=348.17279 plus 27.0 minus 18.0 g=543.0 b=10000 p=0 c=100000#
% t=370.67279 plus 30.0 minus 20.0 g=543.0 b=10000 p=150 c=100000#
% t=383.67279 plus 30.0 minus 20.0 g=543.0 b=10000 p=150 c=100000#
% t=396.67279 plus 30.0 minus 20.0 g=543.0 b=10000 p=0 c=100000#
% t=409.67279 plus 31.0 minus 20.0 g=543.0 b=7944 p=250 c=8194#
% t=422.67279 plus 31.0 minus 20.0 g=543.0 b=5832 p=50 c=5882#
% t=527.51358 plus 34.0 minus 22.0 g=543.0 b=9 p=0 c=9#
% t=545.45802 plus 37.0 minus 24.0 g=543.0 b=0 p=300 c=300
% t=631.75435 plus 40.0 minus 26.0 g=543.0 b=* p=0 c=*
 [305]
%% goal height=543.0, max depth=4.0
% t=10.0 g=543.0 b=10000 p=300 c=100000#
% t=96.29633 plus 3.0 minus 2.0 g=543.0 b=10000 p=0 c=100000#
% t=118.24077 plus 7.0 minus 4.0 g=543.0 b=10000 p=150 c=100000#
% t=131.24077 plus 7.0 minus 4.0 g=543.0 b=10000 p=0 c=100000#
% t=144.24077 plus 7.0 minus 4.0 g=543.0 b=10000 p=50 c=100000#
% t=272.50754 plus 10.0 minus 6.0 g=543.0 b=10000 p=0 c=100000#
% t=290.45198 plus 13.0 minus 8.0 g=543.0 b=10000 p=200 c=100000#
% t=338.43729 plus 16.0 minus 10.0 g=543.0 b=10000 p=0 c=100000#
% t=356.93202 plus 19.0 minus 12.0 g=543.0 b=10000 p=150 c=100000#
% t=369.93202 plus 19.0 minus 12.0 g=543.0 b=10000 p=150 c=100000#
% t=382.93202 plus 19.0 minus 12.0 g=543.0 b=10000 p=0 c=100000#
% t=395.93202 plus 20.0 minus 12.0 g=543.0 b=10000 p=150 c=100000#
% t=408.93202 plus 20.0 minus 12.0 g=543.0 b=10000 p=0 c=100000#
% t=421.93202 plus 20.0 minus 12.0 g=543.0 b=10000 p=0 c=100000#
% t=434.93202 plus 20.0 minus 12.0 g=543.0 b=10000 p=50 c=100000#
% t=486.33202 plus 23.0 minus 14.0 g=543.0 b=1490 p=0 c=1490#
% t=509.33202 plus 26.0 minus 16.0 g=543.0 b=216 p=150 c=366#
% t=522.33202 plus 26.0 minus 16.0 g=543.0 b=50 p=0 c=50#
% t=535.33202 plus 26.0 minus 16.0 g=543.0 b=3 p=0 c=3#
% t=548.33202 plus 26.0 minus 16.0 g=543.0 b=4 p=150 c=154
% t=561.33202 plus 26.0 minus 16.0 g=543.0 b=* p=-50 c=*
 [306

]
%% goal height=543.0, max depth=4.0
% t=10.0 g=543.0 b=10000 p=150 c=100000#
% t=23.0 g=543.0 b=10000 p=-50 c=100000#
% t=39.0 plus 2.0 minus 1.0 g=543.0 b=10000 p=150 c=100000#
% t=52.0 plus 2.0 minus 1.0 g=543.0 b=10000 p=0 c=100000#
% t=65.0 plus 2.0 minus 1.0 g=543.0 b=10000 p=50 c=100000#
% t=110.96594 plus 5.0 minus 3.0 g=543.0 b=10000 p=0 c=100000#
% t=132.91039 plus 8.0 minus 5.0 g=543.0 b=10000 p=150 c=100000#
% t=145.91039 plus 8.0 minus 5.0 g=543.0 b=10000 p=100 c=100000#
% t=158.91039 plus 8.0 minus 5.0 g=543.0 b=10000 p=50 c=100000#
% t=264.5758 plus 11.0 minus 7.0 g=543.0 b=10000 p=0 c=100000#
% t=283.0758 plus 15.0 minus 9.0 g=543.0 b=10000 p=150 c=100000#
% t=296.0758 plus 15.0 minus 9.0 g=543.0 b=10000 p=0 c=100000#
% t=309.0758 plus 15.0 minus 9.0 g=543.0 b=10000 p=0 c=100000#
% t=322.0758 plus 15.0 minus 9.0 g=543.0 b=10000 p=50 c=100000#
% t=358.0758 plus 18.0 minus 11.0 g=543.0 b=10000 p=0 c=100000#
% t=404.0758 plus 24.0 minus 15.0 g=543.0 b=10000 p=0 c=100000#
% t=430.56367 plus 24.0 minus 15.0 g=543.0 b=10000 p=0 c=100000#
% t=454.03633 plus 27.0 minus 17.0 g=543.0 b=3568 p=200 c=3768#
% t=493.53639 plus 30.0 minus 19.0 g=543.0 b=446 p=0 c=446#
% t=513.03633 plus 33.0 minus 21.0 g=543.0 b=74 p=150 c=224#
% t=526.03633 plus 33.0 minus 21.0 g=543.0 b=13 p=0 c=13#
% t=539.03633 plus 33.0 minus 21.0 g=543.0 b=0 p=0 c=0#
% t=552.03633 plus 33.0 minus 21.0 g=543.0 b=8 p=50 c=58
% t=588.03633 plus 36.0 minus 23.0 g=543.0 b=* p=0 c=*
 [307

]
%% goal height=543.0, max depth=4.0
% t=10.0 g=543.0 b=10000 p=50 c=100000#
% t=46.0 plus 3.0 minus 2.0 g=543.0 b=10000 p=0 c=100000#
% t=69.0 plus 6.0 minus 4.0 g=543.0 b=10000 p=150 c=100000#
% t=82.0 plus 6.0 minus 4.0 g=543.0 b=10000 p=50 c=100000#
% t=118.0 plus 9.0 minus 6.0 g=543.0 b=10000 p=0 c=100000#
% t=141.0 plus 12.0 minus 8.0 g=543.0 b=10000 p=150 c=100000#
% t=154.0 plus 12.0 minus 8.0 g=543.0 b=10000 p=0 c=100000#
% t=167.0 plus 12.0 minus 8.0 g=543.0 b=10000 p=50 c=100000#
% t=217.966 plus 15.0 minus 10.0 g=543.0 b=10000 p=0 c=100000#
% t=236.466 plus 19.0 minus 12.0 g=543.0 b=10000 p=200 c=100000#
% t=334.23401 plus 22.0 minus 14.0 g=543.0 b=10000 p=0 c=100000#
% t=352.73401 plus 25.0 minus 16.0 g=543.0 b=10000 p=150 c=100000#
% t=365.73401 plus 25.0 minus 16.0 g=543.0 b=10000 p=0 c=100000#
% t=378.73401 plus 25.0 minus 16.0 g=543.0 b=10000 p=50 c=100000#
% t=425.27394 plus 28.0 minus 18.0 g=543.0 b=7415 p=0 c=7415#
% t=447.77394 plus 31.0 minus 20.0 g=543.0 b=2894 p=150 c=3044#
% t=460.77394 plus 31.0 minus 20.0 g=543.0 b=1859 p=0 c=1859#
% t=473.77394 plus 31.0 minus 20.0 g=543.0 b=1112 p=50 c=1162#
% t=509.77394 plus 34.0 minus 22.0 g=543.0 b=93 p=0 c=93#
% t=532.77394 plus 37.0 minus 24.0 g=543.0 b=2 p=200 c=202
% t=568.77394 plus 40.0 minus 26.0 g=543.0 b=97 p=0 c=97
% t=591.77394 plus 43.0 minus 28.0 g=543.0 b=* p=200 c=*

[308]
%% goal height=543.0, max depth=4.0
% t=10.0 g=543.0 b=10000 p=200 c=100000#
% t=46.0 plus 3.0 minus 2.0 g=543.0 b=10000 p=0 c=100000#
% t=69.0 plus 6.0 minus 4.0 g=543.0 b=10000 p=200 c=100000#
% t=122.29868 plus 9.0 minus 6.0 g=543.0 b=10000 p=0 c=100000#
% t=185.13664 plus 15.0 minus 10.0 g=543.0 b=10000 p=0 c=100000#
% t=249.32932 plus 21.0 minus 14.0 g=543.0 b=10000 p=0 c=100000#
% t=274.32932 plus 24.0 minus 16.0 g=543.0 b=10000 p=-200 c=100000#
% t=342.82932 plus 31.0 minus 20.0 g=543.0 b=10000 p=150 c=100000#
% t=355.82932 plus 31.0 minus 20.0 g=543.0 b=10000 p=150 c=100000#
% t=368.82932 plus 31.0 minus 20.0 g=543.0 b=10000 p=-100 c=100000#
% t=386.82932 plus 34.0 minus 22.0 g=543.0 b=10000 p=300 c=100000#
% t=399.82932 plus 34.0 minus 22.0 g=543.0 b=7451 p=-100 c=7351#
% t=417.82932 plus 37.0 minus 24.0 g=543.0 b=3861 p=150 c=4011#
% t=430.82932 plus 37.0 minus 24.0 g=543.0 b=2781 p=0 c=2781#
% t=443.82932 plus 37.0 minus 24.0 g=543.0 b=1924 p=0 c=1924#
% t=456.82932 plus 37.0 minus 24.0 g=543.0 b=1259 p=0 c=1259#
% t=469.82932 plus 37.0 minus 24.0 g=543.0 b=772 p=150 c=922#
% t=482.82932 plus 37.0 minus 24.0 g=543.0 b=427 p=-100 c=327#
% t=500.82932 plus 40.0 minus 26.0 g=543.0 b=117 p=-100 c=17#
% t=518.82932 plus 43.0 minus 28.0 g=543.0 b=17 p=300 c=317
% t=531.82932 plus 43.0 minus 28.0 g=543.0 b=2 p=-100 c=-98#
% t=549.82932 plus 46.0 minus 30.0 g=543.0 b=1 p=150 c=151
% t=562.82932 plus 46.0 minus 30.0 g=543.0 b=29 p=0 c=29
% t=575.82932 plus 46.0 minus 30.0 g=543.0 b=* p=0 c=*
 [309]
%% goal height=543.0, max depth=4.0
% t=10.0 g=543.0 b=10000 p=150 c=100000#
% t=23.0 g=543.0 b=10000 p=0 c=100000#
% t=36.0 g=543.0 b=10000 p=0 c=100000#
% t=49.0 g=543.0 b=10000 p=0 c=100000#
% t=62.0 g=543.0 b=10000 p=150 c=100000#
% t=75.0 g=543.0 b=10000 p=-100 c=100000#
% t=93.0 plus 3.0 minus 2.0 g=543.0 b=10000 p=300 c=100000#
% t=106.0 plus 3.0 minus 2.0 g=543.0 b=10000 p=-100 c=100000#
% t=124.0 plus 6.0 minus 4.0 g=543.0 b=10000 p=400 c=100000#
% t=137.0 plus 6.0 minus 4.0 g=543.0 b=10000 p=-100 c=100000#
% t=155.0 plus 9.0 minus 6.0 g=543.0 b=10000 p=-100 c=100000#
% t=173.0 plus 12.0 minus 8.0 g=543.0 b=10000 p=-100 c=100000#
% t=210.0 plus 18.0 minus 12.0 g=543.0 b=10000 p=300 c=100000#
% t=223.0 plus 18.0 minus 12.0 g=543.0 b=10000 p=-100 c=100000#
% t=278.01056 plus 24.0 minus 16.0 g=543.0 b=10000 p=0 c=100000#
% t=301.79161 plus 28.0 minus 18.0 g=543.0 b=10000 p=200 c=100000#
% t=337.79161 plus 31.0 minus 20.0 g=543.0 b=10000 p=0 c=100000#
% t=360.79161 plus 34.0 minus 22.0 g=543.0 b=10000 p=150 c=100000#
% t=373.79161 plus 34.0 minus 22.0 g=543.0 b=10000 p=50 c=100000#
% t=427.24661 plus 37.0 minus 24.0 g=543.0 b=3058 p=0 c=3058#
% t=461.75717 plus 37.0 minus 24.0 g=543.0 b=1057 p=0 c=1057#
% t=484.25717 plus 40.0 minus 26.0 g=543.0 b=316 p=400 c=716#
% t=497.25717 plus 40.0 minus 26.0 g=543.0 b=149 p=-100 c=49#
% t=515.25717 plus 43.0 minus 28.0 g=543.0 b=27 p=-100 c=-73#
% t=533.25717 plus 46.0 minus 30.0 g=543.0 b=1 p=-100 c=-99#
% t=574.25717 plus 52.0 minus 34.0 g=543.0 b=78 p=0 c=78
% t=589.25717 plus 52.0 minus 34.0 g=543.0 b=* p=0 c=*
 [310

]
%% goal height=543.0, max depth=4.0
% t=33.0 plus 3.0 minus 2.0 g=543.0 b=10000 p=0 c=100000#
% t=48.0 plus 3.0 minus 2.0 g=543.0 b=10000 p=0 c=100000#
% t=71.0 plus 6.0 minus 4.0 g=543.0 b=10000 p=-100 c=100000#
% t=89.0 plus 9.0 minus 6.0 g=543.0 b=10000 p=300 c=100000#
% t=191.2033 plus 18.0 minus 12.0 g=543.0 b=10000 p=-100 c=100000#
% t=231.14774 plus 24.0 minus 16.0 g=543.0 b=10000 p=0 c=100000#
% t=296.81923 plus 31.0 minus 20.0 g=543.0 b=10000 p=0 c=100000#
% t=333.54628 plus 31.0 minus 20.0 g=543.0 b=10000 p=0 c=100000#
% t=358.99141 plus 35.0 minus 22.0 g=543.0 b=10000 p=-100 c=100000#
% t=376.99141 plus 38.0 minus 24.0 g=543.0 b=10000 p=250 c=100000#
% t=389.99141 plus 38.0 minus 24.0 g=543.0 b=6510 p=150 c=6660#
% t=402.99141 plus 38.0 minus 24.0 g=543.0 b=4995 p=-100 c=4895#
% t=456.45746 plus 44.0 minus 28.0 g=543.0 b=760 p=0 c=760#
% t=478.4019 plus 47.0 minus 30.0 g=543.0 b=259 p=150 c=409#
% t=491.4019 plus 47.0 minus 30.0 g=543.0 b=132 p=150 c=282#
% t=504.4019 plus 47.0 minus 30.0 g=543.0 b=55 p=-100 c=-45#
% t=522.4019 plus 50.0 minus 32.0 g=543.0 b=7 p=150 c=157
% t=535.4019 plus 50.0 minus 32.0 g=543.0 b=0 p=150 c=150
% t=548.4019 plus 50.0 minus 32.0 g=543.0 b=0 p=-100 c=-100#
% t=566.4019 plus 53.0 minus 34.0 g=543.0 b=32 p=300 c=332
% t=579.4019 plus 53.0 minus 34.0 g=543.0 b=* p=-100 c=*
 [311]
%% goal height=543.0, max depth=4.0
% t=10.0 g=543.0 b=10000 p=300 c=100000#
% t=23.0 g=543.0 b=10000 p=-100 c=100000#
% t=41.0 plus 3.0 minus 2.0 g=543.0 b=10000 p=150 c=100000#
% t=54.0 plus 3.0 minus 2.0 g=543.0 b=10000 p=0 c=100000#
% t=67.0 plus 3.0 minus 2.0 g=543.0 b=10000 p=150 c=100000#
% t=80.0 plus 3.0 minus 2.0 g=543.0 b=10000 p=-100 c=100000#
% t=98.0 plus 6.0 minus 4.0 g=543.0 b=10000 p=300 c=100000#
% t=111.0 plus 6.0 minus 4.0 g=543.0 b=10000 p=-100 c=100000#
% t=129.0 plus 9.0 minus 6.0 g=543.0 b=10000 p=-100 c=100000#
% t=147.0 plus 12.0 minus 8.0 g=543.0 b=10000 p=200 c=100000#
% t=199.9 plus 15.0 minus 10.0 g=543.0 b=10000 p=0 c=100000#
% t=222.9 plus 19.0 minus 12.0 g=543.0 b=10000 p=300 c=100000#
% t=258.9 plus 22.0 minus 14.0 g=543.0 b=10000 p=0 c=100000#
% t=281.9 plus 25.0 minus 16.0 g=543.0 b=10000 p=0 c=100000#
% t=294.9 plus 26.0 minus 16.0 g=543.0 b=10000 p=-100 c=100000#
% t=312.9 plus 29.0 minus 18.0 g=543.0 b=10000 p=-100 c=100000#
% t=330.9 plus 32.0 minus 20.0 g=543.0 b=10000 p=300 c=100000#
% t=343.9 plus 32.0 minus 20.0 g=543.0 b=10000 p=-100 c=100000#
% t=380.9 plus 38.0 minus 24.0 g=543.0 b=7740 p=200 c=7940#
% t=430.35501 plus 41.0 minus 26.0 g=543.0 b=2065 p=0 c=2065#
% t=455.82756 plus 44.0 minus 28.0 g=543.0 b=776 p=-100 c=676#
% t=511.23805 plus 50.0 minus 32.0 g=543.0 b=25 p=0 c=25#
% t=535.55026 plus 53.0 minus 34.0 g=543.0 b=0 p=150 c=150
% t=549.86247 plus 53.0 minus 34.0 g=543.0 b=1 p=150 c=151
% t=562.8313 plus 53.0 minus 34.0 g=543.0 b=20 p=-100 c=-80#
% t=580.8313 plus 56.0 minus 36.0 g=543.0 b=* p=300 c=*
 [312]
%% goal height=543.0, max depth=4.0
% t=10.0 g=543.0 b=10000 p=300 c=100000#
% t=23.0 g=543.0 b=10000 p=-100 c=100000#
% t=41.0 plus 3.0 minus 2.0 g=543.0 b=10000 p=300 c=100000#
% t=54.0 plus 3.0 minus 2.0 g=543.0 b=10000 p=-100 c=100000#
% t=72.0 plus 6.0 minus 4.0 g=543.0 b=10000 p=300 c=100000#
% t=85.0 plus 6.0 minus 4.0 g=543.0 b=10000 p=-100 c=100000#
% t=103.0 plus 9.0 minus 6.0 g=543.0 b=10000 p=150 c=100000#
% t=116.0 plus 9.0 minus 6.0 g=543.0 b=10000 p=0 c=100000#
% t=129.0 plus 9.0 minus 6.0 g=543.0 b=10000 p=150 c=100000#
% t=142.0 plus 9.0 minus 6.0 g=543.0 b=10000 p=-100 c=100000#
% t=160.0 plus 12.0 minus 8.0 g=543.0 b=10000 p=250 c=100000#
% t=173.0 plus 12.0 minus 8.0 g=543.0 b=10000 p=150 c=100000#
% t=186.0 plus 12.0 minus 8.0 g=543.0 b=10000 p=-100 c=100000#
% t=204.0 plus 15.0 minus 10.0 g=543.0 b=10000 p=-100 c=100000#
% t=222.0 plus 18.0 minus 12.0 g=543.0 b=10000 p=-100 c=100000#
% t=240.0 plus 21.0 minus 14.0 g=543.0 b=10000 p=150 c=100000#
% t=253.0 plus 21.0 minus 14.0 g=543.0 b=10000 p=150 c=100000#
% t=266.0 plus 21.0 minus 14.0 g=543.0 b=10000 p=-100 c=100000#
% t=319.27557 plus 27.0 minus 18.0 g=543.0 b=10000 p=0 c=100000#
% t=341.77557 plus 30.0 minus 20.0 g=543.0 b=10000 p=-100 c=100000#
% t=359.77557 plus 33.0 minus 22.0 g=543.0 b=10000 p=150 c=100000#
% t=372.77557 plus 33.0 minus 22.0 g=543.0 b=10000 p=150 c=100000#
% t=385.77557 plus 33.0 minus 22.0 g=543.0 b=10000 p=-100 c=100000#
% t=424.77557 plus 39.0 minus 26.0 g=543.0 b=2781 p=0 c=2781#
% t=437.77557 plus 39.0 minus 26.0 g=543.0 b=1960 p=0 c=1960#
% t=450.77557 plus 39.0 minus 26.0 g=543.0 b=1320 p=0 c=1320#
% t=463.77557 plus 39.0 minus 26.0 g=543.0 b=836 p=0 c=836#
% t=476.77557 plus 39.0 minus 26.0 g=543.0 b=488 p=0 c=488#
% t=489.77557 plus 39.0 minus 26.0 g=543.0 b=253 p=0 c=253#
% t=502.77557 plus 39.0 minus 26.0 g=543.0 b=109 p=0 c=109#
% t=519.66296 plus 39.0 minus 26.0 g=543.0 b=21 p=0 c=21#
% t=539.66296 plus 42.0 minus 28.0 g=543.0 b=0 p=-100 c=-100#
% t=557.66296 plus 45.0 minus 30.0 g=543.0 b=12 p=150 c=162
% t=570.66296 plus 45.0 minus 30.0 g=543.0 b=78 p=150 c=228
% t=583.66296 plus 45.0 minus 30.0 g=543.0 b=* p=-100 c=*
 [313

]
%% goal height=543.0, max depth=4.0
% t=10.0 g=543.0 b=10000 p=150 c=100000#
% t=23.0 g=543.0 b=10000 p=150 c=100000#
% t=36.0 g=543.0 b=10000 p=-100 c=100000#
% t=77.0 plus 6.0 minus 4.0 g=543.0 b=10000 p=0 c=100000#
% t=100.0 plus 10.0 minus 6.0 g=543.0 b=10000 p=-100 c=100000#
% t=152.51056 plus 16.0 minus 10.0 g=543.0 b=10000 p=0 c=100000#
% t=174.455 plus 19.0 minus 12.0 g=543.0 b=10000 p=300 c=100000#
% t=187.455 plus 19.0 minus 12.0 g=543.0 b=10000 p=-100 c=100000#
% t=205.455 plus 22.0 minus 14.0 g=543.0 b=10000 p=300 c=100000#
% t=241.455 plus 25.0 minus 16.0 g=543.0 b=10000 p=0 c=100000#
% t=256.455 plus 25.0 minus 16.0 g=543.0 b=10000 p=0 c=100000#
% t=279.455 plus 29.0 minus 18.0 g=543.0 b=10000 p=-100 c=100000#
% t=320.455 plus 35.0 minus 22.0 g=543.0 b=10000 p=0 c=100000#
% t=335.455 plus 35.0 minus 22.0 g=543.0 b=10000 p=0 c=100000#
% t=350.455 plus 35.0 minus 22.0 g=543.0 b=10000 p=0 c=100000#
% t=389.455 plus 41.0 minus 25.0 g=543.0 b=5245 p=-100 c=5145#
% t=426.455 plus 47.0 minus 29.0 g=543.0 b=1521 p=0 c=1521#
% t=442.455 plus 49.0 minus 30.0 g=543.0 b=862 p=0 c=862#
% t=458.455 plus 51.0 minus 31.0 g=543.0 b=454 p=0 c=454#
% t=475.22787 plus 53.0 minus 32.0 g=543.0 b=208 p=0 c=208#
% t=491.72792 plus 55.0 minus 33.0 g=543.0 b=80 p=-100 c=-20#
% t=509.72792 plus 58.0 minus 35.0 g=543.0 b=19 p=0 c=19
% t=522.72792 plus 59.0 minus 35.0 g=543.0 b=4 p=0 c=4
% t=535.72792 plus 60.0 minus 35.0 g=543.0 b=0 p=-100 c=-100#
% t=553.72792 plus 63.0 minus 37.0 g=543.0 b=2 p=300 c=302
% t=566.72792 plus 63.0 minus 37.0 g=543.0 b=26 p=-100 c=-74
% t=584.72792 plus 66.0 minus 39.0 g=543.0 b=* p=300 c=*
 [314]
%% goal height=543.0, max depth=4.0
% t=10.87158 g=543.0 b=10000 p=300 c=100000#
% t=23.87158 g=543.0 b=10000 p=-100 c=100000#
% t=41.87158 plus 3.0 minus 2.0 g=543.0 b=10000 p=300 c=100000#
% t=54.87158 plus 3.0 minus 2.0 g=543.0 b=10000 p=0 c=100000#
% t=67.87158 plus 4.0 minus 2.0 g=543.0 b=10000 p=300 c=100000#
% t=80.87158 plus 4.0 minus 2.0 g=543.0 b=10000 p=0 c=100000#
% t=133.66054 plus 8.0 minus 4.0 g=543.0 b=10000 p=0 c=100000#
% t=155.60498 plus 11.0 minus 6.0 g=543.0 b=10000 p=300 c=100000#
% t=168.60498 plus 11.0 minus 6.0 g=543.0 b=10000 p=0 c=100000#
% t=181.60498 plus 12.0 minus 6.0 g=543.0 b=10000 p=300 c=100000#
% t=194.60498 plus 12.0 minus 6.0 g=543.0 b=10000 p=-100 c=100000#
% t=250.57103 plus 18.0 minus 10.0 g=543.0 b=10000 p=0 c=100000#
% t=272.51547 plus 21.0 minus 12.0 g=543.0 b=10000 p=-100 c=100000#
% t=290.87662 plus 24.0 minus 14.0 g=543.0 b=10000 p=150 c=100000#
% t=303.51547 plus 24.0 minus 14.0 g=543.0 b=10000 p=150 c=100000#
% t=316.51547 plus 24.0 minus 14.0 g=543.0 b=10000 p=-100 c=100000#
% t=367.46014 plus 30.0 minus 18.0 g=543.0 b=10000 p=0 c=100000#
% t=391.74118 plus 33.0 minus 20.0 g=543.0 b=10000 p=200 c=100000#
% t=435.74141 plus 36.0 minus 22.0 g=543.0 b=2635 p=0 c=2635#
% t=457.68585 plus 39.0 minus 24.0 g=543.0 b=1043 p=-100 c=943#
% t=475.68585 plus 42.0 minus 26.0 g=543.0 b=411 p=300 c=711#
% t=488.68585 plus 42.0 minus 26.0 g=543.0 b=216 p=-100 c=116#
% t=506.68585 plus 45.0 minus 28.0 g=543.0 b=52 p=300 c=352
% t=519.68585 plus 45.0 minus 28.0 g=543.0 b=14 p=-100 c=-86#
% t=537.68585 plus 48.0 minus 30.0 g=543.0 b=0 p=300 c=300
% t=550.68585 plus 48.0 minus 30.0 g=543.0 b=2 p=-100 c=-98#
% t=607.35735 plus 54.0 minus 34.0 g=543.0 b=* p=0 c=*
 [315]
%% goal height=543.0, max depth=4.0
% t=48.6715 plus 3.0 minus 2.0 g=543.0 b=10000 p=0 c=100000#
% t=71.91591 plus 6.0 minus 4.0 g=543.0 b=10000 p=-100 c=100000#
% t=89.91591 plus 9.0 minus 6.0 g=543.0 b=10000 p=0 c=100000#
% t=102.91591 plus 10.0 minus 6.0 g=543.0 b=10000 p=300 c=100000#
% t=115.91591 plus 10.0 minus 6.0 g=543.0 b=10000 p=0 c=100000#
% t=128.91591 plus 11.0 minus 6.0 g=543.0 b=10000 p=0 c=100000#
% t=141.91591 plus 12.0 minus 6.0 g=543.0 b=10000 p=0 c=100000#
% t=154.91591 plus 13.0 minus 6.0 g=543.0 b=10000 p=-100 c=100000#
% t=191.91591 plus 19.0 minus 10.0 g=543.0 b=10000 p=400 c=100000#
% t=204.91591 plus 19.0 minus 10.0 g=543.0 b=10000 p=0 c=100000#
% t=217.91591 plus 20.0 minus 10.0 g=543.0 b=10000 p=0 c=100000#
% t=230.91591 plus 21.0 minus 10.0 g=543.0 b=10000 p=-100 c=100000#
% t=250.27196 plus 24.0 minus 12.0 g=543.0 b=10000 p=300 c=100000#
% t=261.91591 plus 24.0 minus 12.0 g=543.0 b=10000 p=-100 c=100000#
% t=317.85356 plus 30.0 minus 16.0 g=543.0 b=10000 p=0 c=100000#
% t=341.3536 plus 34.0 minus 18.0 g=543.0 b=10000 p=-100 c=100000#
% t=393.86417 plus 40.0 minus 22.0 g=543.0 b=5175 p=0 c=5175#
% t=417.36421 plus 44.0 minus 24.0 g=543.0 b=2326 p=-100 c=2226#
% t=435.36421 plus 47.0 minus 26.0 g=543.0 b=1199 p=-100 c=1099#
% t=453.36421 plus 50.0 minus 28.0 g=543.0 b=574 p=300 c=874#
% t=466.36421 plus 50.0 minus 28.0 g=543.0 b=359 p=-100 c=259#
% t=521.4407 plus 56.0 minus 32.0 g=543.0 b=6 p=0 c=6#
% t=543.38515 plus 59.0 minus 34.0 g=543.0 b=0 p=150 c=150
% t=556.38515 plus 59.0 minus 34.0 g=543.0 b=6 p=150 c=156
% t=569.38515 plus 59.0 minus 34.0 g=543.0 b=46 p=-100 c=-54#
% t=587.38515 plus 62.0 minus 36.0 g=543.0 b=* p=300 c=*
 [316

]
%% goal height=543.0, max depth=4.0
% t=10.0 g=543.0 b=10000 p=300 c=100000#
% t=23.0 g=543.0 b=10000 p=-100 c=100000#
% t=81.78139 plus 6.0 minus 4.0 g=543.0 b=10000 p=0 c=100000#
% t=103.72583 plus 9.0 minus 6.0 g=543.0 b=10000 p=300 c=100000#
% t=116.72583 plus 9.0 minus 6.0 g=543.0 b=10000 p=-100 c=100000#
% t=134.72583 plus 12.0 minus 8.0 g=543.0 b=10000 p=-100 c=100000#
% t=152.72583 plus 15.0 minus 10.0 g=543.0 b=10000 p=200 c=100000#
% t=257.58434 plus 18.0 minus 12.0 g=543.0 b=10000 p=0 c=100000#
% t=277.58434 plus 21.0 minus 14.0 g=543.0 b=10000 p=250 c=100000#
% t=290.58434 plus 21.0 minus 14.0 g=543.0 b=10000 p=150 c=100000#
% t=303.58434 plus 21.0 minus 14.0 g=543.0 b=10000 p=-100 c=100000#
% t=356.0949 plus 27.0 minus 18.0 g=543.0 b=10000 p=0 c=100000#
% t=378.03934 plus 30.0 minus 20.0 g=543.0 b=10000 p=-100 c=100000#
% t=396.03934 plus 33.0 minus 22.0 g=543.0 b=10000 p=150 c=100000#
% t=409.03934 plus 33.0 minus 22.0 g=543.0 b=6675 p=50 c=6725#
% t=462.33801 plus 36.0 minus 24.0 g=543.0 b=1122 p=0 c=1122#
% t=484.28246 plus 40.0 minus 26.0 g=543.0 b=314 p=200 c=514#
% t=535.95395 plus 43.0 minus 28.0 g=543.0 b=0 p=0 c=0#
% t=557.89839 plus 47.0 minus 30.0 g=543.0 b=12 p=300 c=312
% t=570.89839 plus 47.0 minus 30.0 g=543.0 b=80 p=-100 c=-20#
% t=588.89839 plus 50.0 minus 32.0 g=543.0 b=* p=150 c=*
 [317]
%% goal height=543.0, max depth=4.0
% t=10.0 g=543.0 b=10000 p=150 c=100000#
% t=23.0 g=543.0 b=10000 p=150 c=100000#
% t=36.0 g=543.0 b=10000 p=-100 c=100000#
% t=54.0 plus 3.0 minus 2.0 g=543.0 b=10000 p=150 c=100000#
% t=67.0 plus 3.0 minus 2.0 g=543.0 b=10000 p=0 c=100000#
% t=80.0 plus 3.0 minus 2.0 g=543.0 b=10000 p=0 c=100000#
% t=93.0 plus 3.0 minus 2.0 g=543.0 b=10000 p=150 c=100000#
% t=106.0 plus 3.0 minus 2.0 g=543.0 b=10000 p=-100 c=100000#
% t=124.0 plus 6.0 minus 4.0 g=543.0 b=10000 p=300 c=100000#
% t=137.0 plus 6.0 minus 4.0 g=543.0 b=10000 p=-100 c=100000#
% t=155.0 plus 9.0 minus 6.0 g=543.0 b=10000 p=150 c=100000#
% t=168.0 plus 9.0 minus 6.0 g=543.0 b=10000 p=150 c=100000#
% t=181.0 plus 9.0 minus 6.0 g=543.0 b=10000 p=-100 c=100000#
% t=235.58952 plus 15.0 minus 10.0 g=543.0 b=10000 p=0 c=100000#
% t=258.69984 plus 18.0 minus 12.0 g=543.0 b=10000 p=-100 c=100000#
% t=276.69984 plus 21.0 minus 14.0 g=543.0 b=10000 p=300 c=100000#
% t=289.69984 plus 21.0 minus 14.0 g=543.0 b=10000 p=-100 c=100000#
% t=330.69984 plus 27.0 minus 18.0 g=543.0 b=10000 p=0 c=100000#
% t=353.69984 plus 30.0 minus 20.0 g=543.0 b=10000 p=200 c=100000#
% t=398.20006 plus 33.0 minus 22.0 g=543.0 b=10000 p=0 c=100000#
% t=420.70006 plus 36.0 minus 24.0 g=543.0 b=3919 p=300 c=4219#
% t=433.70006 plus 36.0 minus 24.0 g=543.0 b=2790 p=-100 c=2690#
% t=484.64473 plus 42.0 minus 28.0 g=543.0 b=267 p=0 c=267#
% t=588.46954 plus 48.0 minus 32.0 g=543.0 b=* p=0 c=*
 [318]
%% goal height=543.0, max depth=4.0
% t=91.88037 plus 3.0 minus 2.0 g=543.0 b=10000 p=0 c=100000#
% t=114.38037 plus 7.0 minus 4.0 g=543.0 b=10000 p=300 c=100000#
% t=127.38037 plus 7.0 minus 4.0 g=543.0 b=10000 p=-100 c=100000#
% t=145.38037 plus 10.0 minus 6.0 g=543.0 b=10000 p=150 c=100000#
% t=158.38037 plus 10.0 minus 6.0 g=543.0 b=10000 p=0 c=100000#
% t=171.38037 plus 10.0 minus 6.0 g=543.0 b=10000 p=150 c=100000#
% t=184.38037 plus 10.0 minus 6.0 g=543.0 b=10000 p=-100 c=100000#
% t=202.38037 plus 13.0 minus 8.0 g=543.0 b=10000 p=150 c=100000#
% t=215.38037 plus 13.0 minus 8.0 g=543.0 b=10000 p=250 c=100000#
% t=228.38037 plus 13.0 minus 8.0 g=543.0 b=10000 p=-100 c=100000#
% t=265.38037 plus 19.0 minus 12.0 g=543.0 b=10000 p=300 c=100000#
% t=278.38037 plus 19.0 minus 12.0 g=543.0 b=10000 p=-100 c=100000#
% t=296.38037 plus 22.0 minus 14.0 g=543.0 b=10000 p=0 c=100000#
% t=309.38037 plus 23.0 minus 14.0 g=543.0 b=10000 p=0 c=100000#
% t=322.38037 plus 24.0 minus 14.0 g=543.0 b=10000 p=300 c=100000#
% t=335.38037 plus 24.0 minus 14.0 g=543.0 b=10000 p=-100 c=100000#
% t=353.38037 plus 27.0 minus 16.0 g=543.0 b=10000 p=-100 c=100000#
% t=404.32506 plus 33.0 minus 20.0 g=543.0 b=7415 p=0 c=7415#
% t=431.3253 plus 33.0 minus 20.0 g=543.0 b=3872 p=0 c=3872#
% t=454.82536 plus 36.0 minus 22.0 g=543.0 b=1466 p=150 c=1616#
% t=467.82536 plus 36.0 minus 22.0 g=543.0 b=909 p=0 c=909#
% t=480.82536 plus 36.0 minus 22.0 g=543.0 b=512 p=0 c=512#
% t=493.82536 plus 36.0 minus 22.0 g=543.0 b=253 p=150 c=403#
% t=506.82536 plus 36.0 minus 22.0 g=543.0 b=101 p=-100 c=1#
% t=524.82536 plus 39.0 minus 24.0 g=543.0 b=10 p=300 c=310
)
*\end
% t=539.7698 plus 39.0 minus 24.0 g=543.0 b=0 p=0 c=0#
% t=539.7698 plus 39.0 plus 1.0fill minus 24.0 g=543.0 b=0 p=-1073741824 c=-107
3741824#
[319]
Output written on chap6.pdf (63 pages).
