This is XeTeX, Version 3.14159265-2.6-0.99996 (TeX Live 2016/W32TeX) (preloaded format=xetex 2017.5.11)  30 MAR 2018 10:23
entering extended mode
 restricted \write18 enabled.
 %&-line parsing enabled.
**./chap3.tex
(./chap3.tex (./gkpmac.tex
\openout0 = `chap3.grf'.

 (./chap3.ref)
\openout1 = `chap3.ref'.

\openout2 = `chap3.ans'.

\openout3 = `chap3.inx'.

\openout4 = `chap3.bnx'.

) (./bib.ref)
%% goal height=543.0, max depth=4.0
% t=51.55556 g=543.0 b=10000 p=0 c=100000#
% t=142.94109 minus 5.0 g=543.0 b=10000 p=0 c=100000#
% t=155.10332 minus 5.0 g=543.0 b=10000 p=0 c=100000#
% t=171.10332 plus 2.0 minus 6.0 g=543.0 b=10000 p=150 c=100000#
% t=184.10332 plus 2.0 minus 6.0 g=543.0 b=10000 p=0 c=100000#
% t=197.10332 plus 2.0 minus 6.0 g=543.0 b=10000 p=150 c=100000#
% t=212.04776 plus 2.0 minus 6.0 g=543.0 b=10000 p=-200 c=100000#
% t=262.10332 plus 4.0 minus 6.0 g=543.0 b=10000 p=200 c=100000#
% t=322.60332 plus 7.0 minus 8.0 g=543.0 b=10000 p=0 c=100000#
% t=340.54776 plus 10.0 minus 10.0 g=543.0 b=10000 p=150 c=100000#
% t=353.54776 plus 10.0 minus 10.0 g=543.0 b=10000 p=0 c=100000#
% t=366.54776 plus 10.0 minus 10.0 g=543.0 b=10000 p=0 c=100000#
% t=379.54776 plus 10.0 minus 10.0 g=543.0 b=10000 p=0 c=100000#
% t=392.54776 plus 10.0 minus 10.0 g=543.0 b=10000 p=0 c=100000#
% t=405.54776 plus 10.0 minus 10.0 g=543.0 b=10000 p=0 c=100000#
% t=418.54776 plus 10.0 minus 10.0 g=543.0 b=10000 p=150 c=100000#
% t=431.54776 plus 10.0 minus 10.0 g=543.0 b=10000 p=0 c=100000#
% t=444.54776 plus 11.0 minus 10.0 g=543.0 b=10000 p=250 c=100000#
% t=457.54776 plus 11.0 minus 10.0 g=543.0 b=10000 p=0 c=100000#
% t=470.54776 plus 11.0 minus 10.0 g=543.0 b=10000 p=0 c=100000#
% t=483.54776 plus 11.0 minus 10.0 g=543.0 b=10000 p=100 c=100000#
% t=496.54776 plus 11.0 minus 10.0 g=543.0 b=7522 p=150 c=7672#
% t=509.54776 plus 11.0 minus 10.0 g=543.0 b=2809 p=0 c=2809#
% t=522.54776 plus 12.0 minus 10.0 g=543.0 b=494 p=150 c=644#
% t=535.54776 plus 12.0 minus 10.0 g=543.0 b=24 p=50 c=74#
% t=722.046 plus 15.0 minus 12.0 g=543.0 b=* p=0 c=*
 [67



]
%% goal height=543.0, max depth=4.0
% t=183.49825 plus 3.0 minus 2.0 g=543.0 b=10000 p=0 c=100000#
% t=243.44269 plus 9.0 minus 6.0 g=543.0 b=10000 p=0 c=100000#
% t=265.38713 plus 12.0 minus 8.0 g=543.0 b=10000 p=0 c=100000#
% t=278.38713 plus 13.0 minus 8.0 g=543.0 b=10000 p=150 c=100000#
% t=291.38713 plus 13.0 minus 8.0 g=543.0 b=10000 p=0 c=100000#
% t=304.38713 plus 13.0 minus 8.0 g=543.0 b=10000 p=0 c=100000#
% t=317.38713 plus 13.0 minus 8.0 g=543.0 b=10000 p=50 c=100000#
% t=353.38713 plus 16.0 minus 10.0 g=543.0 b=10000 p=0 c=100000#
% t=376.38713 plus 19.0 minus 12.0 g=543.0 b=10000 p=200 c=100000#
% t=414.88713 plus 22.0 minus 14.0 g=543.0 b=10000 p=0 c=100000#
% t=435.38713 plus 25.0 minus 16.0 g=543.0 b=7963 p=150 c=8113#
% t=448.38713 plus 25.0 minus 16.0 g=543.0 b=5417 p=50 c=5467#
% t=486.88713 plus 28.0 minus 18.0 g=543.0 b=804 p=0 c=804#
% t=532.88713 plus 34.0 minus 22.0 g=543.0 b=3 p=0 c=3#
% t=553.38713 plus 37.0 minus 24.0 g=543.0 b=8 p=150 c=158
% t=566.38713 plus 37.0 minus 24.0 g=543.0 b=92 p=0 c=92
% t=579.38713 plus 37.0 minus 24.0 g=543.0 b=* p=0 c=*
 [68

]
%% goal height=543.0, max depth=4.0
% t=10.0 g=543.0 b=10000 p=150 c=100000#
% t=23.0 g=543.0 b=10000 p=0 c=100000#
% t=36.0 g=543.0 b=10000 p=0 c=100000#
% t=49.0 g=543.0 b=10000 p=0 c=100000#
% t=62.0 g=543.0 b=10000 p=150 c=100000#
% t=75.0 g=543.0 b=10000 p=0 c=100000#
% t=88.0 plus 1.0 g=543.0 b=10000 p=150 c=100000#
% t=101.0 plus 1.0 g=543.0 b=10000 p=150 c=100000#
% t=181.94444 plus 4.0 minus 2.0 g=543.0 b=10000 p=0 c=100000#
% t=200.44444 plus 7.0 minus 4.0 g=543.0 b=10000 p=150 c=100000#
% t=213.44444 plus 7.0 minus 4.0 g=543.0 b=10000 p=150 c=100000#
% t=226.44444 plus 7.0 minus 4.0 g=543.0 b=10000 p=0 c=100000#
% t=264.94444 plus 11.0 minus 6.0 g=543.0 b=10000 p=0 c=100000#
% t=285.44444 plus 14.0 minus 8.0 g=543.0 b=10000 p=150 c=100000#
% t=298.44444 plus 14.0 minus 8.0 g=543.0 b=10000 p=0 c=100000#
% t=311.44444 plus 14.0 minus 8.0 g=543.0 b=10000 p=0 c=100000#
% t=324.44444 plus 14.0 minus 8.0 g=543.0 b=10000 p=0 c=100000#
% t=337.44444 plus 14.0 minus 8.0 g=543.0 b=10000 p=150 c=100000#
% t=350.44444 plus 14.0 minus 8.0 g=543.0 b=10000 p=0 c=100000#
% t=363.44444 plus 15.0 minus 8.0 g=543.0 b=10000 p=150 c=100000#
% t=376.44444 plus 15.0 minus 8.0 g=543.0 b=10000 p=0 c=100000#
% t=389.44444 plus 15.0 minus 8.0 g=543.0 b=10000 p=50 c=100000#
% t=470.38889 plus 18.0 minus 10.0 g=543.0 b=6559 p=0 c=6559#
% t=488.88889 plus 21.0 minus 12.0 g=543.0 b=1708 p=150 c=1858#
% t=501.88889 plus 21.0 minus 12.0 g=543.0 b=748 p=150 c=898#
% t=514.88889 plus 21.0 minus 12.0 g=543.0 b=239 p=0 c=239#
% t=527.88889 plus 22.0 minus 12.0 g=543.0 b=32 p=150 c=182#
% t=540.88889 plus 22.0 minus 12.0 g=543.0 b=0 p=0 c=0#
% t=553.88889 plus 22.0 minus 12.0 g=543.0 b=74 p=150 c=224
% t=566.88889 plus 22.0 minus 12.0 g=543.0 b=* p=0 c=*
 [69

]
%% goal height=543.0, max depth=4.0
% t=10.0 g=543.0 b=10000 p=150 c=100000#
% t=23.0 g=543.0 b=10000 p=0 c=100000#
% t=36.0 plus 1.0 g=543.0 b=10000 p=200 c=100000#
% t=71.5 plus 4.0 minus 2.0 g=543.0 b=10000 p=0 c=100000#
% t=89.0 plus 7.0 minus 4.0 g=543.0 b=10000 p=150 c=100000#
% t=102.0 plus 7.0 minus 4.0 g=543.0 b=10000 p=150 c=100000#
% t=115.0 plus 7.0 minus 4.0 g=543.0 b=10000 p=0 c=100000#
% t=128.0 plus 8.0 minus 4.0 g=543.0 b=10000 p=150 c=100000#
% t=141.0 plus 8.0 minus 4.0 g=543.0 b=10000 p=0 c=100000#
% t=154.0 plus 8.0 minus 4.0 g=543.0 b=10000 p=0 c=100000#
% t=167.0 plus 8.0 minus 4.0 g=543.0 b=10000 p=150 c=100000#
% t=184.0 plus 8.0 minus 4.0 g=543.0 b=10000 p=-200 c=100000#
% t=232.0 plus 10.0 minus 4.0 g=543.0 b=10000 p=150 c=100000#
% t=245.0 plus 10.0 minus 4.0 g=543.0 b=10000 p=0 c=100000#
% t=258.0 plus 10.0 minus 4.0 g=543.0 b=10000 p=0 c=100000#
% t=271.0 plus 10.0 minus 4.0 g=543.0 b=10000 p=150 c=100000#
% t=284.0 plus 10.0 minus 4.0 g=543.0 b=10000 p=0 c=100000#
% t=297.0 plus 11.0 minus 4.0 g=543.0 b=10000 p=150 c=100000#
% t=310.0 plus 11.0 minus 4.0 g=543.0 b=10000 p=0 c=100000#
% t=323.0 plus 11.0 minus 4.0 g=543.0 b=10000 p=0 c=100000#
% t=336.0 plus 11.0 minus 4.0 g=543.0 b=10000 p=0 c=100000#
% t=349.0 plus 11.0 minus 4.0 g=543.0 b=10000 p=0 c=100000#
% t=362.0 plus 11.0 minus 4.0 g=543.0 b=10000 p=0 c=100000#
% t=375.0 plus 11.0 minus 4.0 g=543.0 b=10000 p=0 c=100000#
% t=388.0 plus 11.0 minus 4.0 g=543.0 b=10000 p=0 c=100000#
% t=401.0 plus 11.0 minus 4.0 g=543.0 b=10000 p=150 c=100000#
% t=414.0 plus 11.0 minus 4.0 g=543.0 b=10000 p=0 c=100000#
% t=427.0 plus 12.0 minus 4.0 g=543.0 b=10000 p=150 c=100000#
% t=440.0 plus 12.0 minus 4.0 g=543.0 b=10000 p=250 c=100000#
% t=453.0 plus 12.0 minus 4.0 g=543.0 b=10000 p=0 c=100000#
% t=489.50006 plus 16.0 minus 6.0 g=543.0 b=3735 p=0 c=3735#
% t=506.0 plus 19.0 minus 8.0 g=543.0 b=737 p=150 c=887#
% t=519.0 plus 19.0 minus 8.0 g=543.0 b=201 p=0 c=201#
% t=532.0 plus 19.0 minus 8.0 g=543.0 b=19 p=250 c=269
% t=545.0 plus 19.0 minus 8.0 g=543.0 b=2 p=0 c=2#
% t=558.0 plus 20.0 minus 8.0 g=543.0 b=* p=150 c=*
 [70





]
%% goal height=543.0, max depth=4.0
% t=10.0 g=543.0 b=10000 p=150 c=100000#
% t=23.0 g=543.0 b=10000 p=0 c=100000#
% t=36.0 g=543.0 b=10000 p=100 c=100000#
% t=49.0 g=543.0 b=10000 p=0 c=100000#
% t=62.0 g=543.0 b=10000 p=150 c=100000#
% t=75.0 g=543.0 b=10000 p=0 c=100000#
% t=88.0 plus 1.0 g=543.0 b=10000 p=150 c=100000#
% t=101.0 plus 1.0 g=543.0 b=10000 p=0 c=100000#
% t=114.0 plus 1.0 g=543.0 b=10000 p=150 c=100000#
% t=127.0 plus 1.0 g=543.0 b=10000 p=0 c=100000#
% t=140.0 plus 2.0 g=543.0 b=10000 p=250 c=100000#
% t=153.0 plus 2.0 g=543.0 b=10000 p=100 c=100000#
% t=166.0 plus 2.0 g=543.0 b=10000 p=0 c=100000#
% t=179.0 plus 2.0 g=543.0 b=10000 p=0 c=100000#
% t=192.0 plus 2.0 g=543.0 b=10000 p=0 c=100000#
% t=205.0 plus 2.0 g=543.0 b=10000 p=0 c=100000#
% t=218.0 plus 2.0 g=543.0 b=10000 p=0 c=100000#
% t=231.0 plus 2.0 g=543.0 b=10000 p=0 c=100000#
% t=244.0 plus 2.0 g=543.0 b=10000 p=0 c=100000#
% t=257.0 plus 2.0 g=543.0 b=10000 p=50 c=100000#
% t=293.0 plus 5.0 minus 2.0 g=543.0 b=10000 p=0 c=100000#
% t=316.0 plus 9.0 minus 4.0 g=543.0 b=10000 p=150 c=100000#
% t=329.0 plus 9.0 minus 4.0 g=543.0 b=10000 p=0 c=100000#
% t=342.0 plus 9.0 minus 4.0 g=543.0 b=10000 p=50 c=100000#
% t=378.0 plus 12.0 minus 6.0 g=543.0 b=10000 p=0 c=100000#
% t=426.5 plus 18.0 minus 10.0 g=543.0 b=10000 p=0 c=100000#
% t=447.0 plus 21.0 minus 12.0 g=543.0 b=10000 p=250 c=100000#
% t=460.0 plus 21.0 minus 12.0 g=543.0 b=6157 p=0 c=6157#
% t=473.0 plus 21.0 minus 12.0 g=543.0 b=3701 p=0 c=3701#
% t=486.0 plus 21.0 minus 12.0 g=543.0 b=1997 p=0 c=1997#
% t=499.0 plus 21.0 minus 12.0 g=543.0 b=918 p=0 c=918#
% t=512.0 plus 21.0 minus 12.0 g=543.0 b=321 p=100 c=421#
% t=525.0 plus 21.0 minus 12.0 g=543.0 b=63 p=150 c=213#
% t=538.0 plus 21.0 minus 12.0 g=543.0 b=1 p=0 c=1#
% t=587.94467 plus 25.0 minus 14.0 g=543.0 b=* p=0 c=*

[71


]
%% goal height=543.0, max depth=4.0
% t=46.94467 plus 3.0 minus 2.0 g=543.0 b=10000 p=0 c=100000#
% t=64.88911 plus 6.0 minus 4.0 g=543.0 b=10000 p=150 c=100000#
% t=77.88911 plus 6.0 minus 4.0 g=543.0 b=10000 p=150 c=100000#
% t=90.88911 plus 6.0 minus 4.0 g=543.0 b=10000 p=0 c=100000#
% t=128.38124 plus 10.0 minus 6.0 g=543.0 b=10000 p=0 c=100000#
% t=151.38124 plus 13.0 minus 8.0 g=543.0 b=10000 p=300 c=100000#
% t=164.38124 plus 13.0 minus 8.0 g=543.0 b=10000 p=0 c=100000#
% t=177.38124 plus 14.0 minus 8.0 g=543.0 b=10000 p=300 c=100000#
% t=190.38124 plus 14.0 minus 8.0 g=543.0 b=10000 p=-50 c=100000#
% t=206.38124 plus 16.0 minus 9.0 g=543.0 b=10000 p=150 c=100000#
% t=219.38124 plus 16.0 minus 9.0 g=543.0 b=10000 p=150 c=100000#
% t=232.38124 plus 16.0 minus 9.0 g=543.0 b=10000 p=-50 c=100000#
% t=248.38124 plus 18.0 minus 10.0 g=543.0 b=10000 p=150 c=100000#
% t=261.38124 plus 18.0 minus 10.0 g=543.0 b=10000 p=0 c=100000#
% t=274.38124 plus 18.0 minus 10.0 g=543.0 b=10000 p=150 c=100000#
% t=287.38124 plus 18.0 minus 10.0 g=543.0 b=10000 p=-50 c=100000#
% t=303.38124 plus 20.0 minus 11.0 g=543.0 b=10000 p=150 c=100000#
% t=316.38124 plus 20.0 minus 11.0 g=543.0 b=10000 p=0 c=100000#
% t=330.73125 plus 20.0 minus 11.0 g=543.0 b=10000 p=0 c=100000#
% t=343.73125 plus 20.0 minus 11.0 g=543.0 b=10000 p=0 c=100000#
% t=356.73125 plus 20.0 minus 11.0 g=543.0 b=10000 p=0 c=100000#
% t=369.73125 plus 20.0 minus 11.0 g=543.0 b=10000 p=0 c=100000#
% t=382.73125 plus 20.0 minus 11.0 g=543.0 b=10000 p=150 c=100000#
% t=395.73125 plus 20.0 minus 11.0 g=543.0 b=10000 p=-50 c=100000#
% t=411.73125 plus 22.0 minus 12.0 g=543.0 b=10000 p=250 c=100000#
% t=424.73125 plus 22.0 minus 12.0 g=543.0 b=10000 p=0 c=100000#
% t=437.73125 plus 22.0 minus 12.0 g=543.0 b=10000 p=0 c=100000#
% t=450.73125 plus 22.0 minus 12.0 g=543.0 b=7362 p=0 c=7362#
% t=463.73125 plus 22.0 minus 12.0 g=543.0 b=4673 p=0 c=4673#
% t=476.73125 plus 22.0 minus 12.0 g=543.0 b=2726 p=0 c=2726#
% t=489.73125 plus 22.0 minus 12.0 g=543.0 b=1418 p=0 c=1418#
% t=502.73125 plus 22.0 minus 12.0 g=543.0 b=611 p=0 c=611#
% t=515.73125 plus 22.0 minus 12.0 g=543.0 b=190 p=0 c=190#
% t=528.73125 plus 22.0 minus 12.0 g=543.0 b=27 p=150 c=177#
% t=541.73125 plus 22.0 minus 12.0 g=543.0 b=0 p=-50 c=-50#
% t=557.73125 plus 24.0 minus 13.0 g=543.0 b=* p=150 c=*
 [72


]
%% goal height=543.0, max depth=4.0
% t=10.0 g=543.0 b=10000 p=150 c=100000#
% t=23.0 g=543.0 b=10000 p=0 c=100000#
% t=36.0 g=543.0 b=10000 p=150 c=100000#
% t=49.0 g=543.0 b=10000 p=-50 c=100000#
% t=65.0 plus 2.0 minus 1.0 g=543.0 b=10000 p=150 c=100000#
% t=78.0 plus 2.0 minus 1.0 g=543.0 b=10000 p=0 c=100000#
% t=91.0 plus 2.0 minus 1.0 g=543.0 b=10000 p=0 c=100000#
% t=104.0 plus 2.0 minus 1.0 g=543.0 b=10000 p=0 c=100000#
% t=117.0 plus 2.0 minus 1.0 g=543.0 b=10000 p=0 c=100000#
% t=130.0 plus 2.0 minus 1.0 g=543.0 b=10000 p=0 c=100000#
% t=143.0 plus 2.0 minus 1.0 g=543.0 b=10000 p=0 c=100000#
% t=156.0 plus 2.0 minus 1.0 g=543.0 b=10000 p=150 c=100000#
% t=169.0 plus 2.0 minus 1.0 g=543.0 b=10000 p=-50 c=100000#
% t=185.0 plus 4.0 minus 2.0 g=543.0 b=10000 p=150 c=100000#
% t=198.0 plus 4.0 minus 2.0 g=543.0 b=10000 p=0 c=100000#
% t=211.0 plus 4.0 minus 2.0 g=543.0 b=10000 p=0 c=100000#
% t=224.0 plus 4.0 minus 2.0 g=543.0 b=10000 p=0 c=100000#
% t=237.0 plus 4.0 minus 2.0 g=543.0 b=10000 p=0 c=100000#
% t=250.0 plus 4.0 minus 2.0 g=543.0 b=10000 p=0 c=100000#
% t=263.0 plus 4.0 minus 2.0 g=543.0 b=10000 p=150 c=100000#
% t=276.0 plus 4.0 minus 2.0 g=543.0 b=10000 p=0 c=100000#
% t=289.0 plus 5.0 minus 2.0 g=543.0 b=10000 p=250 c=100000#
% t=302.0 plus 5.0 minus 2.0 g=543.0 b=10000 p=0 c=100000#
% t=315.0 plus 5.0 minus 2.0 g=543.0 b=10000 p=0 c=100000#
% t=328.0 plus 5.0 minus 2.0 g=543.0 b=10000 p=0 c=100000#
% t=341.0 plus 5.0 minus 2.0 g=543.0 b=10000 p=0 c=100000#
% t=354.0 plus 5.0 minus 2.0 g=543.0 b=10000 p=150 c=100000#
% t=367.0 plus 5.0 minus 2.0 g=543.0 b=10000 p=0 c=100000#
% t=380.0 plus 6.0 minus 2.0 g=543.0 b=10000 p=150 c=100000#
% t=393.0 plus 6.0 minus 2.0 g=543.0 b=10000 p=0 c=100000#
% t=406.0 plus 6.0 minus 2.0 g=543.0 b=10000 p=0 c=100000#
% t=419.0 plus 6.0 minus 2.0 g=543.0 b=10000 p=50 c=100000#
% t=455.0 plus 9.0 minus 4.0 g=543.0 b=10000 p=0 c=100000#
% t=470.0 plus 9.0 minus 4.0 g=543.0 b=10000 p=0 c=100000#
% t=493.0 plus 12.0 minus 6.0 g=543.0 b=7221 p=150 c=7371#
% t=506.0 plus 12.0 minus 6.0 g=543.0 b=2922 p=0 c=2922#
% t=519.0 plus 12.0 minus 6.0 g=543.0 b=800 p=0 c=800#
% t=532.0 plus 12.0 minus 6.0 g=543.0 b=77 p=150 c=227#
% t=545.0 plus 12.0 minus 6.0 g=543.0 b=4 p=0 c=4#
% t=558.0 plus 13.0 minus 6.0 g=543.0 b=* p=150 c=*
 [73



]
%% goal height=543.0, max depth=4.0
% t=10.0 g=543.0 b=10000 p=150 c=100000#
% t=23.0 g=543.0 b=10000 p=0 c=100000#
% t=36.0 g=543.0 b=10000 p=0 c=100000#
% t=49.0 g=543.0 b=10000 p=0 c=100000#
% t=62.0 g=543.0 b=10000 p=150 c=100000#
% t=75.0 g=543.0 b=10000 p=0 c=100000#
% t=88.0 plus 1.0 g=543.0 b=10000 p=150 c=100000#
% t=101.0 plus 1.0 g=543.0 b=10000 p=0 c=100000#
% t=114.0 plus 1.0 g=543.0 b=10000 p=0 c=100000#
% t=127.0 plus 1.0 g=543.0 b=10000 p=50 c=100000#
% t=224.38889 plus 4.0 minus 2.0 g=543.0 b=10000 p=0 c=100000#
% t=242.33333 plus 8.0 minus 4.0 g=543.0 b=10000 p=150 c=100000#
% t=255.33333 plus 8.0 minus 4.0 g=543.0 b=10000 p=0 c=100000#
% t=268.33333 plus 8.0 minus 4.0 g=543.0 b=10000 p=50 c=100000#
% t=304.33333 plus 11.0 minus 6.0 g=543.0 b=10000 p=0 c=100000#
% t=327.33333 plus 14.0 minus 8.0 g=543.0 b=10000 p=150 c=100000#
% t=340.33333 plus 14.0 minus 8.0 g=543.0 b=10000 p=0 c=100000#
% t=353.33333 plus 14.0 minus 8.0 g=543.0 b=10000 p=150 c=100000#
% t=366.33333 plus 14.0 minus 8.0 g=543.0 b=10000 p=0 c=100000#
% t=379.33333 plus 15.0 minus 8.0 g=543.0 b=10000 p=150 c=100000#
% t=392.33333 plus 15.0 minus 8.0 g=543.0 b=10000 p=100 c=100000#
% t=405.33333 plus 15.0 minus 8.0 g=543.0 b=10000 p=50 c=100000#
% t=448.3971 plus 18.0 minus 10.0 g=543.0 b=10000 p=0 c=100000#
% t=470.34154 plus 21.0 minus 12.0 g=543.0 b=4132 p=400 c=4532#
% t=483.34154 plus 21.0 minus 12.0 g=543.0 b=2285 p=0 c=2285#
% t=496.34154 plus 22.0 minus 12.0 g=543.0 b=949 p=150 c=1099#
% t=509.34154 plus 22.0 minus 12.0 g=543.0 b=357 p=0 c=357#
% t=522.34154 plus 22.0 minus 12.0 g=543.0 b=82 p=0 c=82#
% t=535.34154 plus 22.0 minus 12.0 g=543.0 b=4 p=150 c=154
% t=548.34154 plus 22.0 minus 12.0 g=543.0 b=9 p=0 c=9#
% t=561.34154 plus 23.0 minus 12.0 g=543.0 b=* p=250 c=*
 [74


]
%% goal height=543.0, max depth=4.0
% t=10.0 g=543.0 b=10000 p=250 c=100000#
% t=23.0 g=543.0 b=10000 p=50 c=100000#
% t=78.29868 plus 3.0 minus 2.0 g=543.0 b=10000 p=0 c=100000#
% t=107.76468 plus 3.0 minus 2.0 g=543.0 b=10000 p=0 c=100000#
% t=136.27519 plus 3.0 minus 2.0 g=543.0 b=10000 p=0 c=100000#
% t=164.7857 plus 3.0 minus 2.0 g=543.0 b=10000 p=0 c=100000#
% t=193.29622 plus 3.0 minus 2.0 g=543.0 b=10000 p=0 c=100000#
% t=222.76222 plus 3.0 minus 2.0 g=543.0 b=10000 p=0 c=100000#
% t=253.4073 plus 3.0 minus 2.0 g=543.0 b=10000 p=0 c=100000#
% t=275.35175 plus 6.0 minus 4.0 g=543.0 b=10000 p=150 c=100000#
% t=288.35175 plus 6.0 minus 4.0 g=543.0 b=10000 p=0 c=100000#
% t=301.35175 plus 6.0 minus 4.0 g=543.0 b=10000 p=0 c=100000#
% t=314.35175 plus 6.0 minus 4.0 g=543.0 b=10000 p=0 c=100000#
% t=327.35175 plus 6.0 minus 4.0 g=543.0 b=10000 p=150 c=100000#
% t=340.35175 plus 6.0 minus 4.0 g=543.0 b=10000 p=0 c=100000#
% t=353.35175 plus 7.0 minus 4.0 g=543.0 b=10000 p=250 c=100000#
% t=366.35175 plus 7.0 minus 4.0 g=543.0 b=10000 p=0 c=100000#
% t=379.35175 plus 7.0 minus 4.0 g=543.0 b=10000 p=150 c=100000#
% t=392.35175 plus 7.0 minus 4.0 g=543.0 b=10000 p=0 c=100000#
% t=405.35175 plus 8.0 minus 4.0 g=543.0 b=10000 p=150 c=100000#
% t=418.35175 plus 8.0 minus 4.0 g=543.0 b=10000 p=100 c=100000#
% t=431.35175 plus 8.0 minus 4.0 g=543.0 b=10000 p=100 c=100000#
% t=444.35175 plus 8.0 minus 4.0 g=543.0 b=10000 p=150 c=100000#
% t=457.35175 plus 8.0 minus 4.0 g=543.0 b=10000 p=0 c=100000#
% t=470.35175 plus 9.0 minus 4.0 g=543.0 b=10000 p=150 c=100000#
% t=483.35175 plus 9.0 minus 4.0 g=543.0 b=10000 p=150 c=100000#
% t=496.35175 plus 9.0 minus 4.0 g=543.0 b=10000 p=0 c=100000#
% t=509.35175 plus 10.0 minus 4.0 g=543.0 b=3803 p=200 c=4003#
% t=545.35175 plus 13.0 minus 6.0 g=543.0 b=6 p=0 c=6#
% t=604.31775 plus 19.0 minus 10.0 g=543.0 b=* p=0 c=*
 [75


]
%% goal height=543.0, max depth=4.0
% t=45.966 plus 3.0 minus 2.0 g=543.0 b=10000 p=0 c=100000#
% t=73.96613 plus 3.0 minus 2.0 g=543.0 b=10000 p=0 c=100000#
% t=101.96625 plus 3.0 minus 2.0 g=543.0 b=10000 p=0 c=100000#
% t=125.4389 plus 6.0 minus 4.0 g=543.0 b=10000 p=200 c=100000#
% t=164.88731 plus 9.0 minus 6.0 g=543.0 b=10000 p=0 c=100000#
% t=184.4389 plus 12.0 minus 8.0 g=543.0 b=10000 p=0 c=100000#
% t=197.4389 plus 13.0 minus 8.0 g=543.0 b=10000 p=150 c=100000#
% t=210.4389 plus 13.0 minus 8.0 g=543.0 b=10000 p=50 c=100000#
% t=246.4389 plus 16.0 minus 10.0 g=543.0 b=10000 p=0 c=100000#
% t=269.4389 plus 19.0 minus 12.0 g=543.0 b=10000 p=150 c=100000#
% t=282.4389 plus 19.0 minus 12.0 g=543.0 b=10000 p=0 c=100000#
% t=295.4389 plus 19.0 minus 12.0 g=543.0 b=10000 p=0 c=100000#
% t=308.4389 plus 19.0 minus 12.0 g=543.0 b=10000 p=50 c=100000#
% t=344.4389 plus 22.0 minus 14.0 g=543.0 b=10000 p=0 c=100000#
% t=350.8389 plus 22.0 minus 14.0 g=543.0 b=10000 p=0 c=100000#
% t=363.8389 plus 22.0 minus 14.0 g=543.0 b=10000 p=0 c=100000#
% t=378.8389 plus 22.0 minus 14.0 g=543.0 b=10000 p=0 c=100000#
% t=393.8389 plus 22.0 minus 14.0 g=543.0 b=10000 p=0 c=100000#
% t=408.8389 plus 22.0 minus 14.0 g=543.0 b=10000 p=0 c=100000#
% t=423.8389 plus 22.0 minus 14.0 g=543.0 b=10000 p=0 c=100000#
% t=438.8389 plus 22.0 minus 14.0 g=543.0 b=10000 p=0 c=100000#
% t=453.8389 plus 22.0 minus 14.0 g=543.0 b=6641 p=0 c=6641#
% t=476.8389 plus 25.0 minus 16.0 g=543.0 b=1845 p=0 c=1845#
% t=489.8389 plus 26.0 minus 16.0 g=543.0 b=853 p=250 c=1103#
% t=502.8389 plus 26.0 minus 16.0 g=543.0 b=366 p=0 c=366#
% t=515.8389 plus 26.0 minus 16.0 g=543.0 b=114 p=0 c=114#
% t=528.8389 plus 26.0 minus 16.0 g=543.0 b=16 p=0 c=16#
% t=541.8389 plus 26.0 minus 16.0 g=543.0 b=0 p=150 c=150
% t=554.8389 plus 26.0 minus 16.0 g=543.0 b=40 p=-50 c=-10#
% t=570.8389 plus 28.0 minus 17.0 g=543.0 b=* p=200 c=*
 [76]
%% goal height=543.0, max depth=4.0
% t=10.0 g=543.0 b=10000 p=200 c=100000#
% t=46.0 plus 3.0 minus 2.0 g=543.0 b=10000 p=0 c=100000#
% t=69.0 plus 6.0 minus 4.0 g=543.0 b=10000 p=300 c=100000#
% t=82.0 plus 6.0 minus 4.0 g=543.0 b=10000 p=0 c=100000#
% t=95.0 plus 7.0 minus 4.0 g=543.0 b=10000 p=150 c=100000#
% t=108.0 plus 7.0 minus 4.0 g=543.0 b=10000 p=0 c=100000#
% t=121.0 plus 7.0 minus 4.0 g=543.0 b=10000 p=0 c=100000#
% t=134.0 plus 7.0 minus 4.0 g=543.0 b=10000 p=0 c=100000#
% t=147.0 plus 7.0 minus 4.0 g=543.0 b=10000 p=150 c=100000#
% t=160.0 plus 7.0 minus 4.0 g=543.0 b=10000 p=0 c=100000#
% t=173.0 plus 8.0 minus 4.0 g=543.0 b=10000 p=200 c=100000#
% t=211.0 plus 11.0 minus 6.0 g=543.0 b=10000 p=0 c=100000#
% t=228.0 plus 11.0 minus 6.0 g=543.0 b=10000 p=0 c=100000#
% t=251.0 plus 14.0 minus 8.0 g=543.0 b=10000 p=150 c=100000#
% t=264.0 plus 14.0 minus 8.0 g=543.0 b=10000 p=0 c=100000#
% t=277.0 plus 14.0 minus 8.0 g=543.0 b=10000 p=0 c=100000#
% t=290.0 plus 14.0 minus 8.0 g=543.0 b=10000 p=0 c=100000#
% t=303.0 plus 14.0 minus 8.0 g=543.0 b=10000 p=0 c=100000#
% t=316.0 plus 14.0 minus 8.0 g=543.0 b=10000 p=150 c=100000#
% t=329.0 plus 14.0 minus 8.0 g=543.0 b=10000 p=0 c=100000#
% t=342.0 plus 15.0 minus 8.0 g=543.0 b=10000 p=150 c=100000#
% t=355.0 plus 15.0 minus 8.0 g=543.0 b=10000 p=150 c=100000#
% t=368.0 plus 15.0 minus 8.0 g=543.0 b=10000 p=0 c=100000#
% t=414.15234 plus 19.0 minus 10.0 g=543.0 b=10000 p=0 c=100000#
% t=441.80475 plus 19.0 minus 10.0 g=543.0 b=10000 p=0 c=100000#
% t=469.45715 plus 19.0 minus 10.0 g=543.0 b=5787 p=0 c=5787#
% t=496.96767 plus 19.0 minus 10.0 g=543.0 b=1418 p=0 c=1418#
% t=514.96767 plus 19.0 minus 10.0 g=543.0 b=321 p=0 c=321#
% t=560.41211 plus 25.0 minus 14.0 g=543.0 b=* p=0 c=*
 [77



]
%% goal height=543.0, max depth=4.0
% t=34.94444 plus 3.0 minus 2.0 g=543.0 b=10000 p=0 c=100000#
% t=56.0 plus 6.0 minus 4.0 g=543.0 b=10000 p=150 c=100000#
% t=69.0 plus 6.0 minus 4.0 g=543.0 b=10000 p=0 c=100000#
% t=82.0 plus 6.0 minus 4.0 g=543.0 b=10000 p=0 c=100000#
% t=95.0 plus 6.0 minus 4.0 g=543.0 b=10000 p=0 c=100000#
% t=108.0 plus 6.0 minus 4.0 g=543.0 b=10000 p=0 c=100000#
% t=121.0 plus 6.0 minus 4.0 g=543.0 b=10000 p=150 c=100000#
% t=134.0 plus 6.0 minus 4.0 g=543.0 b=10000 p=0 c=100000#
% t=147.0 plus 7.0 minus 4.0 g=543.0 b=10000 p=150 c=100000#
% t=160.0 plus 7.0 minus 4.0 g=543.0 b=10000 p=50 c=100000#
% t=208.50023 plus 10.0 minus 6.0 g=543.0 b=10000 p=0 c=100000#
% t=239.50046 plus 10.0 minus 6.0 g=543.0 b=10000 p=0 c=100000#
% t=270.50069 plus 10.0 minus 6.0 g=543.0 b=10000 p=0 c=100000#
% t=324.3686 plus 16.0 minus 10.0 g=543.0 b=10000 p=0 c=100000#
% t=379.25772 plus 22.0 minus 14.0 g=543.0 b=10000 p=0 c=100000#
% t=401.20216 plus 25.0 minus 16.0 g=543.0 b=10000 p=300 c=100000#
% t=416.1466 plus 25.0 minus 16.0 g=543.0 b=10000 p=-200 c=100000#
% t=466.20216 plus 27.0 minus 16.0 g=543.0 b=2293 p=200 c=2493#
% t=518.20216 plus 30.0 minus 18.0 g=543.0 b=56 p=0 c=56#
% t=536.6969 plus 33.0 minus 20.0 g=543.0 b=1 p=150 c=151
% t=549.6969 plus 33.0 minus 20.0 g=543.0 b=4 p=150 c=154
% t=562.6969 plus 33.0 minus 20.0 g=543.0 b=95 p=-500 c=-405#
% t=575.6969 plus 34.0 minus 20.0 g=543.0 b=* p=150 c=*
 [78]
%% goal height=543.0, max depth=4.0
% t=10.0 g=543.0 b=10000 p=150 c=100000#
% t=23.0 g=543.0 b=10000 p=0 c=100000#
% t=36.0 g=543.0 b=10000 p=0 c=100000#
% t=49.0 g=543.0 b=10000 p=0 c=100000#
% t=62.0 g=543.0 b=10000 p=0 c=100000#
% t=75.0 g=543.0 b=10000 p=0 c=100000#
% t=88.0 g=543.0 b=10000 p=0 c=100000#
% t=101.0 g=543.0 b=10000 p=0 c=100000#
% t=114.0 g=543.0 b=10000 p=0 c=100000#
% t=127.0 g=543.0 b=10000 p=150 c=100000#
% t=140.0 g=543.0 b=10000 p=0 c=100000#
% t=153.0 plus 1.0 g=543.0 b=10000 p=150 c=100000#
% t=166.0 plus 1.0 g=543.0 b=10000 p=50 c=100000#
% t=202.0 plus 4.0 minus 2.0 g=543.0 b=10000 p=0 c=100000#
% t=225.0 plus 7.0 minus 4.0 g=543.0 b=10000 p=300 c=100000#
% t=238.0 plus 7.0 minus 4.0 g=543.0 b=10000 p=0 c=100000#
% t=251.0 plus 8.0 minus 4.0 g=543.0 b=10000 p=250 c=100000#
% t=264.0 plus 8.0 minus 4.0 g=543.0 b=10000 p=0 c=100000#
% t=277.0 plus 8.0 minus 4.0 g=543.0 b=10000 p=100 c=100000#
% t=290.0 plus 8.0 minus 4.0 g=543.0 b=10000 p=0 c=100000#
% t=303.0 plus 8.0 minus 4.0 g=543.0 b=10000 p=50 c=100000#
% t=341.5 plus 11.0 minus 6.0 g=543.0 b=10000 p=0 c=100000#
% t=362.0 plus 14.0 minus 8.0 g=543.0 b=10000 p=150 c=100000#
% t=375.0 plus 14.0 minus 8.0 g=543.0 b=10000 p=0 c=100000#
% t=388.0 plus 14.0 minus 8.0 g=543.0 b=10000 p=50 c=100000#
% t=442.49825 plus 17.0 minus 10.0 g=543.0 b=10000 p=0 c=100000#
% t=460.44269 plus 20.0 minus 12.0 g=543.0 b=7012 p=0 c=7012#
% t=473.44269 plus 21.0 minus 12.0 g=543.0 b=3623 p=200 c=3823#
% t=509.44269 plus 24.0 minus 14.0 g=543.0 b=273 p=0 c=273#
% t=524.44269 plus 24.0 minus 14.0 g=543.0 b=46 p=0 c=46#
% t=547.44269 plus 28.0 minus 16.0 g=543.0 b=2 p=150 c=152
% t=560.44269 plus 28.0 minus 16.0 g=543.0 b=* p=0 c=*
 [79]
%% goal height=543.0, max depth=4.0
% t=10.0 g=543.0 b=10000 p=150 c=100000#
% t=23.0 g=543.0 b=10000 p=0 c=100000#
% t=36.0 g=543.0 b=10000 p=50 c=100000#
% t=75.94461 plus 3.0 minus 2.0 g=543.0 b=10000 p=0 c=100000#
% t=97.88905 plus 6.0 minus 4.0 g=543.0 b=10000 p=150 c=100000#
% t=110.88905 plus 6.0 minus 4.0 g=543.0 b=10000 p=150 c=100000#
% t=123.88905 plus 6.0 minus 4.0 g=543.0 b=10000 p=0 c=100000#
% t=136.88905 plus 7.0 minus 4.0 g=543.0 b=10000 p=150 c=100000#
% t=149.88905 plus 7.0 minus 4.0 g=543.0 b=10000 p=0 c=100000#
% t=162.88905 plus 7.0 minus 4.0 g=543.0 b=10000 p=0 c=100000#
% t=175.88905 plus 7.0 minus 4.0 g=543.0 b=10000 p=0 c=100000#
% t=188.88905 plus 7.0 minus 4.0 g=543.0 b=10000 p=50 c=100000#
% t=224.88905 plus 10.0 minus 6.0 g=543.0 b=10000 p=0 c=100000#
% t=239.88905 plus 10.0 minus 6.0 g=543.0 b=10000 p=0 c=100000#
% t=254.88905 plus 10.0 minus 6.0 g=543.0 b=10000 p=0 c=100000#
% t=269.88905 plus 10.0 minus 6.0 g=543.0 b=10000 p=0 c=100000#
% t=284.88905 plus 10.0 minus 6.0 g=543.0 b=10000 p=0 c=100000#
% t=299.88905 plus 10.0 minus 6.0 g=543.0 b=10000 p=0 c=100000#
% t=314.88905 plus 10.0 minus 6.0 g=543.0 b=10000 p=0 c=100000#
% t=329.88905 plus 10.0 minus 6.0 g=543.0 b=10000 p=0 c=100000#
% t=352.88905 plus 13.0 minus 8.0 g=543.0 b=10000 p=300 c=100000#
% t=365.88905 plus 13.0 minus 8.0 g=543.0 b=10000 p=0 c=100000#
% t=378.88905 plus 14.0 minus 8.0 g=543.0 b=10000 p=150 c=100000#
% t=391.88905 plus 14.0 minus 8.0 g=543.0 b=10000 p=0 c=100000#
% t=404.88905 plus 14.0 minus 8.0 g=543.0 b=10000 p=0 c=100000#
% t=417.88905 plus 14.0 minus 8.0 g=543.0 b=10000 p=50 c=100000#
% t=453.88905 plus 17.0 minus 10.0 g=543.0 b=10000 p=0 c=100000#
% t=478.83372 plus 17.0 minus 10.0 g=543.0 b=5374 p=0 c=5374#
% t=493.32846 plus 17.0 minus 10.0 g=543.0 b=2486 p=0 c=2486#
% t=516.32846 plus 20.0 minus 12.0 g=543.0 b=237 p=300 c=537#
% t=529.32846 plus 20.0 minus 12.0 g=543.0 b=32 p=0 c=32#
% t=542.32846 plus 21.0 minus 12.0 g=543.0 b=0 p=150 c=150
% t=555.32846 plus 21.0 minus 12.0 g=543.0 b=* p=0 c=*
 [80

]
%% goal height=543.0, max depth=4.0
% t=10.0 g=543.0 b=10000 p=150 c=100000#
% t=23.0 g=543.0 b=10000 p=0 c=100000#
% t=36.0 g=543.0 b=10000 p=50 c=100000#
% t=86.50023 plus 3.0 minus 2.0 g=543.0 b=10000 p=0 c=100000#
% t=117.50046 plus 3.0 minus 2.0 g=543.0 b=10000 p=0 c=100000#
% t=162.4449 plus 9.0 minus 6.0 g=543.0 b=10000 p=0 c=100000#
% t=177.4449 plus 9.0 minus 6.0 g=543.0 b=10000 p=0 c=100000#
% t=192.4449 plus 9.0 minus 6.0 g=543.0 b=10000 p=0 c=100000#
% t=215.4449 plus 12.0 minus 8.0 g=543.0 b=10000 p=150 c=100000#
% t=228.4449 plus 12.0 minus 8.0 g=543.0 b=10000 p=50 c=100000#
% t=264.4449 plus 15.0 minus 10.0 g=543.0 b=10000 p=0 c=100000#
% t=284.21777 plus 15.0 minus 10.0 g=543.0 b=10000 p=0 c=100000#
% t=294.4449 plus 15.0 minus 10.0 g=543.0 b=10000 p=0 c=100000#
% t=317.4449 plus 18.0 minus 12.0 g=543.0 b=10000 p=300 c=100000#
% t=330.4449 plus 18.0 minus 12.0 g=543.0 b=10000 p=0 c=100000#
% t=343.4449 plus 19.0 minus 12.0 g=543.0 b=10000 p=200 c=100000#
% t=407.08463 plus 22.0 minus 14.0 g=543.0 b=10000 p=0 c=100000#
% t=425.02907 plus 25.0 minus 16.0 g=543.0 b=10000 p=150 c=100000#
% t=438.02907 plus 25.0 minus 16.0 g=543.0 b=7397 p=0 c=7397#
% t=451.02907 plus 25.0 minus 16.0 g=543.0 b=4967 p=0 c=4967#
% t=464.02907 plus 25.0 minus 16.0 g=543.0 b=3148 p=150 c=3298#
% t=480.02829 plus 25.0 minus 16.0 g=543.0 b=1596 p=-200 c=1396#
% t=529.02907 plus 27.0 minus 16.0 g=543.0 b=14 p=150 c=164#
% t=542.02907 plus 27.0 minus 16.0 g=543.0 b=0 p=50 c=50#
% t=592.23738 plus 30.0 minus 18.0 g=543.0 b=* p=0 c=*
 [81

]
%% goal height=543.0, max depth=4.0
% t=47.20831 plus 3.0 minus 2.0 g=543.0 b=10000 p=0 c=100000#
% t=69.70831 plus 6.0 minus 4.0 g=543.0 b=10000 p=200 c=100000#
% t=108.20831 plus 9.0 minus 6.0 g=543.0 b=10000 p=0 c=100000#
% t=128.70831 plus 12.0 minus 8.0 g=543.0 b=10000 p=150 c=100000#
% t=141.70831 plus 12.0 minus 8.0 g=543.0 b=10000 p=0 c=100000#
% t=154.70831 plus 12.0 minus 8.0 g=543.0 b=10000 p=150 c=100000#
% t=167.70831 plus 12.0 minus 8.0 g=543.0 b=10000 p=0 c=100000#
% t=180.70831 plus 13.0 minus 8.0 g=543.0 b=10000 p=150 c=100000#
% t=193.70831 plus 13.0 minus 8.0 g=543.0 b=10000 p=0 c=100000#
% t=206.70831 plus 13.0 minus 8.0 g=543.0 b=10000 p=0 c=100000#
% t=219.70831 plus 13.0 minus 8.0 g=543.0 b=10000 p=150 c=100000#
% t=232.70831 plus 13.0 minus 8.0 g=543.0 b=10000 p=0 c=100000#
% t=245.70831 plus 14.0 minus 8.0 g=543.0 b=10000 p=200 c=100000#
% t=281.70831 plus 17.0 minus 10.0 g=543.0 b=10000 p=0 c=100000#
% t=296.70831 plus 17.0 minus 10.0 g=543.0 b=10000 p=0 c=100000#
% t=311.70831 plus 17.0 minus 10.0 g=543.0 b=10000 p=0 c=100000#
% t=326.70831 plus 17.0 minus 10.0 g=543.0 b=10000 p=0 c=100000#
% t=349.70831 plus 20.0 minus 12.0 g=543.0 b=10000 p=150 c=100000#
% t=362.70831 plus 20.0 minus 12.0 g=543.0 b=10000 p=0 c=100000#
% t=375.70831 plus 20.0 minus 12.0 g=543.0 b=10000 p=50 c=100000#
% t=411.70831 plus 23.0 minus 14.0 g=543.0 b=10000 p=0 c=100000#
% t=426.70831 plus 23.0 minus 14.0 g=543.0 b=10000 p=0 c=100000#
% t=449.70831 plus 26.0 minus 16.0 g=543.0 b=4608 p=200 c=4808#
% t=485.70831 plus 29.0 minus 18.0 g=543.0 b=768 p=0 c=768#
% t=508.70831 plus 32.0 minus 20.0 g=543.0 b=123 p=150 c=273#
% t=521.70831 plus 32.0 minus 20.0 g=543.0 b=29 p=0 c=29#
% t=534.70831 plus 32.0 minus 20.0 g=543.0 b=2 p=0 c=2#
% t=547.70831 plus 32.0 minus 20.0 g=543.0 b=1 p=150 c=151
% t=560.70831 plus 32.0 minus 20.0 g=543.0 b=69 p=0 c=69
% t=573.70831 plus 33.0 minus 20.0 g=543.0 b=* p=150 c=*
 [82




]
%% goal height=543.0, max depth=4.0
% t=10.0 g=543.0 b=10000 p=150 c=100000#
% t=23.0 g=543.0 b=10000 p=0 c=100000#
% t=36.0 plus 1.0 g=543.0 b=10000 p=150 c=100000#
% t=49.0 plus 1.0 g=543.0 b=10000 p=50 c=100000#
% t=85.0 plus 4.0 minus 2.0 g=543.0 b=10000 p=0 c=100000#
% t=108.0 plus 7.0 minus 4.0 g=543.0 b=10000 p=300 c=100000#
% t=121.0 plus 7.0 minus 4.0 g=543.0 b=10000 p=0 c=100000#
% t=134.0 plus 8.0 minus 4.0 g=543.0 b=10000 p=150 c=100000#
% t=147.0 plus 8.0 minus 4.0 g=543.0 b=10000 p=50 c=100000#
% t=183.0 plus 11.0 minus 6.0 g=543.0 b=10000 p=0 c=100000#
% t=206.0 plus 14.0 minus 8.0 g=543.0 b=10000 p=150 c=100000#
% t=219.0 plus 14.0 minus 8.0 g=543.0 b=10000 p=0 c=100000#
% t=232.0 plus 14.0 minus 8.0 g=543.0 b=10000 p=150 c=100000#
% t=245.0 plus 14.0 minus 8.0 g=543.0 b=10000 p=0 c=100000#
% t=258.0 plus 15.0 minus 8.0 g=543.0 b=10000 p=200 c=100000#
% t=296.49825 plus 18.0 minus 10.0 g=543.0 b=10000 p=0 c=100000#
% t=317.0 plus 21.0 minus 12.0 g=543.0 b=10000 p=250 c=100000#
% t=330.0 plus 21.0 minus 12.0 g=543.0 b=10000 p=50 c=100000#
% t=366.0 plus 24.0 minus 14.0 g=543.0 b=10000 p=0 c=100000#
% t=389.0 plus 27.0 minus 16.0 g=543.0 b=10000 p=150 c=100000#
% t=402.0 plus 27.0 minus 16.0 g=543.0 b=10000 p=0 c=100000#
% t=415.0 plus 27.0 minus 16.0 g=543.0 b=10000 p=150 c=100000#
% t=428.0 plus 27.0 minus 16.0 g=543.0 b=7722 p=0 c=7722#
% t=441.0 plus 28.0 minus 16.0 g=543.0 b=4819 p=150 c=4969#
% t=454.0 plus 28.0 minus 16.0 g=543.0 b=3209 p=0 c=3209#
% t=467.0 plus 28.0 minus 16.0 g=543.0 b=1997 p=150 c=2147#
% t=480.0 plus 28.0 minus 16.0 g=543.0 b=1137 p=0 c=1137#
% t=493.0 plus 29.0 minus 16.0 g=543.0 b=512 p=150 c=662#
% t=506.0 plus 29.0 minus 16.0 g=543.0 b=206 p=0 c=206#
% t=519.0 plus 29.0 minus 16.0 g=543.0 b=56 p=0 c=56#
% t=532.0 plus 29.0 minus 16.0 g=543.0 b=5 p=0 c=5#
% t=545.0 plus 29.0 minus 16.0 g=543.0 b=0 p=50 c=50
% t=629.8585 plus 32.0 minus 18.0 g=543.0 b=* p=0 c=*
 [83


]
%% goal height=543.0, max depth=4.0
% t=10.0 g=543.0 b=10000 p=50 c=100000#
% t=94.8585 plus 3.0 minus 2.0 g=543.0 b=10000 p=0 c=100000#
% t=117.8585 plus 6.0 minus 4.0 g=543.0 b=10000 p=250 c=100000#
% t=130.8585 plus 6.0 minus 4.0 g=543.0 b=10000 p=0 c=100000#
% t=143.8585 plus 6.0 minus 4.0 g=543.0 b=10000 p=0 c=100000#
% t=156.8585 plus 6.0 minus 4.0 g=543.0 b=10000 p=0 c=100000#
% t=169.8585 plus 6.0 minus 4.0 g=543.0 b=10000 p=0 c=100000#
% t=182.8585 plus 6.0 minus 4.0 g=543.0 b=10000 p=150 c=100000#
% t=195.8585 plus 6.0 minus 4.0 g=543.0 b=10000 p=0 c=100000#
% t=208.8585 plus 7.0 minus 4.0 g=543.0 b=10000 p=150 c=100000#
% t=221.8585 plus 7.0 minus 4.0 g=543.0 b=10000 p=100 c=100000#
% t=234.8585 plus 7.0 minus 4.0 g=543.0 b=10000 p=0 c=100000#
% t=247.8585 plus 7.0 minus 4.0 g=543.0 b=10000 p=0 c=100000#
% t=260.8585 plus 7.0 minus 4.0 g=543.0 b=10000 p=150 c=100000#
% t=273.8585 plus 7.0 minus 4.0 g=543.0 b=10000 p=0 c=100000#
% t=286.8585 plus 8.0 minus 4.0 g=543.0 b=10000 p=150 c=100000#
% t=299.8585 plus 8.0 minus 4.0 g=543.0 b=10000 p=0 c=100000#
% t=312.8585 plus 8.0 minus 4.0 g=543.0 b=10000 p=0 c=100000#
% t=325.8585 plus 8.0 minus 4.0 g=543.0 b=10000 p=0 c=100000#
% t=338.8585 plus 8.0 minus 4.0 g=543.0 b=10000 p=150 c=100000#
% t=351.8585 plus 8.0 minus 4.0 g=543.0 b=10000 p=0 c=100000#
% t=385.8585 plus 12.0 minus 6.0 g=543.0 b=10000 p=0 c=100000#
% t=401.8585 plus 12.0 minus 6.0 g=543.0 b=10000 p=0 c=100000#
% t=414.8585 plus 12.0 minus 6.0 g=543.0 b=10000 p=0 c=100000#
% t=427.8585 plus 12.0 minus 6.0 g=543.0 b=10000 p=0 c=100000#
% t=440.8585 plus 12.0 minus 6.0 g=543.0 b=10000 p=0 c=100000#
% t=453.8585 plus 12.0 minus 6.0 g=543.0 b=10000 p=0 c=100000#
% t=466.8585 plus 12.0 minus 6.0 g=543.0 b=10000 p=0 c=100000#
% t=489.8585 plus 15.0 minus 8.0 g=543.0 b=4441 p=300 c=4741#
% t=502.8585 plus 15.0 minus 8.0 g=543.0 b=1910 p=0 c=1910#
% t=515.8585 plus 16.0 minus 8.0 g=543.0 b=485 p=150 c=635#
% t=528.8585 plus 16.0 minus 8.0 g=543.0 b=69 p=0 c=69#
% t=541.8585 plus 16.0 minus 8.0 g=543.0 b=0 p=0 c=0#
% t=554.8585 plus 16.0 minus 8.0 g=543.0 b=* p=0 c=*
 [84]
%% goal height=543.0, max depth=4.0
% t=10.0 g=543.0 b=10000 p=0 c=100000#
% t=23.0 g=543.0 b=10000 p=0 c=100000#
% t=36.0 g=543.0 b=10000 p=0 c=100000#
% t=49.0 g=543.0 b=10000 p=150 c=100000#
% t=62.0 g=543.0 b=10000 p=0 c=100000#
% t=75.0 plus 1.0 g=543.0 b=10000 p=150 c=100000#
% t=88.0 plus 1.0 g=543.0 b=10000 p=50 c=100000#
% t=132.00023 plus 4.0 minus 2.0 g=543.0 b=10000 p=0 c=100000#
% t=154.50023 plus 7.0 minus 4.0 g=543.0 b=10000 p=150 c=100000#
% t=167.50023 plus 7.0 minus 4.0 g=543.0 b=10000 p=0 c=100000#
% t=180.50023 plus 7.0 minus 4.0 g=543.0 b=10000 p=0 c=100000#
% t=193.50023 plus 7.0 minus 4.0 g=543.0 b=10000 p=50 c=100000#
% t=243.4449 plus 10.0 minus 6.0 g=543.0 b=10000 p=0 c=100000#
% t=261.9449 plus 13.0 minus 8.0 g=543.0 b=10000 p=150 c=100000#
% t=274.9449 plus 13.0 minus 8.0 g=543.0 b=10000 p=150 c=100000#
% t=287.9449 plus 13.0 minus 8.0 g=543.0 b=10000 p=0 c=100000#
% t=300.9449 plus 14.0 minus 8.0 g=543.0 b=10000 p=150 c=100000#
% t=313.9449 plus 14.0 minus 8.0 g=543.0 b=10000 p=0 c=100000#
% t=326.9449 plus 14.0 minus 8.0 g=543.0 b=10000 p=50 c=100000#
% t=376.88957 plus 17.0 minus 10.0 g=543.0 b=10000 p=0 c=100000#
% t=395.38957 plus 20.0 minus 12.0 g=543.0 b=10000 p=300 c=100000#
% t=408.38957 plus 20.0 minus 12.0 g=543.0 b=10000 p=0 c=100000#
% t=421.38957 plus 21.0 minus 12.0 g=543.0 b=10000 p=200 c=100000#
% t=471.33424 plus 24.0 minus 14.0 g=543.0 b=2653 p=0 c=2653#
% t=489.27869 plus 27.0 minus 16.0 g=543.0 b=783 p=150 c=933#
% t=502.27869 plus 27.0 minus 16.0 g=543.0 b=341 p=0 c=341#
% t=515.27869 plus 27.0 minus 16.0 g=543.0 b=107 p=0 c=107#
% t=528.27869 plus 27.0 minus 16.0 g=543.0 b=16 p=0 c=16#
% t=541.27869 plus 27.0 minus 16.0 g=543.0 b=0 p=150 c=150
% t=556.22313 plus 27.0 minus 16.0 g=543.0 b=56 p=-200 c=-144#
% t=606.27869 plus 29.0 minus 16.0 g=543.0 b=* p=150 c=*
 [85

]
%% goal height=543.0, max depth=4.0
% t=28.0 plus 1.0 g=543.0 b=10000 p=150 c=100000#
% t=41.0 plus 1.0 g=543.0 b=10000 p=0 c=100000#
% t=54.0 plus 1.0 g=543.0 b=10000 p=150 c=100000#
% t=67.0 plus 1.0 g=543.0 b=10000 p=0 c=100000#
% t=112.96594 plus 5.0 minus 2.0 g=543.0 b=10000 p=0 c=100000#
% t=137.27292 plus 8.0 minus 4.0 g=543.0 b=10000 p=200 c=100000#
% t=186.23886 plus 11.0 minus 6.0 g=543.0 b=10000 p=0 c=100000#
% t=216.70486 plus 11.0 minus 6.0 g=543.0 b=10000 p=0 c=100000#
% t=247.17087 plus 11.0 minus 6.0 g=543.0 b=10000 p=0 c=100000#
% t=277.63687 plus 11.0 minus 6.0 g=543.0 b=10000 p=0 c=100000#
% t=306.10287 plus 11.0 minus 6.0 g=543.0 b=10000 p=0 c=100000#
% t=328.04732 plus 14.0 minus 8.0 g=543.0 b=10000 p=150 c=100000#
% t=341.04732 plus 14.0 minus 8.0 g=543.0 b=10000 p=50 c=100000#
% t=392.51332 plus 17.0 minus 10.0 g=543.0 b=10000 p=0 c=100000#
% t=422.97932 plus 17.0 minus 10.0 g=543.0 b=10000 p=0 c=100000#
% t=453.44533 plus 17.0 minus 10.0 g=543.0 b=10000 p=0 c=100000#
% t=483.91133 plus 17.0 minus 10.0 g=543.0 b=4193 p=0 c=4193#
% t=507.15579 plus 17.0 minus 10.0 g=543.0 b=936 p=0 c=936#
% t=528.93684 plus 17.0 minus 10.0 g=543.0 b=56 p=0 c=56#
% t=551.93684 plus 21.0 minus 12.0 g=543.0 b=41 p=150 c=191
% t=564.93684 plus 21.0 minus 12.0 g=543.0 b=* p=50 c=*

[86

]
%% goal height=543.0, max depth=4.0
% t=10.0 g=543.0 b=10000 p=150 c=100000#
% t=23.0 g=543.0 b=10000 p=50 c=100000#
% t=72.96594 plus 3.0 minus 2.0 g=543.0 b=10000 p=0 c=100000#
% t=90.91039 plus 7.0 minus 4.0 g=543.0 b=10000 p=150 c=100000#
% t=104.2349 plus 7.0 minus 4.0 g=543.0 b=10000 p=50 c=100000#
% t=151.24536 plus 10.0 minus 6.0 g=543.0 b=10000 p=0 c=100000#
% t=179.08034 plus 10.0 minus 6.0 g=543.0 b=10000 p=0 c=100000#
% t=206.91531 plus 10.0 minus 6.0 g=543.0 b=10000 p=0 c=100000#
% t=228.85976 plus 14.0 minus 8.0 g=543.0 b=10000 p=250 c=100000#
% t=241.85976 plus 14.0 minus 8.0 g=543.0 b=10000 p=0 c=100000#
% t=254.85976 plus 14.0 minus 8.0 g=543.0 b=10000 p=0 c=100000#
% t=267.85976 plus 14.0 minus 8.0 g=543.0 b=10000 p=150 c=100000#
% t=323.7529 plus 17.0 minus 10.0 g=543.0 b=10000 p=0 c=100000#
% t=341.69734 plus 20.0 minus 12.0 g=543.0 b=10000 p=150 c=100000#
% t=354.69734 plus 20.0 minus 12.0 g=543.0 b=10000 p=0 c=100000#
% t=367.69734 plus 20.0 minus 12.0 g=543.0 b=10000 p=150 c=100000#
% t=380.69734 plus 20.0 minus 12.0 g=543.0 b=10000 p=0 c=100000#
% t=393.69734 plus 21.0 minus 12.0 g=543.0 b=10000 p=150 c=100000#
% t=406.69734 plus 21.0 minus 12.0 g=543.0 b=10000 p=50 c=100000#
% t=442.69734 plus 24.0 minus 14.0 g=543.0 b=7291 p=0 c=7291#
% t=465.69734 plus 27.0 minus 16.0 g=543.0 b=2343 p=150 c=2493#
% t=478.69734 plus 27.0 minus 16.0 g=543.0 b=1348 p=0 c=1348#
% t=491.69734 plus 27.0 minus 16.0 g=543.0 b=684 p=50 c=734#
% t=559.60773 plus 33.0 minus 20.0 g=543.0 b=57 p=-100 c=-43#
% t=572.60773 plus 34.0 minus 20.0 g=543.0 b=* p=200 c=*
 [87

]
%% goal height=543.0, max depth=4.0
% t=10.0 g=543.0 b=10000 p=200 c=100000#
% t=61.41046 plus 3.0 minus 2.0 g=543.0 b=10000 p=0 c=100000#
% t=79.9052 plus 6.0 minus 4.0 g=543.0 b=10000 p=300 c=100000#
% t=92.9052 plus 6.0 minus 4.0 g=543.0 b=10000 p=0 c=100000#
% t=105.9052 plus 7.0 minus 4.0 g=543.0 b=10000 p=200 c=100000#
% t=156.26178 plus 10.0 minus 6.0 g=543.0 b=10000 p=0 c=100000#
% t=187.09676 plus 10.0 minus 6.0 g=543.0 b=10000 p=0 c=100000#
% t=218.76353 plus 10.0 minus 6.0 g=543.0 b=10000 p=0 c=100000#
% t=240.70798 plus 13.0 minus 8.0 g=543.0 b=10000 p=150 c=100000#
% t=253.70798 plus 13.0 minus 8.0 g=543.0 b=10000 p=50 c=100000#
% t=291.70798 plus 16.0 minus 10.0 g=543.0 b=10000 p=0 c=100000#
% t=308.70798 plus 16.0 minus 10.0 g=543.0 b=10000 p=0 c=100000#
% t=331.70798 plus 19.0 minus 12.0 g=543.0 b=10000 p=300 c=100000#
% t=344.70798 plus 19.0 minus 12.0 g=543.0 b=10000 p=0 c=100000#
% t=357.70798 plus 20.0 minus 12.0 g=543.0 b=10000 p=200 c=100000#
% t=404.16295 plus 23.0 minus 14.0 g=543.0 b=10000 p=0 c=100000#
% t=419.18077 plus 23.0 minus 14.0 g=543.0 b=10000 p=0 c=100000#
% t=480.34749 plus 29.0 minus 18.0 g=543.0 b=1005 p=0 c=1005#
% t=498.29193 plus 32.0 minus 20.0 g=543.0 b=271 p=150 c=421#
% t=511.29193 plus 32.0 minus 20.0 g=543.0 b=97 p=0 c=97#
% t=524.29193 plus 32.0 minus 20.0 g=543.0 b=20 p=50 c=70#
% t=571.45865 plus 35.0 minus 22.0 g=543.0 b=* p=0 c=*
 [88

]
%% goal height=543.0, max depth=4.0
% t=44.16672 plus 3.0 minus 2.0 g=543.0 b=10000 p=0 c=100000#
% t=68.16672 plus 6.0 minus 4.0 g=543.0 b=10000 p=150 c=100000#
% t=81.16672 plus 6.0 minus 4.0 g=543.0 b=10000 p=0 c=100000#
% t=94.16672 plus 6.0 minus 4.0 g=543.0 b=10000 p=0 c=100000#
% t=107.16672 plus 6.0 minus 4.0 g=543.0 b=10000 p=50 c=100000#
% t=154.33344 plus 9.0 minus 6.0 g=543.0 b=10000 p=0 c=100000#
% t=199.27788 plus 15.0 minus 10.0 g=543.0 b=10000 p=0 c=100000#
% t=222.27788 plus 18.0 minus 12.0 g=543.0 b=10000 p=200 c=100000#
% t=258.27788 plus 21.0 minus 14.0 g=543.0 b=10000 p=0 c=100000#
% t=281.27788 plus 24.0 minus 16.0 g=543.0 b=10000 p=250 c=100000#
% t=294.27788 plus 24.0 minus 16.0 g=543.0 b=10000 p=0 c=100000#
% t=307.27788 plus 24.0 minus 16.0 g=543.0 b=10000 p=50 c=100000#
% t=345.77788 plus 27.0 minus 18.0 g=543.0 b=10000 p=0 c=100000#
% t=366.27788 plus 30.0 minus 20.0 g=543.0 b=10000 p=150 c=100000#
% t=379.27788 plus 30.0 minus 20.0 g=543.0 b=10000 p=0 c=100000#
% t=392.27788 plus 30.0 minus 20.0 g=543.0 b=10000 p=150 c=100000#
% t=405.27788 plus 30.0 minus 20.0 g=543.0 b=10000 p=0 c=100000#
% t=418.27788 plus 31.0 minus 20.0 g=543.0 b=6493 p=150 c=6643#
% t=431.27788 plus 31.0 minus 20.0 g=543.0 b=4673 p=0 c=4673#
% t=444.27788 plus 31.0 minus 20.0 g=543.0 b=3219 p=0 c=3219#
% t=457.27788 plus 31.0 minus 20.0 g=543.0 b=2111 p=0 c=2111#
% t=470.27788 plus 31.0 minus 20.0 g=543.0 b=1286 p=0 c=1286#
% t=483.27788 plus 31.0 minus 20.0 g=543.0 b=714 p=0 c=714#
% t=496.27788 plus 31.0 minus 20.0 g=543.0 b=341 p=150 c=491#
% t=509.27788 plus 31.0 minus 20.0 g=543.0 b=129 p=0 c=129#
% t=522.27788 plus 32.0 minus 20.0 g=543.0 b=27 p=150 c=177
% t=535.27788 plus 32.0 minus 20.0 g=543.0 b=1 p=0 c=1#
% t=548.27788 plus 32.0 minus 20.0 g=543.0 b=2 p=50 c=52
% t=600.74393 plus 35.0 minus 22.0 g=543.0 b=* p=0 c=*
 [89


]
%% goal height=543.0, max depth=4.0
% t=10.0 g=543.0 b=10000 p=50 c=100000#
% t=62.46605 plus 3.0 minus 2.0 g=543.0 b=10000 p=0 c=100000#
% t=84.41049 plus 6.0 minus 4.0 g=543.0 b=10000 p=150 c=100000#
% t=97.41049 plus 6.0 minus 4.0 g=543.0 b=10000 p=150 c=100000#
% t=110.41049 plus 6.0 minus 4.0 g=543.0 b=10000 p=0 c=100000#
% t=123.41049 plus 7.0 minus 4.0 g=543.0 b=10000 p=200 c=100000#
% t=169.91072 plus 10.0 minus 6.0 g=543.0 b=10000 p=0 c=100000#
% t=191.85516 plus 13.0 minus 8.0 g=543.0 b=10000 p=200 c=100000#
% t=230.71468 plus 16.0 minus 10.0 g=543.0 b=10000 p=0 c=100000#
% t=252.65912 plus 20.0 minus 12.0 g=543.0 b=10000 p=150 c=100000#
% t=265.65912 plus 20.0 minus 12.0 g=543.0 b=10000 p=0 c=100000#
% t=278.65912 plus 20.0 minus 12.0 g=543.0 b=10000 p=0 c=100000#
% t=291.65912 plus 20.0 minus 12.0 g=543.0 b=10000 p=0 c=100000#
% t=304.65912 plus 20.0 minus 12.0 g=543.0 b=10000 p=50 c=100000#
% t=343.51863 plus 23.0 minus 14.0 g=543.0 b=10000 p=0 c=100000#
% t=399.51184 plus 29.0 minus 18.0 g=543.0 b=10000 p=0 c=100000#
% t=422.01184 plus 32.0 minus 20.0 g=543.0 b=5388 p=0 c=5388#
% t=435.01184 plus 33.0 minus 20.0 g=543.0 b=3492 p=150 c=3642#
% t=448.01184 plus 33.0 minus 20.0 g=543.0 b=2376 p=50 c=2426#
% t=492.01207 plus 36.0 minus 22.0 g=543.0 b=283 p=0 c=283#
% t=513.95651 plus 39.0 minus 24.0 g=543.0 b=41 p=150 c=191#
% t=526.95651 plus 39.0 minus 24.0 g=543.0 b=7 p=50 c=57#
% t=573.45499 plus 42.0 minus 26.0 g=543.0 b=* p=0 c=*
 [90


]
%% goal height=543.0, max depth=4.0
% t=43.49847 plus 3.0 minus 2.0 g=543.0 b=10000 p=0 c=100000#
% t=99.49168 plus 9.0 minus 6.0 g=543.0 b=10000 p=0 c=100000#
% t=121.99168 plus 12.0 minus 8.0 g=543.0 b=10000 p=200 c=100000#
% t=165.99191 plus 15.0 minus 10.0 g=543.0 b=10000 p=0 c=100000#
% t=189.99191 plus 19.0 minus 12.0 g=543.0 b=10000 p=200 c=100000#
% t=235.93658 plus 22.0 minus 14.0 g=543.0 b=10000 p=0 c=100000#
% t=257.88103 plus 25.0 minus 16.0 g=543.0 b=10000 p=200 c=100000#
% t=301.88126 plus 28.0 minus 18.0 g=543.0 b=10000 p=0 c=100000#
% t=359.77037 plus 34.0 minus 22.0 g=543.0 b=10000 p=0 c=100000#
% t=386.30902 plus 34.0 minus 22.0 g=543.0 b=10000 p=0 c=100000#
% t=408.25346 plus 37.0 minus 24.0 g=543.0 b=4819 p=150 c=4969#
% t=421.25346 plus 37.0 minus 24.0 g=543.0 b=3557 p=50 c=3607#
% t=470.19814 plus 40.0 minus 26.0 g=543.0 b=601 p=0 c=601#
% t=500.19836 plus 40.0 minus 26.0 g=543.0 b=122 p=0 c=122#
% t=522.69836 plus 43.0 minus 28.0 g=543.0 b=10 p=300 c=310
% t=535.69836 plus 43.0 minus 28.0 g=543.0 b=0 p=0 c=0#
% t=590.09836 plus 47.0 minus 30.0 g=543.0 b=* p=0 c=*
 [91

]
%% goal height=543.0, max depth=4.0
% t=51.4 plus 3.0 minus 2.0 g=543.0 b=10000 p=0 c=100000#
% t=78.4 plus 3.0 minus 2.0 g=543.0 b=10000 p=0 c=100000#
% t=105.4 plus 3.0 minus 2.0 g=543.0 b=10000 p=0 c=100000#
% t=132.4 plus 3.0 minus 2.0 g=543.0 b=10000 p=-200 c=100000#
% t=181.64847 plus 9.0 minus 6.0 g=543.0 b=10000 p=0 c=100000#
% t=203.59291 plus 12.0 minus 8.0 g=543.0 b=10000 p=150 c=100000#
% t=216.59291 plus 12.0 minus 8.0 g=543.0 b=10000 p=0 c=100000#
% t=229.59291 plus 12.0 minus 8.0 g=543.0 b=10000 p=0 c=100000#
% t=242.59291 plus 12.0 minus 8.0 g=543.0 b=10000 p=0 c=100000#
% t=255.59291 plus 12.0 minus 8.0 g=543.0 b=10000 p=0 c=100000#
% t=268.59291 plus 12.0 minus 8.0 g=543.0 b=10000 p=0 c=100000#
% t=281.59291 plus 12.0 minus 8.0 g=543.0 b=10000 p=150 c=100000#
% t=294.59291 plus 12.0 minus 8.0 g=543.0 b=10000 p=0 c=100000#
% t=307.59291 plus 13.0 minus 8.0 g=543.0 b=10000 p=200 c=100000#
% t=351.59314 plus 16.0 minus 10.0 g=543.0 b=10000 p=0 c=100000#
% t=374.08788 plus 19.0 minus 12.0 g=543.0 b=10000 p=150 c=100000#
% t=387.08788 plus 19.0 minus 12.0 g=543.0 b=10000 p=50 c=100000#
% t=432.6569 plus 22.0 minus 14.0 g=543.0 b=10000 p=0 c=100000#
% t=464.65714 plus 22.0 minus 14.0 g=543.0 b=4505 p=0 c=4505#
% t=496.65736 plus 22.0 minus 14.0 g=543.0 b=931 p=0 c=931#
% t=520.7129 plus 22.0 minus 14.0 g=543.0 b=103 p=0 c=103#
% t=548.71313 plus 22.0 minus 14.0 g=543.0 b=7 p=0 c=7#
% t=570.65758 plus 25.0 minus 16.0 g=543.0 b=* p=400 c=*
 [92]
%% goal height=543.0, max depth=4.0
% t=10.0 g=543.0 b=10000 p=400 c=100000#
% t=23.0 g=543.0 b=10000 p=0 c=100000#
% t=36.0 plus 1.0 g=543.0 b=10000 p=150 c=100000#
% t=49.0 plus 1.0 g=543.0 b=10000 p=50 c=100000#
% t=93.00023 plus 4.0 minus 2.0 g=543.0 b=10000 p=0 c=100000#
% t=115.49496 plus 7.0 minus 4.0 g=543.0 b=10000 p=0 c=100000#
% t=128.49496 plus 8.0 minus 4.0 g=543.0 b=10000 p=200 c=100000#
% t=164.49496 plus 11.0 minus 6.0 g=543.0 b=10000 p=0 c=100000#
% t=187.49496 plus 15.0 minus 8.0 g=543.0 b=10000 p=150 c=100000#
% t=200.49496 plus 15.0 minus 8.0 g=543.0 b=10000 p=0 c=100000#
% t=213.49496 plus 15.0 minus 8.0 g=543.0 b=10000 p=150 c=100000#
% t=226.49496 plus 15.0 minus 8.0 g=543.0 b=10000 p=0 c=100000#
% t=239.49496 plus 16.0 minus 8.0 g=543.0 b=10000 p=150 c=100000#
% t=252.49496 plus 16.0 minus 8.0 g=543.0 b=10000 p=0 c=100000#
% t=265.49496 plus 16.0 minus 8.0 g=543.0 b=10000 p=150 c=100000#
% t=278.49496 plus 16.0 minus 8.0 g=543.0 b=10000 p=0 c=100000#
% t=291.49496 plus 17.0 minus 8.0 g=543.0 b=10000 p=150 c=100000#
% t=304.49496 plus 17.0 minus 8.0 g=543.0 b=10000 p=0 c=100000#
% t=317.49496 plus 17.0 minus 8.0 g=543.0 b=10000 p=0 c=100000#
% t=330.49496 plus 17.0 minus 8.0 g=543.0 b=10000 p=150 c=100000#
% t=343.49496 plus 17.0 minus 8.0 g=543.0 b=10000 p=0 c=100000#
% t=356.49496 plus 18.0 minus 8.0 g=543.0 b=10000 p=150 c=100000#
% t=369.49496 plus 18.0 minus 8.0 g=543.0 b=10000 p=50 c=100000#
% t=418.43964 plus 21.0 minus 10.0 g=543.0 b=10000 p=0 c=100000#
% t=448.43987 plus 21.0 minus 10.0 g=543.0 b=10000 p=0 c=100000#
% t=472.79945 plus 21.0 minus 10.0 g=543.0 b=3724 p=0 c=3724#
% t=495.29945 plus 24.0 minus 12.0 g=543.0 b=783 p=200 c=983#
% t=531.29945 plus 27.0 minus 14.0 g=543.0 b=8 p=0 c=8#
% t=554.29945 plus 31.0 minus 16.0 g=543.0 b=35 p=150 c=185
% t=567.29945 plus 31.0 minus 16.0 g=543.0 b=* p=50 c=*
 [93

]
%% goal height=543.0, max depth=4.0
% t=10.0 g=543.0 b=10000 p=150 c=100000#
% t=23.0 g=543.0 b=10000 p=50 c=100000#
% t=75.49854 plus 3.0 minus 2.0 g=543.0 b=10000 p=0 c=100000#
% t=126.92607 plus 9.0 minus 6.0 g=543.0 b=10000 p=0 c=100000#
% t=186.281 plus 16.0 minus 10.0 g=543.0 b=10000 p=0 c=100000#
% t=208.77574 plus 19.0 minus 12.0 g=543.0 b=10000 p=150 c=100000#
% t=221.77574 plus 19.0 minus 12.0 g=543.0 b=10000 p=0 c=100000#
% t=234.77574 plus 19.0 minus 12.0 g=543.0 b=10000 p=0 c=100000#
% t=247.77574 plus 19.0 minus 12.0 g=543.0 b=10000 p=150 c=100000#
% t=260.77574 plus 19.0 minus 12.0 g=543.0 b=10000 p=0 c=100000#
% t=273.77574 plus 20.0 minus 12.0 g=543.0 b=10000 p=200 c=100000#
% t=322.24179 plus 23.0 minus 14.0 g=543.0 b=10000 p=0 c=100000#
% t=346.36111 plus 23.0 minus 14.0 g=543.0 b=10000 p=0 c=100000#
% t=380.48044 plus 23.0 minus 14.0 g=543.0 b=10000 p=0 c=100000#
% t=400.48044 plus 26.0 minus 16.0 g=543.0 b=10000 p=200 c=100000#
% t=450.89093 plus 29.0 minus 18.0 g=543.0 b=3199 p=0 c=3199#
% t=472.83537 plus 32.0 minus 20.0 g=543.0 b=1052 p=300 c=1352#
% t=487.77982 plus 32.0 minus 20.0 g=543.0 b=512 p=-200 c=312#
% t=569.83537 plus 39.0 minus 24.0 g=543.0 b=* p=0 c=*
 [94

]
%% goal height=543.0, max depth=4.0
% t=60.0 plus 6.0 minus 4.0 g=543.0 b=10000 p=0 c=100000#
% t=73.0 plus 6.0 minus 4.0 g=543.0 b=10000 p=150 c=100000#
% t=86.0 plus 6.0 minus 4.0 g=543.0 b=10000 p=-100 c=100000#
% t=104.0 plus 9.0 minus 6.0 g=543.0 b=10000 p=150 c=100000#
% t=117.0 plus 9.0 minus 6.0 g=543.0 b=10000 p=150 c=100000#
% t=130.0 plus 9.0 minus 6.0 g=543.0 b=10000 p=-100 c=100000#
% t=148.0 plus 12.0 minus 8.0 g=543.0 b=10000 p=300 c=100000#
% t=161.0 plus 12.0 minus 8.0 g=543.0 b=10000 p=-100 c=100000#
% t=179.0 plus 15.0 minus 10.0 g=543.0 b=10000 p=300 c=100000#
% t=192.0 plus 15.0 minus 10.0 g=543.0 b=10000 p=-100 c=100000#
% t=210.0 plus 18.0 minus 12.0 g=543.0 b=10000 p=300 c=100000#
% t=223.0 plus 18.0 minus 12.0 g=543.0 b=10000 p=-100 c=100000#
% t=241.0 plus 21.0 minus 14.0 g=543.0 b=10000 p=150 c=100000#
% t=254.0 plus 21.0 minus 14.0 g=543.0 b=10000 p=150 c=100000#
% t=267.0 plus 21.0 minus 14.0 g=543.0 b=10000 p=-100 c=100000#
% t=308.0 plus 27.0 minus 18.0 g=543.0 b=10000 p=0 c=100000#
% t=323.0 plus 27.0 minus 18.0 g=543.0 b=10000 p=0 c=100000#
% t=346.0 plus 31.0 minus 20.0 g=543.0 b=10000 p=150 c=100000#
% t=359.0 plus 31.0 minus 20.0 g=543.0 b=10000 p=150 c=100000#
% t=372.0 plus 31.0 minus 20.0 g=543.0 b=10000 p=-100 c=100000#
% t=390.0 plus 34.0 minus 22.0 g=543.0 b=10000 p=250 c=100000#
% t=403.0 plus 34.0 minus 22.0 g=543.0 b=6978 p=0 c=6978#
% t=416.0 plus 34.0 minus 22.0 g=543.0 b=5203 p=0 c=5203#
% t=429.0 plus 34.0 minus 22.0 g=543.0 b=3758 p=50 c=3808#
% t=475.49847 plus 37.0 minus 24.0 g=543.0 b=604 p=0 c=604#
% t=497.99847 plus 40.0 minus 26.0 g=543.0 b=142 p=-100 c=42#
% t=567.94315 plus 49.0 minus 32.0 g=543.0 b=47 p=0 c=47
% t=590.44315 plus 52.0 minus 34.0 g=543.0 b=* p=-100 c=*
 [95

]
%% goal height=543.0, max depth=4.0
% t=60.94467 plus 6.0 minus 4.0 g=543.0 b=10000 p=0 c=100000#
% t=83.44467 plus 9.0 minus 6.0 g=543.0 b=10000 p=-100 c=100000#
% t=101.44467 plus 12.0 minus 8.0 g=543.0 b=10000 p=150 c=100000#
% t=114.44467 plus 12.0 minus 8.0 g=543.0 b=10000 p=150 c=100000#
% t=127.44467 plus 12.0 minus 8.0 g=543.0 b=10000 p=-100 c=100000#
% t=176.4449 plus 18.0 minus 12.0 g=543.0 b=10000 p=0 c=100000#
% t=198.9449 plus 21.0 minus 14.0 g=543.0 b=10000 p=150 c=100000#
% t=211.9449 plus 21.0 minus 14.0 g=543.0 b=10000 p=150 c=100000#
% t=224.9449 plus 21.0 minus 14.0 g=543.0 b=10000 p=-100 c=100000#
% t=242.9449 plus 24.0 minus 16.0 g=543.0 b=10000 p=150 c=100000#
% t=255.9449 plus 24.0 minus 16.0 g=543.0 b=10000 p=150 c=100000#
% t=268.9449 plus 24.0 minus 16.0 g=543.0 b=10000 p=-100 c=100000#
% t=309.9449 plus 30.0 minus 20.0 g=543.0 b=10000 p=0 c=100000#
% t=332.9449 plus 34.0 minus 22.0 g=543.0 b=10000 p=-100 c=100000#
% t=350.9449 plus 37.0 minus 24.0 g=543.0 b=10000 p=150 c=100000#
% t=363.9449 plus 37.0 minus 24.0 g=543.0 b=10000 p=150 c=100000#
% t=376.9449 plus 37.0 minus 24.0 g=543.0 b=10000 p=-100 c=100000#
% t=394.9449 plus 40.0 minus 26.0 g=543.0 b=5064 p=150 c=5214#
% t=408.26941 plus 40.0 minus 26.0 g=543.0 b=3815 p=150 c=3965#
% t=420.9449 plus 40.0 minus 26.0 g=543.0 b=2837 p=-100 c=2737#
% t=438.9449 plus 43.0 minus 28.0 g=543.0 b=1412 p=300 c=1712#
% t=451.9449 plus 43.0 minus 28.0 g=543.0 b=945 p=-100 c=845#
% t=488.9449 plus 49.0 minus 32.0 g=543.0 b=133 p=200 c=333#
% t=524.9449 plus 52.0 minus 34.0 g=543.0 b=4 p=0 c=4#
% t=547.9449 plus 55.0 minus 36.0 g=543.0 b=0 p=-100 c=-100#
% t=565.9449 plus 58.0 minus 38.0 g=543.0 b=22 p=300 c=322
% t=578.9449 plus 58.0 minus 38.0 g=543.0 b=84 p=-100 c=-16
% t=596.9449 plus 61.0 minus 40.0 g=543.0 b=* p=300 c=*
 [96]
%% goal height=543.0, max depth=4.0
% t=10.0 g=543.0 b=10000 p=300 c=100000#
% t=23.0 g=543.0 b=10000 p=-100 c=100000#
% t=41.0 plus 3.0 minus 2.0 g=543.0 b=10000 p=300 c=100000#
% t=54.0 plus 3.0 minus 2.0 g=543.0 b=10000 p=-100 c=100000#
% t=72.0 plus 6.0 minus 4.0 g=543.0 b=10000 p=-100 c=100000#
% t=113.0 plus 12.0 minus 8.0 g=543.0 b=10000 p=0 c=100000#
% t=136.0 plus 15.0 minus 10.0 g=543.0 b=10000 p=-100 c=100000#
% t=154.0 plus 18.0 minus 12.0 g=543.0 b=10000 p=150 c=100000#
% t=167.0 plus 18.0 minus 12.0 g=543.0 b=10000 p=0 c=100000#
% t=180.0 plus 18.0 minus 12.0 g=543.0 b=10000 p=0 c=100000#
% t=193.0 plus 18.0 minus 12.0 g=543.0 b=10000 p=150 c=100000#
% t=206.0 plus 18.0 minus 12.0 g=543.0 b=10000 p=-100 c=100000#
% t=224.0 plus 21.0 minus 14.0 g=543.0 b=10000 p=300 c=100000#
% t=237.0 plus 21.0 minus 14.0 g=543.0 b=10000 p=-100 c=100000#
% t=289.24458 plus 27.0 minus 18.0 g=543.0 b=10000 p=0 c=100000#
% t=314.68971 plus 31.0 minus 20.0 g=543.0 b=10000 p=300 c=100000#
% t=327.68971 plus 31.0 minus 20.0 g=543.0 b=10000 p=-100 c=100000#
% t=368.68971 plus 37.0 minus 24.0 g=543.0 b=10000 p=0 c=100000#
% t=383.68971 plus 37.0 minus 24.0 g=543.0 b=7963 p=0 c=7963#
% t=429.68971 plus 44.0 minus 28.0 g=543.0 b=1701 p=0 c=1701#
% t=475.68971 plus 51.0 minus 32.0 g=543.0 b=228 p=0 c=228#
% t=490.68971 plus 51.0 minus 32.0 g=543.0 b=107 p=0 c=107#
% t=513.68971 plus 54.0 minus 34.0 g=543.0 b=16 p=200 c=216
% t=558.56572 plus 57.0 minus 36.0 g=543.0 b=8 p=0 c=8#
% t=581.06572 plus 61.0 minus 38.0 g=543.0 b=* p=-100 c=*
 [97

]
%% goal height=543.0, max depth=4.0
% t=10.0 g=543.0 b=10000 p=-100 c=100000#
% t=28.0 plus 3.0 minus 2.0 g=543.0 b=10000 p=200 c=100000#
% t=73.01045 plus 6.0 minus 4.0 g=543.0 b=10000 p=0 c=100000#
% t=95.51045 plus 9.0 minus 6.0 g=543.0 b=10000 p=300 c=100000#
% t=108.51045 plus 9.0 minus 6.0 g=543.0 b=10000 p=-100 c=100000#
% t=145.51045 plus 15.0 minus 10.0 g=543.0 b=10000 p=200 c=100000#
% t=219.4549 plus 18.0 minus 12.0 g=543.0 b=10000 p=0 c=100000#
% t=242.4549 plus 22.0 minus 14.0 g=543.0 b=10000 p=0 c=100000#
% t=255.4549 plus 23.0 minus 14.0 g=543.0 b=10000 p=300 c=100000#
% t=268.4549 plus 23.0 minus 14.0 g=543.0 b=10000 p=-100 c=100000#
% t=286.4549 plus 26.0 minus 16.0 g=543.0 b=10000 p=0 c=100000#
% t=299.4549 plus 27.0 minus 16.0 g=543.0 b=10000 p=0 c=100000#
% t=312.4549 plus 28.0 minus 16.0 g=543.0 b=10000 p=-100 c=100000#
% t=330.4549 plus 31.0 minus 18.0 g=543.0 b=10000 p=-100 c=100000#
% t=385.16795 plus 37.0 minus 22.0 g=543.0 b=7740 p=0 c=7740#
% t=448.29436 plus 44.0 minus 26.0 g=543.0 b=995 p=0 c=995#
% t=470.2388 plus 47.0 minus 28.0 g=543.0 b=369 p=-100 c=269#
% t=527.86578 plus 53.0 minus 32.0 g=543.0 b=2 p=0 c=2#
% t=549.81023 plus 56.0 minus 34.0 g=543.0 b=1 p=300 c=301
% t=562.81023 plus 56.0 minus 34.0 g=543.0 b=20 p=-100 c=-80#
% t=581.67137 plus 59.0 minus 36.0 g=543.0 b=* p=150 c=*
 [98

]
%% goal height=543.0, max depth=4.0
% t=10.86115 g=543.0 b=10000 p=150 c=100000#
% t=24.36119 g=543.0 b=10000 p=150 c=100000#
% t=37.36119 g=543.0 b=10000 p=-100 c=100000#
% t=55.36119 plus 3.0 minus 2.0 g=543.0 b=10000 p=250 c=100000#
% t=68.36119 plus 3.0 minus 2.0 g=543.0 b=10000 p=50 c=100000#
% t=244.36119 plus 6.0 minus 4.0 g=543.0 b=10000 p=0 c=100000#
% t=294.86136 plus 13.0 minus 8.0 g=543.0 b=10000 p=0 c=100000#
% t=317.3561 plus 16.0 minus 10.0 g=543.0 b=10000 p=150 c=100000#
% t=330.3561 plus 16.0 minus 10.0 g=543.0 b=10000 p=150 c=100000#
% t=343.3561 plus 16.0 minus 10.0 g=543.0 b=10000 p=0 c=100000#
% t=356.3561 plus 17.0 minus 10.0 g=543.0 b=10000 p=200 c=100000#
% t=392.3561 plus 20.0 minus 12.0 g=543.0 b=10000 p=0 c=100000#
% t=415.3561 plus 23.0 minus 14.0 g=543.0 b=10000 p=-100 c=100000#
% t=452.3561 plus 29.0 minus 18.0 g=543.0 b=3049 p=150 c=3199#
% t=465.3561 plus 29.0 minus 18.0 g=543.0 b=1917 p=0 c=1917#
% t=478.3561 plus 29.0 minus 18.0 g=543.0 b=1107 p=150 c=1257#
% t=491.3561 plus 29.0 minus 18.0 g=543.0 b=562 p=-100 c=462#
% t=509.3561 plus 32.0 minus 20.0 g=543.0 b=116 p=300 c=416#
% t=522.3561 plus 32.0 minus 20.0 g=543.0 b=27 p=-500 c=-473#
% t=522.3561 plus 32.0 minus 20.0 g=543.0 b=27 p=-100 c=-73
% t=540.3561 plus 35.0 minus 22.0 g=543.0 b=0 p=300 c=300
% t=553.3561 plus 35.0 minus 22.0 g=543.0 b=10 p=-100 c=-90
% t=606.97766 plus 41.0 minus 26.0 g=543.0 b=* p=0 c=*
 [99

]
%% goal height=543.0, max depth=4.0
% t=10.0 g=543.0 b=10000 p=300 c=100000#
% t=23.0 g=543.0 b=10000 p=-100 c=100000#
% t=76.62157 plus 6.0 minus 4.0 g=543.0 b=10000 p=0 c=100000#
% t=102.0667 plus 9.0 minus 6.0 g=543.0 b=10000 p=200 c=100000#
% t=138.0667 plus 12.0 minus 8.0 g=543.0 b=10000 p=0 c=100000#
% t=187.0667 plus 19.0 minus 12.0 g=543.0 b=10000 p=0 c=100000#
% t=205.0667 plus 19.0 minus 12.0 g=543.0 b=10000 p=0 c=100000#
% t=228.0667 plus 22.0 minus 14.0 g=543.0 b=10000 p=-100 c=100000#
% t=247.68965 plus 25.0 minus 16.0 g=543.0 b=10000 p=150 c=100000#
% t=263.86823 plus 25.0 minus 16.0 g=543.0 b=10000 p=50 c=100000#
% t=302.86823 plus 28.0 minus 18.0 g=543.0 b=10000 p=0 c=100000#
% t=320.86823 plus 28.0 minus 18.0 g=543.0 b=10000 p=0 c=100000#
% t=343.86823 plus 31.0 minus 20.0 g=543.0 b=10000 p=-100 c=100000#
% t=391.90512 plus 37.0 minus 24.0 g=543.0 b=6792 p=0 c=6792#
% t=413.84956 plus 40.0 minus 26.0 g=543.0 b=3354 p=300 c=3654#
% t=426.84956 plus 40.0 minus 26.0 g=543.0 b=2443 p=0 c=2443#
% t=442.84956 plus 42.0 minus 27.0 g=543.0 b=1354 p=0 c=1354#
% t=458.84956 plus 44.0 minus 28.0 g=543.0 b=699 p=0 c=699#
% t=474.84956 plus 46.0 minus 29.0 g=543.0 b=325 p=0 c=325#
% t=490.84956 plus 48.0 minus 30.0 g=543.0 b=127 p=-100 c=27#
% t=531.84956 plus 54.0 minus 34.0 g=543.0 b=1 p=0 c=1#
% t=554.84956 plus 57.0 minus 36.0 g=543.0 b=3 p=-100 c=-97#
% t=572.84956 plus 60.0 minus 38.0 g=543.0 b=48 p=150 c=198
% t=585.84956 plus 60.0 minus 38.0 g=543.0 b=* p=50 c=*
 [100]
%% goal height=543.0, max depth=4.0
% t=10.0 g=543.0 b=10000 p=150 c=100000#
% t=23.0 g=543.0 b=10000 p=50 c=100000#
% t=59.0 plus 3.0 minus 2.0 g=543.0 b=10000 p=0 c=100000#
% t=100.0 plus 10.0 minus 6.0 g=543.0 b=10000 p=150 c=100000#
% t=113.0 plus 10.0 minus 6.0 g=543.0 b=10000 p=50 c=100000#
% t=149.0 plus 13.0 minus 8.0 g=543.0 b=10000 p=0 c=100000#
% t=195.0 plus 20.0 minus 12.0 g=543.0 b=10000 p=0 c=100000#
% t=210.0 plus 20.0 minus 12.0 g=543.0 b=10000 p=0 c=100000#
% t=259.0 plus 26.0 minus 16.0 g=543.0 b=10000 p=0 c=100000#
% t=282.95537 plus 29.0 minus 18.0 g=543.0 b=10000 p=300 c=100000#
% t=295.95537 plus 29.0 minus 18.0 g=543.0 b=10000 p=-100 c=100000#
% t=336.95537 plus 35.0 minus 22.0 g=543.0 b=10000 p=0 c=100000#
% t=359.95537 plus 38.0 minus 24.0 g=543.0 b=10000 p=150 c=100000#
% t=372.95537 plus 38.0 minus 24.0 g=543.0 b=10000 p=0 c=100000#
% t=385.95537 plus 38.0 minus 24.0 g=543.0 b=7047 p=50 c=7097#
% t=428.43846 plus 41.0 minus 26.0 g=543.0 b=2173 p=0 c=2173#
% t=450.93846 plus 45.0 minus 28.0 g=543.0 b=853 p=150 c=1003#
% t=463.93846 plus 45.0 minus 28.0 g=543.0 b=539 p=0 c=539#
% t=476.93846 plus 45.0 minus 28.0 g=543.0 b=316 p=0 c=316#
% t=489.93846 plus 45.0 minus 28.0 g=543.0 b=164 p=150 c=314#
)
*\end
% t=504.8829 plus 45.0 minus 28.0 g=543.0 b=60 p=0 c=60#
% t=504.8829 plus 45.0 plus 1.0fill minus 28.0 g=543.0 b=0 p=-1073741824 c=-107
3741824#
[101

]
Output written on chap3.pdf (35 pages).
