This is XeTeX, Version 3.14159265-2.6-0.99996 (TeX Live 2016/W32TeX) (preloaded format=xetex 2017.5.11)  30 MAR 2018 09:44
entering extended mode
 restricted \write18 enabled.
 %&-line parsing enabled.
**./chap1.tex
(./chap1.tex (./gkpmac.tex
\openout0 = `chap1.grf'.

 (./chap1.ref)
\openout1 = `chap1.ref'.

\openout2 = `chap1.ans'.

\openout3 = `chap1.inx'.

\openout4 = `chap1.bnx'.

) (./bib.ref)
%% goal height=543.0, max depth=4.0
% t=51.55556 g=543.0 b=10000 p=0 c=100000#
% t=142.10332 minus 5.0 g=543.0 b=10000 p=0 c=100000#
% t=155.10332 minus 5.0 g=543.0 b=10000 p=0 c=100000#
% t=171.10332 plus 2.0 minus 6.0 g=543.0 b=10000 p=150 c=100000#
% t=184.10332 plus 2.0 minus 6.0 g=543.0 b=10000 p=100 c=100000#
% t=197.10332 plus 2.0 minus 6.0 g=543.0 b=10000 p=0 c=100000#
% t=210.10332 plus 2.0 minus 6.0 g=543.0 b=10000 p=150 c=100000#
% t=225.04776 plus 2.0 minus 6.0 g=543.0 b=10000 p=-200 c=100000#
% t=275.10332 plus 4.0 minus 6.0 g=543.0 b=10000 p=150 c=100000#
% t=288.10332 plus 4.0 minus 6.0 g=543.0 b=10000 p=50 c=100000#
% t=424.5083 plus 7.0 minus 8.0 g=543.0 b=10000 p=0 c=100000#
% t=447.5083 plus 10.0 minus 10.0 g=543.0 b=10000 p=300 c=100000#
% t=460.5083 plus 10.0 minus 10.0 g=543.0 b=10000 p=0 c=100000#
% t=473.5083 plus 11.0 minus 10.0 g=543.0 b=10000 p=150 c=100000#
% t=486.5083 plus 11.0 minus 10.0 g=543.0 b=10000 p=0 c=100000#
% t=499.5083 plus 11.0 minus 10.0 g=543.0 b=6173 p=0 c=6173#
% t=512.5083 plus 11.0 minus 10.0 g=543.0 b=2126 p=0 c=2126#
% t=525.5083 plus 11.0 minus 10.0 g=543.0 b=401 p=0 c=401#
% t=538.5083 plus 11.0 minus 10.0 g=543.0 b=7 p=150 c=157#
% t=551.5083 plus 11.0 minus 10.0 g=543.0 b=61 p=0 c=61#
% t=564.5083 plus 12.0 minus 10.0 g=543.0 b=* p=150 c=*
 [1


]
%% goal height=543.0, max depth=4.0
% t=10.0 g=543.0 b=10000 p=150 c=100000#
% t=23.0 g=543.0 b=10000 p=0 c=100000#
% t=36.0 g=543.0 b=10000 p=150 c=100000#
% t=49.0 g=543.0 b=10000 p=0 c=100000#
% t=62.0 plus 1.0 g=543.0 b=10000 p=150 c=100000#
% t=75.0 plus 1.0 g=543.0 b=10000 p=150 c=100000#
% t=88.0 plus 1.0 g=543.0 b=10000 p=0 c=100000#
% t=101.0 plus 2.0 g=543.0 b=10000 p=150 c=100000#
% t=114.0 plus 2.0 g=543.0 b=10000 p=100 c=100000#
% t=127.0 plus 2.0 g=543.0 b=10000 p=0 c=100000#
% t=140.0 plus 2.0 g=543.0 b=10000 p=150 c=100000#
% t=153.0 plus 2.0 g=543.0 b=10000 p=0 c=100000#
% t=166.0 plus 3.0 g=543.0 b=10000 p=150 c=100000#
% t=179.0 plus 3.0 g=543.0 b=10000 p=0 c=100000#
% t=192.0 plus 3.0 g=543.0 b=10000 p=150 c=100000#
% t=205.0 plus 3.0 g=543.0 b=10000 p=0 c=100000#
% t=218.0 plus 4.0 g=543.0 b=10000 p=150 c=100000#
% t=231.0 plus 4.0 g=543.0 b=10000 p=0 c=100000#
% t=244.0 plus 4.0 g=543.0 b=10000 p=0 c=100000#
% t=257.0 plus 4.0 g=543.0 b=10000 p=150 c=100000#
% t=270.0 plus 4.0 g=543.0 b=10000 p=0 c=100000#
% t=283.0 plus 5.0 g=543.0 b=10000 p=150 c=100000#
% t=296.0 plus 5.0 g=543.0 b=10000 p=0 c=100000#
% t=309.0 plus 5.0 g=543.0 b=10000 p=0 c=100000#
% t=322.0 plus 5.0 g=543.0 b=10000 p=0 c=100000#
% t=335.0 plus 5.0 g=543.0 b=10000 p=0 c=100000#
% t=348.0 plus 5.0 g=543.0 b=10000 p=0 c=100000#
% t=361.0 plus 5.0 g=543.0 b=10000 p=50 c=100000#
% t=397.0 plus 8.0 minus 2.0 g=543.0 b=10000 p=0 c=100000#
% t=420.0 plus 11.0 minus 4.0 g=543.0 b=10000 p=150 c=100000#
% t=433.0 plus 11.0 minus 4.0 g=543.0 b=10000 p=150 c=100000#
% t=446.0 plus 11.0 minus 4.0 g=543.0 b=10000 p=0 c=100000#
% t=459.0 plus 12.0 minus 4.0 g=543.0 b=10000 p=150 c=100000#
% t=472.0 plus 12.0 minus 4.0 g=543.0 b=10000 p=0 c=100000#
% t=485.0 plus 12.0 minus 4.0 g=543.0 b=10000 p=0 c=100000#
% t=498.0 plus 12.0 minus 4.0 g=543.0 b=5260 p=0 c=5260#
% t=511.0 plus 12.0 minus 4.0 g=543.0 b=1895 p=50 c=1945#
% t=547.0 plus 15.0 minus 6.0 g=543.0 b=30 p=0 c=30#
% t=610.94444 plus 21.0 minus 10.0 g=543.0 b=* p=0 c=*
 [2

]
%% goal height=543.0, max depth=4.0
% t=50.94444 plus 3.0 minus 2.0 g=543.0 b=10000 p=0 c=100000#
% t=69.44444 plus 6.0 minus 4.0 g=543.0 b=10000 p=150 c=100000#
% t=82.44444 plus 6.0 minus 4.0 g=543.0 b=10000 p=0 c=100000#
% t=95.44444 plus 6.0 minus 4.0 g=543.0 b=10000 p=0 c=100000#
% t=108.44444 plus 6.0 minus 4.0 g=543.0 b=10000 p=150 c=100000#
% t=121.44444 plus 6.0 minus 4.0 g=543.0 b=10000 p=0 c=100000#
% t=134.44444 plus 7.0 minus 4.0 g=543.0 b=10000 p=150 c=100000#
% t=147.44444 plus 7.0 minus 4.0 g=543.0 b=10000 p=0 c=100000#
% t=160.44444 plus 7.0 minus 4.0 g=543.0 b=10000 p=0 c=100000#
% t=173.44444 plus 7.0 minus 4.0 g=543.0 b=10000 p=150 c=100000#
% t=186.44444 plus 7.0 minus 4.0 g=543.0 b=10000 p=0 c=100000#
% t=199.44444 plus 8.0 minus 4.0 g=543.0 b=10000 p=150 c=100000#
% t=212.44444 plus 8.0 minus 4.0 g=543.0 b=10000 p=0 c=100000#
% t=225.44444 plus 8.0 minus 4.0 g=543.0 b=10000 p=0 c=100000#
% t=238.44444 plus 8.0 minus 4.0 g=543.0 b=10000 p=0 c=100000#
% t=251.44444 plus 8.0 minus 4.0 g=543.0 b=10000 p=150 c=100000#
% t=264.44444 plus 8.0 minus 4.0 g=543.0 b=10000 p=0 c=100000#
% t=277.44444 plus 9.0 minus 4.0 g=543.0 b=10000 p=150 c=100000#
% t=290.44444 plus 9.0 minus 4.0 g=543.0 b=10000 p=0 c=100000#
% t=303.44444 plus 9.0 minus 4.0 g=543.0 b=10000 p=0 c=100000#
% t=316.44444 plus 9.0 minus 4.0 g=543.0 b=10000 p=50 c=100000#
% t=353.94443 plus 12.0 minus 6.0 g=543.0 b=10000 p=0 c=100000#
% t=375.44444 plus 15.0 minus 8.0 g=543.0 b=10000 p=0 c=100000#
% t=388.44444 plus 16.0 minus 8.0 g=543.0 b=10000 p=150 c=100000#
% t=401.44444 plus 16.0 minus 8.0 g=543.0 b=10000 p=0 c=100000#
% t=414.44444 plus 16.0 minus 8.0 g=543.0 b=10000 p=0 c=100000#
% t=427.44444 plus 16.0 minus 8.0 g=543.0 b=10000 p=0 c=100000#
% t=440.44444 plus 16.0 minus 8.0 g=543.0 b=10000 p=150 c=100000#
% t=453.44444 plus 16.0 minus 8.0 g=543.0 b=10000 p=0 c=100000#
% t=466.44444 plus 17.0 minus 8.0 g=543.0 b=10000 p=150 c=100000#
% t=479.44444 plus 17.0 minus 8.0 g=543.0 b=5217 p=0 c=5217#
% t=492.44444 plus 17.0 minus 8.0 g=543.0 b=2626 p=50 c=2676#
% t=528.44444 plus 20.0 minus 10.0 g=543.0 b=38 p=0 c=38#
% t=551.44444 plus 23.0 minus 12.0 g=543.0 b=34 p=0 c=34#
% t=564.44444 plus 24.0 minus 12.0 g=543.0 b=* p=150 c=*
 [3


]
%% goal height=543.0, max depth=4.0
% t=10.0 g=543.0 b=10000 p=150 c=100000#
% t=23.0 g=543.0 b=10000 p=0 c=100000#
% t=36.0 g=543.0 b=10000 p=0 c=100000#
% t=49.0 g=543.0 b=10000 p=0 c=100000#
% t=62.0 g=543.0 b=10000 p=150 c=100000#
% t=75.0 g=543.0 b=10000 p=0 c=100000#
% t=88.0 plus 1.0 g=543.0 b=10000 p=250 c=100000#
% t=101.0 plus 1.0 g=543.0 b=10000 p=150 c=100000#
% t=114.0 plus 1.0 g=543.0 b=10000 p=0 c=100000#
% t=130.0 plus 3.0 minus 1.0 g=543.0 b=10000 p=300 c=100000#
% t=143.0 plus 3.0 minus 1.0 g=543.0 b=10000 p=0 c=100000#
% t=156.0 plus 4.0 minus 1.0 g=543.0 b=10000 p=150 c=100000#
% t=169.0 plus 4.0 minus 1.0 g=543.0 b=10000 p=150 c=100000#
% t=182.0 plus 4.0 minus 1.0 g=543.0 b=10000 p=0 c=100000#
% t=195.0 plus 5.0 minus 1.0 g=543.0 b=10000 p=300 c=100000#
% t=208.0 plus 5.0 minus 1.0 g=543.0 b=10000 p=0 c=100000#
% t=224.0 plus 7.0 minus 2.0 g=543.0 b=10000 p=150 c=100000#
% t=237.0 plus 7.0 minus 2.0 g=543.0 b=10000 p=0 c=100000#
% t=250.0 plus 7.0 minus 2.0 g=543.0 b=10000 p=150 c=100000#
% t=263.0 plus 7.0 minus 2.0 g=543.0 b=10000 p=0 c=100000#
% t=276.0 plus 8.0 minus 2.0 g=543.0 b=10000 p=150 c=100000#
% t=289.0 plus 8.0 minus 2.0 g=543.0 b=10000 p=0 c=100000#
% t=302.0 plus 8.0 minus 2.0 g=543.0 b=10000 p=0 c=100000#
% t=315.0 plus 8.0 minus 2.0 g=543.0 b=10000 p=50 c=100000#
% t=365.5 plus 11.0 minus 4.0 g=543.0 b=10000 p=0 c=100000#
% t=432.5 plus 17.0 minus 8.0 g=543.0 b=10000 p=0 c=100000#
% t=450.44444 plus 20.0 minus 10.0 g=543.0 b=10000 p=300 c=100000#
% t=465.38889 plus 20.0 minus 10.0 g=543.0 b=5832 p=-200 c=5632#
% t=515.44444 plus 22.0 minus 10.0 g=543.0 b=196 p=150 c=346#
% t=528.44444 plus 22.0 minus 10.0 g=543.0 b=29 p=0 c=29#
% t=541.44444 plus 22.0 minus 10.0 g=543.0 b=0 p=0 c=0#
% t=554.44444 plus 22.0 minus 10.0 g=543.0 b=* p=150 c=*
 [4


]
%% goal height=543.0, max depth=4.0
% t=10.0 g=543.0 b=10000 p=150 c=100000#
% t=23.0 g=543.0 b=10000 p=0 c=100000#
% t=36.0 plus 1.0 g=543.0 b=10000 p=150 c=100000#
% t=49.0 plus 1.0 g=543.0 b=10000 p=50 c=100000#
% t=146.94444 plus 4.0 minus 2.0 g=543.0 b=10000 p=0 c=100000#
% t=169.94444 plus 7.0 minus 4.0 g=543.0 b=10000 p=0 c=100000#
% t=182.94444 plus 8.0 minus 4.0 g=543.0 b=10000 p=150 c=100000#
% t=195.94444 plus 8.0 minus 4.0 g=543.0 b=10000 p=0 c=100000#
% t=208.94444 plus 8.0 minus 4.0 g=543.0 b=10000 p=0 c=100000#
% t=221.94444 plus 8.0 minus 4.0 g=543.0 b=10000 p=0 c=100000#
% t=234.94444 plus 8.0 minus 4.0 g=543.0 b=10000 p=0 c=100000#
% t=247.94444 plus 8.0 minus 4.0 g=543.0 b=10000 p=0 c=100000#
% t=260.94444 plus 8.0 minus 4.0 g=543.0 b=10000 p=50 c=100000#
% t=346.88889 plus 11.0 minus 6.0 g=543.0 b=10000 p=0 c=100000#
% t=369.88889 plus 14.0 minus 8.0 g=543.0 b=10000 p=0 c=100000#
% t=382.88889 plus 15.0 minus 8.0 g=543.0 b=10000 p=150 c=100000#
% t=395.88889 plus 15.0 minus 8.0 g=543.0 b=10000 p=0 c=100000#
% t=408.88889 plus 15.0 minus 8.0 g=543.0 b=10000 p=0 c=100000#
% t=421.88889 plus 15.0 minus 8.0 g=543.0 b=10000 p=0 c=100000#
% t=434.88889 plus 15.0 minus 8.0 g=543.0 b=10000 p=0 c=100000#
% t=447.88889 plus 15.0 minus 8.0 g=543.0 b=10000 p=50 c=100000#
% t=483.88889 plus 18.0 minus 10.0 g=543.0 b=3536 p=0 c=3536#
% t=506.88889 plus 21.0 minus 12.0 g=543.0 b=506 p=150 c=656#
% t=519.88889 plus 21.0 minus 12.0 g=543.0 b=132 p=0 c=132#
% t=532.88889 plus 21.0 minus 12.0 g=543.0 b=11 p=0 c=11#
% t=545.88889 plus 21.0 minus 12.0 g=543.0 b=1 p=50 c=51
% t=600.38889 plus 24.0 minus 14.0 g=543.0 b=* p=0 c=*
 [5


]
%% goal height=543.0, max depth=4.0
% t=10.0 g=543.0 b=10000 p=50 c=100000#
% t=64.5 plus 3.0 minus 2.0 g=543.0 b=10000 p=0 c=100000#
% t=82.44444 plus 6.0 minus 4.0 g=543.0 b=10000 p=0 c=100000#
% t=95.44444 plus 7.0 minus 4.0 g=543.0 b=10000 p=150 c=100000#
% t=108.44444 plus 7.0 minus 4.0 g=543.0 b=10000 p=0 c=100000#
% t=121.44444 plus 7.0 minus 4.0 g=543.0 b=10000 p=50 c=100000#
% t=157.44444 plus 10.0 minus 6.0 g=543.0 b=10000 p=0 c=100000#
% t=172.44444 plus 10.0 minus 6.0 g=543.0 b=10000 p=0 c=100000#
% t=187.44444 plus 10.0 minus 6.0 g=543.0 b=10000 p=0 c=100000#
% t=207.99823 plus 10.0 minus 6.0 g=543.0 b=10000 p=0 c=100000#
% t=222.99823 plus 10.0 minus 6.0 g=543.0 b=10000 p=0 c=100000#
% t=239.99823 plus 10.0 minus 6.0 g=543.0 b=10000 p=0 c=100000#
% t=262.99823 plus 13.0 minus 8.0 g=543.0 b=10000 p=0 c=100000#
% t=275.99823 plus 14.0 minus 8.0 g=543.0 b=10000 p=150 c=100000#
% t=288.99823 plus 14.0 minus 8.0 g=543.0 b=10000 p=50 c=100000#
% t=339.39822 plus 17.0 minus 10.0 g=543.0 b=10000 p=0 c=100000#
% t=362.39822 plus 20.0 minus 12.0 g=543.0 b=10000 p=250 c=100000#
% t=375.39822 plus 20.0 minus 12.0 g=543.0 b=10000 p=150 c=100000#
% t=388.39822 plus 20.0 minus 12.0 g=543.0 b=10000 p=0 c=100000#
% t=401.39822 plus 21.0 minus 12.0 g=543.0 b=10000 p=200 c=100000#
% t=471.79822 plus 24.0 minus 14.0 g=543.0 b=2608 p=0 c=2608#
% t=494.79822 plus 27.0 minus 16.0 g=543.0 b=568 p=200 c=768#
% t=541.86198 plus 30.0 minus 18.0 g=543.0 b=0 p=0 c=0#
% t=597.98131 plus 36.0 minus 22.0 g=543.0 b=* p=0 c=*

[6


]
%% goal height=543.0, max depth=4.0
% t=46.11932 plus 3.0 minus 2.0 g=543.0 b=10000 p=0 c=100000#
% t=64.06377 plus 7.0 minus 4.0 g=543.0 b=10000 p=150 c=100000#
% t=77.06377 plus 7.0 minus 4.0 g=543.0 b=10000 p=0 c=100000#
% t=90.06377 plus 7.0 minus 4.0 g=543.0 b=10000 p=0 c=100000#
% t=103.06377 plus 7.0 minus 4.0 g=543.0 b=10000 p=50 c=100000#
% t=139.06377 plus 10.0 minus 6.0 g=543.0 b=10000 p=0 c=100000#
% t=162.06377 plus 13.0 minus 8.0 g=543.0 b=10000 p=0 c=100000#
% t=175.06377 plus 14.0 minus 8.0 g=543.0 b=10000 p=250 c=100000#
% t=188.06377 plus 14.0 minus 8.0 g=543.0 b=10000 p=0 c=100000#
% t=201.06377 plus 14.0 minus 8.0 g=543.0 b=10000 p=0 c=100000#
% t=214.06377 plus 14.0 minus 8.0 g=543.0 b=10000 p=0 c=100000#
% t=227.06377 plus 14.0 minus 8.0 g=543.0 b=10000 p=0 c=100000#
% t=240.06377 plus 14.0 minus 8.0 g=543.0 b=10000 p=0 c=100000#
% t=253.06377 plus 14.0 minus 8.0 g=543.0 b=10000 p=0 c=100000#
% t=266.06377 plus 14.0 minus 8.0 g=543.0 b=10000 p=0 c=100000#
% t=279.06377 plus 14.0 minus 8.0 g=543.0 b=10000 p=150 c=100000#
% t=292.06377 plus 14.0 minus 8.0 g=543.0 b=10000 p=0 c=100000#
% t=305.06377 plus 15.0 minus 8.0 g=543.0 b=10000 p=250 c=100000#
% t=318.06377 plus 15.0 minus 8.0 g=543.0 b=10000 p=0 c=100000#
% t=331.06377 plus 15.0 minus 8.0 g=543.0 b=10000 p=0 c=100000#
% t=344.06377 plus 15.0 minus 8.0 g=543.0 b=10000 p=0 c=100000#
% t=357.06377 plus 15.0 minus 8.0 g=543.0 b=10000 p=0 c=100000#
% t=370.06377 plus 15.0 minus 8.0 g=543.0 b=10000 p=150 c=100000#
% t=383.06377 plus 15.0 minus 8.0 g=543.0 b=10000 p=0 c=100000#
% t=396.06377 plus 16.0 minus 8.0 g=543.0 b=10000 p=150 c=100000#
% t=409.06377 plus 16.0 minus 8.0 g=543.0 b=10000 p=0 c=100000#
% t=422.06377 plus 16.0 minus 8.0 g=543.0 b=10000 p=0 c=100000#
% t=435.06377 plus 16.0 minus 8.0 g=543.0 b=10000 p=50 c=100000#
% t=541.00821 plus 19.0 minus 10.0 g=543.0 b=0 p=0 c=0#
% t=564.00821 plus 23.0 minus 12.0 g=543.0 b=* p=150 c=*
 [7



]
%% goal height=543.0, max depth=4.0
% t=10.0 g=543.0 b=10000 p=150 c=100000#
% t=23.0 g=543.0 b=10000 p=50 c=100000#
% t=120.94444 plus 3.0 minus 2.0 g=543.0 b=10000 p=0 c=100000#
% t=143.94444 plus 6.0 minus 4.0 g=543.0 b=10000 p=150 c=100000#
% t=156.94444 plus 6.0 minus 4.0 g=543.0 b=10000 p=0 c=100000#
% t=169.94444 plus 6.0 minus 4.0 g=543.0 b=10000 p=50 c=100000#
% t=205.94444 plus 9.0 minus 6.0 g=543.0 b=10000 p=0 c=100000#
% t=222.30835 plus 9.0 minus 6.0 g=543.0 b=10000 p=0 c=100000#
% t=266.94444 plus 15.0 minus 10.0 g=543.0 b=10000 p=0 c=100000#
% t=281.94444 plus 15.0 minus 10.0 g=543.0 b=10000 p=0 c=100000#
% t=304.94444 plus 18.0 minus 12.0 g=543.0 b=10000 p=150 c=100000#
% t=317.94444 plus 18.0 minus 12.0 g=543.0 b=10000 p=0 c=100000#
% t=330.94444 plus 18.0 minus 12.0 g=543.0 b=10000 p=150 c=100000#
% t=346.44444 plus 18.0 minus 12.0 g=543.0 b=10000 p=-200 c=100000#
% t=395.94444 plus 20.0 minus 12.0 g=543.0 b=10000 p=150 c=100000#
% t=408.94444 plus 20.0 minus 12.0 g=543.0 b=10000 p=0 c=100000#
% t=421.94444 plus 20.0 minus 12.0 g=543.0 b=10000 p=100 c=100000#
% t=434.94444 plus 20.0 minus 12.0 g=543.0 b=10000 p=0 c=100000#
% t=447.94444 plus 20.0 minus 12.0 g=543.0 b=10000 p=0 c=100000#
% t=460.94444 plus 20.0 minus 12.0 g=543.0 b=6893 p=0 c=6893#
% t=473.94444 plus 20.0 minus 12.0 g=543.0 b=4108 p=0 c=4108#
% t=486.94444 plus 20.0 minus 12.0 g=543.0 b=2197 p=150 c=2347#
% t=499.94444 plus 20.0 minus 12.0 g=543.0 b=995 p=0 c=995#
% t=512.94444 plus 21.0 minus 12.0 g=543.0 b=293 p=150 c=443#
% t=525.94444 plus 21.0 minus 12.0 g=543.0 b=53 p=50 c=103#
% t=615.88889 plus 24.0 minus 14.0 g=543.0 b=* p=0 c=*
 [8




]
%% goal height=543.0, max depth=4.0
% t=86.94444 plus 3.0 minus 2.0 g=543.0 b=10000 p=0 c=100000#
% t=109.94444 plus 6.0 minus 4.0 g=543.0 b=10000 p=300 c=100000#
% t=122.94444 plus 6.0 minus 4.0 g=543.0 b=10000 p=0 c=100000#
% t=135.94444 plus 7.0 minus 4.0 g=543.0 b=10000 p=150 c=100000#
% t=148.94444 plus 7.0 minus 4.0 g=543.0 b=10000 p=50 c=100000#
% t=201.28888 plus 10.0 minus 6.0 g=543.0 b=10000 p=0 c=100000#
% t=224.28888 plus 13.0 minus 8.0 g=543.0 b=10000 p=150 c=100000#
% t=237.28888 plus 13.0 minus 8.0 g=543.0 b=10000 p=0 c=100000#
% t=250.28888 plus 13.0 minus 8.0 g=543.0 b=10000 p=0 c=100000#
% t=263.28888 plus 13.0 minus 8.0 g=543.0 b=10000 p=0 c=100000#
% t=276.28888 plus 13.0 minus 8.0 g=543.0 b=10000 p=150 c=100000#
% t=289.28888 plus 13.0 minus 8.0 g=543.0 b=10000 p=0 c=100000#
% t=302.28888 plus 14.0 minus 8.0 g=543.0 b=10000 p=300 c=100000#
% t=390.23332 plus 17.0 minus 10.0 g=543.0 b=10000 p=0 c=100000#
% t=413.23332 plus 20.0 minus 12.0 g=543.0 b=10000 p=200 c=100000#
% t=449.23332 plus 23.0 minus 14.0 g=543.0 b=6758 p=0 c=6758#
% t=495.23332 plus 29.0 minus 18.0 g=543.0 b=446 p=0 c=446#
% t=518.23332 plus 32.0 minus 20.0 g=543.0 b=46 p=0 c=46#
% t=531.23332 plus 33.0 minus 20.0 g=543.0 b=4 p=200 c=204
% t=619.17776 plus 36.0 minus 22.0 g=543.0 b=* p=0 c=*
 [9



]
%% goal height=543.0, max depth=4.0
% t=10.0 g=543.0 b=10000 p=200 c=100000#
% t=97.94444 plus 3.0 minus 2.0 g=543.0 b=10000 p=0 c=100000#
% t=120.94444 plus 6.0 minus 4.0 g=543.0 b=10000 p=200 c=100000#
% t=156.94444 plus 9.0 minus 6.0 g=543.0 b=10000 p=0 c=100000#
% t=179.94444 plus 12.0 minus 8.0 g=543.0 b=10000 p=200 c=100000#
% t=246.94444 plus 15.0 minus 10.0 g=543.0 b=10000 p=0 c=100000#
% t=265.43918 plus 18.0 minus 12.0 g=543.0 b=10000 p=150 c=100000#
% t=278.43918 plus 18.0 minus 12.0 g=543.0 b=10000 p=0 c=100000#
% t=291.43918 plus 18.0 minus 12.0 g=543.0 b=10000 p=0 c=100000#
% t=304.43918 plus 18.0 minus 12.0 g=543.0 b=10000 p=150 c=100000#
% t=317.43918 plus 18.0 minus 12.0 g=543.0 b=10000 p=0 c=100000#
% t=330.43918 plus 19.0 minus 12.0 g=543.0 b=10000 p=200 c=100000#
% t=382.78362 plus 22.0 minus 14.0 g=543.0 b=10000 p=0 c=100000#
% t=405.78362 plus 25.0 minus 16.0 g=543.0 b=10000 p=150 c=100000#
% t=418.78362 plus 25.0 minus 16.0 g=543.0 b=10000 p=0 c=100000#
% t=431.78362 plus 25.0 minus 16.0 g=543.0 b=10000 p=0 c=100000#
% t=444.78362 plus 25.0 minus 16.0 g=543.0 b=6047 p=50 c=6097#
% t=483.28186 plus 28.0 minus 18.0 g=543.0 b=968 p=0 c=968#
% t=503.78362 plus 31.0 minus 20.0 g=543.0 b=201 p=300 c=501#
% t=516.78362 plus 31.0 minus 20.0 g=543.0 b=60 p=0 c=60#
% t=529.78362 plus 32.0 minus 20.0 g=543.0 b=7 p=150 c=157
% t=542.78362 plus 32.0 minus 20.0 g=543.0 b=0 p=0 c=0#
% t=555.78362 plus 32.0 minus 20.0 g=543.0 b=26 p=0 c=26
% t=568.78362 plus 32.0 minus 20.0 g=543.0 b=* p=50 c=*
 [10

]
%% goal height=543.0, max depth=4.0
% t=10.0 g=543.0 b=10000 p=0 c=100000#
% t=23.0 g=543.0 b=10000 p=50 c=100000#
% t=59.0 plus 3.0 minus 2.0 g=543.0 b=10000 p=0 c=100000#
% t=82.0 plus 6.0 minus 4.0 g=543.0 b=10000 p=150 c=100000#
% t=95.0 plus 6.0 minus 4.0 g=543.0 b=10000 p=50 c=100000#
% t=131.0 plus 9.0 minus 6.0 g=543.0 b=10000 p=0 c=100000#
% t=154.0 plus 12.0 minus 8.0 g=543.0 b=10000 p=0 c=100000#
% t=167.0 plus 13.0 minus 8.0 g=543.0 b=10000 p=300 c=100000#
% t=180.0 plus 13.0 minus 8.0 g=543.0 b=10000 p=0 c=100000#
% t=193.0 plus 14.0 minus 8.0 g=543.0 b=10000 p=150 c=100000#
% t=206.0 plus 14.0 minus 8.0 g=543.0 b=10000 p=0 c=100000#
% t=219.0 plus 14.0 minus 8.0 g=543.0 b=10000 p=0 c=100000#
% t=232.0 plus 14.0 minus 8.0 g=543.0 b=10000 p=0 c=100000#
% t=245.0 plus 14.0 minus 8.0 g=543.0 b=10000 p=0 c=100000#
% t=258.0 plus 14.0 minus 8.0 g=543.0 b=10000 p=150 c=100000#
% t=271.0 plus 14.0 minus 8.0 g=543.0 b=10000 p=0 c=100000#
% t=284.0 plus 15.0 minus 8.0 g=543.0 b=10000 p=150 c=100000#
% t=297.0 plus 15.0 minus 8.0 g=543.0 b=10000 p=50 c=100000#
% t=333.0 plus 18.0 minus 10.0 g=543.0 b=10000 p=0 c=100000#
% t=379.0 plus 24.0 minus 14.0 g=543.0 b=10000 p=0 c=100000#
% t=402.0 plus 27.0 minus 16.0 g=543.0 b=10000 p=200 c=100000#
% t=438.0 plus 30.0 minus 18.0 g=543.0 b=4279 p=0 c=4279#
% t=453.0 plus 30.0 minus 18.0 g=543.0 b=2698 p=0 c=2698#
% t=468.0 plus 30.0 minus 18.0 g=543.0 b=1558 p=0 c=1558#
% t=483.0 plus 30.0 minus 18.0 g=543.0 b=800 p=0 c=800#
% t=498.0 plus 30.0 minus 18.0 g=543.0 b=336 p=0 c=336#
% t=521.0 plus 33.0 minus 20.0 g=543.0 b=30 p=200 c=230#
% t=560.50006 plus 36.0 minus 22.0 g=543.0 b=50 p=0 c=50#
% t=580.0 plus 39.0 minus 24.0 g=543.0 b=* p=150 c=*
 [11


]
%% goal height=543.0, max depth=4.0
% t=10.0 g=543.0 b=10000 p=150 c=100000#
% t=23.0 g=543.0 b=10000 p=0 c=100000#
% t=36.0 g=543.0 b=10000 p=0 c=100000#
% t=49.0 g=543.0 b=10000 p=150 c=100000#
% t=62.0 g=543.0 b=10000 p=0 c=100000#
% t=75.0 plus 1.0 g=543.0 b=10000 p=150 c=100000#
% t=88.0 plus 1.0 g=543.0 b=10000 p=0 c=100000#
% t=101.0 plus 1.0 g=543.0 b=10000 p=0 c=100000#
% t=114.0 plus 1.0 g=543.0 b=10000 p=0 c=100000#
% t=127.0 plus 1.0 g=543.0 b=10000 p=0 c=100000#
% t=140.0 plus 1.0 g=543.0 b=10000 p=0 c=100000#
% t=153.0 plus 1.0 g=543.0 b=10000 p=150 c=100000#
% t=166.0 plus 1.0 g=543.0 b=10000 p=0 c=100000#
% t=179.0 plus 2.0 g=543.0 b=10000 p=150 c=100000#
% t=192.0 plus 2.0 g=543.0 b=10000 p=0 c=100000#
% t=205.0 plus 2.0 g=543.0 b=10000 p=0 c=100000#
% t=218.0 plus 2.0 g=543.0 b=10000 p=0 c=100000#
% t=231.0 plus 2.0 g=543.0 b=10000 p=50 c=100000#
% t=279.82628 plus 5.0 minus 2.0 g=543.0 b=10000 p=0 c=100000#
% t=340.13695 plus 11.0 minus 6.0 g=543.0 b=10000 p=0 c=100000#
% t=363.13695 plus 14.0 minus 8.0 g=543.0 b=10000 p=0 c=100000#
% t=376.13695 plus 15.0 minus 8.0 g=543.0 b=10000 p=150 c=100000#
% t=389.13695 plus 15.0 minus 8.0 g=543.0 b=10000 p=50 c=100000#
% t=428.13695 plus 18.0 minus 10.0 g=543.0 b=10000 p=0 c=100000#
% t=446.13695 plus 18.0 minus 10.0 g=543.0 b=10000 p=0 c=100000#
% t=464.13695 plus 18.0 minus 10.0 g=543.0 b=10000 p=0 c=100000#
% t=487.13695 plus 21.0 minus 12.0 g=543.0 b=1881 p=150 c=2031#
% t=500.13695 plus 21.0 minus 12.0 g=543.0 b=849 p=0 c=849#
% t=513.13695 plus 21.0 minus 12.0 g=543.0 b=287 p=0 c=287#
% t=526.13695 plus 21.0 minus 12.0 g=543.0 b=51 p=50 c=101#
% t=620.03519 plus 24.0 minus 14.0 g=543.0 b=* p=0 c=*
 [12


]
%% goal height=543.0, max depth=4.0
% t=90.89824 plus 3.0 minus 2.0 g=543.0 b=10000 p=0 c=100000#
% t=113.89824 plus 6.0 minus 4.0 g=543.0 b=10000 p=150 c=100000#
% t=126.89824 plus 6.0 minus 4.0 g=543.0 b=10000 p=250 c=100000#
% t=139.89824 plus 6.0 minus 4.0 g=543.0 b=10000 p=0 c=100000#
% t=152.89824 plus 7.0 minus 4.0 g=543.0 b=10000 p=250 c=100000#
% t=165.89824 plus 7.0 minus 4.0 g=543.0 b=10000 p=0 c=100000#
% t=178.89824 plus 7.0 minus 4.0 g=543.0 b=10000 p=0 c=100000#
% t=191.89824 plus 7.0 minus 4.0 g=543.0 b=10000 p=0 c=100000#
% t=204.89824 plus 7.0 minus 4.0 g=543.0 b=10000 p=50 c=100000#
% t=275.89824 plus 10.0 minus 6.0 g=543.0 b=10000 p=0 c=100000#
% t=294.39824 plus 13.0 minus 8.0 g=543.0 b=10000 p=150 c=100000#
% t=307.39824 plus 13.0 minus 8.0 g=543.0 b=10000 p=50 c=100000#
% t=478.99821 plus 16.0 minus 10.0 g=543.0 b=6396 p=0 c=6396#
% t=496.94266 plus 19.0 minus 12.0 g=543.0 b=1418 p=150 c=1568#
% t=509.94266 plus 19.0 minus 12.0 g=543.0 b=524 p=50 c=574#
% t=548.4409 plus 22.0 minus 14.0 g=543.0 b=6 p=0 c=6#
% t=591.94266 plus 28.0 minus 18.0 g=543.0 b=* p=0 c=*
 [13

]
%% goal height=543.0, max depth=4.0
% t=33.0 plus 3.0 minus 2.0 g=543.0 b=10000 p=0 c=100000#
% t=50.49825 plus 3.0 minus 2.0 g=543.0 b=10000 p=0 c=100000#
% t=63.0 plus 3.0 minus 2.0 g=543.0 b=10000 p=0 c=100000#
% t=86.0 plus 6.0 minus 4.0 g=543.0 b=10000 p=0 c=100000#
% t=99.0 plus 7.0 minus 4.0 g=543.0 b=10000 p=150 c=100000#
% t=112.0 plus 7.0 minus 4.0 g=543.0 b=10000 p=0 c=100000#
% t=125.0 plus 7.0 minus 4.0 g=543.0 b=10000 p=0 c=100000#
% t=138.0 plus 7.0 minus 4.0 g=543.0 b=10000 p=50 c=100000#
% t=174.0 plus 10.0 minus 6.0 g=543.0 b=10000 p=0 c=100000#
% t=189.0 plus 10.0 minus 6.0 g=543.0 b=10000 p=0 c=100000#
% t=204.0 plus 10.0 minus 6.0 g=543.0 b=10000 p=0 c=100000#
% t=227.0 plus 13.0 minus 8.0 g=543.0 b=10000 p=0 c=100000#
% t=240.0 plus 14.0 minus 8.0 g=543.0 b=10000 p=250 c=100000#
% t=253.0 plus 14.0 minus 8.0 g=543.0 b=10000 p=50 c=100000#
% t=289.0 plus 17.0 minus 10.0 g=543.0 b=10000 p=0 c=100000#
% t=304.0 plus 17.0 minus 10.0 g=543.0 b=10000 p=0 c=100000#
% t=319.0 plus 17.0 minus 10.0 g=543.0 b=10000 p=0 c=100000#
% t=342.0 plus 20.0 minus 12.0 g=543.0 b=10000 p=200 c=100000#
% t=378.0 plus 23.0 minus 14.0 g=543.0 b=10000 p=0 c=100000#
% t=393.0 plus 23.0 minus 14.0 g=543.0 b=10000 p=0 c=100000#
% t=408.0 plus 23.0 minus 14.0 g=543.0 b=10000 p=0 c=100000#
% t=431.0 plus 26.0 minus 16.0 g=543.0 b=7981 p=150 c=8131#
% t=444.0 plus 26.0 minus 16.0 g=543.0 b=5504 p=0 c=5504#
% t=457.0 plus 26.0 minus 16.0 g=543.0 b=3612 p=150 c=3762#
% t=470.0 plus 26.0 minus 16.0 g=543.0 b=2205 p=0 c=2205#
% t=483.0 plus 27.0 minus 16.0 g=543.0 b=1097 p=200 c=1297#
% t=519.0 plus 30.0 minus 18.0 g=543.0 b=51 p=0 c=51#
% t=534.0 plus 30.0 minus 18.0 g=543.0 b=3 p=0 c=3#
% t=549.0 plus 30.0 minus 18.0 g=543.0 b=4 p=-10 c=-6#
% t=572.0 plus 33.0 minus 20.0 g=543.0 b=* p=400 c=*
 [14


]
%% goal height=543.0, max depth=4.0
% t=10.0 g=543.0 b=10000 p=400 c=100000#
% t=23.0 g=543.0 b=10000 p=0 c=100000#
% t=36.0 plus 1.0 g=543.0 b=10000 p=250 c=100000#
% t=49.0 plus 1.0 g=543.0 b=10000 p=0 c=100000#
% t=62.0 plus 1.0 g=543.0 b=10000 p=0 c=100000#
% t=75.0 plus 1.0 g=543.0 b=10000 p=0 c=100000#
% t=88.0 plus 1.0 g=543.0 b=10000 p=0 c=100000#
% t=101.0 plus 1.0 g=543.0 b=10000 p=150 c=100000#
% t=114.0 plus 1.0 g=543.0 b=10000 p=0 c=100000#
% t=150.0 plus 5.0 minus 2.0 g=543.0 b=10000 p=0 c=100000#
% t=173.0 plus 8.0 minus 4.0 g=543.0 b=10000 p=0 c=100000#
% t=227.5 plus 12.0 minus 6.0 g=543.0 b=10000 p=0 c=100000#
% t=268.44444 plus 18.0 minus 10.0 g=543.0 b=10000 p=0 c=100000#
% t=283.44444 plus 18.0 minus 10.0 g=543.0 b=10000 p=0 c=100000#
% t=305.00005 plus 18.0 minus 10.0 g=543.0 b=10000 p=0 c=100000#
% t=320.00005 plus 18.0 minus 10.0 g=543.0 b=10000 p=0 c=100000#
% t=335.00005 plus 18.0 minus 10.0 g=543.0 b=10000 p=0 c=100000#
% t=358.00005 plus 21.0 minus 12.0 g=543.0 b=10000 p=200 c=100000#
% t=397.5001 plus 24.0 minus 14.0 g=543.0 b=10000 p=0 c=100000#
% t=417.00005 plus 27.0 minus 16.0 g=543.0 b=10000 p=200 c=100000#
% t=558.14447 plus 30.0 minus 18.0 g=543.0 b=59 p=0 c=59#
% t=581.14447 plus 34.0 minus 20.0 g=543.0 b=* p=200 c=*
 [15



]
%% goal height=543.0, max depth=4.0
% t=10.0 g=543.0 b=10000 p=200 c=100000#
% t=81.34444 plus 3.0 minus 2.0 g=543.0 b=10000 p=0 c=100000#
% t=104.34444 plus 6.0 minus 4.0 g=543.0 b=10000 p=200 c=100000#
% t=140.34444 plus 9.0 minus 6.0 g=543.0 b=10000 p=0 c=100000#
% t=163.34444 plus 13.0 minus 8.0 g=543.0 b=10000 p=150 c=100000#
% t=176.34444 plus 13.0 minus 8.0 g=543.0 b=10000 p=50 c=100000#
% t=225.66362 plus 16.0 minus 10.0 g=543.0 b=10000 p=0 c=100000#
% t=243.60806 plus 19.0 minus 12.0 g=543.0 b=10000 p=200 c=100000#
% t=283.10812 plus 22.0 minus 14.0 g=543.0 b=10000 p=0 c=100000#
% t=325.60806 plus 28.0 minus 18.0 g=543.0 b=10000 p=0 c=100000#
% t=340.60806 plus 28.0 minus 18.0 g=543.0 b=10000 p=0 c=100000#
% t=355.60806 plus 28.0 minus 18.0 g=543.0 b=10000 p=0 c=100000#
% t=370.60806 plus 28.0 minus 18.0 g=543.0 b=10000 p=0 c=100000#
% t=385.60806 plus 28.0 minus 18.0 g=543.0 b=10000 p=0 c=100000#
% t=408.60806 plus 31.0 minus 20.0 g=543.0 b=8132 p=150 c=8282#
% t=421.60806 plus 31.0 minus 20.0 g=543.0 b=6001 p=100 c=6101#
% t=434.60806 plus 31.0 minus 20.0 g=543.0 b=4266 p=50 c=4316#
% t=470.60806 plus 34.0 minus 22.0 g=543.0 b=963 p=0 c=963#
% t=493.60806 plus 37.0 minus 24.0 g=543.0 b=237 p=0 c=237#
% t=506.60806 plus 38.0 minus 24.0 g=543.0 b=87 p=300 c=387
% t=521.5525 plus 38.0 minus 24.0 g=543.0 b=18 p=-200 c=-182#
% t=590.60806 plus 45.0 minus 28.0 g=543.0 b=* p=150 c=*
 [16



]
%% goal height=543.0, max depth=4.0
% t=47.0 plus 6.0 minus 4.0 g=543.0 b=10000 p=150 c=100000#
% t=60.0 plus 6.0 minus 4.0 g=543.0 b=10000 p=0 c=100000#
% t=73.0 plus 6.0 minus 4.0 g=543.0 b=10000 p=0 c=100000#
% t=86.0 plus 6.0 minus 4.0 g=543.0 b=10000 p=100 c=100000#
% t=99.0 plus 6.0 minus 4.0 g=543.0 b=10000 p=0 c=100000#
% t=112.0 plus 6.0 minus 4.0 g=543.0 b=10000 p=0 c=100000#
% t=125.0 plus 6.0 minus 4.0 g=543.0 b=10000 p=0 c=100000#
% t=138.0 plus 6.0 minus 4.0 g=543.0 b=10000 p=0 c=100000#
% t=151.0 plus 6.0 minus 4.0 g=543.0 b=10000 p=150 c=100000#
% t=164.0 plus 6.0 minus 4.0 g=543.0 b=10000 p=-100 c=100000#
% t=182.0 plus 9.0 minus 6.0 g=543.0 b=10000 p=150 c=100000#
% t=195.0 plus 9.0 minus 6.0 g=543.0 b=10000 p=0 c=100000#
% t=208.0 plus 9.0 minus 6.0 g=543.0 b=10000 p=150 c=100000#
% t=221.0 plus 9.0 minus 6.0 g=543.0 b=10000 p=-100 c=100000#
% t=239.0 plus 12.0 minus 8.0 g=543.0 b=10000 p=150 c=100000#
% t=252.0 plus 12.0 minus 8.0 g=543.0 b=10000 p=150 c=100000#
% t=265.0 plus 12.0 minus 8.0 g=543.0 b=10000 p=-100 c=100000#
% t=283.0 plus 15.0 minus 10.0 g=543.0 b=10000 p=300 c=100000#
% t=296.0 plus 15.0 minus 10.0 g=543.0 b=10000 p=-100 c=100000#
% t=314.0 plus 18.0 minus 12.0 g=543.0 b=10000 p=200 c=100000#
% t=404.94444 plus 21.0 minus 14.0 g=543.0 b=10000 p=0 c=100000#
% t=427.94444 plus 24.0 minus 16.0 g=543.0 b=10000 p=300 c=100000#
% t=440.94444 plus 24.0 minus 16.0 g=543.0 b=7667 p=-100 c=7567#
% t=458.94444 plus 27.0 minus 18.0 g=543.0 b=3009 p=150 c=3159#
% t=471.94444 plus 27.0 minus 18.0 g=543.0 b=1817 p=150 c=1967#
% t=484.94444 plus 27.0 minus 18.0 g=543.0 b=991 p=-100 c=891#
% t=502.94444 plus 30.0 minus 20.0 g=543.0 b=237 p=150 c=387#
% t=515.94444 plus 30.0 minus 20.0 g=543.0 b=73 p=0 c=73#
% t=528.94444 plus 30.0 minus 20.0 g=543.0 b=10 p=150 c=160
% t=541.94444 plus 30.0 minus 20.0 g=543.0 b=0 p=-100 c=-100#
% t=601.94444 plus 39.0 minus 26.0 g=543.0 b=* p=0 c=*
 [17

]
%% goal height=543.0, max depth=4.0
% t=51.0 plus 6.0 minus 4.0 g=543.0 b=10000 p=0 c=100000#
% t=66.0 plus 6.0 minus 4.0 g=543.0 b=10000 p=0 c=100000#
% t=89.0 plus 9.0 minus 6.0 g=543.0 b=10000 p=-100 c=100000#
% t=107.0 plus 12.0 minus 8.0 g=543.0 b=10000 p=200 c=100000#
% t=153.68903 plus 15.0 minus 10.0 g=543.0 b=10000 p=0 c=100000#
% t=177.16168 plus 18.0 minus 12.0 g=543.0 b=10000 p=0 c=100000#
% t=193.16168 plus 20.0 minus 13.0 g=543.0 b=10000 p=400 c=100000#
% t=206.16168 plus 20.0 minus 13.0 g=543.0 b=10000 p=0 c=100000#
% t=219.16168 plus 21.0 minus 13.0 g=543.0 b=10000 p=0 c=100000#
% t=232.16168 plus 22.0 minus 13.0 g=543.0 b=10000 p=-100 c=100000#
% t=250.16168 plus 25.0 minus 15.0 g=543.0 b=10000 p=150 c=100000#
% t=263.16168 plus 25.0 minus 15.0 g=543.0 b=10000 p=0 c=100000#
% t=276.16168 plus 25.0 minus 15.0 g=543.0 b=10000 p=0 c=100000#
% t=289.16168 plus 25.0 minus 15.0 g=543.0 b=10000 p=50 c=100000#
% t=333.16191 plus 28.0 minus 17.0 g=543.0 b=10000 p=0 c=100000#
% t=355.66191 plus 31.0 minus 19.0 g=543.0 b=10000 p=400 c=100000#
% t=368.66191 plus 31.0 minus 19.0 g=543.0 b=10000 p=-100 c=100000#
% t=386.66191 plus 34.0 minus 21.0 g=543.0 b=10000 p=150 c=100000#
% t=399.66191 plus 34.0 minus 21.0 g=543.0 b=7486 p=150 c=7636#
% t=412.66191 plus 34.0 minus 21.0 g=543.0 b=5622 p=0 c=5622#
% t=428.66191 plus 36.0 minus 22.0 g=543.0 b=3199 p=150 c=3349#
% t=441.66191 plus 36.0 minus 22.0 g=543.0 b=2229 p=150 c=2379#
% t=454.66191 plus 36.0 minus 22.0 g=543.0 b=1472 p=0 c=1472#
% t=467.66191 plus 37.0 minus 22.0 g=543.0 b=841 p=150 c=991#
% t=480.66191 plus 37.0 minus 22.0 g=543.0 b=477 p=150 c=627#
% t=493.66191 plus 37.0 minus 22.0 g=543.0 b=237 p=-100 c=137#
% t=511.66191 plus 40.0 minus 24.0 g=543.0 b=48 p=150 c=198
% t=524.66191 plus 40.0 minus 24.0 g=543.0 b=10 p=0 c=10#
% t=537.66191 plus 40.0 minus 24.0 g=543.0 b=0 p=150 c=150
% t=550.66191 plus 40.0 minus 24.0 g=543.0 b=3 p=-100 c=-97#
% t=621.60635 plus 46.0 minus 28.0 g=543.0 b=* p=0 c=*
 [18

]
%% goal height=543.0, max depth=4.0
% t=62.94444 plus 3.0 minus 2.0 g=543.0 b=10000 p=0 c=100000#
% t=85.94444 plus 6.0 minus 4.0 g=543.0 b=10000 p=300 c=100000#
% t=98.94444 plus 6.0 minus 4.0 g=543.0 b=10000 p=-100 c=100000#
% t=116.94444 plus 9.0 minus 6.0 g=543.0 b=10000 p=150 c=100000#
% t=129.94444 plus 9.0 minus 6.0 g=543.0 b=10000 p=0 c=100000#
% t=142.94444 plus 9.0 minus 6.0 g=543.0 b=10000 p=0 c=100000#
% t=155.94444 plus 9.0 minus 6.0 g=543.0 b=10000 p=250 c=100000#
% t=168.94444 plus 9.0 minus 6.0 g=543.0 b=10000 p=-100 c=100000#
% t=186.94444 plus 12.0 minus 8.0 g=543.0 b=10000 p=150 c=100000#
% t=199.94444 plus 12.0 minus 8.0 g=543.0 b=10000 p=150 c=100000#
% t=212.94444 plus 12.0 minus 8.0 g=543.0 b=10000 p=-100 c=100000#
% t=253.94444 plus 18.0 minus 12.0 g=543.0 b=10000 p=0 c=100000#
% t=268.94444 plus 18.0 minus 12.0 g=543.0 b=10000 p=0 c=100000#
% t=291.94444 plus 21.0 minus 14.0 g=543.0 b=10000 p=-100 c=100000#
% t=328.94444 plus 27.0 minus 18.0 g=543.0 b=10000 p=150 c=100000#
% t=341.94444 plus 27.0 minus 18.0 g=543.0 b=10000 p=50 c=100000#
% t=377.94444 plus 30.0 minus 20.0 g=543.0 b=10000 p=0 c=100000#
% t=400.94444 plus 33.0 minus 22.0 g=543.0 b=7963 p=300 c=8263#
% t=413.94444 plus 33.0 minus 22.0 g=543.0 b=5970 p=-100 c=5870#
% t=431.94444 plus 36.0 minus 24.0 g=543.0 b=2932 p=150 c=3082#
% t=444.94444 plus 36.0 minus 24.0 g=543.0 b=2012 p=150 c=2162#
% t=457.94444 plus 36.0 minus 24.0 g=543.0 b=1314 p=-100 c=1214#
% t=475.94444 plus 39.0 minus 26.0 g=543.0 b=506 p=300 c=806#
% t=488.94444 plus 39.0 minus 26.0 g=543.0 b=265 p=-100 c=165#
% t=529.94444 plus 45.0 minus 30.0 g=543.0 b=2 p=0 c=2#
% t=544.94444 plus 45.0 minus 30.0 g=543.0 b=0 p=0 c=0#
% t=567.94444 plus 48.0 minus 32.0 g=543.0 b=47 p=-100 c=-53#
% t=585.94444 plus 51.0 minus 34.0 g=543.0 b=* p=150 c=*
 [19


]
%% goal height=543.0, max depth=4.0
% t=10.0 g=543.0 b=10000 p=150 c=100000#
% t=23.0 g=543.0 b=10000 p=0 c=100000#
% t=36.0 g=543.0 b=10000 p=0 c=100000#
% t=49.0 g=543.0 b=10000 p=150 c=100000#
% t=62.0 g=543.0 b=10000 p=-100 c=100000#
% t=99.0 plus 6.0 minus 4.0 g=543.0 b=10000 p=150 c=100000#
% t=112.0 plus 6.0 minus 4.0 g=543.0 b=10000 p=150 c=100000#
% t=125.0 plus 6.0 minus 4.0 g=543.0 b=10000 p=-100 c=100000#
% t=143.0 plus 9.0 minus 6.0 g=543.0 b=10000 p=150 c=100000#
% t=156.0 plus 9.0 minus 6.0 g=543.0 b=10000 p=150 c=100000#
% t=169.0 plus 9.0 minus 6.0 g=543.0 b=10000 p=-100 c=100000#
% t=235.6214 plus 18.0 minus 12.0 g=543.0 b=10000 p=0 c=100000#
% t=257.56584 plus 21.0 minus 14.0 g=543.0 b=10000 p=-100 c=100000#
% t=275.56584 plus 24.0 minus 16.0 g=543.0 b=10000 p=300 c=100000#
% t=288.56584 plus 24.0 minus 16.0 g=543.0 b=10000 p=-100 c=100000#
% t=306.56584 plus 27.0 minus 18.0 g=543.0 b=10000 p=150 c=100000#
% t=319.56584 plus 27.0 minus 18.0 g=543.0 b=10000 p=0 c=100000#
% t=332.56584 plus 27.0 minus 18.0 g=543.0 b=10000 p=0 c=100000#
% t=345.56584 plus 27.0 minus 18.0 g=543.0 b=10000 p=0 c=100000#
% t=358.56584 plus 27.0 minus 18.0 g=543.0 b=10000 p=0 c=100000#
% t=371.56584 plus 27.0 minus 18.0 g=543.0 b=10000 p=150 c=100000#
)
*\end
% t=388.56584 plus 27.0 minus 18.0 g=543.0 b=10000 p=0 c=100000#
% t=388.56584 plus 27.0 plus 1.0fill minus 18.0 g=543.0 b=0 p=-1073741824 c=-10
73741824#
[20

]
Output written on chap1.pdf (20 pages).
