This is XeTeX, Version 3.14159265-2.6-0.99996 (TeX Live 2016/W32TeX) (preloaded format=xetex 2017.5.11)  30 MAR 2018 10:23
entering extended mode
 restricted \write18 enabled.
 %&-line parsing enabled.
**./chap7.tex
(./chap7.tex (./gkpmac.tex
\openout0 = `chap7.grf'.

 (./chap7.ref)
\openout1 = `chap7.ref'.

\openout2 = `chap7.ans'.

\openout3 = `chap7.inx'.

\openout4 = `chap7.bnx'.

) (./bib.ref) (./chap2.ref)
(./chap4.ref) (./chap5.ref) (./chap6.ref)
%% goal height=543.0, max depth=4.0
% t=51.55556 g=543.0 b=10000 p=0 c=100000#
% t=142.94109 minus 5.0 g=543.0 b=10000 p=0 c=100000#
% t=155.10332 minus 5.0 g=543.0 b=10000 p=0 c=100000#
% t=171.10332 plus 2.0 minus 6.0 g=543.0 b=10000 p=150 c=100000#
% t=184.10332 plus 2.0 minus 6.0 g=543.0 b=10000 p=100 c=100000#
% t=197.10332 plus 2.0 minus 6.0 g=543.0 b=10000 p=0 c=100000#
% t=210.10332 plus 2.0 minus 6.0 g=543.0 b=10000 p=150 c=100000#
% t=225.04776 plus 2.0 minus 6.0 g=543.0 b=10000 p=-200 c=100000#
% t=275.10332 plus 4.0 minus 6.0 g=543.0 b=10000 p=150 c=100000#
% t=288.10332 plus 4.0 minus 6.0 g=543.0 b=10000 p=0 c=100000#
% t=301.10332 plus 4.0 minus 6.0 g=543.0 b=10000 p=0 c=100000#
% t=314.10332 plus 4.0 minus 6.0 g=543.0 b=10000 p=150 c=100000#
% t=327.10332 plus 4.0 minus 6.0 g=543.0 b=10000 p=0 c=100000#
% t=340.10332 plus 5.0 minus 6.0 g=543.0 b=10000 p=150 c=100000#
% t=353.10332 plus 5.0 minus 6.0 g=543.0 b=10000 p=0 c=100000#
% t=366.10332 plus 5.0 minus 6.0 g=543.0 b=10000 p=0 c=100000#
% t=379.10332 plus 5.0 minus 6.0 g=543.0 b=10000 p=100 c=100000#
% t=392.10332 plus 5.0 minus 6.0 g=543.0 b=10000 p=0 c=100000#
% t=405.10332 plus 5.0 minus 6.0 g=543.0 b=10000 p=150 c=100000#
% t=418.10332 plus 5.0 minus 6.0 g=543.0 b=10000 p=0 c=100000#
% t=431.10332 plus 6.0 minus 6.0 g=543.0 b=10000 p=150 c=100000#
% t=444.10332 plus 6.0 minus 6.0 g=543.0 b=10000 p=150 c=100000#
% t=457.10332 plus 6.0 minus 6.0 g=543.0 b=10000 p=0 c=100000#
% t=470.10332 plus 7.0 minus 6.0 g=543.0 b=10000 p=150 c=100000#
% t=483.10332 plus 7.0 minus 6.0 g=543.0 b=10000 p=0 c=100000#
% t=496.10332 plus 7.0 minus 6.0 g=543.0 b=10000 p=0 c=100000#
% t=509.10332 plus 7.0 minus 6.0 g=543.0 b=10000 p=0 c=100000#
% t=522.10332 plus 7.0 minus 6.0 g=543.0 b=2653 p=0 c=2653#
% t=535.10332 plus 7.0 minus 6.0 g=543.0 b=143 p=0 c=143#
% t=548.10332 plus 7.0 minus 6.0 g=543.0 b=61 p=0 c=61#
% t=561.10332 plus 7.0 minus 6.0 g=543.0 b=* p=0 c=*
 [320
Bad guess!
]
%% goal height=543.0, max depth=4.0
% t=10.0 g=543.0 b=10000 p=0 c=100000#
% t=23.0 g=543.0 b=10000 p=0 c=100000#
% t=36.0 g=543.0 b=10000 p=0 c=100000#
% t=49.0 g=543.0 b=10000 p=0 c=100000#
% t=62.0 g=543.0 b=10000 p=150 c=100000#
% t=75.0 g=543.0 b=10000 p=0 c=100000#
% t=88.0 plus 1.0 g=543.0 b=10000 p=150 c=100000#
% t=101.0 plus 1.0 g=543.0 b=10000 p=0 c=100000#
% t=114.0 plus 1.0 g=543.0 b=10000 p=0 c=100000#
% t=127.0 plus 1.0 g=543.0 b=10000 p=0 c=100000#
% t=140.0 plus 1.0 g=543.0 b=10000 p=150 c=100000#
% t=153.0 plus 1.0 g=543.0 b=10000 p=0 c=100000#
% t=204.4 plus 5.0 minus 2.0 g=543.0 b=10000 p=0 c=100000#
% t=227.4 plus 8.0 minus 4.0 g=543.0 b=10000 p=150 c=100000#
% t=240.4 plus 8.0 minus 4.0 g=543.0 b=10000 p=0 c=100000#
% t=253.4 plus 8.0 minus 4.0 g=543.0 b=10000 p=0 c=100000#
% t=266.4 plus 8.0 minus 4.0 g=543.0 b=10000 p=0 c=100000#
% t=279.4 plus 8.0 minus 4.0 g=543.0 b=10000 p=50 c=100000#
% t=315.4 plus 11.0 minus 6.0 g=543.0 b=10000 p=0 c=100000#
% t=338.4 plus 14.0 minus 8.0 g=543.0 b=10000 p=150 c=100000#
% t=351.4 plus 14.0 minus 8.0 g=543.0 b=10000 p=0 c=100000#
% t=364.4 plus 14.0 minus 8.0 g=543.0 b=10000 p=150 c=100000#
% t=377.4 plus 14.0 minus 8.0 g=543.0 b=10000 p=0 c=100000#
% t=390.4 plus 15.0 minus 8.0 g=543.0 b=10000 p=150 c=100000#
% t=403.4 plus 15.0 minus 8.0 g=543.0 b=10000 p=0 c=100000#
% t=416.4 plus 15.0 minus 8.0 g=543.0 b=10000 p=50 c=100000#
% t=453.23184 plus 18.0 minus 10.0 g=543.0 b=10000 p=0 c=100000#
% t=475.4 plus 21.0 minus 12.0 g=543.0 b=3333 p=150 c=3483#
% t=488.4 plus 21.0 minus 12.0 g=543.0 b=1755 p=0 c=1755#
% t=501.4 plus 21.0 minus 12.0 g=543.0 b=776 p=150 c=926#
% t=514.4 plus 21.0 minus 12.0 g=543.0 b=252 p=0 c=252#
% t=527.4 plus 22.0 minus 12.0 g=543.0 b=35 p=150 c=185#
% t=540.4 plus 22.0 minus 12.0 g=543.0 b=0 p=0 c=0#
% t=553.4 plus 22.0 minus 12.0 g=543.0 b=65 p=150 c=215
% t=566.4 plus 22.0 minus 12.0 g=543.0 b=* p=0 c=*
 [321
Bad guess!
]
%% goal height=543.0, max depth=4.0
% t=10.0 g=543.0 b=10000 p=150 c=100000#
% t=23.0 g=543.0 b=10000 p=0 c=100000#
% t=36.0 plus 1.0 g=543.0 b=10000 p=150 c=100000#
% t=49.0 plus 1.0 g=543.0 b=10000 p=0 c=100000#
% t=62.0 plus 1.0 g=543.0 b=10000 p=150 c=100000#
% t=75.0 plus 1.0 g=543.0 b=10000 p=0 c=100000#
% t=88.0 plus 2.0 g=543.0 b=10000 p=150 c=100000#
% t=101.0 plus 2.0 g=543.0 b=10000 p=150 c=100000#
% t=114.0 plus 2.0 g=543.0 b=10000 p=0 c=100000#
% t=150.0 plus 6.0 minus 2.0 g=543.0 b=10000 p=0 c=100000#
% t=165.0 plus 6.0 minus 2.0 g=543.0 b=10000 p=0 c=100000#
% t=180.83185 plus 6.0 minus 2.0 g=543.0 b=10000 p=0 c=100000#
% t=203.0 plus 9.0 minus 4.0 g=543.0 b=10000 p=150 c=100000#
% t=216.0 plus 9.0 minus 4.0 g=543.0 b=10000 p=100 c=100000#
% t=229.0 plus 9.0 minus 4.0 g=543.0 b=10000 p=0 c=100000#
% t=242.0 plus 9.0 minus 4.0 g=543.0 b=10000 p=150 c=100000#
% t=255.0 plus 9.0 minus 4.0 g=543.0 b=10000 p=0 c=100000#
% t=268.0 plus 10.0 minus 4.0 g=543.0 b=10000 p=150 c=100000#
% t=281.0 plus 10.0 minus 4.0 g=543.0 b=10000 p=50 c=100000#
% t=319.49825 plus 13.0 minus 6.0 g=543.0 b=10000 p=0 c=100000#
% t=363.0 plus 19.0 minus 10.0 g=543.0 b=10000 p=0 c=100000#
% t=378.0 plus 19.0 minus 10.0 g=543.0 b=10000 p=0 c=100000#
% t=410.4 plus 19.0 minus 10.0 g=543.0 b=10000 p=0 c=100000#
% t=433.4 plus 22.0 minus 12.0 g=543.0 b=10000 p=300 c=100000#
% t=446.4 plus 22.0 minus 12.0 g=543.0 b=10000 p=0 c=100000#
% t=459.4 plus 23.0 minus 12.0 g=543.0 b=4792 p=150 c=4942#
% t=472.4 plus 23.0 minus 12.0 g=543.0 b=2884 p=0 c=2884#
% t=485.4 plus 23.0 minus 12.0 g=543.0 b=1565 p=50 c=1615#
% t=532.35643 plus 26.0 minus 14.0 g=543.0 b=7 p=0 c=7#
% t=550.85643 plus 29.0 minus 16.0 g=543.0 b=12 p=150 c=162
% t=563.85643 plus 29.0 minus 16.0 g=543.0 b=* p=0 c=*
 [322
Bad guess!
]
%% goal height=543.0, max depth=4.0
% t=10.0 g=543.0 b=10000 p=150 c=100000#
% t=23.0 g=543.0 b=10000 p=0 c=100000#
% t=36.0 g=543.0 b=10000 p=150 c=100000#
% t=49.0 g=543.0 b=10000 p=0 c=100000#
% t=92.31494 plus 4.0 minus 2.0 g=543.0 b=10000 p=0 c=100000#
% t=114.25938 plus 7.0 minus 4.0 g=543.0 b=10000 p=150 c=100000#
% t=127.25938 plus 7.0 minus 4.0 g=543.0 b=10000 p=50 c=100000#
% t=169.66026 plus 10.0 minus 6.0 g=543.0 b=10000 p=0 c=100000#
% t=184.155 plus 10.0 minus 6.0 g=543.0 b=10000 p=0 c=100000#
% t=199.155 plus 10.0 minus 6.0 g=543.0 b=10000 p=0 c=100000#
% t=222.155 plus 13.0 minus 8.0 g=543.0 b=10000 p=150 c=100000#
% t=235.155 plus 13.0 minus 8.0 g=543.0 b=10000 p=150 c=100000#
% t=248.155 plus 13.0 minus 8.0 g=543.0 b=10000 p=0 c=100000#
% t=261.155 plus 14.0 minus 8.0 g=543.0 b=10000 p=150 c=100000#
% t=274.155 plus 14.0 minus 8.0 g=543.0 b=10000 p=0 c=100000#
% t=287.155 plus 14.0 minus 8.0 g=543.0 b=10000 p=0 c=100000#
% t=300.155 plus 14.0 minus 8.0 g=543.0 b=10000 p=50 c=100000#
% t=336.155 plus 17.0 minus 10.0 g=543.0 b=10000 p=0 c=100000#
% t=359.155 plus 20.0 minus 12.0 g=543.0 b=10000 p=150 c=100000#
% t=372.155 plus 20.0 minus 12.0 g=543.0 b=10000 p=0 c=100000#
% t=385.155 plus 20.0 minus 12.0 g=543.0 b=10000 p=150 c=100000#
% t=398.155 plus 20.0 minus 12.0 g=543.0 b=10000 p=0 c=100000#
% t=411.155 plus 21.0 minus 12.0 g=543.0 b=10000 p=200 c=100000#
% t=455.22227 plus 24.0 minus 14.0 g=543.0 b=4886 p=0 c=4886#
% t=482.68828 plus 24.0 minus 14.0 g=543.0 b=1584 p=0 c=1584#
% t=514.5233 plus 24.0 minus 14.0 g=543.0 b=166 p=0 c=166#
% t=550.35832 plus 24.0 minus 14.0 g=543.0 b=14 p=0 c=14#
% t=568.85832 plus 27.0 minus 16.0 g=543.0 b=* p=150 c=*
 [323]
%% goal height=543.0, max depth=4.0
% t=10.0 g=543.0 b=10000 p=150 c=100000#
% t=23.77287 g=543.0 b=10000 p=0 c=100000#
% t=36.0 g=543.0 b=10000 p=0 c=100000#
% t=49.0 g=543.0 b=10000 p=0 c=100000#
% t=62.0 g=543.0 b=10000 p=150 c=100000#
% t=75.0 g=543.0 b=10000 p=0 c=100000#
% t=88.0 plus 1.0 g=543.0 b=10000 p=150 c=100000#
% t=101.0 plus 1.0 g=543.0 b=10000 p=0 c=100000#
% t=114.0 plus 1.0 g=543.0 b=10000 p=0 c=100000#
% t=127.0 plus 1.0 g=543.0 b=10000 p=0 c=100000#
% t=140.0 plus 1.0 g=543.0 b=10000 p=50 c=100000#
% t=189.3705 plus 4.0 minus 2.0 g=543.0 b=10000 p=0 c=100000#
% t=207.8705 plus 7.0 minus 4.0 g=543.0 b=10000 p=150 c=100000#
% t=220.8705 plus 7.0 minus 4.0 g=543.0 b=10000 p=150 c=100000#
% t=233.8705 plus 7.0 minus 4.0 g=543.0 b=10000 p=0 c=100000#
% t=246.8705 plus 8.0 minus 4.0 g=543.0 b=10000 p=150 c=100000#
% t=259.8705 plus 8.0 minus 4.0 g=543.0 b=10000 p=150 c=100000#
% t=272.8705 plus 8.0 minus 4.0 g=543.0 b=10000 p=0 c=100000#
% t=285.8705 plus 9.0 minus 4.0 g=543.0 b=10000 p=150 c=100000#
% t=298.8705 plus 9.0 minus 4.0 g=543.0 b=10000 p=50 c=100000#
% t=344.81517 plus 12.0 minus 6.0 g=543.0 b=10000 p=0 c=100000#
% t=367.31517 plus 15.0 minus 8.0 g=543.0 b=10000 p=150 c=100000#
% t=380.31517 plus 15.0 minus 8.0 g=543.0 b=10000 p=0 c=100000#
% t=393.31517 plus 15.0 minus 8.0 g=543.0 b=10000 p=0 c=100000#
% t=406.31517 plus 15.0 minus 8.0 g=543.0 b=10000 p=0 c=100000#
% t=419.31517 plus 15.0 minus 8.0 g=543.0 b=10000 p=150 c=100000#
% t=432.31517 plus 15.0 minus 8.0 g=543.0 b=10000 p=0 c=100000#
% t=445.31517 plus 16.0 minus 8.0 g=543.0 b=10000 p=150 c=100000#
% t=458.31517 plus 16.0 minus 8.0 g=543.0 b=10000 p=0 c=100000#
% t=471.31517 plus 16.0 minus 8.0 g=543.0 b=10000 p=0 c=100000#
% t=484.31517 plus 16.0 minus 8.0 g=543.0 b=4927 p=0 c=4927#
% t=497.31517 plus 16.0 minus 8.0 g=543.0 b=2326 p=0 c=2326#
% t=510.31517 plus 16.0 minus 8.0 g=543.0 b=849 p=0 c=849#
% t=523.31517 plus 16.0 minus 8.0 g=543.0 b=185 p=150 c=335#
% t=536.31517 plus 16.0 minus 8.0 g=543.0 b=7 p=0 c=7#
% t=549.31517 plus 17.0 minus 8.0 g=543.0 b=49 p=300 c=349
% t=562.31517 plus 17.0 minus 8.0 g=543.0 b=* p=0 c=*
 [324
Bad guess!
]
%% goal height=543.0, max depth=4.0
% t=10.0 g=543.0 b=10000 p=300 c=100000#
% t=23.0 g=543.0 b=10000 p=0 c=100000#
% t=36.0 plus 1.0 g=543.0 b=10000 p=150 c=100000#
% t=49.0 plus 1.0 g=543.0 b=10000 p=0 c=100000#
% t=62.0 plus 1.0 g=543.0 b=10000 p=0 c=100000#
% t=75.0 plus 1.0 g=543.0 b=10000 p=0 c=100000#
% t=88.0 plus 1.0 g=543.0 b=10000 p=0 c=100000#
% t=101.0 plus 1.0 g=543.0 b=10000 p=0 c=100000#
% t=114.0 plus 1.0 g=543.0 b=10000 p=0 c=100000#
% t=127.0 plus 1.0 g=543.0 b=10000 p=0 c=100000#
% t=140.0 plus 1.0 g=543.0 b=10000 p=0 c=100000#
% t=153.0 plus 1.0 g=543.0 b=10000 p=0 c=100000#
% t=166.0 plus 1.0 g=543.0 b=10000 p=0 c=100000#
% t=179.0 plus 1.0 g=543.0 b=10000 p=150 c=100000#
% t=192.0 plus 1.0 g=543.0 b=10000 p=0 c=100000#
% t=228.83185 plus 5.0 minus 2.0 g=543.0 b=10000 p=0 c=100000#
% t=251.0 plus 8.0 minus 4.0 g=543.0 b=10000 p=150 c=100000#
% t=264.0 plus 8.0 minus 4.0 g=543.0 b=10000 p=0 c=100000#
% t=277.0 plus 8.0 minus 4.0 g=543.0 b=10000 p=50 c=100000#
% t=313.0 plus 11.0 minus 6.0 g=543.0 b=10000 p=0 c=100000#
% t=336.0 plus 14.0 minus 8.0 g=543.0 b=10000 p=150 c=100000#
% t=349.0 plus 14.0 minus 8.0 g=543.0 b=10000 p=50 c=100000#
% t=385.0 plus 17.0 minus 10.0 g=543.0 b=10000 p=0 c=100000#
% t=408.0 plus 20.0 minus 12.0 g=543.0 b=10000 p=200 c=100000#
% t=444.0 plus 23.0 minus 14.0 g=543.0 b=7963 p=0 c=7963#
% t=467.0 plus 26.0 minus 16.0 g=543.0 b=2495 p=200 c=2695#
% t=503.0 plus 29.0 minus 18.0 g=543.0 b=261 p=0 c=261#
% t=518.0 plus 29.0 minus 18.0 g=543.0 b=64 p=0 c=64#
% t=541.0 plus 32.0 minus 20.0 g=543.0 b=0 p=150 c=150
% t=554.0 plus 32.0 minus 20.0 g=543.0 b=17 p=50 c=67
% t=594.0 plus 35.0 minus 22.0 g=543.0 b=* p=0 c=*

[325]
%% goal height=543.0, max depth=4.0
% t=10.0 g=543.0 b=10000 p=150 c=100000#
% t=23.0 g=543.0 b=10000 p=50 c=100000#
% t=63.0 plus 3.0 minus 2.0 g=543.0 b=10000 p=0 c=100000#
% t=82.0 plus 3.0 minus 2.0 g=543.0 b=10000 p=0 c=100000#
% t=142.30768 plus 9.0 minus 6.0 g=543.0 b=10000 p=0 c=100000#
% t=162.30768 plus 12.0 minus 8.0 g=543.0 b=10000 p=0 c=100000#
% t=175.30768 plus 13.0 minus 8.0 g=543.0 b=10000 p=200 c=100000#
% t=225.70097 plus 16.0 minus 10.0 g=543.0 b=10000 p=0 c=100000#
% t=258.70842 plus 16.0 minus 10.0 g=543.0 b=10000 p=0 c=100000#
% t=291.71587 plus 16.0 minus 10.0 g=543.0 b=10000 p=0 c=100000#
% t=324.31136 plus 16.0 minus 10.0 g=543.0 b=10000 p=0 c=100000#
% t=361.51503 plus 16.0 minus 10.0 g=543.0 b=10000 p=0 c=100000#
% t=397.98108 plus 16.0 minus 10.0 g=543.0 b=10000 p=0 c=100000#
% t=420.48108 plus 19.0 minus 12.0 g=543.0 b=10000 p=150 c=100000#
% t=433.48108 plus 19.0 minus 12.0 g=543.0 b=10000 p=0 c=100000#
% t=446.48108 plus 19.0 minus 12.0 g=543.0 b=10000 p=0 c=100000#
% t=459.48108 plus 19.0 minus 12.0 g=543.0 b=10000 p=0 c=100000#
% t=472.48108 plus 19.0 minus 12.0 g=543.0 b=5105 p=0 c=5105#
% t=485.48108 plus 19.0 minus 12.0 g=543.0 b=2772 p=150 c=2922#
% t=498.48108 plus 19.0 minus 12.0 g=543.0 b=1281 p=0 c=1281#
% t=511.48108 plus 20.0 minus 12.0 g=543.0 b=391 p=150 c=541#
% t=524.48108 plus 20.0 minus 12.0 g=543.0 b=79 p=0 c=79#
% t=537.48108 plus 20.0 minus 12.0 g=543.0 b=2 p=0 c=2#
% t=550.48108 plus 20.0 minus 12.0 g=543.0 b=24 p=0 c=24
% t=563.48108 plus 20.0 minus 12.0 g=543.0 b=* p=0 c=*
 [326
Bad guess!
]
%% goal height=543.0, max depth=4.0
% t=10.0 g=543.0 b=10000 p=0 c=100000#
% t=23.0 g=543.0 b=10000 p=0 c=100000#
% t=36.0 g=543.0 b=10000 p=0 c=100000#
% t=49.0 g=543.0 b=10000 p=0 c=100000#
% t=62.0 g=543.0 b=10000 p=0 c=100000#
% t=75.0 g=543.0 b=10000 p=0 c=100000#
% t=89.35605 g=543.0 b=10000 p=50 c=100000#
% t=139.51056 plus 3.0 minus 2.0 g=543.0 b=10000 p=0 c=100000#
% t=157.455 plus 7.0 minus 4.0 g=543.0 b=10000 p=250 c=100000#
% t=170.455 plus 7.0 minus 4.0 g=543.0 b=10000 p=50 c=100000#
% t=220.99493 plus 10.0 minus 6.0 g=543.0 b=10000 p=0 c=100000#
% t=261.93938 plus 16.0 minus 10.0 g=543.0 b=10000 p=0 c=100000#
% t=284.93938 plus 19.0 minus 12.0 g=543.0 b=10000 p=250 c=100000#
% t=297.93938 plus 19.0 minus 12.0 g=543.0 b=10000 p=0 c=100000#
% t=310.93938 plus 19.0 minus 12.0 g=543.0 b=10000 p=250 c=100000#
% t=323.93938 plus 19.0 minus 12.0 g=543.0 b=10000 p=0 c=100000#
% t=336.93938 plus 20.0 minus 12.0 g=543.0 b=10000 p=250 c=100000#
% t=349.93938 plus 20.0 minus 12.0 g=543.0 b=10000 p=0 c=100000#
% t=362.93938 plus 20.0 minus 12.0 g=543.0 b=10000 p=150 c=100000#
% t=375.93938 plus 20.0 minus 12.0 g=543.0 b=10000 p=0 c=100000#
% t=391.93938 plus 22.0 minus 13.0 g=543.0 b=10000 p=150 c=100000#
% t=404.93938 plus 22.0 minus 13.0 g=543.0 b=10000 p=100 c=100000#
% t=417.93938 plus 22.0 minus 13.0 g=543.0 b=10000 p=150 c=100000#
% t=430.93938 plus 22.0 minus 13.0 g=543.0 b=10000 p=0 c=100000#
% t=443.93938 plus 23.0 minus 13.0 g=543.0 b=7981 p=150 c=8131#
% t=456.93938 plus 23.0 minus 13.0 g=543.0 b=5231 p=0 c=5231#
% t=469.93938 plus 23.0 minus 13.0 g=543.0 b=3199 p=0 c=3199#
% t=482.93938 plus 23.0 minus 13.0 g=543.0 b=1776 p=0 c=1776#
% t=495.93938 plus 23.0 minus 13.0 g=543.0 b=853 p=50 c=903#
% t=531.93938 plus 26.0 minus 15.0 g=543.0 b=8 p=0 c=8#
% t=546.93938 plus 26.0 minus 15.0 g=543.0 b=2 p=0 c=2#
% t=569.93938 plus 29.0 minus 17.0 g=543.0 b=* p=150 c=*
 [327
Bad guess!
]
%% goal height=543.0, max depth=4.0
% t=10.0 g=543.0 b=10000 p=150 c=100000#
% t=23.0 g=543.0 b=10000 p=50 c=100000#
% t=59.0 plus 3.0 minus 2.0 g=543.0 b=10000 p=0 c=100000#
% t=74.0 plus 3.0 minus 2.0 g=543.0 b=10000 p=0 c=100000#
% t=97.0 plus 6.0 minus 4.0 g=543.0 b=10000 p=150 c=100000#
% t=110.0 plus 6.0 minus 4.0 g=543.0 b=10000 p=0 c=100000#
% t=123.0 plus 6.0 minus 4.0 g=543.0 b=10000 p=0 c=100000#
% t=136.0 plus 6.0 minus 4.0 g=543.0 b=10000 p=0 c=100000#
% t=149.0 plus 6.0 minus 4.0 g=543.0 b=10000 p=0 c=100000#
% t=162.0 plus 6.0 minus 4.0 g=543.0 b=10000 p=150 c=100000#
% t=175.0 plus 6.0 minus 4.0 g=543.0 b=10000 p=0 c=100000#
% t=211.0 plus 10.0 minus 6.0 g=543.0 b=10000 p=0 c=100000#
% t=234.0 plus 13.0 minus 8.0 g=543.0 b=10000 p=150 c=100000#
% t=247.0 plus 13.0 minus 8.0 g=543.0 b=10000 p=50 c=100000#
% t=283.0 plus 16.0 minus 10.0 g=543.0 b=10000 p=0 c=100000#
% t=298.0 plus 16.0 minus 10.0 g=543.0 b=10000 p=0 c=100000#
% t=321.0 plus 19.0 minus 12.0 g=543.0 b=10000 p=0 c=100000#
% t=334.0 plus 20.0 minus 12.0 g=543.0 b=10000 p=150 c=100000#
% t=347.0 plus 20.0 minus 12.0 g=543.0 b=10000 p=0 c=100000#
% t=360.0 plus 20.0 minus 12.0 g=543.0 b=10000 p=0 c=100000#
% t=373.0 plus 20.0 minus 12.0 g=543.0 b=10000 p=0 c=100000#
% t=386.0 plus 20.0 minus 12.0 g=543.0 b=10000 p=150 c=100000#
% t=399.0 plus 20.0 minus 12.0 g=543.0 b=10000 p=0 c=100000#
% t=412.0 plus 21.0 minus 12.0 g=543.0 b=10000 p=150 c=100000#
% t=425.0 plus 21.0 minus 12.0 g=543.0 b=10000 p=0 c=100000#
% t=438.0 plus 21.0 minus 12.0 g=543.0 b=10000 p=50 c=100000#
% t=474.0 plus 24.0 minus 14.0 g=543.0 b=2368 p=0 c=2368#
% t=489.0 plus 24.0 minus 14.0 g=543.0 b=1137 p=0 c=1137#
% t=504.0 plus 24.0 minus 14.0 g=543.0 b=427 p=0 c=427#
% t=519.0 plus 24.0 minus 14.0 g=543.0 b=100 p=0 c=100#
% t=534.0 plus 24.0 minus 14.0 g=543.0 b=5 p=0 c=5#
% t=557.0 plus 27.0 minus 16.0 g=543.0 b=66 p=150 c=216
% t=570.0 plus 27.0 minus 16.0 g=543.0 b=* p=0 c=*
 [328
Bad guess!
]
%% goal height=543.0, max depth=4.0
% t=10.0 g=543.0 b=10000 p=150 c=100000#
% t=23.0 g=543.0 b=10000 p=0 c=100000#
% t=36.0 g=543.0 b=10000 p=0 c=100000#
% t=49.0 g=543.0 b=10000 p=150 c=100000#
% t=62.0 g=543.0 b=10000 p=0 c=100000#
% t=75.0 plus 1.0 g=543.0 b=10000 p=200 c=100000#
% t=111.0 plus 4.0 minus 2.0 g=543.0 b=10000 p=0 c=100000#
% t=126.0 plus 4.0 minus 2.0 g=543.0 b=10000 p=0 c=100000#
% t=141.0 plus 4.0 minus 2.0 g=543.0 b=10000 p=0 c=100000#
% t=156.0 plus 4.0 minus 2.0 g=543.0 b=10000 p=0 c=100000#
% t=171.0 plus 4.0 minus 2.0 g=543.0 b=10000 p=0 c=100000#
% t=217.0 plus 10.0 minus 6.0 g=543.0 b=10000 p=0 c=100000#
% t=232.0 plus 10.0 minus 6.0 g=543.0 b=10000 p=0 c=100000#
% t=247.0 plus 10.0 minus 6.0 g=543.0 b=10000 p=0 c=100000#
% t=262.0 plus 10.0 minus 6.0 g=543.0 b=10000 p=0 c=100000#
% t=277.0 plus 10.0 minus 6.0 g=543.0 b=10000 p=0 c=100000#
% t=300.0 plus 13.0 minus 8.0 g=543.0 b=10000 p=200 c=100000#
% t=336.0 plus 16.0 minus 10.0 g=543.0 b=10000 p=0 c=100000#
% t=351.0 plus 16.0 minus 10.0 g=543.0 b=10000 p=0 c=100000#
% t=366.0 plus 16.0 minus 10.0 g=543.0 b=10000 p=0 c=100000#
% t=381.0 plus 16.0 minus 10.0 g=543.0 b=10000 p=0 c=100000#
% t=396.0 plus 16.0 minus 10.0 g=543.0 b=10000 p=0 c=100000#
% t=419.0 plus 19.0 minus 12.0 g=543.0 b=10000 p=300 c=100000#
% t=432.0 plus 19.0 minus 12.0 g=543.0 b=10000 p=0 c=100000#
% t=445.0 plus 20.0 minus 12.0 g=543.0 b=10000 p=150 c=100000#
% t=458.0 plus 20.0 minus 12.0 g=543.0 b=7667 p=0 c=7667#
% t=471.0 plus 20.0 minus 12.0 g=543.0 b=4660 p=150 c=4810#
% t=484.0 plus 20.0 minus 12.0 g=543.0 b=2564 p=0 c=2564#
% t=497.0 plus 21.0 minus 12.0 g=543.0 b=1048 p=150 c=1198#
% t=510.0 plus 21.0 minus 12.0 g=543.0 b=386 p=0 c=386#
% t=523.0 plus 21.0 minus 12.0 g=543.0 b=86 p=0 c=86#
% t=536.0 plus 21.0 minus 12.0 g=543.0 b=4 p=50 c=54#
% t=569.94444 plus 24.0 minus 14.0 g=543.0 b=* p=0 c=*
 [329
Bad guess!
]
%% goal height=543.0, max depth=4.0
% t=30.94444 plus 3.0 minus 2.0 g=543.0 b=10000 p=0 c=100000#
% t=39.34444 plus 3.0 minus 2.0 g=543.0 b=10000 p=0 c=100000#
% t=50.34444 plus 3.0 minus 2.0 g=543.0 b=10000 p=0 c=100000#
% t=65.34444 plus 3.0 minus 2.0 g=543.0 b=10000 p=0 c=100000#
% t=80.34444 plus 3.0 minus 2.0 g=543.0 b=10000 p=0 c=100000#
% t=95.34444 plus 3.0 minus 2.0 g=543.0 b=10000 p=0 c=100000#
% t=110.34444 plus 3.0 minus 2.0 g=543.0 b=10000 p=0 c=100000#
% t=133.34444 plus 6.0 minus 4.0 g=543.0 b=10000 p=300 c=100000#
% t=146.34444 plus 6.0 minus 4.0 g=543.0 b=10000 p=0 c=100000#
% t=159.34444 plus 7.0 minus 4.0 g=543.0 b=10000 p=200 c=100000#
% t=206.65938 plus 10.0 minus 6.0 g=543.0 b=10000 p=0 c=100000#
% t=224.60382 plus 13.0 minus 8.0 g=543.0 b=10000 p=300 c=100000#
% t=237.60382 plus 13.0 minus 8.0 g=543.0 b=10000 p=0 c=100000#
% t=250.60382 plus 14.0 minus 8.0 g=543.0 b=10000 p=150 c=100000#
% t=263.60382 plus 14.0 minus 8.0 g=543.0 b=10000 p=0 c=100000#
% t=276.60382 plus 14.0 minus 8.0 g=543.0 b=10000 p=50 c=100000#
% t=321.58516 plus 17.0 minus 10.0 g=543.0 b=10000 p=0 c=100000#
% t=343.5296 plus 20.0 minus 12.0 g=543.0 b=10000 p=150 c=100000#
% t=356.5296 plus 20.0 minus 12.0 g=543.0 b=10000 p=0 c=100000#
% t=369.5296 plus 20.0 minus 12.0 g=543.0 b=10000 p=50 c=100000#
% t=405.5296 plus 23.0 minus 14.0 g=543.0 b=10000 p=0 c=100000#
% t=428.5296 plus 26.0 minus 16.0 g=543.0 b=10000 p=150 c=100000#
% t=441.5296 plus 26.0 minus 16.0 g=543.0 b=5939 p=0 c=5939#
% t=454.5296 plus 26.0 minus 16.0 g=543.0 b=3930 p=0 c=3930#
% t=467.5296 plus 26.0 minus 16.0 g=543.0 b=2443 p=0 c=2443#
% t=480.5296 plus 26.0 minus 16.0 g=543.0 b=1383 p=0 c=1383#
% t=493.5296 plus 26.0 minus 16.0 g=543.0 b=688 p=150 c=838#
% t=509.0296 plus 26.0 minus 16.0 g=543.0 b=223 p=-200 c=23#
% t=558.5296 plus 28.0 minus 16.0 g=543.0 b=91 p=300 c=391
% t=571.5296 plus 28.0 minus 16.0 g=543.0 b=* p=0 c=*
 [330
Bad guess!
]
%% goal height=543.0, max depth=4.0
% t=28.0 plus 1.0 g=543.0 b=10000 p=300 c=100000#
% t=41.0 plus 1.0 g=543.0 b=10000 p=0 c=100000#
% t=54.0 plus 2.0 g=543.0 b=10000 p=300 c=100000#
% t=103.96594 plus 5.0 minus 2.0 g=543.0 b=10000 p=0 c=100000#
% t=122.46068 plus 8.0 minus 4.0 g=543.0 b=10000 p=250 c=100000#
% t=135.46068 plus 8.0 minus 4.0 g=543.0 b=10000 p=150 c=100000#
% t=148.46068 plus 8.0 minus 4.0 g=543.0 b=10000 p=0 c=100000#
% t=161.46068 plus 9.0 minus 4.0 g=543.0 b=10000 p=250 c=100000#
% t=174.46068 plus 9.0 minus 4.0 g=543.0 b=10000 p=0 c=100000#
% t=187.46068 plus 9.0 minus 4.0 g=543.0 b=10000 p=150 c=100000#
% t=200.46068 plus 9.0 minus 4.0 g=543.0 b=10000 p=0 c=100000#
% t=213.46068 plus 10.0 minus 4.0 g=543.0 b=10000 p=150 c=100000#
% t=226.46068 plus 10.0 minus 4.0 g=543.0 b=10000 p=0 c=100000#
% t=239.46068 plus 10.0 minus 4.0 g=543.0 b=10000 p=0 c=100000#
% t=252.46068 plus 10.0 minus 4.0 g=543.0 b=10000 p=0 c=100000#
% t=265.46068 plus 10.0 minus 4.0 g=543.0 b=10000 p=150 c=100000#
% t=278.46068 plus 10.0 minus 4.0 g=543.0 b=10000 p=0 c=100000#
% t=291.46068 plus 11.0 minus 4.0 g=543.0 b=10000 p=250 c=100000#
% t=304.46068 plus 11.0 minus 4.0 g=543.0 b=10000 p=0 c=100000#
% t=317.46068 plus 11.0 minus 4.0 g=543.0 b=10000 p=0 c=100000#
% t=330.46068 plus 11.0 minus 4.0 g=543.0 b=10000 p=0 c=100000#
% t=343.46068 plus 11.0 minus 4.0 g=543.0 b=10000 p=0 c=100000#
% t=356.46068 plus 11.0 minus 4.0 g=543.0 b=10000 p=100 c=100000#
% t=369.46068 plus 11.0 minus 4.0 g=543.0 b=10000 p=0 c=100000#
% t=382.46068 plus 11.0 minus 4.0 g=543.0 b=10000 p=150 c=100000#
% t=395.46068 plus 11.0 minus 4.0 g=543.0 b=10000 p=0 c=100000#
% t=408.46068 plus 12.0 minus 4.0 g=543.0 b=10000 p=150 c=100000#
% t=421.46068 plus 12.0 minus 4.0 g=543.0 b=10000 p=0 c=100000#
% t=434.46068 plus 12.0 minus 4.0 g=543.0 b=10000 p=0 c=100000#
% t=447.46068 plus 12.0 minus 4.0 g=543.0 b=10000 p=0 c=100000#
% t=460.46068 plus 12.0 minus 4.0 g=543.0 b=10000 p=0 c=100000#
% t=473.46068 plus 12.0 minus 4.0 g=543.0 b=10000 p=0 c=100000#
% t=486.46068 plus 12.0 minus 4.0 g=543.0 b=10000 p=0 c=100000#
% t=499.46068 plus 12.0 minus 4.0 g=543.0 b=4765 p=150 c=4915#
% t=512.46068 plus 12.0 minus 4.0 g=543.0 b=1642 p=0 c=1642#
% t=525.46068 plus 13.0 minus 4.0 g=543.0 b=244 p=150 c=394#
% t=538.46068 plus 13.0 minus 4.0 g=543.0 b=4 p=0 c=4#
% t=551.46068 plus 13.0 minus 4.0 g=543.0 b=* p=0 c=*
 [331
Bad guess!
]
%% goal height=543.0, max depth=4.0
% t=10.0 g=543.0 b=10000 p=0 c=100000#
% t=23.0 g=543.0 b=10000 p=0 c=100000#
% t=36.0 g=543.0 b=10000 p=150 c=100000#
% t=49.0 g=543.0 b=10000 p=0 c=100000#
% t=62.0 plus 1.0 g=543.0 b=10000 p=250 c=100000#
% t=75.0 plus 1.0 g=543.0 b=10000 p=0 c=100000#
% t=88.0 plus 1.0 g=543.0 b=10000 p=100 c=100000#
% t=101.0 plus 1.0 g=543.0 b=10000 p=0 c=100000#
% t=114.0 plus 1.0 g=543.0 b=10000 p=0 c=100000#
% t=127.0 plus 1.0 g=543.0 b=10000 p=0 c=100000#
% t=140.0 plus 1.0 g=543.0 b=10000 p=250 c=100000#
% t=153.0 plus 1.0 g=543.0 b=10000 p=0 c=100000#
% t=166.0 plus 2.0 g=543.0 b=10000 p=150 c=100000#
% t=179.0 plus 2.0 g=543.0 b=10000 p=0 c=100000#
% t=192.0 plus 2.0 g=543.0 b=10000 p=0 c=100000#
% t=205.0 plus 2.0 g=543.0 b=10000 p=0 c=100000#
% t=218.0 plus 2.0 g=543.0 b=10000 p=150 c=100000#
% t=231.0 plus 2.0 g=543.0 b=10000 p=0 c=100000#
% t=244.0 plus 3.0 g=543.0 b=10000 p=200 c=100000#
% t=288.50006 plus 6.0 minus 2.0 g=543.0 b=10000 p=0 c=100000#
% t=318.50018 plus 6.0 minus 2.0 g=543.0 b=10000 p=0 c=100000#
% t=334.00018 plus 9.0 minus 4.0 g=543.0 b=10000 p=0 c=100000#
% t=347.00018 plus 10.0 minus 4.0 g=543.0 b=10000 p=150 c=100000#
% t=360.00018 plus 10.0 minus 4.0 g=543.0 b=10000 p=50 c=100000#
% t=409.5003 plus 13.0 minus 6.0 g=543.0 b=10000 p=0 c=100000#
% t=425.0003 plus 16.0 minus 8.0 g=543.0 b=10000 p=150 c=100000#
% t=438.0003 plus 16.0 minus 8.0 g=543.0 b=10000 p=150 c=100000#
% t=451.0003 plus 16.0 minus 8.0 g=543.0 b=10000 p=0 c=100000#
% t=464.0003 plus 17.0 minus 8.0 g=543.0 b=10000 p=150 c=100000#
% t=477.0003 plus 17.0 minus 8.0 g=543.0 b=5847 p=50 c=5897#
% t=549.64842 plus 23.0 minus 12.0 g=543.0 b=17 p=0 c=17#
% t=598.14848 plus 27.0 minus 14.0 g=543.0 b=* p=0 c=*
 [332
Bad guess!
]
%% goal height=543.0, max depth=4.0
% t=45.50006 plus 3.0 minus 2.0 g=543.0 b=10000 p=0 c=100000#
% t=61.00006 plus 6.0 minus 4.0 g=543.0 b=10000 p=300 c=100000#
% t=74.00006 plus 6.0 minus 4.0 g=543.0 b=10000 p=0 c=100000#
% t=87.00006 plus 7.0 minus 4.0 g=543.0 b=10000 p=300 c=100000#
% t=135.50012 plus 10.0 minus 6.0 g=543.0 b=10000 p=0 c=100000#
% t=185.94463 plus 16.0 minus 10.0 g=543.0 b=10000 p=0 c=100000#
% t=201.44463 plus 19.0 minus 12.0 g=543.0 b=10000 p=400 c=100000#
% t=214.44463 plus 19.0 minus 12.0 g=543.0 b=10000 p=0 c=100000#
% t=268.71059 plus 23.0 minus 14.0 g=543.0 b=10000 p=0 c=100000#
% t=287.21059 plus 26.0 minus 16.0 g=543.0 b=10000 p=150 c=100000#
% t=300.21059 plus 26.0 minus 16.0 g=543.0 b=10000 p=150 c=100000#
% t=313.21059 plus 26.0 minus 16.0 g=543.0 b=10000 p=0 c=100000#
% t=349.21059 plus 30.0 minus 18.0 g=543.0 b=10000 p=0 c=100000#
% t=367.21059 plus 31.0 minus 19.0 g=543.0 b=10000 p=0 c=100000#
% t=400.21936 plus 32.0 minus 20.0 g=543.0 b=10000 p=0 c=100000#
% t=418.1638 plus 35.0 minus 22.0 g=543.0 b=4531 p=250 c=4781#
% t=431.1638 plus 35.0 minus 22.0 g=543.0 b=3260 p=0 c=3260#
% t=444.1638 plus 35.0 minus 22.0 g=543.0 b=2245 p=0 c=2245#
% t=457.1638 plus 35.0 minus 22.0 g=543.0 b=1472 p=100 c=1572#
% t=470.1638 plus 35.0 minus 22.0 g=543.0 b=900 p=150 c=1050#
% t=483.1638 plus 35.0 minus 22.0 g=543.0 b=497 p=0 c=497#
% t=496.1638 plus 36.0 minus 22.0 g=543.0 b=219 p=150 c=369#
% t=509.1638 plus 36.0 minus 22.0 g=543.0 b=83 p=0 c=83#
% t=522.1638 plus 36.0 minus 22.0 g=543.0 b=19 p=150 c=169
% t=535.1638 plus 36.0 minus 22.0 g=543.0 b=1 p=0 c=1#
% t=548.1638 plus 37.0 minus 22.0 g=543.0 b=1 p=150 c=151
% t=561.1638 plus 37.0 minus 22.0 g=543.0 b=56 p=50 c=106
% t=615.5743 plus 40.0 minus 24.0 g=543.0 b=* p=0 c=*
 [333
Bad guess!
]
%% goal height=543.0, max depth=4.0
% t=10.0 g=543.0 b=10000 p=150 c=100000#
% t=23.0 g=543.0 b=10000 p=50 c=100000#
% t=77.41049 plus 3.0 minus 2.0 g=543.0 b=10000 p=0 c=100000#
% t=95.90523 plus 6.0 minus 4.0 g=543.0 b=10000 p=300 c=100000#
% split253 to 75.14798,0.0 p=100
% t=108.90523 plus 6.0 minus 4.0 g=185.99765 b=10000 p=0 c=100000#
% t=121.90523 plus 7.0 minus 4.0 g=185.99765 b=10000 p=150 c=100000#
% t=134.90523 plus 7.0 minus 4.0 g=185.99765 b=10000 p=0 c=100000#
% t=147.90523 plus 7.0 minus 4.0 g=185.99765 b=10000 p=150 c=100000#
% t=160.90523 plus 7.0 minus 4.0 g=185.99765 b=4595 p=0 c=4695#
% t=173.90523 plus 8.0 minus 4.0 g=185.99765 b=343 p=150 c=593#
% t=186.90523 plus 8.0 minus 4.0 g=185.99765 b=1 p=0 c=101#
% t=199.90523 plus 8.0 minus 4.0 g=185.99765 b=* p=150 c=*
 [334
Changed Pageref!
]
%% goal height=543.0, max depth=4.0
% t=0.0 g=49.22957 b=10000 p=0 c=100000#
% t=10.0 g=49.22957 b=10000 p=150 c=100000#
% t=23.0 g=49.22957 b=10000 p=0 c=100000#
% t=36.0 plus 1.0 g=49.22957 b=10000 p=150 c=100000#
% t=49.0 plus 1.0 g=49.22957 b=1 p=0 c=1#
% t=62.0 plus 1.0 g=49.22957 b=* p=0 c=*
 [335
Changed Pageref!
Bad guess!
]
%% goal height=543.0, max depth=4.0
% t=10.0 g=543.0 b=10000 p=0 c=100000#
% t=23.0 g=543.0 b=10000 p=0 c=100000#
% t=36.0 g=543.0 b=10000 p=0 c=100000#
% t=49.0 g=543.0 b=10000 p=0 c=100000#
% t=62.0 g=543.0 b=10000 p=150 c=100000#
% t=75.0 g=543.0 b=10000 p=0 c=100000#
% t=88.0 plus 1.0 g=543.0 b=10000 p=150 c=100000#
% t=101.0 plus 1.0 g=543.0 b=10000 p=0 c=100000#
% t=114.0 plus 1.0 g=543.0 b=10000 p=0 c=100000#
% t=127.0 plus 1.0 g=543.0 b=10000 p=0 c=100000#
% t=140.0 plus 1.0 g=543.0 b=10000 p=0 c=100000#
% t=153.0 plus 1.0 g=543.0 b=10000 p=0 c=100000#
% t=166.0 plus 1.0 g=543.0 b=10000 p=50 c=100000#
% t=210.50006 plus 4.0 minus 2.0 g=543.0 b=10000 p=0 c=100000#
% t=270.20438 plus 10.0 minus 6.0 g=543.0 b=10000 p=0 c=100000#
% t=327.85313 plus 16.0 minus 10.0 g=543.0 b=10000 p=0 c=100000#
% t=346.34787 plus 19.0 minus 12.0 g=543.0 b=10000 p=300 c=100000#
% t=359.80879 plus 19.0 minus 12.0 g=543.0 b=10000 p=0 c=100000#
% t=372.34787 plus 20.0 minus 12.0 g=543.0 b=10000 p=200 c=100000#
% t=422.34808 plus 23.0 minus 14.0 g=543.0 b=10000 p=0 c=100000#
% t=450.08594 plus 23.0 minus 14.0 g=543.0 b=6575 p=0 c=6575#
% t=472.58594 plus 26.0 minus 16.0 g=543.0 b=1983 p=300 c=2283#
% t=522.94244 plus 29.0 minus 18.0 g=543.0 b=33 p=0 c=33#
% t=522.94244 plus 32.0 minus 20.0 g=543.0 b=25 p=-200 c=-175#
% t=562.44238 plus 34.0 minus 20.0 g=543.0 b=91 p=300 c=391
% t=575.44238 plus 34.0 minus 20.0 g=543.0 b=* p=0 c=*
 [336
Bad guess!
]
%% goal height=543.0, max depth=4.0
% t=28.0 plus 1.0 g=543.0 b=10000 p=300 c=100000#
% t=41.0 plus 1.0 g=543.0 b=10000 p=0 c=100000#
% t=54.0 plus 2.0 g=543.0 b=10000 p=150 c=100000#
% t=67.0 plus 2.0 g=543.0 b=10000 p=0 c=100000#
% t=80.0 plus 2.0 g=543.0 b=10000 p=150 c=100000#
% t=109.0 plus 4.0 minus 1.0 g=543.0 b=10000 p=150 c=100000#
% t=122.0 plus 4.0 minus 1.0 g=543.0 b=10000 p=150 c=100000#
% t=135.0 plus 4.0 minus 1.0 g=543.0 b=10000 p=-50 c=100000#
% t=151.0 plus 6.0 minus 2.0 g=543.0 b=10000 p=150 c=100000#
% t=164.0 plus 6.0 minus 2.0 g=543.0 b=10000 p=0 c=100000#
% t=177.0 plus 6.0 minus 2.0 g=543.0 b=10000 p=150 c=100000#
% t=190.0 plus 6.0 minus 2.0 g=543.0 b=10000 p=-50 c=100000#
% t=206.0 plus 8.0 minus 3.0 g=543.0 b=10000 p=-50 c=100000#
% t=222.0 plus 10.0 minus 4.0 g=543.0 b=10000 p=300 c=100000#
% t=251.0 plus 12.0 minus 5.0 g=543.0 b=10000 p=300 c=100000#
% t=264.0 plus 12.0 minus 5.0 g=543.0 b=10000 p=-100 c=100000#
% t=296.0 plus 16.0 minus 7.0 g=543.0 b=10000 p=250 c=100000#
% t=309.0 plus 16.0 minus 7.0 g=543.0 b=10000 p=50 c=100000#
% t=345.0 plus 19.0 minus 9.0 g=543.0 b=10000 p=0 c=100000#
% t=360.0 plus 19.0 minus 9.0 g=543.0 b=10000 p=0 c=100000#
% t=383.0 plus 22.0 minus 11.0 g=543.0 b=10000 p=0 c=100000#
% t=396.0 plus 23.0 minus 11.0 g=543.0 b=10000 p=200 c=100000#
% t=450.97163 plus 26.0 minus 13.0 g=543.0 b=4429 p=0 c=4429#
% t=472.91608 plus 29.0 minus 15.0 g=543.0 b=1406 p=200 c=1606#
% t=508.91608 plus 32.0 minus 17.0 g=543.0 b=120 p=0 c=120#
% t=531.91608 plus 35.0 minus 19.0 g=543.0 b=3 p=150 c=153
% t=544.91608 plus 35.0 minus 19.0 g=543.0 b=0 p=0 c=0#
% t=557.91608 plus 35.0 minus 19.0 g=543.0 b=48 p=50 c=98
% t=593.91608 plus 38.0 minus 21.0 g=543.0 b=* p=0 c=*

[337]
%% goal height=543.0, max depth=4.0
% t=10.0 g=543.0 b=10000 p=50 c=100000#
% t=46.0 plus 3.0 minus 2.0 g=543.0 b=10000 p=0 c=100000#
% t=69.0 plus 6.0 minus 4.0 g=543.0 b=10000 p=0 c=100000#
% t=82.0 plus 7.0 minus 4.0 g=543.0 b=10000 p=200 c=100000#
% t=131.00017 plus 10.0 minus 6.0 g=543.0 b=10000 p=0 c=100000#
% t=160.00029 plus 10.0 minus 6.0 g=543.0 b=10000 p=0 c=100000#
% t=178.97295 plus 10.0 minus 6.0 g=543.0 b=10000 p=0 c=100000#
% t=229.9652 plus 16.0 minus 10.0 g=543.0 b=10000 p=0 c=100000#
% t=251.90964 plus 19.0 minus 12.0 g=543.0 b=10000 p=0 c=100000#
% t=264.90964 plus 20.0 minus 12.0 g=543.0 b=10000 p=150 c=100000#
% t=277.90964 plus 20.0 minus 12.0 g=543.0 b=10000 p=50 c=100000#
% t=318.90189 plus 23.0 minus 14.0 g=543.0 b=10000 p=0 c=100000#
% t=342.37454 plus 26.0 minus 16.0 g=543.0 b=10000 p=200 c=100000#
% t=387.93655 plus 29.0 minus 18.0 g=543.0 b=10000 p=0 c=100000#
% t=410.43129 plus 32.0 minus 20.0 g=543.0 b=7099 p=0 c=7099#
% t=423.43129 plus 33.0 minus 20.0 g=543.0 b=4752 p=200 c=4952#
% t=477.84178 plus 36.0 minus 22.0 g=543.0 b=591 p=0 c=591#
% t=496.34178 plus 39.0 minus 24.0 g=543.0 b=171 p=200 c=371#
% t=543.55598 plus 42.0 minus 26.0 g=543.0 b=0 p=0 c=0#
% t=594.4451 plus 48.0 minus 30.0 g=543.0 b=* p=0 c=*
 [338]
%% goal height=543.0, max depth=4.0
% t=42.94467 plus 3.0 minus 2.0 g=543.0 b=10000 p=0 c=100000#
% t=73.9449 plus 3.0 minus 2.0 g=543.0 b=10000 p=0 c=100000#
% t=92.43964 plus 6.0 minus 4.0 g=543.0 b=10000 p=200 c=100000#
% t=130.93788 plus 9.0 minus 6.0 g=543.0 b=10000 p=0 c=100000#
% t=151.43964 plus 12.0 minus 8.0 g=543.0 b=10000 p=150 c=100000#
% t=164.43964 plus 12.0 minus 8.0 g=543.0 b=10000 p=150 c=100000#
% t=177.43964 plus 12.0 minus 8.0 g=543.0 b=10000 p=0 c=100000#
% t=190.43964 plus 13.0 minus 8.0 g=543.0 b=10000 p=150 c=100000#
% t=203.43964 plus 13.0 minus 8.0 g=543.0 b=10000 p=0 c=100000#
% t=216.43964 plus 13.0 minus 8.0 g=543.0 b=10000 p=0 c=100000#
% t=229.43964 plus 13.0 minus 8.0 g=543.0 b=10000 p=150 c=100000#
% t=242.43964 plus 13.0 minus 8.0 g=543.0 b=10000 p=0 c=100000#
% t=278.43964 plus 17.0 minus 10.0 g=543.0 b=10000 p=0 c=100000#
% t=324.43964 plus 23.0 minus 14.0 g=543.0 b=10000 p=0 c=100000#
% t=370.43964 plus 29.0 minus 18.0 g=543.0 b=10000 p=0 c=100000#
% t=385.43964 plus 29.0 minus 18.0 g=543.0 b=10000 p=0 c=100000#
% t=408.43964 plus 32.0 minus 20.0 g=543.0 b=7415 p=150 c=7565#
% t=421.43964 plus 32.0 minus 20.0 g=543.0 b=5475 p=250 c=5725#
% t=434.43964 plus 32.0 minus 20.0 g=543.0 b=3895 p=0 c=3895#
% t=470.43964 plus 36.0 minus 22.0 g=543.0 b=816 p=0 c=816#
% t=493.43964 plus 39.0 minus 24.0 g=543.0 b=204 p=300 c=504#
% t=563.28352 plus 45.0 minus 28.0 g=543.0 b=38 p=0 c=38#
% t=576.28352 plus 46.0 minus 28.0 g=543.0 b=* p=150 c=*
 [339]
%% goal height=543.0, max depth=4.0
% t=10.0 g=543.0 b=10000 p=150 c=100000#
% t=23.0 g=543.0 b=10000 p=150 c=100000#
% t=36.0 g=543.0 b=10000 p=-100 c=100000#
% t=68.0 plus 4.0 minus 2.0 g=543.0 b=10000 p=150 c=100000#
% t=81.0 plus 4.0 minus 2.0 g=543.0 b=10000 p=50 c=100000#
% t=130.56201 plus 7.0 minus 4.0 g=543.0 b=10000 p=0 c=100000#
% t=149.06201 plus 10.0 minus 6.0 g=543.0 b=10000 p=200 c=100000#
% t=191.66678 plus 13.0 minus 8.0 g=543.0 b=10000 p=0 c=100000#
% t=214.16151 plus 16.0 minus 10.0 g=543.0 b=10000 p=150 c=100000#
% t=227.16151 plus 16.0 minus 10.0 g=543.0 b=10000 p=0 c=100000#
% t=240.16151 plus 16.0 minus 10.0 g=543.0 b=10000 p=150 c=100000#
% t=253.16151 plus 16.0 minus 10.0 g=543.0 b=10000 p=0 c=100000#
% t=266.16151 plus 17.0 minus 10.0 g=543.0 b=10000 p=150 c=100000#
% t=279.16151 plus 17.0 minus 10.0 g=543.0 b=10000 p=50 c=100000#
% t=319.22697 plus 20.0 minus 12.0 g=543.0 b=10000 p=0 c=100000#
% t=341.72171 plus 23.0 minus 14.0 g=543.0 b=10000 p=150 c=100000#
% t=354.72171 plus 23.0 minus 14.0 g=543.0 b=10000 p=50 c=100000#
% t=398.33928 plus 26.0 minus 16.0 g=543.0 b=10000 p=0 c=100000#
% t=420.28372 plus 29.0 minus 18.0 g=543.0 b=7558 p=0 c=7558#
% t=433.28372 plus 30.0 minus 18.0 g=543.0 b=4886 p=200 c=5086#
% t=479.39954 plus 33.0 minus 20.0 g=543.0 b=714 p=0 c=714#
% t=501.89954 plus 36.0 minus 22.0 g=543.0 b=149 p=150 c=299#
% t=514.89954 plus 36.0 minus 22.0 g=543.0 b=47 p=150 c=197#
% t=527.89954 plus 36.0 minus 22.0 g=543.0 b=7 p=0 c=7#
% t=540.89954 plus 37.0 minus 22.0 g=543.0 b=0 p=150 c=150
% t=553.89954 plus 37.0 minus 22.0 g=543.0 b=12 p=150 c=162
% t=566.89954 plus 37.0 minus 22.0 g=543.0 b=* p=-100 c=*
 [340
Bad guess!
]
%% goal height=543.0, max depth=4.0
% t=10.0 g=543.0 b=10000 p=150 c=100000#
% t=23.0 g=543.0 b=10000 p=150 c=100000#
% t=36.0 g=543.0 b=10000 p=-100 c=100000#
% t=68.0 plus 4.0 minus 2.0 g=543.0 b=10000 p=150 c=100000#
% t=81.0 plus 4.0 minus 2.0 g=543.0 b=10000 p=50 c=100000#
% t=119.49825 plus 7.0 minus 4.0 g=543.0 b=10000 p=0 c=100000#
% t=177.27357 plus 13.0 minus 8.0 g=543.0 b=10000 p=0 c=100000#
% t=212.75404 plus 13.0 minus 8.0 g=543.0 b=10000 p=0 c=100000#
% t=264.3646 plus 19.0 minus 12.0 g=543.0 b=10000 p=0 c=100000#
% t=286.30904 plus 22.0 minus 14.0 g=543.0 b=10000 p=300 c=100000#
% t=299.30904 plus 22.0 minus 14.0 g=543.0 b=10000 p=-100 c=100000#
% t=331.30904 plus 26.0 minus 16.0 g=543.0 b=10000 p=200 c=100000#
% t=367.30904 plus 29.0 minus 18.0 g=543.0 b=10000 p=0 c=100000#
% t=384.80728 plus 29.0 minus 18.0 g=543.0 b=10000 p=0 c=100000#
% t=405.30904 plus 32.0 minus 20.0 g=543.0 b=7944 p=200 c=8144#
% t=472.10902 plus 35.0 minus 22.0 g=543.0 b=828 p=0 c=828#
% t=495.10902 plus 38.0 minus 24.0 g=543.0 b=200 p=150 c=350#
% t=508.10902 plus 38.0 minus 24.0 g=543.0 b=77 p=150 c=227#
% t=521.10902 plus 38.0 minus 24.0 g=543.0 b=19 p=0 c=19#
% t=534.10902 plus 39.0 minus 24.0 g=543.0 b=1 p=200 c=201
% t=570.10902 plus 42.0 minus 26.0 g=543.0 b=* p=0 c=*
 [341]
%% goal height=543.0, max depth=4.0
% t=10.0 g=543.0 b=10000 p=200 c=100000#
% t=46.0 plus 3.0 minus 2.0 g=543.0 b=10000 p=0 c=100000#
% t=104.466 plus 9.0 minus 6.0 g=543.0 b=10000 p=0 c=100000#
% t=128.8365 plus 9.0 minus 6.0 g=543.0 b=10000 p=0 c=100000#
% t=153.11754 plus 12.0 minus 8.0 g=543.0 b=10000 p=150 c=100000#
% t=166.11754 plus 12.0 minus 8.0 g=543.0 b=10000 p=50 c=100000#
% t=212.65747 plus 15.0 minus 10.0 g=543.0 b=10000 p=0 c=100000#
% t=234.60191 plus 18.0 minus 12.0 g=543.0 b=10000 p=0 c=100000#
% t=247.60191 plus 19.0 minus 12.0 g=543.0 b=10000 p=150 c=100000#
% t=260.60191 plus 19.0 minus 12.0 g=543.0 b=10000 p=0 c=100000#
% t=273.60191 plus 19.0 minus 12.0 g=543.0 b=10000 p=50 c=100000#
% t=309.60191 plus 22.0 minus 14.0 g=543.0 b=10000 p=0 c=100000#
% t=365.16393 plus 28.0 minus 18.0 g=543.0 b=10000 p=0 c=100000#
% t=387.66393 plus 31.0 minus 20.0 g=543.0 b=10000 p=150 c=100000#
% t=400.66393 plus 31.0 minus 20.0 g=543.0 b=10000 p=0 c=100000#
% t=413.66393 plus 31.0 minus 20.0 g=543.0 b=7256 p=0 c=7256#
% t=426.66393 plus 31.0 minus 20.0 g=543.0 b=5274 p=50 c=5324#
% t=472.1125 plus 34.0 minus 22.0 g=543.0 b=905 p=0 c=905#
% t=490.05695 plus 37.0 minus 24.0 g=543.0 b=291 p=150 c=441#
% t=503.05695 plus 37.0 minus 24.0 g=543.0 b=125 p=150 c=275#
% t=516.05695 plus 37.0 minus 24.0 g=543.0 b=38 p=0 c=38#
% t=529.05695 plus 38.0 minus 24.0 g=543.0 b=5 p=150 c=155
% t=542.05695 plus 38.0 minus 24.0 g=543.0 b=0 p=0 c=0#
% t=555.05695 plus 38.0 minus 24.0 g=543.0 b=13 p=0 c=13
% t=568.05695 plus 38.0 minus 24.0 g=543.0 b=* p=150 c=*
 [342
Bad guess!
]
%% goal height=543.0, max depth=4.0
% t=10.0 g=543.0 b=10000 p=0 c=100000#
% t=23.0 g=543.0 b=10000 p=150 c=100000#
% t=36.0 g=543.0 b=10000 p=-100 c=100000#
% t=68.0 plus 4.0 minus 2.0 g=543.0 b=10000 p=150 c=100000#
% t=81.0 plus 4.0 minus 2.0 g=543.0 b=10000 p=150 c=100000#
% t=94.0 plus 4.0 minus 2.0 g=543.0 b=10000 p=0 c=100000#
% t=107.0 plus 5.0 minus 2.0 g=543.0 b=10000 p=150 c=100000#
% t=120.0 plus 5.0 minus 2.0 g=543.0 b=10000 p=0 c=100000#
% t=133.0 plus 5.0 minus 2.0 g=543.0 b=10000 p=0 c=100000#
% t=146.0 plus 5.0 minus 2.0 g=543.0 b=10000 p=50 c=100000#
% t=182.0 plus 8.0 minus 4.0 g=543.0 b=10000 p=0 c=100000#
% t=197.0 plus 8.0 minus 4.0 g=543.0 b=10000 p=0 c=100000#
% t=220.0 plus 11.0 minus 6.0 g=543.0 b=10000 p=150 c=100000#
% t=233.0 plus 11.0 minus 6.0 g=543.0 b=10000 p=0 c=100000#
% t=246.0 plus 11.0 minus 6.0 g=543.0 b=10000 p=50 c=100000#
% t=312.79999 plus 14.0 minus 8.0 g=543.0 b=10000 p=0 c=100000#
% t=358.79999 plus 21.0 minus 12.0 g=543.0 b=10000 p=0 c=100000#
% t=404.79999 plus 27.0 minus 16.0 g=543.0 b=10000 p=0 c=100000#
% t=427.79999 plus 30.0 minus 18.0 g=543.0 b=5652 p=200 c=5852#
% t=477.22733 plus 33.0 minus 20.0 g=543.0 b=787 p=0 c=787#
% t=496.69998 plus 36.0 minus 22.0 g=543.0 b=211 p=300 c=511#
% t=509.69998 plus 36.0 minus 22.0 g=543.0 b=78 p=0 c=78#
% t=522.69998 plus 37.0 minus 22.0 g=543.0 b=16 p=150 c=166
% t=535.69998 plus 37.0 minus 22.0 g=543.0 b=1 p=0 c=1#
% t=548.69998 plus 37.0 minus 22.0 g=543.0 b=2 p=0 c=2
% t=561.69998 plus 37.0 minus 22.0 g=543.0 b=61 p=0 c=61
% t=574.69998 plus 37.0 minus 22.0 g=543.0 b=* p=50 c=*
 [343]
%% goal height=543.0, max depth=4.0
% t=10.0 g=543.0 b=10000 p=0 c=100000#
% t=23.0 g=543.0 b=10000 p=0 c=100000#
% t=36.0 g=543.0 b=10000 p=50 c=100000#
% t=83.31494 plus 3.0 minus 2.0 g=543.0 b=10000 p=0 c=100000#
% t=102.7876 plus 6.0 minus 4.0 g=543.0 b=10000 p=150 c=100000#
% t=115.7876 plus 6.0 minus 4.0 g=543.0 b=10000 p=150 c=100000#
% t=128.7876 plus 6.0 minus 4.0 g=543.0 b=10000 p=0 c=100000#
% t=141.7876 plus 7.0 minus 4.0 g=543.0 b=10000 p=150 c=100000#
% t=154.7876 plus 7.0 minus 4.0 g=543.0 b=10000 p=50 c=100000#
% t=200.71916 plus 10.0 minus 6.0 g=543.0 b=10000 p=0 c=100000#
% t=229.65073 plus 10.0 minus 6.0 g=543.0 b=10000 p=0 c=100000#
% t=265.02267 plus 10.0 minus 6.0 g=543.0 b=10000 p=0 c=100000#
% t=282.96712 plus 13.0 minus 8.0 g=543.0 b=10000 p=0 c=100000#
% t=295.96712 plus 14.0 minus 8.0 g=543.0 b=10000 p=150 c=100000#
% t=308.96712 plus 14.0 minus 8.0 g=543.0 b=10000 p=50 c=100000#
% t=358.53929 plus 17.0 minus 10.0 g=543.0 b=10000 p=0 c=100000#
% t=378.84627 plus 20.0 minus 12.0 g=543.0 b=10000 p=150 c=100000#
% t=391.84627 plus 20.0 minus 12.0 g=543.0 b=10000 p=0 c=100000#
% t=404.84627 plus 20.0 minus 12.0 g=543.0 b=10000 p=0 c=100000#
% t=417.84627 plus 20.0 minus 12.0 g=543.0 b=10000 p=0 c=100000#
% t=430.84627 plus 20.0 minus 12.0 g=543.0 b=10000 p=0 c=100000#
% t=443.84627 plus 20.0 minus 12.0 g=543.0 b=10000 p=0 c=100000#
% t=456.84627 plus 20.0 minus 12.0 g=543.0 b=7981 p=0 c=7981#
% t=469.84627 plus 20.0 minus 12.0 g=543.0 b=4886 p=150 c=5036#
% t=482.84627 plus 20.0 minus 12.0 g=543.0 b=2717 p=-100 c=2617#
% t=514.84627 plus 24.0 minus 14.0 g=543.0 b=161 p=150 c=311#
% t=527.84627 plus 24.0 minus 14.0 g=543.0 b=25 p=0 c=25#
% t=540.84627 plus 24.0 minus 14.0 g=543.0 b=0 p=150 c=150
% t=553.84627 plus 24.0 minus 14.0 g=543.0 b=46 p=-500 c=-454#
% t=597.16121 plus 28.0 minus 16.0 g=543.0 b=* p=0 c=*
 [344
Bad guess!
]
%% goal height=543.0, max depth=4.0
% t=40.31494 plus 3.0 minus 2.0 g=543.0 b=10000 p=0 c=100000#
% t=62.25938 plus 6.0 minus 4.0 g=543.0 b=10000 p=150 c=100000#
% t=75.25938 plus 6.0 minus 4.0 g=543.0 b=10000 p=100 c=100000#
% t=88.25938 plus 6.0 minus 4.0 g=543.0 b=10000 p=0 c=100000#
% t=101.25938 plus 6.0 minus 4.0 g=543.0 b=10000 p=150 c=100000#
% t=114.25938 plus 6.0 minus 4.0 g=543.0 b=10000 p=0 c=100000#
% t=127.25938 plus 7.0 minus 4.0 g=543.0 b=10000 p=150 c=100000#
% t=140.25938 plus 7.0 minus 4.0 g=543.0 b=10000 p=0 c=100000#
% t=153.25938 plus 7.0 minus 4.0 g=543.0 b=10000 p=50 c=100000#
% t=201.68672 plus 10.0 minus 6.0 g=543.0 b=10000 p=0 c=100000#
% t=220.65938 plus 10.0 minus 6.0 g=543.0 b=10000 p=0 c=100000#
% t=247.52812 plus 10.0 minus 6.0 g=543.0 b=10000 p=0 c=100000#
% t=271.21301 plus 13.0 minus 8.0 g=543.0 b=10000 p=150 c=100000#
% t=284.21301 plus 13.0 minus 8.0 g=543.0 b=10000 p=0 c=100000#
% t=297.21301 plus 13.0 minus 8.0 g=543.0 b=10000 p=0 c=100000#
% t=310.21301 plus 13.0 minus 8.0 g=543.0 b=10000 p=0 c=100000#
% t=323.21301 plus 13.0 minus 8.0 g=543.0 b=10000 p=150 c=100000#
% t=336.21301 plus 13.0 minus 8.0 g=543.0 b=10000 p=0 c=100000#
% t=349.21301 plus 14.0 minus 8.0 g=543.0 b=10000 p=150 c=100000#
% t=362.21301 plus 14.0 minus 8.0 g=543.0 b=10000 p=0 c=100000#
% t=375.21301 plus 14.0 minus 8.0 g=543.0 b=10000 p=50 c=100000#
% t=423.66243 plus 17.0 minus 10.0 g=543.0 b=10000 p=0 c=100000#
% t=467.15717 plus 23.0 minus 14.0 g=543.0 b=3579 p=0 c=3579#
% t=484.15717 plus 23.0 minus 14.0 g=543.0 b=1668 p=0 c=1668#
% t=501.15717 plus 23.0 minus 14.0 g=543.0 b=601 p=0 c=601#
% t=518.15717 plus 23.0 minus 14.0 g=543.0 b=125 p=0 c=125#
% t=535.15717 plus 23.0 minus 14.0 g=543.0 b=4 p=0 c=4#
% t=558.15717 plus 26.0 minus 16.0 g=543.0 b=85 p=200 c=285
% t=604.49208 plus 29.0 minus 18.0 g=543.0 b=* p=0 c=*
 [345
Bad guess!
]
%% goal height=543.0, max depth=4.0
% t=10.0 g=543.0 b=10000 p=200 c=100000#
% t=56.33492 plus 3.0 minus 2.0 g=543.0 b=10000 p=0 c=100000#
% t=76.11601 plus 3.0 minus 2.0 g=543.0 b=10000 p=0 c=100000#
% t=95.61595 plus 6.0 minus 4.0 g=543.0 b=10000 p=300 c=100000#
% t=108.61595 plus 6.0 minus 4.0 g=543.0 b=10000 p=0 c=100000#
% t=121.61595 plus 7.0 minus 4.0 g=543.0 b=10000 p=200 c=100000#
% t=168.44063 plus 10.0 minus 6.0 g=543.0 b=10000 p=0 c=100000#
% t=192.72166 plus 13.0 minus 8.0 g=543.0 b=10000 p=150 c=100000#
% t=205.72166 plus 13.0 minus 8.0 g=543.0 b=10000 p=50 c=100000#
% t=251.66634 plus 16.0 minus 10.0 g=543.0 b=10000 p=0 c=100000#
% t=271.5804 plus 18.0 minus 12.0 g=543.0 b=10000 p=0 c=100000#
% t=330.5804 plus 26.0 minus 16.0 g=543.0 b=10000 p=0 c=100000#
% t=345.5804 plus 26.0 minus 16.0 g=543.0 b=10000 p=0 c=100000#
% t=368.5804 plus 29.0 minus 18.0 g=543.0 b=10000 p=150 c=100000#
% t=381.5804 plus 29.0 minus 18.0 g=543.0 b=10000 p=0 c=100000#
% t=394.5804 plus 29.0 minus 18.0 g=543.0 b=10000 p=0 c=100000#
% t=407.5804 plus 29.0 minus 18.0 g=543.0 b=10000 p=0 c=100000#
% t=420.5804 plus 29.0 minus 18.0 g=543.0 b=7504 p=150 c=7654#
% t=433.5804 plus 29.0 minus 18.0 g=543.0 b=5359 p=0 c=5359#
% t=469.5804 plus 33.0 minus 20.0 g=543.0 b=1097 p=0 c=1097#
% t=524.59085 plus 39.0 minus 24.0 g=543.0 b=10 p=0 c=10#
% t=547.09091 plus 42.0 minus 26.0 g=543.0 b=0 p=150 c=150
% t=560.09091 plus 42.0 minus 26.0 g=543.0 b=28 p=-70 c=-42#
% t=606.09108 plus 45.0 minus 28.0 g=543.0 b=* p=0 c=*
 [346
Bad guess!
]
%% goal height=543.0, max depth=4.0
% t=43.00017 plus 3.0 minus 2.0 g=543.0 b=10000 p=0 c=100000#
% t=69.00029 plus 3.0 minus 2.0 g=543.0 b=10000 p=0 c=100000#
% t=84.97295 plus 3.0 minus 2.0 g=543.0 b=10000 p=0 c=100000#
% t=107.97295 plus 6.0 minus 4.0 g=543.0 b=10000 p=0 c=100000#
% t=143.97295 plus 10.0 minus 6.0 g=543.0 b=10000 p=0 c=100000#
% t=158.97295 plus 10.0 minus 6.0 g=543.0 b=10000 p=0 c=100000#
% t=204.97295 plus 16.0 minus 10.0 g=543.0 b=10000 p=0 c=100000#
% t=219.97295 plus 16.0 minus 10.0 g=543.0 b=10000 p=0 c=100000#
% t=234.97295 plus 16.0 minus 10.0 g=543.0 b=10000 p=0 c=100000#
% t=257.97295 plus 19.0 minus 12.0 g=543.0 b=10000 p=150 c=100000#
% t=270.97295 plus 19.0 minus 12.0 g=543.0 b=10000 p=150 c=100000#
% t=283.97295 plus 19.0 minus 12.0 g=543.0 b=10000 p=0 c=100000#
% t=296.97295 plus 20.0 minus 12.0 g=543.0 b=10000 p=150 c=100000#
% t=309.97295 plus 20.0 minus 12.0 g=543.0 b=10000 p=0 c=100000#
% t=322.97295 plus 20.0 minus 12.0 g=543.0 b=10000 p=0 c=100000#
% t=335.97295 plus 20.0 minus 12.0 g=543.0 b=10000 p=150 c=100000#
% t=348.97295 plus 20.0 minus 12.0 g=543.0 b=10000 p=0 c=100000#
% t=361.97295 plus 21.0 minus 12.0 g=543.0 b=10000 p=200 c=100000#
% t=397.97295 plus 24.0 minus 14.0 g=543.0 b=10000 p=0 c=100000#
% t=412.97295 plus 24.0 minus 14.0 g=543.0 b=10000 p=0 c=100000#
% t=435.97295 plus 27.0 minus 16.0 g=543.0 b=6220 p=200 c=6420#
% t=471.97295 plus 30.0 minus 18.0 g=543.0 b=1325 p=0 c=1325#
% t=517.97295 plus 36.0 minus 22.0 g=543.0 b=33 p=0 c=33#
% t=540.97295 plus 39.0 minus 24.0 g=543.0 b=0 p=300 c=300
% t=553.97295 plus 39.0 minus 24.0 g=543.0 b=9 p=0 c=9#
% t=566.97295 plus 40.0 minus 24.0 g=543.0 b=99 p=150 c=249
% t=579.97295 plus 40.0 minus 24.0 g=543.0 b=* p=50 c=*
 [347
Bad guess!
]
%% goal height=543.0, max depth=4.0
% t=10.0 g=543.0 b=10000 p=150 c=100000#
% t=23.0 g=543.0 b=10000 p=50 c=100000#
% t=74.52083 plus 3.0 minus 2.0 g=543.0 b=10000 p=0 c=100000#
% t=96.46527 plus 6.0 minus 4.0 g=543.0 b=10000 p=0 c=100000#
% t=109.46527 plus 7.0 minus 4.0 g=543.0 b=10000 p=250 c=100000#
% t=122.46527 plus 7.0 minus 4.0 g=543.0 b=10000 p=0 c=100000#
% t=135.46527 plus 7.0 minus 4.0 g=543.0 b=10000 p=150 c=100000#
% t=148.46527 plus 7.0 minus 4.0 g=543.0 b=10000 p=-100 c=100000#
% t=180.46527 plus 11.0 minus 6.0 g=543.0 b=10000 p=150 c=100000#
% t=193.46527 plus 11.0 minus 6.0 g=543.0 b=10000 p=0 c=100000#
% t=206.46527 plus 11.0 minus 6.0 g=543.0 b=10000 p=0 c=100000#
% t=219.46527 plus 11.0 minus 6.0 g=543.0 b=10000 p=0 c=100000#
% t=232.46527 plus 11.0 minus 6.0 g=543.0 b=10000 p=50 c=100000#
% t=297.40971 plus 14.0 minus 8.0 g=543.0 b=10000 p=0 c=100000#
% t=320.40971 plus 17.0 minus 10.0 g=543.0 b=10000 p=150 c=100000#
% t=333.40971 plus 17.0 minus 10.0 g=543.0 b=10000 p=0 c=100000#
% t=346.40971 plus 17.0 minus 10.0 g=543.0 b=10000 p=0 c=100000#
% t=359.40971 plus 17.0 minus 10.0 g=543.0 b=10000 p=0 c=100000#
% t=372.40971 plus 17.0 minus 10.0 g=543.0 b=10000 p=0 c=100000#
% t=385.40971 plus 17.0 minus 10.0 g=543.0 b=10000 p=150 c=100000#
% t=398.40971 plus 17.0 minus 10.0 g=543.0 b=10000 p=0 c=100000#
% t=411.40971 plus 18.0 minus 10.0 g=543.0 b=10000 p=150 c=100000#
% t=424.40971 plus 18.0 minus 10.0 g=543.0 b=10000 p=50 c=100000#
% t=489.35416 plus 21.0 minus 12.0 g=543.0 b=1661 p=0 c=1661#
% t=512.35416 plus 24.0 minus 14.0 g=543.0 b=208 p=150 c=358#
% t=525.35416 plus 24.0 minus 14.0 g=543.0 b=40 p=150 c=190#
% t=538.35416 plus 24.0 minus 14.0 g=543.0 b=1 p=0 c=1#
% t=551.35416 plus 25.0 minus 14.0 g=543.0 b=21 p=200 c=221
% t=660.2986 plus 28.0 minus 16.0 g=543.0 b=* p=0 c=*
 [348]
%% goal height=543.0, max depth=4.0
% t=10.0 g=543.0 b=10000 p=200 c=100000#
% t=118.94444 plus 3.0 minus 2.0 g=543.0 b=10000 p=0 c=100000#
% t=141.94444 plus 6.0 minus 4.0 g=543.0 b=10000 p=150 c=100000#
% t=154.94444 plus 6.0 minus 4.0 g=543.0 b=10000 p=0 c=100000#
% t=167.94444 plus 6.0 minus 4.0 g=543.0 b=10000 p=150 c=100000#
% t=180.94444 plus 6.0 minus 4.0 g=543.0 b=10000 p=0 c=100000#
% t=193.94444 plus 7.0 minus 4.0 g=543.0 b=10000 p=150 c=100000#
% t=206.94444 plus 7.0 minus 4.0 g=543.0 b=10000 p=0 c=100000#
% t=219.94444 plus 7.0 minus 4.0 g=543.0 b=10000 p=0 c=100000#
% t=232.94444 plus 7.0 minus 4.0 g=543.0 b=10000 p=0 c=100000#
% t=245.94444 plus 7.0 minus 4.0 g=543.0 b=10000 p=0 c=100000#
% t=258.94444 plus 7.0 minus 4.0 g=543.0 b=10000 p=0 c=100000#
% t=271.94444 plus 7.0 minus 4.0 g=543.0 b=10000 p=0 c=100000#
% t=284.94444 plus 7.0 minus 4.0 g=543.0 b=10000 p=0 c=100000#
% t=297.94444 plus 7.0 minus 4.0 g=543.0 b=10000 p=0 c=100000#
% t=310.94444 plus 7.0 minus 4.0 g=543.0 b=10000 p=0 c=100000#
% t=323.94444 plus 7.0 minus 4.0 g=543.0 b=10000 p=0 c=100000#
% t=336.94444 plus 7.0 minus 4.0 g=543.0 b=10000 p=50 c=100000#
% t=425.30293 plus 10.0 minus 6.0 g=543.0 b=10000 p=0 c=100000#
% t=470.24738 plus 16.0 minus 10.0 g=543.0 b=10000 p=0 c=100000#
% t=493.24738 plus 19.0 minus 12.0 g=543.0 b=1789 p=150 c=1939#
% t=506.24738 plus 19.0 minus 12.0 g=543.0 b=721 p=50 c=771#
% t=555.39972 plus 22.0 minus 14.0 g=543.0 b=69 p=0 c=69#
% t=573.34416 plus 25.0 minus 16.0 g=543.0 b=* p=150 c=*

[349]
%% goal height=543.0, max depth=4.0
% t=10.0 g=543.0 b=10000 p=150 c=100000#
% t=23.0 g=543.0 b=10000 p=0 c=100000#
% t=36.0 g=543.0 b=10000 p=0 c=100000#
% t=49.0 g=543.0 b=10000 p=0 c=100000#
% t=62.0 g=543.0 b=10000 p=0 c=100000#
% t=75.0 g=543.0 b=10000 p=0 c=100000#
% t=88.0 g=543.0 b=10000 p=0 c=100000#
% t=101.0 g=543.0 b=10000 p=150 c=100000#
% t=114.0 g=543.0 b=10000 p=0 c=100000#
% t=162.01045 plus 4.0 minus 2.0 g=543.0 b=10000 p=0 c=100000#
% t=192.37735 plus 4.0 minus 2.0 g=543.0 b=10000 p=0 c=100000#
% t=222.88614 plus 4.0 minus 2.0 g=543.0 b=10000 p=0 c=100000#
% t=247.93394 plus 4.0 minus 2.0 g=543.0 b=10000 p=0 c=100000#
% t=271.4066 plus 7.0 minus 4.0 g=543.0 b=10000 p=300 c=100000#
% t=284.4066 plus 7.0 minus 4.0 g=543.0 b=10000 p=0 c=100000#
% t=325.39885 plus 11.0 minus 6.0 g=543.0 b=10000 p=0 c=100000#
% t=347.34329 plus 14.0 minus 8.0 g=543.0 b=10000 p=150 c=100000#
% t=360.34329 plus 14.0 minus 8.0 g=543.0 b=10000 p=0 c=100000#
% t=373.34329 plus 14.0 minus 8.0 g=543.0 b=10000 p=150 c=100000#
% t=410.84328 plus 17.0 minus 10.0 g=543.0 b=10000 p=0 c=100000#
% t=410.84328 plus 20.0 minus 12.0 g=543.0 b=10000 p=-200 c=100000#
% t=461.34329 plus 22.0 minus 12.0 g=543.0 b=5105 p=150 c=5255#
% t=474.34329 plus 22.0 minus 12.0 g=543.0 b=3029 p=0 c=3029#
% t=487.34329 plus 22.0 minus 12.0 g=543.0 b=1616 p=0 c=1616#
% t=500.34329 plus 22.0 minus 12.0 g=543.0 b=725 p=0 c=725#
% t=513.34329 plus 22.0 minus 12.0 g=543.0 b=244 p=150 c=394#
% split253 to 14.71227,0.0 p=100
% t=526.34329 plus 22.0 minus 12.0 g=543.0 b=43 p=0 c=143#
% t=539.34329 plus 23.0 minus 12.0 g=543.0 b=0 p=150 c=250
% t=552.34329 plus 23.0 minus 12.0 g=543.0 b=47 p=0 c=147
% t=565.34329 plus 23.0 minus 12.0 g=543.0 b=* p=50 c=*
 [350]
%% goal height=543.0, max depth=4.0
% t=0.0 g=0.0 b=0 p=0 c=0#
% t=10.0 g=0.0 b=* p=150 c=*
 [351
Changed Pageref!
]
%% goal height=543.0, max depth=4.0
% t=10.0 g=543.0 b=10000 p=150 c=100000#
% t=23.0 g=543.0 b=10000 p=0 c=100000#
% t=36.0 g=543.0 b=10000 p=50 c=100000#
% t=85.50017 plus 3.0 minus 5.0 g=543.0 b=10000 p=0 c=100000#
% t=108.97282 plus 6.0 minus 10.0 g=543.0 b=10000 p=150 c=100000#
% t=121.97282 plus 6.0 minus 10.0 g=543.0 b=10000 p=0 c=100000#
% t=134.97282 plus 6.0 minus 10.0 g=543.0 b=10000 p=50 c=100000#
% t=179.84338 plus 9.0 minus 15.0 g=543.0 b=10000 p=0 c=100000#
% t=202.34338 plus 12.0 minus 20.0 g=543.0 b=10000 p=300 c=100000#
% t=215.34338 plus 12.0 minus 20.0 g=543.0 b=10000 p=0 c=100000#
% t=228.34338 plus 13.0 minus 20.0 g=543.0 b=10000 p=250 c=100000#
% t=241.34338 plus 13.0 minus 20.0 g=543.0 b=10000 p=50 c=100000#
% t=287.28806 plus 16.0 minus 25.0 g=543.0 b=10000 p=0 c=100000#
% t=309.2325 plus 19.0 minus 30.0 g=543.0 b=10000 p=0 c=100000#
% t=322.2325 plus 20.0 minus 30.0 g=543.0 b=10000 p=200 c=100000#
% t=374.9117 plus 23.0 minus 35.0 g=543.0 b=10000 p=0 c=100000#
% t=392.85614 plus 26.0 minus 40.0 g=543.0 b=10000 p=300 c=100000#
% t=405.85614 plus 26.0 minus 40.0 g=543.0 b=10000 p=0 c=100000#
% t=418.88731 plus 27.0 minus 40.0 g=543.0 b=10000 p=150 c=100000#
% t=433.19952 plus 27.0 minus 40.0 g=543.0 b=6708 p=0 c=6708#
% t=446.16835 plus 27.0 minus 40.0 g=543.0 b=4608 p=50 c=4658#
% t=499.66858 plus 30.0 minus 45.0 g=543.0 b=299 p=0 c=299#
% t=529.66881 plus 30.0 minus 45.0 g=543.0 b=9 p=0 c=9#
% t=548.16881 plus 33.0 minus 50.0 g=543.0 b=0 p=200 c=200
% t=597.52237 plus 36.0 minus 55.0 g=543.0 b=97 p=-5000 c=-4903#
% t=620.02237 plus 40.0 minus 60.0 g=543.0 b=* p=250 c=*
 [352]
%% goal height=543.0, max depth=4.0
% t=10.0 g=543.0 b=10000 p=250 c=100000#
% t=23.0 g=543.0 b=10000 p=0 c=100000#
% t=36.0 g=543.0 b=10000 p=0 c=100000#
% t=49.0 g=543.0 b=10000 p=50 c=100000#
% t=102.50017 plus 3.0 minus 2.0 g=543.0 b=10000 p=0 c=100000#
% t=103.0001 plus 6.0 minus 4.0 g=543.0 b=10000 p=-200 c=100000#
% t=155.0001 plus 8.0 minus 4.0 g=543.0 b=10000 p=150 c=100000#
% t=168.0001 plus 8.0 minus 4.0 g=543.0 b=10000 p=0 c=100000#
% t=181.0001 plus 8.0 minus 4.0 g=543.0 b=10000 p=100 c=100000#
% t=194.0001 plus 8.0 minus 4.0 g=543.0 b=10000 p=150 c=100000#
% t=207.0001 plus 8.0 minus 4.0 g=543.0 b=10000 p=-100 c=100000#
% t=239.0001 plus 12.0 minus 6.0 g=543.0 b=10000 p=150 c=100000#
% t=252.0001 plus 12.0 minus 6.0 g=543.0 b=10000 p=0 c=100000#
% t=265.0001 plus 12.0 minus 6.0 g=543.0 b=10000 p=150 c=100000#
% t=278.0001 plus 12.0 minus 6.0 g=543.0 b=10000 p=0 c=100000#
% t=291.0001 plus 13.0 minus 6.0 g=543.0 b=10000 p=150 c=100000#
% t=304.0001 plus 13.0 minus 6.0 g=543.0 b=10000 p=0 c=100000#
% t=317.0001 plus 13.0 minus 6.0 g=543.0 b=10000 p=50 c=100000#
% t=373.57866 plus 16.0 minus 8.0 g=543.0 b=10000 p=0 c=100000#
% t=405.57889 plus 16.0 minus 8.0 g=543.0 b=10000 p=0 c=100000#
% t=444.22397 plus 17.0 minus 9.0 g=543.0 b=10000 p=0 c=100000#
% t=466.72398 plus 20.0 minus 11.0 g=543.0 b=5533 p=200 c=5733#
% t=517.66866 plus 23.0 minus 13.0 g=543.0 b=133 p=0 c=133#
% t=549.2915 plus 23.0 minus 13.0 g=543.0 b=11 p=0 c=11#
% t=605.7699 plus 29.0 minus 17.0 g=543.0 b=* p=0 c=*
 [353
Bad guess!
]
%% goal height=543.0, max depth=4.0
% t=44.64508 plus 3.0 minus 2.0 g=543.0 b=10000 p=0 c=100000#
% t=107.31657 plus 9.0 minus 6.0 g=543.0 b=10000 p=0 c=100000#
% t=125.26102 plus 12.0 minus 8.0 g=543.0 b=10000 p=300 c=100000#
% t=138.26102 plus 12.0 minus 8.0 g=543.0 b=10000 p=-100 c=100000#
% t=170.26102 plus 16.0 minus 10.0 g=543.0 b=10000 p=200 c=100000#
% t=218.72707 plus 19.0 minus 12.0 g=543.0 b=10000 p=0 c=100000#
% t=240.67151 plus 22.0 minus 14.0 g=543.0 b=10000 p=150 c=100000#
% t=253.67151 plus 22.0 minus 14.0 g=543.0 b=10000 p=0 c=100000#
% t=266.67151 plus 22.0 minus 14.0 g=543.0 b=10000 p=50 c=100000#
% t=317.082 plus 25.0 minus 16.0 g=543.0 b=10000 p=0 c=100000#
% t=375.1189 plus 31.0 minus 20.0 g=543.0 b=10000 p=0 c=100000#
% t=405.11913 plus 31.0 minus 20.0 g=543.0 b=10000 p=0 c=100000#
% t=427.06357 plus 35.0 minus 22.0 g=543.0 b=3623 p=200 c=3823#
% t=472.0449 plus 38.0 minus 24.0 g=543.0 b=649 p=0 c=649#
% t=530.44435 plus 44.0 minus 28.0 g=543.0 b=2 p=0 c=2#
% t=561.44458 plus 44.0 minus 28.0 g=543.0 b=28 p=-100 c=-72#
% t=619.44481 plus 50.0 minus 32.0 g=543.0 b=* p=0 c=*
 [354]
%% goal height=543.0, max depth=4.0
% t=48.00023 plus 3.0 minus 2.0 g=543.0 b=10000 p=0 c=100000#
% t=78.00046 plus 3.0 minus 2.0 g=543.0 b=10000 p=0 c=100000#
% t=99.9449 plus 6.0 minus 4.0 g=543.0 b=10000 p=0 c=100000#
% t=149.3999 plus 10.0 minus 6.0 g=543.0 b=10000 p=0 c=100000#
% t=207.79935 plus 16.0 minus 10.0 g=543.0 b=10000 p=0 c=100000#
% t=238.79958 plus 16.0 minus 10.0 g=543.0 b=10000 p=0 c=100000#
% t=256.74402 plus 19.0 minus 12.0 g=543.0 b=10000 p=150 c=100000#
% t=269.77519 plus 19.0 minus 12.0 g=543.0 b=10000 p=50 c=100000#
% t=321.41551 plus 22.0 minus 14.0 g=543.0 b=10000 p=0 c=100000#
% t=337.3044 plus 22.0 minus 14.0 g=543.0 b=10000 p=0 c=100000#
% t=358.35995 plus 25.0 minus 16.0 g=543.0 b=10000 p=300 c=100000#
% t=371.35995 plus 25.0 minus 16.0 g=543.0 b=10000 p=-100 c=100000#
% t=403.35995 plus 29.0 minus 18.0 g=543.0 b=10000 p=200 c=100000#
% t=450.69493 plus 32.0 minus 20.0 g=543.0 b=2393 p=0 c=2393#
% t=472.63937 plus 35.0 minus 22.0 g=543.0 b=812 p=250 c=1062#
% t=485.63937 plus 35.0 minus 22.0 g=543.0 b=438 p=50 c=488#
% t=555.21008 plus 41.0 minus 26.0 g=543.0 b=10 p=0 c=10#
% t=568.21008 plus 42.0 minus 26.0 g=543.0 b=90 p=150 c=240
% t=581.21008 plus 42.0 minus 26.0 g=543.0 b=* p=0 c=*
 [355
Bad guess!
]
%% goal height=543.0, max depth=4.0
% t=10.0 g=543.0 b=10000 p=150 c=100000#
% t=23.0 g=543.0 b=10000 p=0 c=100000#
% t=36.0 g=543.0 b=10000 p=100 c=100000#
% t=49.0 g=543.0 b=10000 p=0 c=100000#
% t=62.0 g=543.0 b=10000 p=0 c=100000#
% t=75.0 g=543.0 b=10000 p=0 c=100000#
% t=88.0 g=543.0 b=10000 p=50 c=100000#
% t=222.49825 plus 3.0 minus 2.0 g=543.0 b=10000 p=0 c=100000#
% t=245.49825 plus 6.0 minus 4.0 g=543.0 b=10000 p=250 c=100000#
% t=258.49825 plus 6.0 minus 4.0 g=543.0 b=10000 p=0 c=100000#
% t=271.49825 plus 6.0 minus 4.0 g=543.0 b=10000 p=0 c=100000#
% t=284.49825 plus 6.0 minus 4.0 g=543.0 b=10000 p=0 c=100000#
% t=297.49825 plus 6.0 minus 4.0 g=543.0 b=10000 p=50 c=100000#
% t=354.6833 plus 9.0 minus 6.0 g=543.0 b=10000 p=0 c=100000#
% t=372.62775 plus 12.0 minus 8.0 g=543.0 b=10000 p=0 c=100000#
% t=385.62775 plus 13.0 minus 8.0 g=543.0 b=10000 p=200 c=100000#
% t=431.74532 plus 16.0 minus 10.0 g=543.0 b=10000 p=0 c=100000#
% t=455.21797 plus 19.0 minus 12.0 g=543.0 b=10000 p=200 c=100000#
% t=497.87662 plus 22.0 minus 14.0 g=543.0 b=862 p=0 c=862#
% t=520.37662 plus 25.0 minus 16.0 g=543.0 b=73 p=300 c=373#
% t=533.37662 plus 25.0 minus 16.0 g=543.0 b=6 p=-100 c=-94#
% t=565.37662 plus 29.0 minus 18.0 g=543.0 b=* p=400 c=*
 [356
Bad guess!
]
%% goal height=543.0, max depth=4.0
% t=23.0 plus 1.0 g=543.0 b=10000 p=400 c=100000#
% t=36.0 plus 1.0 g=543.0 b=10000 p=0 c=100000#
% t=49.0 plus 2.0 g=543.0 b=10000 p=150 c=100000#
% t=62.0 plus 2.0 g=543.0 b=10000 p=0 c=100000#
% t=75.0 plus 2.0 g=543.0 b=10000 p=0 c=100000#
% t=88.0 plus 2.0 g=543.0 b=10000 p=50 c=100000#
% t=130.0 plus 5.0 minus 2.0 g=543.0 b=10000 p=0 c=100000#
% t=151.0 plus 5.0 minus 2.0 g=543.0 b=10000 p=0 c=100000#
% t=174.0 plus 8.0 minus 4.0 g=543.0 b=10000 p=0 c=100000#
% t=187.0 plus 9.0 minus 4.0 g=543.0 b=10000 p=150 c=100000#
% t=200.0 plus 9.0 minus 4.0 g=543.0 b=10000 p=0 c=100000#
% t=213.0 plus 9.0 minus 4.0 g=543.0 b=10000 p=0 c=100000#
% t=226.0 plus 9.0 minus 4.0 g=543.0 b=10000 p=0 c=100000#
% t=239.0 plus 9.0 minus 4.0 g=543.0 b=10000 p=50 c=100000#
% t=275.0 plus 12.0 minus 6.0 g=543.0 b=10000 p=0 c=100000#
% t=298.0 plus 15.0 minus 8.0 g=543.0 b=10000 p=200 c=100000#
% t=347.01045 plus 18.0 minus 10.0 g=543.0 b=10000 p=0 c=100000#
% t=400.45496 plus 24.0 minus 14.0 g=543.0 b=10000 p=0 c=100000#
% t=430.96547 plus 24.0 minus 14.0 g=543.0 b=10000 p=0 c=100000#
% t=464.47598 plus 25.0 minus 15.0 g=543.0 b=3088 p=0 c=3088#
% t=482.97072 plus 25.0 minus 15.0 g=543.0 b=1383 p=0 c=1383#
% t=505.97072 plus 28.0 minus 17.0 g=543.0 b=230 p=400 c=630#
% t=518.97072 plus 28.0 minus 17.0 g=543.0 b=63 p=0 c=63#
% t=564.6285 plus 32.0 minus 19.0 g=543.0 b=* p=0 c=*
 [357
Bad guess!
]
%% goal height=543.0, max depth=4.0
% t=42.65778 plus 3.0 minus 2.0 g=543.0 b=10000 p=0 c=100000#
% t=64.60222 plus 6.0 minus 4.0 g=543.0 b=10000 p=150 c=100000#
% t=77.60222 plus 6.0 minus 4.0 g=543.0 b=10000 p=0 c=100000#
% t=90.60222 plus 6.0 minus 4.0 g=543.0 b=10000 p=0 c=100000#
% t=103.60222 plus 6.0 minus 4.0 g=543.0 b=10000 p=0 c=100000#
% t=116.60222 plus 6.0 minus 4.0 g=543.0 b=10000 p=50 c=100000#
% t=159.76175 plus 9.0 minus 6.0 g=543.0 b=10000 p=0 c=100000#
% t=220.22078 plus 16.0 minus 10.0 g=543.0 b=10000 p=0 c=100000#
% t=282.48674 plus 22.0 minus 14.0 g=543.0 b=10000 p=0 c=100000#
% t=313.95279 plus 22.0 minus 14.0 g=543.0 b=10000 p=0 c=100000#
% t=338.265 plus 25.0 minus 16.0 g=543.0 b=10000 p=0 c=100000#
% t=352.265 plus 26.0 minus 16.0 g=543.0 b=10000 p=150 c=100000#
% t=365.265 plus 26.0 minus 16.0 g=543.0 b=10000 p=0 c=100000#
% t=378.265 plus 26.0 minus 16.0 g=543.0 b=10000 p=0 c=100000#
% t=391.265 plus 26.0 minus 16.0 g=543.0 b=10000 p=150 c=100000#
% t=404.265 plus 26.0 minus 16.0 g=543.0 b=10000 p=0 c=100000#
% t=417.265 plus 27.0 minus 16.0 g=543.0 b=10000 p=200 c=100000#
% t=453.265 plus 30.0 minus 18.0 g=543.0 b=2671 p=0 c=2671#
% t=499.265 plus 36.0 minus 22.0 g=543.0 b=178 p=0 c=178#
% t=522.265 plus 39.0 minus 24.0 g=543.0 b=15 p=150 c=165#
% t=535.265 plus 39.0 minus 24.0 g=543.0 b=1 p=50 c=51#
% t=592.26505 plus 42.0 minus 26.0 g=543.0 b=* p=0 c=*
 [358
Bad guess!
]
%% goal height=543.0, max depth=4.0
% t=54.00005 plus 3.0 minus 2.0 g=543.0 b=10000 p=0 c=100000#
% t=87.00005 plus 3.0 minus 2.0 g=543.0 b=10000 p=0 c=100000#
% t=110.00005 plus 6.0 minus 4.0 g=543.0 b=10000 p=250 c=100000#
% t=123.00005 plus 6.0 minus 4.0 g=543.0 b=10000 p=0 c=100000#
% t=136.00005 plus 6.0 minus 4.0 g=543.0 b=10000 p=0 c=100000#
% t=149.00005 plus 6.0 minus 4.0 g=543.0 b=10000 p=0 c=100000#
% t=162.00005 plus 6.0 minus 4.0 g=543.0 b=10000 p=0 c=100000#
% t=175.00005 plus 6.0 minus 4.0 g=543.0 b=10000 p=0 c=100000#
% t=188.00005 plus 6.0 minus 4.0 g=543.0 b=10000 p=0 c=100000#
% t=201.00005 plus 6.0 minus 4.0 g=543.0 b=10000 p=150 c=100000#
% t=214.00005 plus 6.0 minus 4.0 g=543.0 b=10000 p=0 c=100000#
% t=227.00005 plus 7.0 minus 4.0 g=543.0 b=10000 p=150 c=100000#
% t=240.00005 plus 7.0 minus 4.0 g=543.0 b=10000 p=100 c=100000#
% t=253.00005 plus 7.0 minus 4.0 g=543.0 b=10000 p=50 c=100000#
% t=289.00005 plus 10.0 minus 6.0 g=543.0 b=10000 p=0 c=100000#
% t=335.00005 plus 16.0 minus 10.0 g=543.0 b=10000 p=0 c=100000#
% t=358.00005 plus 19.0 minus 12.0 g=543.0 b=10000 p=250 c=100000#
% t=371.00005 plus 19.0 minus 12.0 g=543.0 b=10000 p=0 c=100000#
% t=384.00005 plus 19.0 minus 12.0 g=543.0 b=10000 p=0 c=100000#
% t=397.00005 plus 19.0 minus 12.0 g=543.0 b=10000 p=0 c=100000#
% t=410.00005 plus 19.0 minus 12.0 g=543.0 b=10000 p=50 c=100000#
% t=446.00005 plus 22.0 minus 14.0 g=543.0 b=10000 p=0 c=100000#
% t=469.00005 plus 25.0 minus 16.0 g=543.0 b=2591 p=200 c=2791#
% t=505.00005 plus 28.0 minus 18.0 g=543.0 b=250 p=0 c=250#
% t=520.00005 plus 28.0 minus 18.0 g=543.0 b=55 p=0 c=55#
% t=558.00005 plus 31.0 minus 20.0 g=543.0 b=42 p=0 c=42#
% t=571.00005 plus 32.0 minus 20.0 g=543.0 b=* p=200 c=*
 [359]
%% goal height=543.0, max depth=4.0
% t=10.0 g=543.0 b=10000 p=200 c=100000#
% t=46.0 plus 3.0 minus 2.0 g=543.0 b=10000 p=0 c=100000#
% t=69.0 plus 6.0 minus 4.0 g=543.0 b=10000 p=150 c=100000#
% t=82.0 plus 6.0 minus 4.0 g=543.0 b=10000 p=0 c=100000#
% t=95.0 plus 6.0 minus 4.0 g=543.0 b=10000 p=50 c=100000#
% t=241.5 plus 9.0 minus 6.0 g=543.0 b=10000 p=0 c=100000#
% t=251.5 plus 12.0 minus 8.0 g=543.0 b=10000 p=150 c=100000#
% t=264.5 plus 12.0 minus 8.0 g=543.0 b=10000 p=0 c=100000#
% t=277.5 plus 12.0 minus 8.0 g=543.0 b=10000 p=0 c=100000#
% t=290.5 plus 12.0 minus 8.0 g=543.0 b=10000 p=0 c=100000#
% t=303.5 plus 12.0 minus 8.0 g=543.0 b=10000 p=0 c=100000#
% t=316.5 plus 12.0 minus 8.0 g=543.0 b=10000 p=150 c=100000#
% t=329.5 plus 12.0 minus 8.0 g=543.0 b=10000 p=0 c=100000#
% t=342.5 plus 13.0 minus 8.0 g=543.0 b=10000 p=150 c=100000#
% t=355.5 plus 13.0 minus 8.0 g=543.0 b=10000 p=0 c=100000#
% t=368.5 plus 13.0 minus 8.0 g=543.0 b=10000 p=0 c=100000#
% t=381.5 plus 13.0 minus 8.0 g=543.0 b=10000 p=0 c=100000#
% t=394.5 plus 13.0 minus 8.0 g=543.0 b=10000 p=0 c=100000#
% t=407.5 plus 13.0 minus 8.0 g=543.0 b=10000 p=0 c=100000#
% t=420.5 plus 13.0 minus 8.0 g=543.0 b=10000 p=0 c=100000#
% t=433.5 plus 13.0 minus 8.0 g=543.0 b=10000 p=50 c=100000#
% t=480.00023 plus 16.0 minus 10.0 g=543.0 b=6094 p=0 c=6094#
% t=514.94467 plus 21.0 minus 12.0 g=543.0 b=237 p=150 c=387#
% t=527.94467 plus 21.0 minus 12.0 g=543.0 b=36 p=0 c=36#
% t=540.94467 plus 21.0 minus 12.0 g=543.0 b=0 p=50 c=50
% t=576.94467 plus 24.0 minus 14.0 g=543.0 b=* p=0 c=*
 [360
Bad guess!
Bad guess!
]
%% goal height=543.0, max depth=4.0
% t=10.0 g=543.0 b=10000 p=50 c=100000#
% t=46.0 plus 3.0 minus 2.0 g=543.0 b=10000 p=0 c=100000#
% t=69.0 plus 6.0 minus 4.0 g=543.0 b=10000 p=150 c=100000#
% t=82.0 plus 6.0 minus 4.0 g=543.0 b=10000 p=50 c=100000#
% t=131.94467 plus 9.0 minus 6.0 g=543.0 b=10000 p=0 c=100000#
% t=149.88911 plus 12.0 minus 8.0 g=543.0 b=10000 p=150 c=100000#
% t=162.88911 plus 12.0 minus 8.0 g=543.0 b=10000 p=0 c=100000#
% t=175.88911 plus 12.0 minus 8.0 g=543.0 b=10000 p=150 c=100000#
% t=188.88911 plus 12.0 minus 8.0 g=543.0 b=10000 p=0 c=100000#
% t=201.88911 plus 13.0 minus 8.0 g=543.0 b=10000 p=150 c=100000#
% t=214.88911 plus 13.0 minus 8.0 g=543.0 b=10000 p=0 c=100000#
% t=227.88911 plus 13.0 minus 8.0 g=543.0 b=10000 p=150 c=100000#
% t=240.88911 plus 13.0 minus 8.0 g=543.0 b=10000 p=0 c=100000#
% t=253.88911 plus 14.0 minus 8.0 g=543.0 b=10000 p=150 c=100000#
% t=266.88911 plus 14.0 minus 8.0 g=543.0 b=10000 p=0 c=100000#
% t=279.88911 plus 14.0 minus 8.0 g=543.0 b=10000 p=0 c=100000#
% t=292.88911 plus 14.0 minus 8.0 g=543.0 b=10000 p=0 c=100000#
% t=305.88911 plus 14.0 minus 8.0 g=543.0 b=10000 p=0 c=100000#
% t=318.88911 plus 14.0 minus 8.0 g=543.0 b=10000 p=0 c=100000#
% t=331.88911 plus 14.0 minus 8.0 g=543.0 b=10000 p=0 c=100000#
% t=344.88911 plus 14.0 minus 8.0 g=543.0 b=10000 p=0 c=100000#
% t=357.88911 plus 14.0 minus 8.0 g=543.0 b=10000 p=0 c=100000#
% t=370.88911 plus 14.0 minus 8.0 g=543.0 b=10000 p=0 c=100000#
% t=383.88911 plus 14.0 minus 8.0 g=543.0 b=10000 p=0 c=100000#
% t=396.88911 plus 14.0 minus 8.0 g=543.0 b=10000 p=150 c=100000#
% t=409.88911 plus 14.0 minus 8.0 g=543.0 b=10000 p=0 c=100000#
% t=422.92029 plus 15.0 minus 8.0 g=543.0 b=10000 p=200 c=100000#
% t=482.88591 plus 18.0 minus 10.0 g=543.0 b=3713 p=0 c=3713#
% t=526.87889 plus 24.0 minus 14.0 g=543.0 b=30 p=0 c=30#
% t=547.38065 plus 27.0 minus 16.0 g=543.0 b=2 p=0 c=2#
% t=560.38065 plus 28.0 minus 16.0 g=543.0 b=* p=150 c=*

[361
Bad guess!
]
%% goal height=543.0, max depth=4.0
% t=10.0 g=543.0 b=10000 p=150 c=100000#
% t=23.0 g=543.0 b=10000 p=0 c=100000#
% t=36.0 g=543.0 b=10000 p=0 c=100000#
% t=49.0 g=543.0 b=10000 p=150 c=100000#
% t=62.0 g=543.0 b=10000 p=0 c=100000#
% t=75.0 plus 1.0 g=543.0 b=10000 p=150 c=100000#
% t=88.0 plus 1.0 g=543.0 b=10000 p=0 c=100000#
% t=101.0 plus 1.0 g=543.0 b=10000 p=0 c=100000#
% t=114.0 plus 1.0 g=543.0 b=10000 p=150 c=100000#
% t=127.0 plus 1.0 g=543.0 b=10000 p=0 c=100000#
% t=143.0 plus 3.0 minus 1.0 g=543.0 b=10000 p=0 c=100000#
% t=159.0 plus 5.0 minus 2.0 g=543.0 b=10000 p=0 c=100000#
% t=175.0 plus 7.0 minus 3.0 g=543.0 b=10000 p=0 c=100000#
% t=191.0 plus 9.0 minus 4.0 g=543.0 b=10000 p=200 c=100000#
% t=236.56552 plus 12.0 minus 6.0 g=543.0 b=10000 p=0 c=100000#
% t=250.56552 plus 15.0 minus 8.0 g=543.0 b=10000 p=0 c=100000#
% t=258.50996 plus 16.0 minus 8.0 g=543.0 b=10000 p=150 c=100000#
% t=271.50996 plus 16.0 minus 8.0 g=543.0 b=10000 p=50 c=100000#
% t=307.50996 plus 19.0 minus 10.0 g=543.0 b=10000 p=0 c=100000#
% t=330.50996 plus 22.0 minus 12.0 g=543.0 b=10000 p=0 c=100000#
% t=343.50996 plus 23.0 minus 12.0 g=543.0 b=10000 p=200 c=100000#
% t=381.50996 plus 26.0 minus 14.0 g=543.0 b=10000 p=0 c=100000#
% t=398.50996 plus 26.0 minus 14.0 g=543.0 b=10000 p=0 c=100000#
% t=415.50996 plus 26.0 minus 14.0 g=543.0 b=10000 p=0 c=100000#
% t=432.50996 plus 26.0 minus 14.0 g=543.0 b=7667 p=0 c=7667#
% t=449.50996 plus 26.0 minus 14.0 g=543.0 b=4634 p=0 c=4634#
% t=472.50996 plus 29.0 minus 16.0 g=543.0 b=1430 p=300 c=1730#
% t=485.50996 plus 29.0 minus 16.0 g=543.0 b=776 p=0 c=776#
% t=498.50996 plus 30.0 minus 16.0 g=543.0 b=325 p=150 c=475#
% t=511.50996 plus 30.0 minus 16.0 g=543.0 b=115 p=0 c=115#
% t=524.50996 plus 30.0 minus 16.0 g=543.0 b=23 p=50 c=73#
% t=574.45464 plus 33.0 minus 18.0 g=543.0 b=* p=0 c=*
 [362]
%% goal height=543.0, max depth=4.0
% t=46.94467 plus 3.0 minus 2.0 g=543.0 b=10000 p=0 c=100000#
% t=64.88911 plus 6.0 minus 4.0 g=543.0 b=10000 p=0 c=100000#
% t=77.88911 plus 7.0 minus 4.0 g=543.0 b=10000 p=150 c=100000#
% t=90.88911 plus 7.0 minus 4.0 g=543.0 b=10000 p=50 c=100000#
% t=137.38934 plus 10.0 minus 6.0 g=543.0 b=10000 p=0 c=100000#
% t=159.88934 plus 13.0 minus 8.0 g=543.0 b=10000 p=300 c=100000#
% t=195.88934 plus 16.0 minus 10.0 g=543.0 b=10000 p=0 c=100000#
% t=241.88934 plus 22.0 minus 14.0 g=543.0 b=10000 p=0 c=100000#
% t=264.88934 plus 26.0 minus 16.0 g=543.0 b=10000 p=150 c=100000#
% t=277.88934 plus 26.0 minus 16.0 g=543.0 b=10000 p=0 c=100000#
% t=290.88934 plus 26.0 minus 16.0 g=543.0 b=10000 p=50 c=100000#
% t=340.38776 plus 29.0 minus 18.0 g=543.0 b=10000 p=0 c=100000#
% t=398.27681 plus 35.0 minus 22.0 g=543.0 b=7064 p=0 c=7064#
% t=420.22125 plus 38.0 minus 24.0 g=543.0 b=3364 p=0 c=3364#
% t=433.22125 plus 39.0 minus 24.0 g=543.0 b=2229 p=150 c=2379#
% t=446.25243 plus 39.0 minus 24.0 g=543.0 b=1521 p=50 c=1571#
% t=498.77603 plus 42.0 minus 26.0 g=543.0 b=116 p=0 c=116#
% t=520.72047 plus 45.0 minus 28.0 g=543.0 b=12 p=150 c=162
% t=533.75165 plus 45.0 minus 28.0 g=543.0 b=1 p=150 c=151
% t=546.72047 plus 45.0 minus 28.0 g=543.0 b=0 p=0 c=0#
% t=597.86859 plus 49.0 minus 30.0 g=543.0 b=* p=0 c=*
 [363]
%% goal height=543.0, max depth=4.0
% t=48.14812 plus 3.0 minus 2.0 g=543.0 b=10000 p=0 c=100000#
% t=106.24536 plus 9.0 minus 6.0 g=543.0 b=10000 p=0 c=100000#
% t=124.7401 plus 12.0 minus 8.0 g=543.0 b=10000 p=200 c=100000#
% t=163.7401 plus 15.0 minus 10.0 g=543.0 b=10000 p=0 c=100000#
% t=167.7401 plus 18.0 minus 12.0 g=543.0 b=10000 p=-200 c=100000#
% t=212.7401 plus 20.0 minus 12.0 g=543.0 b=10000 p=250 c=100000#
% t=225.7401 plus 20.0 minus 12.0 g=543.0 b=10000 p=0 c=100000#
% t=238.7401 plus 20.0 minus 12.0 g=543.0 b=10000 p=0 c=100000#
% t=251.7401 plus 20.0 minus 12.0 g=543.0 b=10000 p=50 c=100000#
% t=305.26103 plus 23.0 minus 14.0 g=543.0 b=10000 p=0 c=100000#
% t=323.76103 plus 26.0 minus 16.0 g=543.0 b=10000 p=300 c=100000#
% t=336.76103 plus 26.0 minus 16.0 g=543.0 b=10000 p=0 c=100000#
% t=349.76103 plus 27.0 minus 16.0 g=543.0 b=10000 p=150 c=100000#
% t=362.7922 plus 27.0 minus 16.0 g=543.0 b=10000 p=0 c=100000#
% t=377.07324 plus 27.0 minus 16.0 g=543.0 b=10000 p=150 c=100000#
% t=390.07324 plus 27.0 minus 16.0 g=543.0 b=10000 p=0 c=100000#
% t=403.07324 plus 28.0 minus 16.0 g=543.0 b=10000 p=250 c=100000#
% t=416.07324 plus 28.0 minus 16.0 g=543.0 b=10000 p=50 c=100000#
% t=467.77692 plus 31.0 minus 18.0 g=543.0 b=1424 p=0 c=1424#
% t=490.27692 plus 34.0 minus 20.0 g=543.0 b=371 p=0 c=371#
% t=547.48059 plus 38.0 minus 22.0 g=543.0 b=1 p=0 c=1#
% t=565.98059 plus 41.0 minus 24.0 g=543.0 b=87 p=150 c=237
% t=578.98059 plus 41.0 minus 24.0 g=543.0 b=* p=0 c=*
 [364
Bad guess!
]
%% goal height=543.0, max depth=4.0
% t=10.0 g=543.0 b=10000 p=150 c=100000#
% t=23.0 g=543.0 b=10000 p=0 c=100000#
% t=36.0 g=543.0 b=10000 p=50 c=100000#
% t=91.14812 plus 3.0 minus 2.0 g=543.0 b=10000 p=0 c=100000#
% t=109.64812 plus 6.0 minus 4.0 g=543.0 b=10000 p=0 c=100000#
% t=122.64812 plus 7.0 minus 4.0 g=543.0 b=10000 p=250 c=100000#
% t=135.64812 plus 7.0 minus 4.0 g=543.0 b=10000 p=0 c=100000#
% t=148.64812 plus 7.0 minus 4.0 g=543.0 b=10000 p=50 c=100000#
% t=202.65868 plus 10.0 minus 6.0 g=543.0 b=10000 p=0 c=100000#
% t=262.38583 plus 16.0 minus 10.0 g=543.0 b=10000 p=0 c=100000#
% t=284.88583 plus 19.0 minus 12.0 g=543.0 b=10000 p=0 c=100000#
% t=297.88583 plus 20.0 minus 12.0 g=543.0 b=10000 p=200 c=100000#
% t=351.43735 plus 23.0 minus 14.0 g=543.0 b=10000 p=0 c=100000#
% t=373.38179 plus 26.0 minus 16.0 g=543.0 b=10000 p=200 c=100000#
% t=426.39233 plus 29.0 minus 18.0 g=543.0 b=6493 p=0 c=6493#
% t=444.89233 plus 32.0 minus 20.0 g=543.0 b=2875 p=150 c=3025#
% t=457.89233 plus 32.0 minus 20.0 g=543.0 b=1874 p=0 c=1874#
% t=470.89233 plus 32.0 minus 20.0 g=543.0 b=1142 p=0 c=1142#
% t=483.89233 plus 32.0 minus 20.0 g=543.0 b=628 p=0 c=628#
% t=496.89233 plus 32.0 minus 20.0 g=543.0 b=297 p=0 c=297#
% t=511.67862 plus 32.0 minus 20.0 g=543.0 b=93 p=150 c=243#
% t=524.67862 plus 32.0 minus 20.0 g=543.0 b=19 p=-50 c=-31#
% t=540.67862 plus 34.0 minus 21.0 g=543.0 b=0 p=200 c=200
% t=586.64456 plus 37.0 minus 23.0 g=543.0 b=* p=0 c=*
 [365]
%% goal height=543.0, max depth=4.0
% t=10.0 g=543.0 b=10000 p=200 c=100000#
% t=55.96594 plus 3.0 minus 2.0 g=543.0 b=10000 p=0 c=100000#
% t=77.91039 plus 6.0 minus 4.0 g=543.0 b=10000 p=150 c=100000#
% t=90.91039 plus 6.0 minus 4.0 g=543.0 b=10000 p=0 c=100000#
% t=103.91039 plus 6.0 minus 4.0 g=543.0 b=10000 p=50 c=100000#
% t=149.87633 plus 9.0 minus 6.0 g=543.0 b=10000 p=0 c=100000#
% t=210.49406 plus 15.0 minus 10.0 g=543.0 b=10000 p=0 c=100000#
% t=267.08359 plus 21.0 minus 14.0 g=543.0 b=10000 p=0 c=100000#
% t=289.02803 plus 24.0 minus 16.0 g=543.0 b=10000 p=200 c=100000#
% t=334.9727 plus 27.0 minus 18.0 g=543.0 b=10000 p=0 c=100000#
% t=380.4558 plus 30.0 minus 20.0 g=543.0 b=10000 p=0 c=100000#
% t=393.4558 plus 31.0 minus 20.0 g=543.0 b=10000 p=200 c=100000#
% t=445.15947 plus 34.0 minus 22.0 g=543.0 b=2376 p=0 c=2376#
% t=505.70862 plus 40.0 minus 26.0 g=543.0 b=80 p=0 c=80#
% t=562.22955 plus 46.0 minus 30.0 g=543.0 b=26 p=0 c=26#
% t=618.48894 plus 52.0 minus 34.0 g=543.0 b=* p=0 c=*
 [366]
%% goal height=543.0, max depth=4.0
% t=44.31494 plus 3.0 minus 2.0 g=543.0 b=10000 p=0 c=100000#
% t=62.25938 plus 6.0 minus 4.0 g=543.0 b=10000 p=300 c=100000#
% t=75.25938 plus 6.0 minus 4.0 g=543.0 b=10000 p=0 c=100000#
% t=88.25938 plus 7.0 minus 4.0 g=543.0 b=10000 p=200 c=100000#
% t=139.4075 plus 10.0 minus 6.0 g=543.0 b=10000 p=0 c=100000#
% t=188.8906 plus 16.0 minus 10.0 g=543.0 b=10000 p=0 c=100000#
% t=213.98784 plus 16.0 minus 10.0 g=543.0 b=10000 p=0 c=100000#
% t=270.34041 plus 22.0 minus 14.0 g=543.0 b=10000 p=0 c=100000#
% t=301.43765 plus 22.0 minus 14.0 g=543.0 b=10000 p=0 c=100000#
% t=332.5349 plus 22.0 minus 14.0 g=543.0 b=10000 p=0 c=100000#
% t=356.31595 plus 25.0 minus 16.0 g=543.0 b=10000 p=150 c=100000#
% t=369.31595 plus 25.0 minus 16.0 g=543.0 b=10000 p=150 c=100000#
% t=382.31595 plus 25.0 minus 16.0 g=543.0 b=10000 p=0 c=100000#
% t=428.79904 plus 29.0 minus 18.0 g=543.0 b=6094 p=0 c=6094#
% t=488.30258 plus 35.0 minus 22.0 g=543.0 b=381 p=0 c=381#
% t=506.24702 plus 38.0 minus 24.0 g=543.0 b=90 p=150 c=240#
% t=519.24702 plus 38.0 minus 24.0 g=543.0 b=24 p=50 c=74#
% t=573.32352 plus 41.0 minus 26.0 g=543.0 b=* p=0 c=*
 [367]
%% goal height=543.0, max depth=4.0
% t=51.07649 plus 3.0 minus 2.0 g=543.0 b=10000 p=0 c=100000#
% t=100.44699 plus 9.0 minus 6.0 g=543.0 b=10000 p=0 c=100000#
% t=122.39143 plus 13.0 minus 8.0 g=543.0 b=10000 p=150 c=100000#
% t=135.39143 plus 13.0 minus 8.0 g=543.0 b=10000 p=0 c=100000#
% t=148.39143 plus 13.0 minus 8.0 g=543.0 b=10000 p=0 c=100000#
% t=161.39143 plus 13.0 minus 8.0 g=543.0 b=10000 p=0 c=100000#
% t=174.39143 plus 13.0 minus 8.0 g=543.0 b=10000 p=150 c=100000#
% t=187.39143 plus 13.0 minus 8.0 g=543.0 b=10000 p=0 c=100000#
% t=200.39143 plus 14.0 minus 8.0 g=543.0 b=10000 p=150 c=100000#
% t=213.39143 plus 14.0 minus 8.0 g=543.0 b=10000 p=50 c=100000#
% t=260.33588 plus 17.0 minus 10.0 g=543.0 b=10000 p=0 c=100000#
% t=292.33588 plus 17.0 minus 10.0 g=543.0 b=10000 p=0 c=100000#
% t=315.33588 plus 20.0 minus 12.0 g=543.0 b=10000 p=0 c=100000#
% t=328.33588 plus 21.0 minus 12.0 g=543.0 b=10000 p=150 c=100000#
% t=341.33588 plus 21.0 minus 12.0 g=543.0 b=10000 p=0 c=100000#
% t=354.33588 plus 21.0 minus 12.0 g=543.0 b=10000 p=0 c=100000#
% t=367.33588 plus 21.0 minus 12.0 g=543.0 b=10000 p=0 c=100000#
% t=380.33588 plus 21.0 minus 12.0 g=543.0 b=10000 p=0 c=100000#
% t=393.33588 plus 21.0 minus 12.0 g=543.0 b=10000 p=0 c=100000#
% t=406.33588 plus 21.0 minus 12.0 g=543.0 b=10000 p=0 c=100000#
% t=419.33588 plus 21.0 minus 12.0 g=543.0 b=10000 p=0 c=100000#
% t=432.33588 plus 21.0 minus 12.0 g=543.0 b=10000 p=0 c=100000#
% t=445.33588 plus 21.0 minus 12.0 g=543.0 b=10000 p=0 c=100000#
% t=458.33588 plus 21.0 minus 12.0 g=543.0 b=6542 p=150 c=6692#
% t=471.33588 plus 21.0 minus 12.0 g=543.0 b=3965 p=0 c=3965#
% t=521.85634 plus 25.0 minus 14.0 g=543.0 b=60 p=0 c=60#
% t=546.65125 plus 28.0 minus 16.0 g=543.0 b=1 p=150 c=151
% t=559.13737 plus 28.0 minus 16.0 g=543.0 b=* p=0 c=*
 [368]
%% goal height=543.0, max depth=4.0
% t=10.51387 g=543.0 b=10000 p=150 c=100000#
% t=23.0 g=543.0 b=10000 p=0 c=100000#
% t=36.0 g=543.0 b=10000 p=0 c=100000#
% t=49.0 g=543.0 b=10000 p=0 c=100000#
% t=62.0 g=543.0 b=10000 p=50 c=100000#
% t=98.0 plus 3.0 minus 2.0 g=543.0 b=10000 p=0 c=100000#
% t=121.0 plus 7.0 minus 4.0 g=543.0 b=10000 p=200 c=100000#
% t=157.0 plus 10.0 minus 6.0 g=543.0 b=10000 p=0 c=100000#
% t=220.6995 plus 16.0 minus 10.0 g=543.0 b=10000 p=0 c=100000#
% t=241.53024 plus 19.0 minus 12.0 g=543.0 b=10000 p=150 c=100000#
% t=254.53024 plus 19.0 minus 12.0 g=543.0 b=10000 p=50 c=100000#
% t=304.67357 plus 22.0 minus 14.0 g=543.0 b=10000 p=0 c=100000#
% t=353.95004 plus 28.0 minus 18.0 g=543.0 b=10000 p=0 c=100000#
% t=397.4518 plus 34.0 minus 22.0 g=543.0 b=7832 p=0 c=7832#
% t=420.4518 plus 37.0 minus 24.0 g=543.0 b=3623 p=200 c=3823#
% t=456.4518 plus 40.0 minus 26.0 g=543.0 b=1009 p=0 c=1009#
% t=512.93489 plus 46.0 minus 30.0 g=543.0 b=28 p=0 c=28#
% t=532.40755 plus 49.0 minus 32.0 g=543.0 b=1 p=300 c=301
% t=545.6101 plus 49.0 minus 32.0 g=543.0 b=0 p=-200 c=-200#
% t=597.40755 plus 51.0 minus 32.0 g=543.0 b=* p=200 c=*
 [369]
%% goal height=543.0, max depth=4.0
% t=28.0 plus 1.0 g=543.0 b=10000 p=200 c=100000#
% t=72.50006 plus 4.0 minus 2.0 g=543.0 b=10000 p=0 c=100000#
% t=94.9948 plus 7.0 minus 4.0 g=543.0 b=10000 p=150 c=100000#
% t=107.9948 plus 7.0 minus 4.0 g=543.0 b=10000 p=150 c=100000#
% t=120.9948 plus 7.0 minus 4.0 g=543.0 b=10000 p=0 c=100000#
% t=133.9948 plus 8.0 minus 4.0 g=543.0 b=10000 p=150 c=100000#
% t=146.9948 plus 8.0 minus 4.0 g=543.0 b=10000 p=50 c=100000#
% t=196.96074 plus 11.0 minus 6.0 g=543.0 b=10000 p=0 c=100000#
% t=215.46074 plus 14.0 minus 8.0 g=543.0 b=10000 p=300 c=100000#
% t=228.46074 plus 14.0 minus 8.0 g=543.0 b=10000 p=0 c=100000#
% t=282.60582 plus 18.0 minus 10.0 g=543.0 b=10000 p=0 c=100000#
% t=300.55026 plus 21.0 minus 12.0 g=543.0 b=10000 p=300 c=100000#
% t=313.55026 plus 21.0 minus 12.0 g=543.0 b=10000 p=0 c=100000#
% t=326.55026 plus 22.0 minus 12.0 g=543.0 b=10000 p=200 c=100000#
% t=374.19534 plus 25.0 minus 14.0 g=543.0 b=10000 p=0 c=100000#
% t=437.19351 plus 31.0 minus 18.0 g=543.0 b=3965 p=0 c=3965#
% t=456.44379 plus 35.0 minus 20.0 g=543.0 b=1509 p=150 c=1659#
% t=468.69357 plus 35.0 minus 20.0 g=543.0 b=954 p=50 c=1004#
% t=523.41933 plus 38.0 minus 22.0 g=543.0 b=14 p=0 c=14#
% t=542.89198 plus 41.0 minus 24.0 g=543.0 b=0 p=0 c=0#
% t=555.89198 plus 42.0 minus 24.0 g=543.0 b=15 p=1250 c=1265
% t=591.89198 plus 45.0 minus 26.0 g=543.0 b=* p=0 c=*
 [370]
%% goal height=543.0, max depth=4.0
% t=10.0 g=543.0 b=10000 p=1250 c=100000#
% t=46.0 plus 3.0 minus 2.0 g=543.0 b=10000 p=0 c=100000#
% t=69.0 plus 6.0 minus 4.0 g=543.0 b=10000 p=1150 c=100000#
% t=123.83347 plus 9.0 minus 6.0 g=543.0 b=10000 p=0 c=100000#
% t=141.77791 plus 12.0 minus 8.0 g=543.0 b=10000 p=1150 c=100000#
% t=194.66693 plus 15.0 minus 10.0 g=543.0 b=10000 p=0 c=100000#
% t=251.5285 plus 21.0 minus 14.0 g=543.0 b=10000 p=0 c=100000#
% t=271.00116 plus 24.0 minus 16.0 g=543.0 b=10000 p=1150 c=100000#
% t=325.83463 plus 27.0 minus 18.0 g=543.0 b=10000 p=0 c=100000#
% t=349.16362 plus 30.0 minus 20.0 g=543.0 b=10000 p=-200 c=100000#
% t=417.66537 plus 37.0 minus 24.0 g=543.0 b=3884 p=150 c=4034#
% t=430.66537 plus 37.0 minus 24.0 g=543.0 b=2790 p=0 c=2790#
% t=443.66537 plus 37.0 minus 24.0 g=543.0 b=1931 p=150 c=2081#
% t=456.66537 plus 37.0 minus 24.0 g=543.0 b=1270 p=-100 c=1170#
% t=474.66537 plus 40.0 minus 26.0 g=543.0 b=497 p=300 c=797#
% t=487.66537 plus 40.0 minus 26.0 g=543.0 b=263 p=-100 c=163#
% t=505.66537 plus 43.0 minus 28.0 g=543.0 b=65 p=-100 c=-35#
% t=523.66537 plus 46.0 minus 30.0 g=543.0 b=7 p=150 c=157
% t=536.66537 plus 46.0 minus 30.0 g=543.0 b=0 p=150 c=150
% t=549.66537 plus 46.0 minus 30.0 g=543.0 b=1 p=-100 c=-99#
% t=604.67418 plus 52.0 minus 34.0 g=543.0 b=* p=0 c=*
 [371]
%% goal height=543.0, max depth=4.0
% t=47.0088 plus 3.0 minus 2.0 g=543.0 b=10000 p=0 c=100000#
% t=86.95325 plus 10.0 minus 6.0 g=543.0 b=10000 p=300 c=100000#
% t=99.95325 plus 10.0 minus 6.0 g=543.0 b=10000 p=-100 c=100000#
% t=140.95325 plus 16.0 minus 10.0 g=543.0 b=10000 p=0 c=100000#
% t=155.95325 plus 16.0 minus 10.0 g=543.0 b=10000 p=0 c=100000#
% t=178.95325 plus 20.0 minus 12.0 g=543.0 b=10000 p=-100 c=100000#
% t=196.95325 plus 23.0 minus 14.0 g=543.0 b=10000 p=-100 c=100000#
% t=214.95325 plus 26.0 minus 16.0 g=543.0 b=10000 p=300 c=100000#
% t=227.95325 plus 26.0 minus 16.0 g=543.0 b=10000 p=-100 c=100000#
% t=245.95325 plus 29.0 minus 18.0 g=543.0 b=10000 p=150 c=100000#
% t=258.95325 plus 29.0 minus 18.0 g=543.0 b=10000 p=0 c=100000#
% t=271.95325 plus 29.0 minus 18.0 g=543.0 b=10000 p=150 c=100000#
% t=284.95325 plus 29.0 minus 18.0 g=543.0 b=10000 p=0 c=100000#
% t=300.27776 plus 30.0 minus 18.0 g=543.0 b=10000 p=0 c=100000#
% t=314.95325 plus 31.0 minus 18.0 g=543.0 b=10000 p=0 c=100000#
% t=329.95325 plus 32.0 minus 18.0 g=543.0 b=10000 p=150 c=100000#
% t=342.95325 plus 32.0 minus 18.0 g=543.0 b=10000 p=150 c=100000#
% t=355.95325 plus 32.0 minus 18.0 g=543.0 b=10000 p=-100 c=100000#
% t=373.95325 plus 35.0 minus 20.0 g=543.0 b=10000 p=150 c=100000#
% t=386.95325 plus 35.0 minus 20.0 g=543.0 b=10000 p=1000 c=100000#
% t=432.89792 plus 38.0 minus 22.0 g=543.0 b=2426 p=0 c=2426#
% t=455.39792 plus 42.0 minus 24.0 g=543.0 b=905 p=-100 c=805#
% t=499.39792 plus 48.0 minus 28.0 g=543.0 b=74 p=0 c=74#
% t=530.79904 plus 48.0 minus 28.0 g=543.0 b=2 p=0 c=2#
% t=552.74348 plus 51.0 minus 30.0 g=543.0 b=3 p=-100 c=-97#
% t=570.74348 plus 54.0 minus 32.0 g=543.0 b=65 p=150 c=215
% t=583.74348 plus 54.0 minus 32.0 g=543.0 b=* p=1000 c=*
 [372
Bad guess!
]
%% goal height=543.0, max depth=4.0
% t=10.0 g=543.0 b=10000 p=150 c=100000#
% t=23.0 g=543.0 b=10000 p=1000 c=100000#
% t=59.0 plus 3.0 minus 2.0 g=543.0 b=10000 p=0 c=100000#
% t=82.0 plus 6.0 minus 4.0 g=543.0 b=10000 p=300 c=100000#
% t=95.0 plus 6.0 minus 4.0 g=543.0 b=10000 p=-100 c=100000#
% t=151.07602 plus 12.0 minus 8.0 g=543.0 b=10000 p=0 c=100000#
% t=173.02046 plus 15.0 minus 10.0 g=543.0 b=10000 p=400 c=100000#
% t=186.02046 plus 15.0 minus 10.0 g=543.0 b=10000 p=-100 c=100000#
% t=205.29962 plus 18.0 minus 12.0 g=543.0 b=10000 p=1250 c=100000#
% t=251.062 plus 21.0 minus 14.0 g=543.0 b=10000 p=0 c=100000#
% t=273.00644 plus 24.0 minus 16.0 g=543.0 b=10000 p=-100 c=100000#
% t=306.00644 plus 28.0 minus 18.0 g=543.0 b=10000 p=0 c=100000#
% t=319.00644 plus 29.0 minus 18.0 g=543.0 b=10000 p=0 c=100000#
% t=347.00644 plus 31.0 minus 18.0 g=543.0 b=10000 p=300 c=100000#
% t=360.00644 plus 31.0 minus 18.0 g=543.0 b=10000 p=-100 c=100000#
% t=378.00644 plus 34.0 minus 20.0 g=543.0 b=10000 p=1150 c=100000#
% t=423.97238 plus 37.0 minus 22.0 g=543.0 b=3323 p=0 c=3323#
% t=446.46712 plus 40.0 minus 24.0 g=543.0 b=1400 p=1150 c=2550#
% t=504.19417 plus 43.0 minus 26.0 g=543.0 b=73 p=0 c=73#
% t=540.92122 plus 43.0 minus 26.0 g=543.0 b=0 p=0 c=0#
% t=563.42122 plus 46.0 minus 28.0 g=543.0 b=38 p=-100 c=-62#
% t=581.42122 plus 49.0 minus 30.0 g=543.0 b=* p=1150 c=*

[373
Bad guess!
]
%% goal height=543.0, max depth=4.0
% t=10.0 g=543.0 b=10000 p=1150 c=100000#
% t=46.0 plus 3.0 minus 2.0 g=543.0 b=10000 p=0 c=100000#
% t=69.0 plus 6.0 minus 4.0 g=543.0 b=10000 p=150 c=100000#
% t=82.0 plus 6.0 minus 4.0 g=543.0 b=10000 p=1000 c=100000#
% t=118.0 plus 9.0 minus 6.0 g=543.0 b=10000 p=0 c=100000#
% t=141.0 plus 12.0 minus 8.0 g=543.0 b=10000 p=300 c=100000#
% t=154.0 plus 12.0 minus 8.0 g=543.0 b=10000 p=-100 c=100000#
% t=191.0 plus 18.0 minus 12.0 g=543.0 b=10000 p=150 c=100000#
% t=204.0 plus 18.0 minus 12.0 g=543.0 b=10000 p=0 c=100000#
% t=217.0 plus 18.0 minus 12.0 g=543.0 b=10000 p=0 c=100000#
% t=230.0 plus 18.0 minus 12.0 g=543.0 b=10000 p=0 c=100000#
% t=243.0 plus 18.0 minus 12.0 g=543.0 b=10000 p=150 c=100000#
% t=256.0 plus 18.0 minus 12.0 g=543.0 b=10000 p=-100 c=100000#
% t=300.99998 plus 24.0 minus 16.0 g=543.0 b=10000 p=0 c=100000#
% t=323.66663 plus 24.0 minus 16.0 g=543.0 b=10000 p=0 c=100000#
% t=346.16663 plus 27.0 minus 18.0 g=543.0 b=10000 p=150 c=100000#
% t=359.16663 plus 27.0 minus 18.0 g=543.0 b=10000 p=0 c=100000#
% t=372.16663 plus 27.0 minus 18.0 g=543.0 b=10000 p=0 c=100000#
% t=385.16663 plus 27.0 minus 18.0 g=543.0 b=10000 p=1000 c=100000#
% t=421.16663 plus 30.0 minus 20.0 g=543.0 b=6691 p=0 c=6691#
% t=444.16663 plus 33.0 minus 22.0 g=543.0 b=2680 p=300 c=2980#
% t=457.16663 plus 33.0 minus 22.0 g=543.0 b=1755 p=-100 c=1655#
% t=475.16663 plus 36.0 minus 24.0 g=543.0 b=666 p=-100 c=566#
% t=493.16663 plus 39.0 minus 26.0 g=543.0 b=208 p=150 c=358#
% t=506.16663 plus 39.0 minus 26.0 g=543.0 b=84 p=150 c=234#
% t=519.16663 plus 39.0 minus 26.0 g=543.0 b=23 p=-100 c=-77#
% t=537.16663 plus 42.0 minus 28.0 g=543.0 b=0 p=150 c=150
% t=550.16663 plus 42.0 minus 28.0 g=543.0 b=2 p=0 c=2
% t=563.16663 plus 42.0 minus 28.0 g=543.0 b=37 p=0 c=37
% t=576.16663 plus 42.0 minus 28.0 g=543.0 b=* p=150 c=*
 [374
Bad guess!
Bad guess!
]
%% goal height=543.0, max depth=4.0
% t=10.0 g=543.0 b=10000 p=150 c=100000#
% t=23.0 g=543.0 b=10000 p=0 c=100000#
% t=36.0 g=543.0 b=10000 p=0 c=100000#
% t=49.0 g=543.0 b=10000 p=150 c=100000#
% t=62.0 g=543.0 b=10000 p=-100 c=100000#
% t=80.0 plus 3.0 minus 2.0 g=543.0 b=10000 p=1150 c=100000#
% t=116.0 plus 6.0 minus 4.0 g=543.0 b=10000 p=0 c=100000#
% t=131.0 plus 6.0 minus 4.0 g=543.0 b=10000 p=0 c=100000#
% t=154.0 plus 9.0 minus 6.0 g=543.0 b=10000 p=-100 c=100000#
% t=172.0 plus 12.0 minus 8.0 g=543.0 b=10000 p=1150 c=100000#
% t=208.0 plus 15.0 minus 10.0 g=543.0 b=10000 p=0 c=100000#
% t=231.0 plus 18.0 minus 12.0 g=543.0 b=10000 p=250 c=100000#
% t=244.0 plus 18.0 minus 12.0 g=543.0 b=10000 p=1000 c=100000#
% t=280.0 plus 21.0 minus 14.0 g=543.0 b=10000 p=0 c=100000#
% t=326.0 plus 27.0 minus 18.0 g=543.0 b=10000 p=0 c=100000#
% t=372.0 plus 33.0 minus 22.0 g=543.0 b=10000 p=0 c=100000#
% t=395.0 plus 36.0 minus 24.0 g=543.0 b=6944 p=150 c=7094#
% t=408.0 plus 36.0 minus 24.0 g=543.0 b=5260 p=0 c=5260#
% t=421.0 plus 36.0 minus 24.0 g=543.0 b=3884 p=1000 c=4884#
% t=457.0 plus 39.0 minus 26.0 g=543.0 b=1067 p=0 c=1067#
% t=480.0 plus 42.0 minus 28.0 g=543.0 b=336 p=150 c=486#
% t=493.0 plus 42.0 minus 28.0 g=543.0 b=168 p=0 c=168#
% t=506.0 plus 42.0 minus 28.0 g=543.0 b=68 p=150 c=218
% t=519.0 plus 42.0 minus 28.0 g=543.0 b=18 p=-100 c=-82#
% t=537.0 plus 45.0 minus 30.0 g=543.0 b=0 p=300 c=300
% t=550.0 plus 45.0 minus 30.0 g=543.0 b=1 p=-100 c=-99#
% t=608.18506 plus 51.0 minus 34.0 g=543.0 b=* p=0 c=*
 [375]
%% goal height=543.0, max depth=4.0
% t=50.18506 plus 3.0 minus 2.0 g=543.0 b=10000 p=0 c=100000#
% t=72.6798 plus 7.0 minus 4.0 g=543.0 b=10000 p=150 c=100000#
% t=85.6798 plus 7.0 minus 4.0 g=543.0 b=10000 p=150 c=100000#
% t=98.6798 plus 7.0 minus 4.0 g=543.0 b=10000 p=-100 c=100000#
% t=150.84721 plus 13.0 minus 8.0 g=543.0 b=10000 p=0 c=100000#
% t=172.79166 plus 16.0 minus 10.0 g=543.0 b=10000 p=-100 c=100000#
% t=213.79166 plus 22.0 minus 14.0 g=543.0 b=10000 p=0 c=100000#
% t=236.79166 plus 25.0 minus 16.0 g=543.0 b=10000 p=150 c=100000#
% t=249.79166 plus 25.0 minus 16.0 g=543.0 b=10000 p=0 c=100000#
% t=262.79166 plus 25.0 minus 16.0 g=543.0 b=10000 p=0 c=100000#
% t=275.79166 plus 25.0 minus 16.0 g=543.0 b=10000 p=0 c=100000#
% t=288.79166 plus 25.0 minus 16.0 g=543.0 b=10000 p=150 c=100000#
% t=301.79166 plus 25.0 minus 16.0 g=543.0 b=10000 p=-100 c=100000#
% t=338.79166 plus 31.0 minus 20.0 g=543.0 b=10000 p=-100 c=100000#
% t=397.41472 plus 37.0 minus 24.0 g=543.0 b=6078 p=0 c=6078#
% t=419.91472 plus 40.0 minus 26.0 g=543.0 b=2903 p=-100 c=2803#
% t=437.91472 plus 43.0 minus 28.0 g=543.0 b=1454 p=0 c=1454#
% t=450.91472 plus 44.0 minus 28.0 g=543.0 b=914 p=0 c=914#
% t=463.91472 plus 45.0 minus 28.0 g=543.0 b=539 p=-100 c=439#
% t=481.91472 plus 48.0 minus 30.0 g=543.0 b=204 p=300 c=504
% t=494.91472 plus 48.0 minus 30.0 g=543.0 b=100 p=-100 c=0#
% t=512.91472 plus 51.0 minus 32.0 g=543.0 b=20 p=150 c=170
% t=525.91472 plus 51.0 minus 32.0 g=543.0 b=4 p=0 c=4
% t=538.91472 plus 51.0 minus 32.0 g=543.0 b=0 p=150 c=150
% t=551.91472 plus 51.0 minus 32.0 g=543.0 b=2 p=0 c=2
% t=564.91472 plus 52.0 minus 32.0 g=543.0 b=32 p=300 c=332
% t=577.91472 plus 52.0 minus 32.0 g=543.0 b=* p=0 c=*
 [376]
%% goal height=543.0, max depth=4.0
% t=10.0 g=543.0 b=10000 p=150 c=100000#
% t=23.0 g=543.0 b=10000 p=0 c=100000#
% t=36.0 g=543.0 b=10000 p=150 c=100000#
% t=49.0 g=543.0 b=10000 p=0 c=100000#
% t=62.0 plus 1.0 g=543.0 b=10000 p=300 c=100000#
% t=75.0 plus 1.0 g=543.0 b=10000 p=0 c=100000#
% t=88.0 plus 2.0 g=543.0 b=10000 p=0 c=100000#
% t=101.0 plus 3.0 g=543.0 b=10000 p=-100 c=100000#
% t=151.96594 plus 9.0 minus 4.0 g=543.0 b=10000 p=0 c=100000#
% t=206.9863 plus 15.0 minus 8.0 g=543.0 b=10000 p=0 c=100000#
% t=262.00665 plus 22.0 minus 12.0 g=543.0 b=10000 p=0 c=100000#
% t=284.50665 plus 25.0 minus 14.0 g=543.0 b=10000 p=150 c=100000#
% t=297.50665 plus 25.0 minus 14.0 g=543.0 b=10000 p=150 c=100000#
% t=310.50665 plus 25.0 minus 14.0 g=543.0 b=10000 p=-100 c=100000#
% t=328.50665 plus 28.0 minus 16.0 g=543.0 b=10000 p=-100 c=100000#
% t=346.50665 plus 31.0 minus 18.0 g=543.0 b=10000 p=1150 c=100000#
% t=382.50665 plus 34.0 minus 20.0 g=543.0 b=10000 p=0 c=100000#
% t=405.50665 plus 37.0 minus 22.0 g=543.0 b=5119 p=250 c=5369#
% t=418.50665 plus 37.0 minus 22.0 g=543.0 b=3803 p=150 c=3953#
% t=431.50665 plus 37.0 minus 22.0 g=543.0 b=2735 p=-100 c=2635#
% t=449.50665 plus 40.0 minus 24.0 g=543.0 b=1275 p=150 c=1425#
% t=462.50665 plus 40.0 minus 24.0 g=543.0 b=812 p=0 c=812#
% t=475.50665 plus 40.0 minus 24.0 g=543.0 b=480 p=0 c=480#
% t=488.50665 plus 40.0 minus 24.0 g=543.0 b=252 p=100 c=352#
% t=501.50665 plus 40.0 minus 24.0 g=543.0 b=111 p=0 c=111#
% t=514.50665 plus 40.0 minus 24.0 g=543.0 b=36 p=0 c=36#
% t=527.50665 plus 40.0 minus 24.0 g=543.0 b=6 p=150 c=156
% t=540.50665 plus 40.0 minus 24.0 g=543.0 b=0 p=-100 c=-100#
% t=595.00682 plus 46.0 minus 28.0 g=543.0 b=* p=0 c=*
 [377]
%% goal height=543.0, max depth=4.0
% t=46.50017 plus 3.0 minus 2.0 g=543.0 b=10000 p=0 c=100000#
% t=68.44461 plus 6.0 minus 4.0 g=543.0 b=10000 p=150 c=100000#
% t=81.44461 plus 6.0 minus 4.0 g=543.0 b=10000 p=0 c=100000#
% t=94.44461 plus 6.0 minus 4.0 g=543.0 b=10000 p=150 c=100000#
% t=107.44461 plus 6.0 minus 4.0 g=543.0 b=10000 p=-100 c=100000#
% t=125.44461 plus 9.0 minus 6.0 g=543.0 b=10000 p=150 c=100000#
% t=138.44461 plus 9.0 minus 6.0 g=543.0 b=10000 p=1100 c=100000#
% t=174.44461 plus 12.0 minus 8.0 g=543.0 b=10000 p=0 c=100000#
% t=189.44461 plus 12.0 minus 8.0 g=543.0 b=10000 p=0 c=100000#
% t=204.44461 plus 12.0 minus 8.0 g=543.0 b=10000 p=0 c=100000#
% t=219.44461 plus 12.0 minus 8.0 g=543.0 b=10000 p=0 c=100000#
% t=242.44461 plus 15.0 minus 10.0 g=543.0 b=10000 p=1150 c=100000#
% t=293.41066 plus 18.0 minus 12.0 g=543.0 b=10000 p=0 c=100000#
% t=316.88332 plus 22.0 minus 14.0 g=543.0 b=10000 p=-100 c=100000#
% t=373.92238 plus 28.0 minus 18.0 g=543.0 b=10000 p=0 c=100000#
% t=397.70343 plus 31.0 minus 20.0 g=543.0 b=10000 p=-100 c=100000#
% t=415.70343 plus 34.0 minus 22.0 g=543.0 b=5245 p=150 c=5395#
% t=428.70343 plus 34.0 minus 22.0 g=543.0 b=3792 p=150 c=3942#
% t=441.70343 plus 34.0 minus 22.0 g=543.0 b=2635 p=-100 c=2535#
% t=482.70343 plus 40.0 minus 26.0 g=543.0 b=341 p=0 c=341#
% t=505.70343 plus 43.0 minus 28.0 g=543.0 b=65 p=1150 c=1215
% t=541.70343 plus 46.0 minus 30.0 g=543.0 b=0 p=0 c=0#
% t=564.70343 plus 49.0 minus 32.0 g=543.0 b=31 p=-100 c=-69#
% t=582.70343 plus 52.0 minus 34.0 g=543.0 b=* p=0 c=*
 [378]
%% goal height=543.0, max depth=4.0
% t=10.0 g=543.0 b=10000 p=0 c=100000#
% t=23.0 plus 1.0 g=543.0 b=10000 p=1150 c=100000#
% t=59.0 plus 4.0 minus 2.0 g=543.0 b=10000 p=0 c=100000#
% t=82.0 plus 7.0 minus 4.0 g=543.0 b=10000 p=0 c=100000#
% t=95.0 plus 8.0 minus 4.0 g=543.0 b=10000 p=0 c=100000#
% t=108.0 plus 9.0 minus 4.0 g=543.0 b=10000 p=300 c=100000#
% t=121.0 plus 9.0 minus 4.0 g=543.0 b=10000 p=-100 c=100000#
% t=158.0 plus 15.0 minus 8.0 g=543.0 b=10000 p=1250 c=100000#
% t=194.99998 plus 18.0 minus 10.0 g=543.0 b=10000 p=0 c=100000#
% t=221.66663 plus 18.0 minus 10.0 g=543.0 b=10000 p=0 c=100000#
% t=242.83331 plus 21.0 minus 12.0 g=543.0 b=10000 p=150 c=100000#
% t=255.83331 plus 21.0 minus 12.0 g=543.0 b=10000 p=0 c=100000#
% t=268.83331 plus 21.0 minus 12.0 g=543.0 b=10000 p=150 c=100000#
% t=281.83331 plus 21.0 minus 12.0 g=543.0 b=10000 p=-100 c=100000#
% t=347.39029 plus 27.0 minus 16.0 g=543.0 b=10000 p=0 c=100000#
% t=369.33473 plus 30.0 minus 18.0 g=543.0 b=10000 p=150 c=100000#
% t=382.33473 plus 30.0 minus 18.0 g=543.0 b=10000 p=0 c=100000#
% t=395.33473 plus 30.0 minus 18.0 g=543.0 b=10000 p=0 c=100000#
% t=408.33473 plus 30.0 minus 18.0 g=543.0 b=10000 p=0 c=100000#
% t=421.33473 plus 30.0 minus 18.0 g=543.0 b=6658 p=0 c=6658#
% t=434.33473 plus 30.0 minus 18.0 g=543.0 b=4739 p=150 c=4889#
% t=447.33473 plus 30.0 minus 18.0 g=543.0 b=3240 p=-100 c=3140#
% t=505.6334 plus 36.0 minus 22.0 g=543.0 b=111 p=0 c=111#
% t=529.13347 plus 39.0 minus 24.0 g=543.0 b=4 p=300 c=304
% t=542.13347 plus 39.0 minus 24.0 g=543.0 b=0 p=-100 c=-100#
% t=560.13347 plus 42.0 minus 26.0 g=543.0 b=28 p=1150 c=1178
% t=646.07782 plus 45.0 minus 28.0 g=543.0 b=* p=0 c=*
 [379
Bad guess!
Bad guess!
]
%% goal height=543.0, max depth=4.0
% t=10.0 g=543.0 b=10000 p=1150 c=100000#
% t=95.94435 plus 3.0 minus 2.0 g=543.0 b=10000 p=0 c=100000#
% t=118.94435 plus 6.0 minus 4.0 g=543.0 b=10000 p=150 c=100000#
% t=131.94435 plus 6.0 minus 4.0 g=543.0 b=10000 p=0 c=100000#
% t=144.94435 plus 6.0 minus 4.0 g=543.0 b=10000 p=150 c=100000#
% t=157.94435 plus 6.0 minus 4.0 g=543.0 b=10000 p=-100 c=100000#
% t=198.94435 plus 12.0 minus 8.0 g=543.0 b=10000 p=0 c=100000#
% t=198.94435 plus 12.0 minus 8.0 g=543.0 b=10000 p=0 c=100000#
% t=213.94435 plus 12.0 minus 8.0 g=543.0 b=10000 p=0 c=100000#
% t=228.94435 plus 12.0 minus 8.0 g=543.0 b=10000 p=0 c=100000#
% t=243.94435 plus 12.0 minus 8.0 g=543.0 b=10000 p=0 c=100000#
% t=258.94435 plus 12.0 minus 8.0 g=543.0 b=10000 p=0 c=100000#
% t=273.94435 plus 12.0 minus 8.0 g=543.0 b=10000 p=0 c=100000#
% t=288.94435 plus 12.0 minus 8.0 g=543.0 b=10000 p=0 c=100000#
% t=303.94435 plus 12.0 minus 8.0 g=543.0 b=10000 p=0 c=100000#
% t=318.94435 plus 12.0 minus 8.0 g=543.0 b=10000 p=0 c=100000#
% t=341.94435 plus 15.0 minus 10.0 g=543.0 b=10000 p=150 c=100000#
% t=354.94435 plus 15.0 minus 10.0 g=543.0 b=10000 p=0 c=100000#
% t=367.94435 plus 15.0 minus 10.0 g=543.0 b=10000 p=0 c=100000#
% t=380.94435 plus 15.0 minus 10.0 g=543.0 b=10000 p=0 c=100000#
% t=393.94435 plus 15.0 minus 10.0 g=543.0 b=10000 p=150 c=100000#
% t=406.94435 plus 15.0 minus 10.0 g=543.0 b=10000 p=-100 c=100000#
% t=424.94435 plus 18.0 minus 12.0 g=543.0 b=10000 p=300 c=100000#
% t=437.94435 plus 18.0 minus 12.0 g=543.0 b=10000 p=-100 c=100000#
% t=474.94435 plus 24.0 minus 16.0 g=543.0 b=2277 p=150 c=2427#
% t=487.94435 plus 24.0 minus 16.0 g=543.0 b=1205 p=150 c=1355#
% t=500.94435 plus 24.0 minus 16.0 g=543.0 b=536 p=-100 c=436#
% t=518.94435 plus 27.0 minus 18.0 g=543.0 b=70 p=150 c=220#
% t=531.94435 plus 27.0 minus 18.0 g=543.0 b=7 p=150 c=157#
)
*\end
% t=547.4426 plus 27.0 minus 18.0 g=543.0 b=1 p=0 c=1#
% t=547.4426 plus 27.0 plus 1.0fill minus 18.0 g=543.0 b=1 p=-1073741824 c=-107
3741824#
[380]
Output written on chap7.pdf (61 pages).
