This is XeTeX, Version 3.14159265-2.6-0.99996 (TeX Live 2016/W32TeX) (preloaded format=xetex 2017.5.11)  30 MAR 2018 09:52
entering extended mode
 restricted \write18 enabled.
 %&-line parsing enabled.
**./chap2.tex
(./chap2.tex (./gkpmac.tex
\openout0 = `chap2.grf'.

 (./chap2.ref)
\openout1 = `chap2.ref'.

\openout2 = `chap2.ans'.

\openout3 = `chap2.inx'.

\openout4 = `chap2.bnx'.

) (./bib.ref) (./chap5.ref)
%% goal height=543.0, max depth=4.0
% t=51.55556 g=543.0 b=10000 p=0 c=100000#
% t=141.89598 minus 5.0 g=543.0 b=10000 p=0 c=100000#
% t=154.89598 minus 5.0 g=543.0 b=10000 p=0 c=100000#
% t=170.89598 plus 2.0 minus 6.0 g=543.0 b=10000 p=150 c=100000#
% t=183.89598 plus 2.0 minus 6.0 g=543.0 b=10000 p=150 c=100000#
% t=198.84042 plus 2.0 minus 6.0 g=543.0 b=10000 p=-200 c=100000#
% t=248.89598 plus 4.0 minus 6.0 g=543.0 b=10000 p=150 c=100000#
% t=261.89598 plus 4.0 minus 6.0 g=543.0 b=10000 p=0 c=100000#
% t=274.89598 plus 4.0 minus 6.0 g=543.0 b=10000 p=0 c=100000#
% t=287.89598 plus 4.0 minus 6.0 g=543.0 b=10000 p=0 c=100000#
% t=300.89598 plus 4.0 minus 6.0 g=543.0 b=10000 p=0 c=100000#
% t=313.89598 plus 4.0 minus 6.0 g=543.0 b=10000 p=0 c=100000#
% t=326.89598 plus 4.0 minus 6.0 g=543.0 b=10000 p=150 c=100000#
% t=339.89598 plus 4.0 minus 6.0 g=543.0 b=10000 p=0 c=100000#
% t=377.39597 plus 8.0 minus 8.0 g=543.0 b=10000 p=0 c=100000#
% t=398.89598 plus 11.0 minus 10.0 g=543.0 b=10000 p=150 c=100000#
% t=411.89598 plus 11.0 minus 10.0 g=543.0 b=10000 p=150 c=100000#
% t=424.89598 plus 11.0 minus 10.0 g=543.0 b=10000 p=0 c=100000#
% t=437.89598 plus 12.0 minus 10.0 g=543.0 b=10000 p=150 c=100000#
% t=450.89598 plus 12.0 minus 10.0 g=543.0 b=10000 p=0 c=100000#
% t=463.89598 plus 12.0 minus 10.0 g=543.0 b=10000 p=50 c=100000#
% t=499.89598 plus 15.0 minus 12.0 g=543.0 b=2368 p=0 c=2368#
% t=522.89598 plus 18.0 minus 14.0 g=543.0 b=138 p=200 c=338#
% t=558.89598 plus 21.0 minus 16.0 g=543.0 b=98 p=0 c=98#
% t=581.89598 plus 25.0 minus 18.0 g=543.0 b=* p=200 c=*
 [21

]
%% goal height=543.0, max depth=4.0
% t=10.0 g=543.0 b=10000 p=200 c=100000#
% t=65.6715 plus 3.0 minus 2.0 g=543.0 b=10000 p=0 c=100000#
% t=84.17155 plus 6.0 minus 4.0 g=543.0 b=10000 p=250 c=100000#
% t=97.17155 plus 6.0 minus 4.0 g=543.0 b=10000 p=0 c=100000#
% t=110.17155 plus 6.0 minus 4.0 g=543.0 b=10000 p=0 c=100000#
% t=123.17155 plus 6.0 minus 4.0 g=543.0 b=10000 p=0 c=100000#
% t=136.17155 plus 6.0 minus 4.0 g=543.0 b=10000 p=150 c=100000#
% t=149.17155 plus 6.0 minus 4.0 g=543.0 b=10000 p=0 c=100000#
% t=162.17155 plus 7.0 minus 4.0 g=543.0 b=10000 p=0 c=100000#
% t=175.17155 plus 8.0 minus 4.0 g=543.0 b=10000 p=150 c=100000#
% t=188.17155 plus 8.0 minus 4.0 g=543.0 b=10000 p=0 c=100000#
% t=201.17155 plus 8.0 minus 4.0 g=543.0 b=10000 p=0 c=100000#
% t=214.17155 plus 8.0 minus 4.0 g=543.0 b=10000 p=150 c=100000#
% t=227.17155 plus 8.0 minus 4.0 g=543.0 b=10000 p=0 c=100000#
% t=240.17155 plus 9.0 minus 4.0 g=543.0 b=10000 p=150 c=100000#
% t=253.17155 plus 9.0 minus 4.0 g=543.0 b=10000 p=0 c=100000#
% t=266.17155 plus 9.0 minus 4.0 g=543.0 b=10000 p=50 c=100000#
% t=317.13756 plus 12.0 minus 6.0 g=543.0 b=10000 p=0 c=100000#
% t=335.082 plus 15.0 minus 8.0 g=543.0 b=10000 p=150 c=100000#
% t=348.082 plus 15.0 minus 8.0 g=543.0 b=10000 p=0 c=100000#
% t=361.082 plus 15.0 minus 8.0 g=543.0 b=10000 p=50 c=100000#
% t=413.10898 plus 18.0 minus 10.0 g=543.0 b=10000 p=0 c=100000#
% t=475.3521 plus 24.0 minus 14.0 g=543.0 b=2237 p=0 c=2237#
% t=497.29654 plus 27.0 minus 16.0 g=543.0 b=483 p=200 c=683#
% t=554.67719 plus 30.0 minus 18.0 g=543.0 b=27 p=0 c=27#
% t=618.1884 plus 36.0 minus 22.0 g=543.0 b=* p=0 c=*

[22


]
%% goal height=543.0, max depth=4.0
% t=51.56677 plus 3.0 minus 2.0 g=543.0 b=10000 p=0 c=100000#
% t=74.06151 plus 6.0 minus 4.0 g=543.0 b=10000 p=150 c=100000#
% t=87.06151 plus 6.0 minus 4.0 g=543.0 b=10000 p=0 c=100000#
% t=100.06151 plus 6.0 minus 4.0 g=543.0 b=10000 p=100 c=100000#
% t=113.06151 plus 6.0 minus 4.0 g=543.0 b=10000 p=0 c=100000#
% t=126.06151 plus 6.0 minus 4.0 g=543.0 b=10000 p=0 c=100000#
% t=139.06151 plus 6.0 minus 4.0 g=543.0 b=10000 p=150 c=100000#
% t=152.06151 plus 6.0 minus 4.0 g=543.0 b=10000 p=0 c=100000#
% t=165.06151 plus 7.0 minus 4.0 g=543.0 b=10000 p=250 c=100000#
% t=178.06151 plus 7.0 minus 4.0 g=543.0 b=10000 p=50 c=100000#
% t=224.02745 plus 10.0 minus 6.0 g=543.0 b=10000 p=0 c=100000#
% t=245.9719 plus 13.0 minus 8.0 g=543.0 b=10000 p=200 c=100000#
% t=299.27057 plus 16.0 minus 10.0 g=543.0 b=10000 p=0 c=100000#
% t=321.21501 plus 19.0 minus 12.0 g=543.0 b=10000 p=0 c=100000#
% t=334.21501 plus 20.0 minus 12.0 g=543.0 b=10000 p=150 c=100000#
% t=347.21501 plus 20.0 minus 12.0 g=543.0 b=10000 p=0 c=100000#
% t=360.21501 plus 20.0 minus 12.0 g=543.0 b=10000 p=0 c=100000#
% t=373.21501 plus 20.0 minus 12.0 g=543.0 b=10000 p=0 c=100000#
% t=386.21501 plus 20.0 minus 12.0 g=543.0 b=10000 p=150 c=100000#
% t=399.21501 plus 20.0 minus 12.0 g=543.0 b=10000 p=0 c=100000#
% t=412.21501 plus 21.0 minus 12.0 g=543.0 b=10000 p=200 c=100000#
% t=463.38243 plus 24.0 minus 14.0 g=543.0 b=3646 p=0 c=3646#
% t=481.32687 plus 27.0 minus 16.0 g=543.0 b=1189 p=150 c=1339#
% t=494.32687 plus 27.0 minus 16.0 g=543.0 b=584 p=0 c=584#
% t=507.32687 plus 27.0 minus 16.0 g=543.0 b=230 p=0 c=230#
% t=520.32687 plus 27.0 minus 16.0 g=543.0 b=59 p=0 c=59#
% t=533.32687 plus 27.0 minus 16.0 g=543.0 b=5 p=0 c=5#
% t=546.32687 plus 27.0 minus 16.0 g=543.0 b=1 p=150 c=151
% t=559.32687 plus 27.0 minus 16.0 g=543.0 b=* p=0 c=*
 [23



]
%% goal height=543.0, max depth=4.0
% t=10.0 g=543.0 b=10000 p=150 c=100000#
% t=23.0 g=543.0 b=10000 p=0 c=100000#
% t=36.0 plus 1.0 g=543.0 b=10000 p=150 c=100000#
% t=49.75021 plus 1.0 g=543.0 b=10000 p=0 c=100000#
% t=62.0 plus 1.0 g=543.0 b=10000 p=0 c=100000#
% t=75.0 plus 1.0 g=543.0 b=10000 p=150 c=100000#
% t=88.0 plus 1.0 g=543.0 b=10000 p=0 c=100000#
% t=138.29868 plus 5.0 minus 2.0 g=543.0 b=10000 p=0 c=100000#
% t=157.24312 plus 8.0 minus 4.0 g=543.0 b=10000 p=150 c=100000#
% t=170.24312 plus 8.0 minus 4.0 g=543.0 b=10000 p=0 c=100000#
% t=183.24312 plus 8.0 minus 4.0 g=543.0 b=10000 p=0 c=100000#
% t=196.24312 plus 8.0 minus 4.0 g=543.0 b=10000 p=0 c=100000#
% t=209.24312 plus 8.0 minus 4.0 g=543.0 b=10000 p=0 c=100000#
% t=222.24312 plus 8.0 minus 4.0 g=543.0 b=10000 p=0 c=100000#
% t=235.24312 plus 8.0 minus 4.0 g=543.0 b=10000 p=0 c=100000#
% t=248.24312 plus 8.0 minus 4.0 g=543.0 b=10000 p=150 c=100000#
% t=261.24312 plus 8.0 minus 4.0 g=543.0 b=10000 p=0 c=100000#
% t=274.24312 plus 9.0 minus 4.0 g=543.0 b=10000 p=150 c=100000#
% t=287.24312 plus 9.0 minus 4.0 g=543.0 b=10000 p=0 c=100000#
% t=300.24312 plus 9.0 minus 4.0 g=543.0 b=10000 p=0 c=100000#
% t=313.24312 plus 9.0 minus 4.0 g=543.0 b=10000 p=0 c=100000#
% t=326.24312 plus 9.0 minus 4.0 g=543.0 b=10000 p=0 c=100000#
% t=339.24312 plus 9.0 minus 4.0 g=543.0 b=10000 p=50 c=100000#
% t=385.18779 plus 12.0 minus 6.0 g=543.0 b=10000 p=0 c=100000#
% t=407.13223 plus 15.0 minus 8.0 g=543.0 b=10000 p=200 c=100000#
% t=457.14275 plus 18.0 minus 10.0 g=543.0 b=10000 p=0 c=100000#
% t=473.64279 plus 21.0 minus 12.0 g=543.0 b=3590 p=150 c=3740#
% t=486.64279 plus 21.0 minus 12.0 g=543.0 b=1931 p=150 c=2081#
% t=499.64279 plus 21.0 minus 12.0 g=543.0 b=879 p=0 c=879#
% t=512.64279 plus 22.0 minus 12.0 g=543.0 b=261 p=150 c=411#
% t=525.64279 plus 22.0 minus 12.0 g=543.0 b=49 p=0 c=49#
% t=538.64279 plus 22.0 minus 12.0 g=543.0 b=1 p=0 c=1#
% t=551.64279 plus 22.0 minus 12.0 g=543.0 b=37 p=50 c=87
% t=597.46732 plus 25.0 minus 14.0 g=543.0 b=* p=0 c=*
 [24



]
%% goal height=543.0, max depth=4.0
% t=10.0 g=543.0 b=10000 p=50 c=100000#
% t=55.82452 plus 3.0 minus 2.0 g=543.0 b=10000 p=0 c=100000#
% t=77.76897 plus 6.0 minus 4.0 g=543.0 b=10000 p=300 c=100000#
% t=90.76897 plus 6.0 minus 4.0 g=543.0 b=10000 p=0 c=100000#
% t=103.76897 plus 7.0 minus 4.0 g=543.0 b=10000 p=150 c=100000#
% t=116.76897 plus 7.0 minus 4.0 g=543.0 b=10000 p=0 c=100000#
% t=129.76897 plus 7.0 minus 4.0 g=543.0 b=10000 p=0 c=100000#
% t=142.76897 plus 7.0 minus 4.0 g=543.0 b=10000 p=0 c=100000#
% t=155.76897 plus 7.0 minus 4.0 g=543.0 b=10000 p=0 c=100000#
% t=168.76897 plus 7.0 minus 4.0 g=543.0 b=10000 p=0 c=100000#
% t=181.76897 plus 7.0 minus 4.0 g=543.0 b=10000 p=0 c=100000#
% t=194.76897 plus 7.0 minus 4.0 g=543.0 b=10000 p=150 c=100000#
% t=210.26903 plus 7.0 minus 4.0 g=543.0 b=10000 p=-200 c=100000#
% t=259.76897 plus 9.0 minus 4.0 g=543.0 b=10000 p=150 c=100000#
% t=272.76897 plus 9.0 minus 4.0 g=543.0 b=10000 p=0 c=100000#
% t=285.76897 plus 9.0 minus 4.0 g=543.0 b=10000 p=50 c=100000#
% t=335.49602 plus 12.0 minus 6.0 g=543.0 b=10000 p=0 c=100000#
% t=402.49602 plus 18.0 minus 10.0 g=543.0 b=10000 p=0 c=100000#
% t=420.44046 plus 21.0 minus 12.0 g=543.0 b=10000 p=300 c=100000#
% t=433.44046 plus 21.0 minus 12.0 g=543.0 b=10000 p=0 c=100000#
% t=446.44046 plus 22.0 minus 12.0 g=543.0 b=10000 p=300 c=100000#
% t=500.94046 plus 25.0 minus 14.0 g=543.0 b=474 p=0 c=474#
% t=518.8849 plus 28.0 minus 16.0 g=543.0 b=63 p=200 c=263#
% t=557.38315 plus 31.0 minus 18.0 g=543.0 b=51 p=0 c=51#
% t=577.8849 plus 34.0 minus 20.0 g=543.0 b=* p=300 c=*
 [25


]
%% goal height=543.0, max depth=4.0
% t=10.0 g=543.0 b=10000 p=300 c=100000#
% t=23.0 g=543.0 b=10000 p=0 c=100000#
% t=36.0 plus 1.0 g=543.0 b=10000 p=150 c=100000#
% t=49.0 plus 1.0 g=543.0 b=10000 p=50 c=100000#
% t=85.0 plus 4.0 minus 2.0 g=543.0 b=10000 p=0 c=100000#
% t=131.0 plus 10.0 minus 6.0 g=543.0 b=10000 p=0 c=100000#
% t=177.0 plus 16.0 minus 10.0 g=543.0 b=10000 p=0 c=100000#
% t=200.0 plus 19.0 minus 12.0 g=543.0 b=10000 p=0 c=100000#
% t=249.72705 plus 23.0 minus 14.0 g=543.0 b=10000 p=0 c=100000#
% t=272.22705 plus 26.0 minus 16.0 g=543.0 b=10000 p=300 c=100000#
% t=285.22705 plus 26.0 minus 16.0 g=543.0 b=10000 p=0 c=100000#
% t=298.22705 plus 27.0 minus 16.0 g=543.0 b=10000 p=250 c=100000#
% t=311.22705 plus 27.0 minus 16.0 g=543.0 b=10000 p=0 c=100000#
% t=324.22705 plus 27.0 minus 16.0 g=543.0 b=10000 p=50 c=100000#
% t=360.22705 plus 30.0 minus 18.0 g=543.0 b=10000 p=0 c=100000#
% t=375.22705 plus 30.0 minus 18.0 g=543.0 b=10000 p=0 c=100000#
% t=421.22705 plus 36.0 minus 22.0 g=543.0 b=3861 p=0 c=3861#
% t=436.22705 plus 36.0 minus 22.0 g=543.0 b=2600 p=0 c=2600#
% t=482.22705 plus 42.0 minus 26.0 g=543.0 b=301 p=0 c=301#
% t=497.22705 plus 42.0 minus 26.0 g=543.0 b=129 p=0 c=129#
% t=556.9541 plus 48.0 minus 30.0 g=543.0 b=10 p=0 c=10#
% t=579.4541 plus 51.0 minus 32.0 g=543.0 b=* p=150 c=*
 [26

]
%% goal height=543.0, max depth=4.0
% t=10.0 g=543.0 b=10000 p=150 c=100000#
% t=23.0 g=543.0 b=10000 p=150 c=100000#
% t=36.0 g=543.0 b=10000 p=0 c=100000#
% t=49.0 plus 1.0 g=543.0 b=10000 p=250 c=100000#
% t=62.0 plus 1.0 g=543.0 b=10000 p=50 c=100000#
% t=100.08275 plus 4.0 minus 2.0 g=543.0 b=10000 p=0 c=100000#
% t=144.0 plus 10.0 minus 6.0 g=543.0 b=10000 p=0 c=100000#
% t=190.0 plus 16.0 minus 10.0 g=543.0 b=10000 p=0 c=100000#
% t=236.0 plus 22.0 minus 14.0 g=543.0 b=10000 p=0 c=100000#
% t=295.72705 plus 28.0 minus 18.0 g=543.0 b=10000 p=0 c=100000#
% t=361.4541 plus 34.0 minus 22.0 g=543.0 b=10000 p=0 c=100000#
% t=381.4541 plus 37.0 minus 24.0 g=543.0 b=10000 p=0 c=100000#
% t=394.4541 plus 38.0 minus 24.0 g=543.0 b=5970 p=200 c=6170#
% t=441.25105 plus 41.0 minus 26.0 g=543.0 b=1527 p=0 c=1527#
% t=459.1955 plus 44.0 minus 28.0 g=543.0 b=688 p=150 c=838#
% t=472.1955 plus 44.0 minus 28.0 g=543.0 b=414 p=0 c=414#
% t=485.1955 plus 44.0 minus 28.0 g=543.0 b=226 p=0 c=226#
% t=498.1955 plus 44.0 minus 28.0 g=543.0 b=105 p=150 c=255
% t=511.1955 plus 44.0 minus 28.0 g=543.0 b=37 p=0 c=37#
% t=524.1955 plus 45.0 minus 28.0 g=543.0 b=7 p=400 c=407
% t=537.1955 plus 45.0 minus 28.0 g=543.0 b=0 p=0 c=0#
% t=550.1955 plus 46.0 minus 28.0 g=543.0 b=2 p=250 c=252
% t=563.1955 plus 46.0 minus 28.0 g=543.0 b=37 p=0 c=37
% t=576.1955 plus 46.0 minus 28.0 g=543.0 b=* p=50 c=*
 [27

]
%% goal height=543.0, max depth=4.0
% t=10.0 g=543.0 b=10000 p=250 c=100000#
% t=23.0 g=543.0 b=10000 p=0 c=100000#
% t=36.0 g=543.0 b=10000 p=50 c=100000#
% t=107.35423 plus 3.0 minus 2.0 g=543.0 b=10000 p=0 c=100000#
% t=125.29868 plus 6.0 minus 4.0 g=543.0 b=10000 p=150 c=100000#
% t=138.29868 plus 6.0 minus 4.0 g=543.0 b=10000 p=0 c=100000#
% t=151.29868 plus 6.0 minus 4.0 g=543.0 b=10000 p=150 c=100000#
% t=164.29868 plus 6.0 minus 4.0 g=543.0 b=10000 p=0 c=100000#
% t=177.29868 plus 7.0 minus 4.0 g=543.0 b=10000 p=150 c=100000#
% t=190.29868 plus 7.0 minus 4.0 g=543.0 b=10000 p=50 c=100000#
% t=243.59735 plus 10.0 minus 6.0 g=543.0 b=10000 p=0 c=100000#
% t=305.84047 plus 16.0 minus 10.0 g=543.0 b=10000 p=0 c=100000#
% t=328.34053 plus 19.0 minus 12.0 g=543.0 b=10000 p=200 c=100000#
% t=364.34053 plus 22.0 minus 14.0 g=543.0 b=10000 p=0 c=100000#
% t=387.34053 plus 25.0 minus 16.0 g=543.0 b=10000 p=200 c=100000#
% t=423.34053 plus 28.0 minus 18.0 g=543.0 b=7796 p=0 c=7796#
% t=438.34053 plus 28.0 minus 18.0 g=543.0 b=5217 p=0 c=5217#
% t=461.34053 plus 31.0 minus 20.0 g=543.0 b=1824 p=150 c=1974#
% t=474.34053 plus 31.0 minus 20.0 g=543.0 b=1082 p=0 c=1082#
% t=487.34053 plus 31.0 minus 20.0 g=543.0 b=578 p=50 c=628#
% t=532.90254 plus 34.0 minus 22.0 g=543.0 b=3 p=0 c=3#
% t=597.6296 plus 40.0 minus 26.0 g=543.0 b=* p=0 c=*
 [28

]
%% goal height=543.0, max depth=4.0
% t=50.72705 plus 3.0 minus 2.0 g=543.0 b=10000 p=0 c=100000#
% t=72.6715 plus 7.0 minus 4.0 g=543.0 b=10000 p=150 c=100000#
% t=85.6715 plus 7.0 minus 4.0 g=543.0 b=10000 p=50 c=100000#
% t=141.34299 plus 10.0 minus 6.0 g=543.0 b=10000 p=0 c=100000#
% t=159.28743 plus 13.0 minus 8.0 g=543.0 b=10000 p=150 c=100000#
% t=172.28743 plus 13.0 minus 8.0 g=543.0 b=10000 p=150 c=100000#
% t=185.28743 plus 13.0 minus 8.0 g=543.0 b=10000 p=0 c=100000#
% t=198.28743 plus 14.0 minus 8.0 g=543.0 b=10000 p=150 c=100000#
% t=211.28743 plus 14.0 minus 8.0 g=543.0 b=10000 p=50 c=100000#
% t=263.46996 plus 17.0 minus 10.0 g=543.0 b=10000 p=0 c=100000#
% t=285.4144 plus 20.0 minus 12.0 g=543.0 b=10000 p=200 c=100000#
% t=337.00392 plus 23.0 minus 14.0 g=543.0 b=10000 p=0 c=100000#
% t=369.649 plus 23.0 minus 14.0 g=543.0 b=10000 p=0 c=100000#
% t=403.11505 plus 23.0 minus 14.0 g=543.0 b=10000 p=0 c=100000#
% t=427.11505 plus 26.0 minus 16.0 g=543.0 b=10000 p=150 c=100000#
% t=440.11505 plus 26.0 minus 16.0 g=543.0 b=6188 p=50 c=6238#
% t=478.6133 plus 29.0 minus 18.0 g=543.0 b=1092 p=0 c=1092#
% t=501.0595 plus 32.0 minus 20.0 g=543.0 b=225 p=-200 c=25#
% t=551.11505 plus 34.0 minus 20.0 g=543.0 b=7 p=150 c=157
% t=564.11505 plus 34.0 minus 20.0 g=543.0 b=* p=150 c=*
 [29



]
%% goal height=543.0, max depth=4.0
% t=28.0 plus 1.0 g=543.0 b=10000 p=150 c=100000#
% t=41.0 plus 1.0 g=543.0 b=10000 p=150 c=100000#
% t=54.0 plus 1.0 g=543.0 b=10000 p=0 c=100000#
% t=67.0 plus 2.0 g=543.0 b=10000 p=200 c=100000#
% t=116.54018 plus 5.0 minus 2.0 g=543.0 b=10000 p=0 c=100000#
% t=146.58041 plus 6.0 minus 3.0 g=543.0 b=10000 p=0 c=100000#
% t=178.2479 plus 7.0 minus 4.0 g=543.0 b=10000 p=0 c=100000#
% t=196.74796 plus 10.0 minus 6.0 g=543.0 b=10000 p=150 c=100000#
% t=209.74796 plus 10.0 minus 6.0 g=543.0 b=10000 p=0 c=100000#
% t=222.74796 plus 10.0 minus 6.0 g=543.0 b=10000 p=0 c=100000#
% t=235.74796 plus 10.0 minus 6.0 g=543.0 b=10000 p=50 c=100000#
% t=271.74796 plus 13.0 minus 8.0 g=543.0 b=10000 p=0 c=100000#
% t=288.74796 plus 13.0 minus 8.0 g=543.0 b=10000 p=0 c=100000#
% t=303.74796 plus 13.0 minus 8.0 g=543.0 b=10000 p=0 c=100000#
% t=320.74796 plus 13.0 minus 8.0 g=543.0 b=10000 p=0 c=100000#
% t=333.24796 plus 16.0 minus 10.0 g=543.0 b=10000 p=0 c=100000#
% t=343.74796 plus 17.0 minus 10.0 g=543.0 b=10000 p=150 c=100000#
% t=356.74796 plus 17.0 minus 10.0 g=543.0 b=10000 p=50 c=100000#
% t=402.7139 plus 20.0 minus 12.0 g=543.0 b=10000 p=0 c=100000#
% t=462.1799 plus 26.0 minus 16.0 g=543.0 b=3000 p=0 c=3000#
% t=517.09029 plus 32.0 minus 20.0 g=543.0 b=53 p=0 c=53#
% t=576.55629 plus 38.0 minus 24.0 g=543.0 b=* p=0 c=*
 [30



]
%% goal height=543.0, max depth=4.0
% t=45.466 plus 3.0 minus 2.0 g=543.0 b=10000 p=0 c=100000#
% t=110.08194 plus 9.0 minus 6.0 g=543.0 b=10000 p=0 c=100000#
% t=128.02638 plus 12.0 minus 8.0 g=543.0 b=10000 p=300 c=100000#
% t=141.02638 plus 12.0 minus 8.0 g=543.0 b=10000 p=0 c=100000#
% t=154.02638 plus 13.0 minus 8.0 g=543.0 b=10000 p=150 c=100000#
% t=167.02638 plus 13.0 minus 8.0 g=543.0 b=10000 p=0 c=100000#
% t=180.02638 plus 13.0 minus 8.0 g=543.0 b=10000 p=0 c=100000#
% t=193.02638 plus 13.0 minus 8.0 g=543.0 b=10000 p=0 c=100000#
% t=206.02638 plus 13.0 minus 8.0 g=543.0 b=10000 p=150 c=100000#
% t=219.02638 plus 13.0 minus 8.0 g=543.0 b=10000 p=0 c=100000#
% t=232.02638 plus 14.0 minus 8.0 g=543.0 b=10000 p=150 c=100000#
% t=245.02638 plus 14.0 minus 8.0 g=543.0 b=10000 p=0 c=100000#
% t=258.02638 plus 14.0 minus 8.0 g=543.0 b=10000 p=0 c=100000#
% t=271.02638 plus 14.0 minus 8.0 g=543.0 b=10000 p=50 c=100000#
% t=326.61024 plus 17.0 minus 10.0 g=543.0 b=10000 p=0 c=100000#
% t=344.55469 plus 20.0 minus 12.0 g=543.0 b=10000 p=0 c=100000#
% t=357.55469 plus 21.0 minus 12.0 g=543.0 b=10000 p=150 c=100000#
% t=370.55469 plus 21.0 minus 12.0 g=543.0 b=10000 p=0 c=100000#
% t=383.55469 plus 21.0 minus 12.0 g=543.0 b=10000 p=100 c=100000#
% t=396.55469 plus 21.0 minus 12.0 g=543.0 b=10000 p=50 c=100000#
% t=446.09486 plus 24.0 minus 14.0 g=543.0 b=6575 p=0 c=6575#
% t=500.57948 plus 30.0 minus 18.0 g=543.0 b=281 p=0 c=281#
% t=544.02217 plus 36.0 minus 22.0 g=543.0 b=0 p=0 c=0#
% t=564.52393 plus 39.0 minus 24.0 g=543.0 b=72 p=200 c=272
% t=614.25098 plus 42.0 minus 26.0 g=543.0 b=* p=0 c=*
 [31


]
%% goal height=543.0, max depth=4.0
% t=10.0 g=543.0 b=10000 p=200 c=100000#
% t=59.72705 plus 3.0 minus 2.0 g=543.0 b=10000 p=0 c=100000#
% t=123.19305 plus 9.0 minus 6.0 g=543.0 b=10000 p=0 c=100000#
% t=141.1375 plus 13.0 minus 8.0 g=543.0 b=10000 p=150 c=100000#
% t=154.1375 plus 13.0 minus 8.0 g=543.0 b=10000 p=50 c=100000#
% t=200.10344 plus 16.0 minus 10.0 g=543.0 b=10000 p=0 c=100000#
% t=222.60344 plus 19.0 minus 12.0 g=543.0 b=10000 p=200 c=100000#
% t=270.56938 plus 22.0 minus 14.0 g=543.0 b=10000 p=0 c=100000#
% t=300.03539 plus 22.0 minus 14.0 g=543.0 b=10000 p=0 c=100000#
% t=333.50139 plus 22.0 minus 14.0 g=543.0 b=10000 p=0 c=100000#
% t=351.44583 plus 25.0 minus 16.0 g=543.0 b=10000 p=300 c=100000#
% t=364.44583 plus 25.0 minus 16.0 g=543.0 b=10000 p=0 c=100000#
% t=377.44583 plus 26.0 minus 16.0 g=543.0 b=10000 p=300 c=100000#
% t=423.41177 plus 29.0 minus 18.0 g=543.0 b=6995 p=0 c=6995#
% t=479.87778 plus 35.0 minus 22.0 g=543.0 b=584 p=0 c=584#
% t=503.35043 plus 38.0 minus 24.0 g=543.0 b=113 p=200 c=313#
% t=559.02193 plus 41.0 minus 26.0 g=543.0 b=23 p=0 c=23#
% t=577.52193 plus 44.0 minus 28.0 g=543.0 b=* p=150 c=*
 [32


]
%% goal height=543.0, max depth=4.0
% t=10.0 g=543.0 b=10000 p=150 c=100000#
% t=23.0 g=543.0 b=10000 p=150 c=100000#
% t=36.0 g=543.0 b=10000 p=0 c=100000#
% t=49.0 plus 1.0 g=543.0 b=10000 p=200 c=100000#
% t=94.96594 plus 4.0 minus 2.0 g=543.0 b=10000 p=0 c=100000#
% t=116.91039 plus 7.0 minus 4.0 g=543.0 b=10000 p=200 c=100000#
% t=163.87639 plus 10.0 minus 6.0 g=543.0 b=10000 p=0 c=100000#
% t=185.82083 plus 13.0 minus 8.0 g=543.0 b=10000 p=200 c=100000#
% t=231.78677 plus 16.0 minus 10.0 g=543.0 b=10000 p=0 c=100000#
% t=253.73122 plus 19.0 minus 12.0 g=543.0 b=10000 p=150 c=100000#
% t=266.73122 plus 19.0 minus 12.0 g=543.0 b=10000 p=50 c=100000#
% t=312.69716 plus 22.0 minus 14.0 g=543.0 b=10000 p=0 c=100000#
% t=334.6416 plus 25.0 minus 16.0 g=543.0 b=10000 p=0 c=100000#
% t=347.6416 plus 26.0 minus 16.0 g=543.0 b=10000 p=200 c=100000#
% t=403.8669 plus 29.0 minus 18.0 g=543.0 b=10000 p=0 c=100000#
% t=421.81134 plus 33.0 minus 20.0 g=543.0 b=4940 p=150 c=5090#
% t=434.81134 plus 33.0 minus 20.0 g=543.0 b=3514 p=150 c=3664#
% t=486.48283 plus 36.0 minus 22.0 g=543.0 b=386 p=0 c=386#
% t=547.09877 plus 42.0 minus 26.0 g=543.0 b=0 p=0 c=0#
% t=569.04321 plus 45.0 minus 28.0 g=543.0 b=80 p=150 c=230
% t=582.04321 plus 45.0 minus 28.0 g=543.0 b=* p=150 c=*
 [33

]
%% goal height=543.0, max depth=4.0
% t=10.0 g=543.0 b=10000 p=150 c=100000#
% t=23.0 g=543.0 b=10000 p=150 c=100000#
% t=37.94444 g=543.0 b=10000 p=-200 c=100000#
% t=88.0 plus 2.0 g=543.0 b=10000 p=150 c=100000#
% t=101.0 plus 2.0 g=543.0 b=10000 p=50 c=100000#
% t=167.00005 plus 5.0 minus 2.0 g=543.0 b=10000 p=0 c=100000#
% t=188.94449 plus 8.0 minus 4.0 g=543.0 b=10000 p=150 c=100000#
% t=201.94449 plus 8.0 minus 4.0 g=543.0 b=10000 p=0 c=100000#
% t=214.94449 plus 8.0 minus 4.0 g=543.0 b=10000 p=50 c=100000#
% t=262.11191 plus 11.0 minus 6.0 g=543.0 b=10000 p=0 c=100000#
% t=284.61197 plus 14.0 minus 8.0 g=543.0 b=10000 p=400 c=100000#
% t=297.61197 plus 14.0 minus 8.0 g=543.0 b=10000 p=0 c=100000#
% t=310.61197 plus 15.0 minus 8.0 g=543.0 b=10000 p=200 c=100000#
% t=356.94688 plus 18.0 minus 10.0 g=543.0 b=10000 p=0 c=100000#
% t=414.72635 plus 24.0 minus 14.0 g=543.0 b=10000 p=0 c=100000#
% t=438.72635 plus 27.0 minus 16.0 g=543.0 b=5756 p=150 c=5906#
% t=451.72635 plus 27.0 minus 16.0 g=543.0 b=3861 p=0 c=3861#
% t=464.72635 plus 27.0 minus 16.0 g=543.0 b=2435 p=150 c=2585#
% t=477.72635 plus 27.0 minus 16.0 g=543.0 b=1412 p=0 c=1412#
% t=490.72635 plus 28.0 minus 16.0 g=543.0 b=649 p=200 c=849#
% t=542.89383 plus 31.0 minus 18.0 g=543.0 b=0 p=0 c=0#
% t=561.7184 plus 34.0 minus 20.0 g=543.0 b=81 p=150 c=231
% t=574.7184 plus 34.0 minus 20.0 g=543.0 b=* p=0 c=*
 [34



]
%% goal height=543.0, max depth=4.0
% t=10.32451 g=543.0 b=10000 p=150 c=100000#
% t=23.32451 g=543.0 b=10000 p=0 c=100000#
% t=36.0 g=543.0 b=10000 p=0 c=100000#
% t=49.0 g=543.0 b=10000 p=150 c=100000#
% t=62.0 g=543.0 b=10000 p=0 c=100000#
% t=75.0 plus 1.0 g=543.0 b=10000 p=150 c=100000#
% t=88.0 plus 1.0 g=543.0 b=10000 p=0 c=100000#
% t=101.0 plus 1.0 g=543.0 b=10000 p=0 c=100000#
% t=114.0 plus 1.0 g=543.0 b=10000 p=50 c=100000#
% t=161.33504 plus 4.0 minus 2.0 g=543.0 b=10000 p=0 c=100000#
% t=189.17001 plus 4.0 minus 2.0 g=543.0 b=10000 p=0 c=100000#
% t=217.00499 plus 4.0 minus 2.0 g=543.0 b=10000 p=0 c=100000#
% t=248.84001 plus 4.0 minus 2.0 g=543.0 b=10000 p=0 c=100000#
% t=280.67503 plus 4.0 minus 2.0 g=543.0 b=10000 p=0 c=100000#
% t=316.35373 plus 4.0 minus 2.0 g=543.0 b=10000 p=0 c=100000#
% t=338.29817 plus 7.0 minus 4.0 g=543.0 b=10000 p=150 c=100000#
% t=351.29817 plus 7.0 minus 4.0 g=543.0 b=10000 p=0 c=100000#
% t=364.29817 plus 7.0 minus 4.0 g=543.0 b=10000 p=0 c=100000#
% t=377.29817 plus 7.0 minus 4.0 g=543.0 b=10000 p=0 c=100000#
% t=390.29817 plus 7.0 minus 4.0 g=543.0 b=10000 p=0 c=100000#
% t=403.29817 plus 7.0 minus 4.0 g=543.0 b=10000 p=0 c=100000#
% t=416.29817 plus 7.0 minus 4.0 g=543.0 b=10000 p=0 c=100000#
% t=429.29817 plus 7.0 minus 4.0 g=543.0 b=10000 p=0 c=100000#
% t=442.29817 plus 7.0 minus 4.0 g=543.0 b=10000 p=50 c=100000#
% t=503.65105 plus 10.0 minus 6.0 g=543.0 b=6078 p=0 c=6078#
% t=521.59549 plus 13.0 minus 8.0 g=543.0 b=446 p=0 c=446#
% t=534.59549 plus 14.0 minus 8.0 g=543.0 b=22 p=150 c=172#
% t=547.59549 plus 14.0 minus 8.0 g=543.0 b=19 p=0 c=19#
% t=560.59549 plus 14.0 minus 8.0 g=543.0 b=* p=50 c=*
 [35

]
%% goal height=543.0, max depth=4.0
% t=10.0 g=543.0 b=10000 p=50 c=100000#
% t=66.90833 plus 3.0 minus 2.0 g=543.0 b=10000 p=0 c=100000#
% t=85.40833 plus 6.0 minus 4.0 g=543.0 b=10000 p=150 c=100000#
% t=98.40833 plus 6.0 minus 4.0 g=543.0 b=10000 p=150 c=100000#
% t=111.40833 plus 6.0 minus 4.0 g=543.0 b=10000 p=0 c=100000#
% t=124.40833 plus 7.0 minus 4.0 g=543.0 b=10000 p=200 c=100000#
% t=175.57574 plus 10.0 minus 6.0 g=543.0 b=10000 p=0 c=100000#
% t=217.09357 plus 16.0 minus 10.0 g=543.0 b=10000 p=0 c=100000#
% t=240.09357 plus 19.0 minus 12.0 g=543.0 b=10000 p=150 c=100000#
% t=253.09357 plus 19.0 minus 12.0 g=543.0 b=10000 p=0 c=100000#
% t=266.09357 plus 19.0 minus 12.0 g=543.0 b=10000 p=0 c=100000#
% t=279.09357 plus 19.0 minus 12.0 g=543.0 b=10000 p=50 c=100000#
% t=317.59181 plus 22.0 minus 14.0 g=543.0 b=10000 p=0 c=100000#
% t=383.7167 plus 28.0 minus 18.0 g=543.0 b=10000 p=0 c=100000#
% t=403.7167 plus 31.0 minus 20.0 g=543.0 b=10000 p=300 c=100000#
% t=416.7167 plus 31.0 minus 20.0 g=543.0 b=6741 p=0 c=6741#
% t=502.20966 plus 35.0 minus 22.0 g=543.0 b=158 p=0 c=158#
% t=560.34174 plus 41.0 minus 26.0 g=543.0 b=30 p=0 c=30#
% t=582.28618 plus 44.0 minus 28.0 g=543.0 b=* p=150 c=*
 [36

]
%% goal height=543.0, max depth=4.0
% t=10.0 g=543.0 b=10000 p=150 c=100000#
% t=23.0 g=543.0 b=10000 p=0 c=100000#
% t=36.0 g=543.0 b=10000 p=150 c=100000#
% t=49.0 g=543.0 b=10000 p=0 c=100000#
% t=95.33492 plus 4.0 minus 2.0 g=543.0 b=10000 p=0 c=100000#
% t=140.82965 plus 10.0 minus 6.0 g=543.0 b=10000 p=0 c=100000#
% t=197.16457 plus 16.0 minus 10.0 g=543.0 b=10000 p=0 c=100000#
% t=223.36066 plus 19.0 minus 12.0 g=543.0 b=10000 p=300 c=100000#
% t=281.87125 plus 22.0 minus 14.0 g=543.0 b=10000 p=0 c=100000#
% t=299.81569 plus 25.0 minus 16.0 g=543.0 b=10000 p=0 c=100000#
% t=346.1506 plus 29.0 minus 18.0 g=543.0 b=10000 p=0 c=100000#
% t=401.42996 plus 35.0 minus 22.0 g=543.0 b=6608 p=0 c=6608#
% t=446.3744 plus 41.0 minus 26.0 g=543.0 b=1303 p=0 c=1303#
% t=502.70932 plus 47.0 minus 30.0 g=543.0 b=63 p=0 c=63#
% t=524.65376 plus 50.0 minus 32.0 g=543.0 b=5 p=200 c=205
% t=606.82365 plus 53.0 minus 34.0 g=543.0 b=* p=0 c=*

[37

]
%% goal height=543.0, max depth=4.0
% t=10.0 g=543.0 b=10000 p=200 c=100000#
% t=92.16989 plus 3.0 minus 2.0 g=543.0 b=10000 p=0 c=100000#
% t=129.85243 plus 3.0 minus 2.0 g=543.0 b=10000 p=0 c=100000#
% t=151.79688 plus 6.0 minus 4.0 g=543.0 b=10000 p=150 c=100000#
% t=164.79688 plus 6.0 minus 4.0 g=543.0 b=10000 p=50 c=100000#
% t=216.13179 plus 9.0 minus 6.0 g=543.0 b=10000 p=0 c=100000#
% t=248.96677 plus 9.0 minus 6.0 g=543.0 b=10000 p=0 c=100000#
% t=281.43277 plus 9.0 minus 6.0 g=543.0 b=10000 p=0 c=100000#
% t=303.93277 plus 12.0 minus 8.0 g=543.0 b=10000 p=150 c=100000#
% t=316.93277 plus 12.0 minus 8.0 g=543.0 b=10000 p=150 c=100000#
% t=329.93277 plus 12.0 minus 8.0 g=543.0 b=10000 p=0 c=100000#
% t=342.93277 plus 13.0 minus 8.0 g=543.0 b=10000 p=200 c=100000#
% t=399.92873 plus 16.0 minus 10.0 g=543.0 b=10000 p=0 c=100000#
% t=464.65578 plus 22.0 minus 14.0 g=543.0 b=4505 p=0 c=4505#
% t=501.38283 plus 22.0 minus 14.0 g=543.0 b=674 p=0 c=674#
% t=523.88283 plus 25.0 minus 16.0 g=543.0 b=45 p=150 c=195#
% t=536.88283 plus 25.0 minus 16.0 g=543.0 b=1 p=150 c=151#
% t=549.88283 plus 25.0 minus 16.0 g=543.0 b=8 p=-500 c=-492#
% t=562.88283 plus 26.0 minus 16.0 g=543.0 b=* p=250 c=*
 [38

]
%% goal height=543.0, max depth=4.0
% t=10.0 g=543.0 b=10000 p=250 c=100000#
% t=23.0 g=543.0 b=10000 p=50 c=100000#
% t=70.16742 plus 3.0 minus 2.0 g=543.0 b=10000 p=0 c=100000#
% t=92.66216 plus 6.0 minus 4.0 g=543.0 b=10000 p=200 c=100000#
% t=128.66216 plus 9.0 minus 6.0 g=543.0 b=10000 p=0 c=100000#
% t=151.66216 plus 12.0 minus 8.0 g=543.0 b=10000 p=200 c=100000#
% t=201.99707 plus 15.0 minus 10.0 g=543.0 b=10000 p=0 c=100000#
% t=243.70912 plus 21.0 minus 14.0 g=543.0 b=10000 p=0 c=100000#
% t=266.70912 plus 24.0 minus 16.0 g=543.0 b=10000 p=0 c=100000#
% t=320.61751 plus 28.0 minus 18.0 g=543.0 b=10000 p=0 c=100000#
% t=344.44206 plus 31.0 minus 20.0 g=543.0 b=10000 p=150 c=100000#
% t=358.44206 plus 31.0 minus 20.0 g=543.0 b=10000 p=50 c=100000#
% t=406.60954 plus 34.0 minus 22.0 g=543.0 b=6445 p=0 c=6445#
% t=429.10954 plus 37.0 minus 24.0 g=543.0 b=2913 p=0 c=2913#
% t=442.10954 plus 38.0 minus 24.0 g=543.0 b=1867 p=150 c=2017#
% t=455.10954 plus 38.0 minus 24.0 g=543.0 b=1231 p=50 c=1281#
% t=505.06804 plus 41.0 minus 26.0 g=543.0 b=78 p=0 c=78#
% t=529.09921 plus 44.0 minus 28.0 g=543.0 b=3 p=0 c=3#
% t=542.06804 plus 45.0 minus 28.0 g=543.0 b=0 p=200 c=200
% t=592.02654 plus 48.0 minus 30.0 g=543.0 b=* p=0 c=*
 [39



]
%% goal height=543.0, max depth=4.0
% t=10.0 g=543.0 b=10000 p=200 c=100000#
% t=59.9585 plus 3.0 minus 2.0 g=543.0 b=10000 p=0 c=100000#
% t=90.97255 plus 3.0 minus 2.0 g=543.0 b=10000 p=0 c=100000#
% t=121.9866 plus 3.0 minus 2.0 g=543.0 b=10000 p=0 c=100000#
% t=149.4526 plus 3.0 minus 2.0 g=543.0 b=10000 p=0 c=100000#
% t=176.91861 plus 3.0 minus 2.0 g=543.0 b=10000 p=0 c=100000#
% t=204.38461 plus 3.0 minus 2.0 g=543.0 b=10000 p=0 c=100000#
% t=228.38461 plus 6.0 minus 4.0 g=543.0 b=10000 p=0 c=100000#
% t=278.34311 plus 10.0 minus 6.0 g=543.0 b=10000 p=0 c=100000#
% t=309.35716 plus 10.0 minus 6.0 g=543.0 b=10000 p=0 c=100000#
% t=340.37122 plus 10.0 minus 6.0 g=543.0 b=10000 p=0 c=100000#
% t=368.20619 plus 10.0 minus 6.0 g=543.0 b=10000 p=0 c=100000#
% t=396.04117 plus 10.0 minus 6.0 g=543.0 b=10000 p=0 c=100000#
% t=423.87614 plus 10.0 minus 6.0 g=543.0 b=10000 p=0 c=100000#
% t=445.82059 plus 13.0 minus 8.0 g=543.0 b=10000 p=0 c=100000#
% t=458.82059 plus 14.0 minus 8.0 g=543.0 b=10000 p=200 c=100000#
% t=508.77908 plus 17.0 minus 10.0 g=543.0 b=812 p=0 c=812#
% t=539.79314 plus 17.0 minus 10.0 g=543.0 b=1 p=0 c=1#
% t=570.80719 plus 17.0 minus 10.0 g=543.0 b=* p=0 c=*
 [40

]
%% goal height=543.0, max depth=4.0
% t=24.01405 g=543.0 b=10000 p=0 c=100000#
% t=54.65913 g=543.0 b=10000 p=0 c=100000#
% t=82.98152 g=543.0 b=10000 p=0 c=100000#
% t=114.44757 g=543.0 b=10000 p=0 c=100000#
% t=131.94757 plus 1.0 minus 1.0 g=543.0 b=10000 p=0 c=100000#
% t=154.94757 plus 4.0 minus 3.0 g=543.0 b=10000 p=200 c=100000#
% t=204.91351 plus 7.0 minus 5.0 g=543.0 b=10000 p=0 c=100000#
% t=222.85796 plus 11.0 minus 7.0 g=543.0 b=10000 p=150 c=100000#
% t=235.85796 plus 11.0 minus 7.0 g=543.0 b=10000 p=100 c=100000#
% t=248.85796 plus 11.0 minus 7.0 g=543.0 b=10000 p=0 c=100000#
% t=261.85796 plus 11.0 minus 7.0 g=543.0 b=10000 p=50 c=100000#
% t=297.85796 plus 14.0 minus 9.0 g=543.0 b=10000 p=0 c=100000#
% t=314.35796 plus 14.0 minus 9.0 g=543.0 b=10000 p=0 c=100000#
% t=330.85796 plus 14.0 minus 9.0 g=543.0 b=10000 p=0 c=100000#
% t=347.35796 plus 14.0 minus 9.0 g=543.0 b=10000 p=0 c=100000#
% t=363.85796 plus 14.0 minus 9.0 g=543.0 b=10000 p=0 c=100000#
% t=385.35796 plus 17.0 minus 11.0 g=543.0 b=10000 p=150 c=100000#
% t=398.35796 plus 17.0 minus 11.0 g=543.0 b=10000 p=150 c=100000#
% t=414.80637 plus 17.0 minus 11.0 g=543.0 b=10000 p=-200 c=100000#
% t=463.35796 plus 19.0 minus 11.0 g=543.0 b=7344 p=150 c=7494#
% t=476.35796 plus 19.0 minus 11.0 g=543.0 b=4303 p=50 c=4353#
% t=526.3239 plus 22.0 minus 13.0 g=543.0 b=43 p=0 c=43#
% t=544.26834 plus 25.0 minus 15.0 g=543.0 b=0 p=300 c=300
% t=557.26834 plus 25.0 minus 15.0 g=543.0 b=86 p=-500 c=-414#
% t=624.06833 plus 29.0 minus 17.0 g=543.0 b=* p=0 c=*
 [41

]
%% goal height=543.0, max depth=4.0
% t=63.79999 plus 3.0 minus 2.0 g=543.0 b=10000 p=0 c=100000#
% t=86.79999 plus 6.0 minus 4.0 g=543.0 b=10000 p=300 c=100000#
% t=99.79999 plus 6.0 minus 4.0 g=543.0 b=10000 p=-100 c=100000#
% t=131.79999 plus 10.0 minus 6.0 g=543.0 b=10000 p=150 c=100000#
% t=144.79999 plus 10.0 minus 6.0 g=543.0 b=10000 p=0 c=100000#
% t=157.79999 plus 10.0 minus 6.0 g=543.0 b=10000 p=50 c=100000#
% t=202.91931 plus 13.0 minus 8.0 g=543.0 b=10000 p=0 c=100000#
% t=220.86375 plus 16.0 minus 10.0 g=543.0 b=10000 p=150 c=100000#
% t=233.86375 plus 16.0 minus 10.0 g=543.0 b=10000 p=150 c=100000#
% t=246.86375 plus 16.0 minus 10.0 g=543.0 b=10000 p=0 c=100000#
% t=259.86375 plus 17.0 minus 10.0 g=543.0 b=10000 p=150 c=100000#
% t=272.86375 plus 17.0 minus 10.0 g=543.0 b=10000 p=100 c=100000#
% t=285.86375 plus 17.0 minus 10.0 g=543.0 b=10000 p=0 c=100000#
% t=298.86375 plus 17.0 minus 10.0 g=543.0 b=10000 p=150 c=100000#
% t=311.86375 plus 17.0 minus 10.0 g=543.0 b=10000 p=0 c=100000#
% t=324.86375 plus 18.0 minus 10.0 g=543.0 b=10000 p=250 c=100000#
% t=337.86375 plus 18.0 minus 10.0 g=543.0 b=10000 p=0 c=100000#
% t=350.86375 plus 18.0 minus 10.0 g=543.0 b=10000 p=0 c=100000#
% t=363.86375 plus 18.0 minus 10.0 g=543.0 b=10000 p=0 c=100000#
% t=376.86375 plus 18.0 minus 10.0 g=543.0 b=10000 p=100 c=100000#
% t=389.86375 plus 18.0 minus 10.0 g=543.0 b=10000 p=0 c=100000#
% t=402.86375 plus 18.0 minus 10.0 g=543.0 b=10000 p=0 c=100000#
% t=415.86375 plus 18.0 minus 10.0 g=543.0 b=10000 p=0 c=100000#
% t=428.86375 plus 18.0 minus 10.0 g=543.0 b=10000 p=0 c=100000#
% t=441.86375 plus 18.0 minus 10.0 g=543.0 b=10000 p=150 c=100000#
% t=454.86375 plus 18.0 minus 10.0 g=543.0 b=10000 p=0 c=100000#
% t=467.86375 plus 19.0 minus 10.0 g=543.0 b=6173 p=150 c=6323#
% t=480.86375 plus 19.0 minus 10.0 g=543.0 b=3492 p=0 c=3492#
% t=493.86375 plus 19.0 minus 10.0 g=543.0 b=1728 p=150 c=1878#
% t=506.86375 plus 19.0 minus 10.0 g=543.0 b=684 p=0 c=684#
% t=519.86375 plus 20.0 minus 10.0 g=543.0 b=154 p=150 c=304#
% t=532.86375 plus 20.0 minus 10.0 g=543.0 b=13 p=0 c=13#
% t=545.86375 plus 20.0 minus 10.0 g=543.0 b=2 p=0 c=2#
% t=558.86375 plus 20.0 minus 10.0 g=543.0 b=* p=150 c=*
 [42

]
%% goal height=543.0, max depth=4.0
% t=10.0 g=543.0 b=10000 p=150 c=100000#
% t=23.0 g=543.0 b=10000 p=-100 c=100000#
% t=55.0 plus 4.0 minus 2.0 g=543.0 b=10000 p=150 c=100000#
% t=68.0 plus 4.0 minus 2.0 g=543.0 b=10000 p=150 c=100000#
% t=81.0 plus 4.0 minus 2.0 g=543.0 b=10000 p=0 c=100000#
% t=94.0 plus 5.0 minus 2.0 g=543.0 b=10000 p=150 c=100000#
% t=107.0 plus 5.0 minus 2.0 g=543.0 b=10000 p=0 c=100000#
% t=120.0 plus 5.0 minus 2.0 g=543.0 b=10000 p=50 c=100000#
% t=169.93335 plus 8.0 minus 4.0 g=543.0 b=10000 p=0 c=100000#
% t=187.87779 plus 11.0 minus 6.0 g=543.0 b=10000 p=150 c=100000#
% t=200.87779 plus 11.0 minus 6.0 g=543.0 b=10000 p=250 c=100000#
% t=213.87779 plus 11.0 minus 6.0 g=543.0 b=10000 p=0 c=100000#
% t=226.87779 plus 12.0 minus 6.0 g=543.0 b=10000 p=150 c=100000#
% t=239.87779 plus 12.0 minus 6.0 g=543.0 b=10000 p=50 c=100000#
% t=275.87779 plus 15.0 minus 8.0 g=543.0 b=10000 p=0 c=100000#
% t=323.87779 plus 21.0 minus 12.0 g=543.0 b=10000 p=0 c=100000#
% t=340.87779 plus 21.0 minus 12.0 g=543.0 b=10000 p=0 c=100000#
% t=357.87779 plus 21.0 minus 12.0 g=543.0 b=10000 p=0 c=100000#
% t=374.87779 plus 21.0 minus 12.0 g=543.0 b=10000 p=0 c=100000#
% t=397.87779 plus 24.0 minus 14.0 g=543.0 b=10000 p=300 c=100000#
% t=410.87779 plus 24.0 minus 14.0 g=543.0 b=10000 p=0 c=100000#
% t=423.87779 plus 25.0 minus 14.0 g=543.0 b=10000 p=150 c=100000#
% t=436.87779 plus 25.0 minus 14.0 g=543.0 b=7631 p=0 c=7631#
% t=449.87779 plus 25.0 minus 14.0 g=543.0 b=5161 p=0 c=5161#
% t=462.87779 plus 25.0 minus 14.0 g=543.0 b=3281 p=0 c=3281#
% t=475.87779 plus 25.0 minus 14.0 g=543.0 b=1931 p=150 c=2081#
% t=488.87779 plus 25.0 minus 14.0 g=543.0 b=1009 p=-100 c=909#
% t=520.87779 plus 29.0 minus 16.0 g=543.0 b=44 p=150 c=194#
% t=533.87779 plus 29.0 minus 16.0 g=543.0 b=3 p=50 c=53#
% t=579.84373 plus 32.0 minus 18.0 g=543.0 b=* p=0 c=*
 [43

]
%% goal height=543.0, max depth=4.0
% t=42.96594 plus 3.0 minus 2.0 g=543.0 b=10000 p=0 c=100000#
% t=70.43195 plus 3.0 minus 2.0 g=543.0 b=10000 p=0 c=100000#
% t=97.89795 plus 3.0 minus 2.0 g=543.0 b=10000 p=0 c=100000#
% t=119.84239 plus 6.0 minus 4.0 g=543.0 b=10000 p=300 c=100000#
% t=132.84239 plus 6.0 minus 4.0 g=543.0 b=10000 p=0 c=100000#
% t=145.84239 plus 7.0 minus 4.0 g=543.0 b=10000 p=200 c=100000#
% t=191.80833 plus 10.0 minus 6.0 g=543.0 b=10000 p=0 c=100000#
% t=213.75278 plus 13.0 minus 8.0 g=543.0 b=10000 p=150 c=100000#
% t=226.75278 plus 13.0 minus 8.0 g=543.0 b=10000 p=50 c=100000#
% t=272.71872 plus 16.0 minus 10.0 g=543.0 b=10000 p=0 c=100000#
% t=296.83804 plus 16.0 minus 10.0 g=543.0 b=10000 p=0 c=100000#
% t=320.83804 plus 19.0 minus 12.0 g=543.0 b=10000 p=200 c=100000#
% t=356.83804 plus 22.0 minus 14.0 g=543.0 b=10000 p=0 c=100000#
% t=371.83804 plus 22.0 minus 14.0 g=543.0 b=10000 p=0 c=100000#
% t=407.83804 plus 27.0 minus 16.0 g=543.0 b=10000 p=300 c=100000#
% t=461.78249 plus 30.0 minus 18.0 g=543.0 b=1983 p=0 c=1983#
% t=505.22517 plus 36.0 minus 22.0 g=543.0 b=115 p=0 c=115#
% t=525.72693 plus 39.0 minus 24.0 g=543.0 b=9 p=150 c=159
% t=538.72693 plus 39.0 minus 24.0 g=543.0 b=0 p=-50 c=-50#
% t=574.72693 plus 42.0 minus 26.0 g=543.0 b=* p=0 c=*
 [44


]
%% goal height=543.0, max depth=4.0
% t=33.0 plus 3.0 minus 2.0 g=543.0 b=10000 p=0 c=100000#
% t=56.0 plus 6.0 minus 4.0 g=543.0 b=10000 p=0 c=100000#
% t=69.0 plus 7.0 minus 4.0 g=543.0 b=10000 p=150 c=100000#
% t=82.0 plus 7.0 minus 4.0 g=543.0 b=10000 p=0 c=100000#
% t=95.0 plus 7.0 minus 4.0 g=543.0 b=10000 p=0 c=100000#
% t=108.0 plus 7.0 minus 4.0 g=543.0 b=10000 p=50 c=100000#
% t=149.11932 plus 10.0 minus 6.0 g=543.0 b=10000 p=0 c=100000#
% t=184.06377 plus 15.0 minus 8.0 g=543.0 b=10000 p=150 c=100000#
% t=197.06377 plus 15.0 minus 8.0 g=543.0 b=10000 p=0 c=100000#
% t=210.06377 plus 15.0 minus 8.0 g=543.0 b=10000 p=0 c=100000#
% t=223.06377 plus 15.0 minus 8.0 g=543.0 b=10000 p=0 c=100000#
% t=236.06377 plus 15.0 minus 8.0 g=543.0 b=10000 p=150 c=100000#
% t=249.06377 plus 15.0 minus 8.0 g=543.0 b=10000 p=0 c=100000#
% t=262.06377 plus 16.0 minus 8.0 g=543.0 b=10000 p=150 c=100000#
% t=275.06377 plus 16.0 minus 8.0 g=543.0 b=10000 p=0 c=100000#
% t=288.06377 plus 16.0 minus 8.0 g=543.0 b=10000 p=0 c=100000#
% t=301.06377 plus 16.0 minus 8.0 g=543.0 b=10000 p=0 c=100000#
% t=314.06377 plus 16.0 minus 8.0 g=543.0 b=10000 p=50 c=100000#
% t=512.06377 plus 19.0 minus 10.0 g=543.0 b=430 p=0 c=430#
% t=535.06377 plus 22.0 minus 12.0 g=543.0 b=5 p=300 c=305#
% t=548.06377 plus 22.0 minus 12.0 g=543.0 b=7 p=-10000 c=-10000#
 [45

]
%% goal height=543.0, max depth=4.0
% t=10.0 g=543.0 b=10000 p=150 c=100000#
% t=23.0 g=543.0 b=10000 p=50 c=100000#
% t=59.0 plus 3.0 minus 2.0 g=543.0 b=10000 p=0 c=100000#
% t=74.0 plus 3.0 minus 2.0 g=543.0 b=10000 p=0 c=100000#
% t=97.0 plus 6.0 minus 4.0 g=543.0 b=10000 p=200 c=100000#
% t=150.72705 plus 9.0 minus 6.0 g=543.0 b=10000 p=0 c=100000#
% t=183.4541 plus 9.0 minus 6.0 g=543.0 b=10000 p=0 c=100000#
% t=205.39854 plus 12.0 minus 8.0 g=543.0 b=10000 p=-100 c=100000#
% t=237.39854 plus 16.0 minus 10.0 g=543.0 b=10000 p=250 c=100000#
% t=250.39854 plus 16.0 minus 10.0 g=543.0 b=10000 p=50 c=100000#
% t=296.73346 plus 19.0 minus 12.0 g=543.0 b=10000 p=0 c=100000#
% t=324.56844 plus 19.0 minus 12.0 g=543.0 b=10000 p=0 c=100000#
% t=359.40346 plus 20.0 minus 13.0 g=543.0 b=10000 p=0 c=100000#
% t=387.23843 plus 20.0 minus 13.0 g=543.0 b=10000 p=0 c=100000#
% t=406.01949 plus 21.0 minus 14.0 g=543.0 b=10000 p=0 c=100000#
% t=429.01949 plus 24.0 minus 16.0 g=543.0 b=10000 p=150 c=100000#
% t=442.01949 plus 24.0 minus 16.0 g=543.0 b=7433 p=0 c=7433#
% t=455.01949 plus 24.0 minus 16.0 g=543.0 b=4913 p=0 c=4913#
% t=468.01949 plus 24.0 minus 16.0 g=543.0 b=3039 p=150 c=3189#
% t=481.01949 plus 24.0 minus 16.0 g=543.0 b=1721 p=-100 c=1621#
% t=526.01949 plus 29.0 minus 18.0 g=543.0 b=20 p=300 c=320#
% t=540.96393 plus 29.0 minus 18.0 g=543.0 b=0 p=-200 c=-200#
% t=591.01949 plus 31.0 minus 18.0 g=543.0 b=* p=150 c=*
 [46


]
%% goal height=543.0, max depth=4.0
% t=28.0 plus 1.0 g=543.0 b=10000 p=150 c=100000#
% t=41.0 plus 1.0 g=543.0 b=10000 p=100 c=100000#
% t=54.0 plus 1.0 g=543.0 b=10000 p=0 c=100000#
% t=67.0 plus 1.0 g=543.0 b=10000 p=150 c=100000#
% t=80.0 plus 1.0 g=543.0 b=10000 p=0 c=100000#
% t=93.0 plus 2.0 g=543.0 b=10000 p=200 c=100000#
% t=136.71465 plus 5.0 minus 2.0 g=543.0 b=10000 p=0 c=100000#
% t=158.65909 plus 8.0 minus 4.0 g=543.0 b=10000 p=200 c=100000#
% t=197.15733 plus 11.0 minus 6.0 g=543.0 b=10000 p=0 c=100000#
% t=217.65909 plus 14.0 minus 8.0 g=543.0 b=10000 p=150 c=100000#
% t=230.65909 plus 14.0 minus 8.0 g=543.0 b=10000 p=150 c=100000#
% t=243.65909 plus 14.0 minus 8.0 g=543.0 b=10000 p=0 c=100000#
% t=256.65909 plus 15.0 minus 8.0 g=543.0 b=10000 p=150 c=100000#
% t=269.65909 plus 15.0 minus 8.0 g=543.0 b=10000 p=0 c=100000#
% t=282.65909 plus 15.0 minus 8.0 g=543.0 b=10000 p=0 c=100000#
% t=295.65909 plus 15.0 minus 8.0 g=543.0 b=10000 p=0 c=100000#
% t=308.65909 plus 15.0 minus 8.0 g=543.0 b=10000 p=150 c=100000#
% t=321.65909 plus 15.0 minus 8.0 g=543.0 b=10000 p=0 c=100000#
% t=334.65909 plus 16.0 minus 8.0 g=543.0 b=10000 p=200 c=100000#
% t=370.65909 plus 19.0 minus 10.0 g=543.0 b=10000 p=0 c=100000#
% t=393.65909 plus 22.0 minus 12.0 g=543.0 b=10000 p=200 c=100000#
% t=429.65909 plus 25.0 minus 14.0 g=543.0 b=10000 p=0 c=100000#
% t=452.65909 plus 29.0 minus 16.0 g=543.0 b=3019 p=150 c=3169#
% t=465.65909 plus 29.0 minus 16.0 g=543.0 b=1895 p=50 c=1945#
% t=516.42981 plus 32.0 minus 18.0 g=543.0 b=57 p=0 c=57#
% t=536.93156 plus 35.0 minus 20.0 g=543.0 b=1 p=150 c=151
% t=549.93156 plus 35.0 minus 20.0 g=543.0 b=4 p=50 c=54#
% t=600.70229 plus 38.0 minus 22.0 g=543.0 b=* p=0 c=*
 [47



]
%% goal height=543.0, max depth=4.0
% t=47.77072 plus 3.0 minus 2.0 g=543.0 b=10000 p=0 c=100000#
% t=68.27248 plus 6.0 minus 4.0 g=543.0 b=10000 p=300 c=100000#
% t=81.27248 plus 6.0 minus 4.0 g=543.0 b=10000 p=0 c=100000#
% t=94.27248 plus 7.0 minus 4.0 g=543.0 b=10000 p=150 c=100000#
% t=107.27248 plus 7.0 minus 4.0 g=543.0 b=10000 p=0 c=100000#
% t=120.27248 plus 7.0 minus 4.0 g=543.0 b=10000 p=150 c=100000#
% t=133.27248 plus 7.0 minus 4.0 g=543.0 b=10000 p=0 c=100000#
% t=146.27248 plus 8.0 minus 4.0 g=543.0 b=10000 p=150 c=100000#
% t=159.27248 plus 8.0 minus 4.0 g=543.0 b=10000 p=0 c=100000#
% t=172.27248 plus 8.0 minus 4.0 g=543.0 b=10000 p=0 c=100000#
% t=185.27248 plus 8.0 minus 4.0 g=543.0 b=10000 p=150 c=100000#
% t=198.27248 plus 8.0 minus 4.0 g=543.0 b=10000 p=0 c=100000#
% t=234.27248 plus 12.0 minus 6.0 g=543.0 b=10000 p=0 c=100000#
% t=249.27248 plus 12.0 minus 6.0 g=543.0 b=10000 p=0 c=100000#
% t=264.27248 plus 12.0 minus 6.0 g=543.0 b=10000 p=0 c=100000#
% t=312.77072 plus 18.0 minus 10.0 g=543.0 b=10000 p=0 c=100000#
% t=333.27248 plus 21.0 minus 12.0 g=543.0 b=10000 p=0 c=100000#
% t=346.27248 plus 22.0 minus 12.0 g=543.0 b=10000 p=150 c=100000#
% t=359.27248 plus 22.0 minus 12.0 g=543.0 b=10000 p=50 c=100000#
% t=401.55055 plus 25.0 minus 14.0 g=543.0 b=10000 p=0 c=100000#
% t=424.60616 plus 28.0 minus 16.0 g=543.0 b=7540 p=150 c=7690#
% t=437.60616 plus 28.0 minus 16.0 g=543.0 b=5316 p=50 c=5366#
% t=480.10634 plus 31.0 minus 18.0 g=543.0 b=832 p=0 c=832#
% t=498.6064 plus 34.0 minus 20.0 g=543.0 b=221 p=150 c=371#
% t=511.6064 plus 34.0 minus 20.0 g=543.0 b=78 p=0 c=78#
% t=524.6064 plus 34.0 minus 20.0 g=543.0 b=16 p=0 c=16#
% t=537.6064 plus 34.0 minus 20.0 g=543.0 b=0 p=0 c=0#
% t=550.6064 plus 34.0 minus 20.0 g=543.0 b=5 p=0 c=5
% t=563.6064 plus 34.0 minus 20.0 g=543.0 b=* p=150 c=*
 [48




]
%% goal height=543.0, max depth=4.0
% t=10.0 g=543.0 b=10000 p=0 c=100000#
% t=23.0 g=543.0 b=10000 p=150 c=100000#
% t=36.0 g=543.0 b=10000 p=0 c=100000#
% t=49.0 plus 1.0 g=543.0 b=10000 p=200 c=100000#
% t=96.59222 plus 4.0 minus 2.0 g=543.0 b=10000 p=0 c=100000#
% t=118.53667 plus 7.0 minus 4.0 g=543.0 b=10000 p=300 c=100000#
% t=165.90662 plus 10.0 minus 6.0 g=543.0 b=10000 p=0 c=100000#
% t=186.77821 plus 13.0 minus 8.0 g=543.0 b=10000 p=300 c=100000#
% t=201.2054 plus 13.0 minus 8.0 g=543.0 b=10000 p=0 c=100000#
% t=215.6326 plus 14.0 minus 8.0 g=543.0 b=10000 p=150 c=100000#
% t=228.6326 plus 14.0 minus 8.0 g=543.0 b=10000 p=0 c=100000#
% t=241.6326 plus 14.0 minus 8.0 g=543.0 b=10000 p=0 c=100000#
% t=254.6326 plus 14.0 minus 8.0 g=543.0 b=10000 p=0 c=100000#
% t=267.6326 plus 14.0 minus 8.0 g=543.0 b=10000 p=50 c=100000#
% t=306.8215 plus 17.0 minus 10.0 g=543.0 b=10000 p=0 c=100000#
% t=355.63754 plus 23.0 minus 14.0 g=543.0 b=10000 p=0 c=100000#
% t=404.45358 plus 29.0 minus 18.0 g=543.0 b=10000 p=0 c=100000#
% t=418.94832 plus 29.0 minus 18.0 g=543.0 b=7814 p=0 c=7814#
% t=441.94832 plus 32.0 minus 20.0 g=543.0 b=3138 p=200 c=3338#
% t=501.25809 plus 35.0 minus 22.0 g=543.0 b=169 p=0 c=169#
% t=521.25809 plus 38.0 minus 24.0 g=543.0 b=18 p=300 c=318
% t=534.25809 plus 38.0 minus 24.0 g=543.0 b=1 p=0 c=1#
% t=547.25809 plus 39.0 minus 24.0 g=543.0 b=1 p=150 c=151
% t=560.25809 plus 39.0 minus 24.0 g=543.0 b=37 p=0 c=37
% t=573.25809 plus 39.0 minus 24.0 g=543.0 b=* p=0 c=*
 [49


]
%% goal height=543.0, max depth=4.0
% t=10.0 g=543.0 b=10000 p=150 c=100000#
% t=23.0 g=543.0 b=10000 p=0 c=100000#
% t=36.0 g=543.0 b=10000 p=0 c=100000#
% t=49.0 g=543.0 b=10000 p=0 c=100000#
% t=62.0 g=543.0 b=10000 p=0 c=100000#
% t=75.0 g=543.0 b=10000 p=50 c=100000#
% t=121.42154 plus 3.0 minus 2.0 g=543.0 b=10000 p=0 c=100000#
% t=134.92159 plus 3.0 minus 2.0 g=543.0 b=10000 p=0 c=100000#
% t=157.92159 plus 6.0 minus 4.0 g=543.0 b=10000 p=150 c=100000#
% t=170.92159 plus 6.0 minus 4.0 g=543.0 b=10000 p=0 c=100000#
% t=183.92159 plus 6.0 minus 4.0 g=543.0 b=10000 p=0 c=100000#
% t=196.92159 plus 6.0 minus 4.0 g=543.0 b=10000 p=150 c=100000#
% t=209.92159 plus 6.0 minus 4.0 g=543.0 b=10000 p=0 c=100000#
% t=222.92159 plus 7.0 minus 4.0 g=543.0 b=10000 p=200 c=100000#
% t=264.29323 plus 10.0 minus 6.0 g=543.0 b=10000 p=0 c=100000#
% t=284.53769 plus 10.0 minus 6.0 g=543.0 b=10000 p=0 c=100000#
% t=305.53764 plus 13.0 minus 8.0 g=543.0 b=10000 p=150 c=100000#
% t=318.53764 plus 13.0 minus 8.0 g=543.0 b=10000 p=150 c=100000#
% t=366.39207 plus 16.0 minus 10.0 g=543.0 b=10000 p=0 c=100000#
% t=383.39203 plus 19.0 minus 12.0 g=543.0 b=10000 p=0 c=100000#
% t=396.39203 plus 20.0 minus 12.0 g=543.0 b=10000 p=150 c=100000#
% t=409.39203 plus 20.0 minus 12.0 g=543.0 b=10000 p=0 c=100000#
% t=422.39203 plus 20.0 minus 12.0 g=543.0 b=10000 p=50 c=100000#
% t=478.12582 plus 23.0 minus 14.0 g=543.0 b=2237 p=0 c=2237#
% t=496.07027 plus 26.0 minus 16.0 g=543.0 b=587 p=300 c=887#
% t=509.07027 plus 26.0 minus 16.0 g=543.0 b=221 p=0 c=221#
% t=522.07027 plus 27.0 minus 16.0 g=543.0 b=46 p=200 c=246
% t=573.21838 plus 30.0 minus 18.0 g=543.0 b=* p=0 c=*
 [50


]
%% goal height=543.0, max depth=4.0
% t=10.0 g=543.0 b=10000 p=200 c=100000#
% t=61.14812 plus 3.0 minus 2.0 g=543.0 b=10000 p=0 c=100000#
% t=83.09256 plus 6.0 minus 4.0 g=543.0 b=10000 p=150 c=100000#
% t=96.09256 plus 6.0 minus 4.0 g=543.0 b=10000 p=150 c=100000#
% t=109.09256 plus 6.0 minus 4.0 g=543.0 b=10000 p=0 c=100000#
% t=122.09256 plus 7.0 minus 4.0 g=543.0 b=10000 p=200 c=100000#
% t=158.09256 plus 10.0 minus 6.0 g=543.0 b=10000 p=0 c=100000#
% t=217.29623 plus 16.0 minus 10.0 g=543.0 b=10000 p=0 c=100000#
% t=239.24068 plus 19.0 minus 12.0 g=543.0 b=10000 p=300 c=100000#
% t=252.24068 plus 19.0 minus 12.0 g=543.0 b=10000 p=0 c=100000#
% t=265.24068 plus 20.0 minus 12.0 g=543.0 b=10000 p=150 c=100000#
% t=278.24068 plus 20.0 minus 12.0 g=543.0 b=10000 p=50 c=100000#
% t=314.24068 plus 23.0 minus 14.0 g=543.0 b=10000 p=0 c=100000#
% t=337.24068 plus 26.0 minus 16.0 g=543.0 b=10000 p=200 c=100000#
% t=390.57828 plus 29.0 minus 18.0 g=543.0 b=10000 p=0 c=100000#
% t=412.52272 plus 33.0 minus 20.0 g=543.0 b=6173 p=150 c=6323#
% t=425.52272 plus 33.0 minus 20.0 g=543.0 b=4505 p=0 c=4505#
% t=438.52272 plus 33.0 minus 20.0 g=543.0 b=3168 p=0 c=3168#
% t=451.52272 plus 33.0 minus 20.0 g=543.0 b=2126 p=0 c=2126#
% t=464.52272 plus 33.0 minus 20.0 g=543.0 b=1342 p=0 c=1342#
% t=477.52272 plus 33.0 minus 20.0 g=543.0 b=779 p=0 c=779#
% t=490.52272 plus 33.0 minus 20.0 g=543.0 b=401 p=150 c=551#
% t=503.52272 plus 33.0 minus 20.0 g=543.0 b=171 p=0 c=171#
% t=516.52272 plus 34.0 minus 20.0 g=543.0 b=47 p=250 c=297
% t=529.52272 plus 34.0 minus 20.0 g=543.0 b=6 p=50 c=56#
% t=565.52272 plus 37.0 minus 22.0 g=543.0 b=* p=0 c=*
 [51

]
%% goal height=543.0, max depth=4.0
% t=33.0 plus 3.0 minus 2.0 g=543.0 b=10000 p=0 c=100000#
% t=48.0 plus 3.0 minus 2.0 g=543.0 b=10000 p=0 c=100000#
% t=63.0 plus 3.0 minus 2.0 g=543.0 b=10000 p=0 c=100000#
% t=78.0 plus 3.0 minus 2.0 g=543.0 b=10000 p=0 c=100000#
% t=101.0 plus 6.0 minus 4.0 g=543.0 b=10000 p=150 c=100000#
% t=114.0 plus 6.0 minus 4.0 g=543.0 b=10000 p=0 c=100000#
% t=127.0 plus 6.0 minus 4.0 g=543.0 b=10000 p=50 c=100000#
% t=170.31494 plus 9.0 minus 6.0 g=543.0 b=10000 p=0 c=100000#
% t=196.35184 plus 9.0 minus 6.0 g=543.0 b=10000 p=0 c=100000#
% t=222.38873 plus 9.0 minus 6.0 g=543.0 b=10000 p=0 c=100000#
% t=280.31451 plus 15.0 minus 10.0 g=543.0 b=10000 p=0 c=100000#
% t=300.31451 plus 18.0 minus 12.0 g=543.0 b=10000 p=300 c=100000#
% t=313.31451 plus 18.0 minus 12.0 g=543.0 b=10000 p=0 c=100000#
% t=326.31451 plus 19.0 minus 12.0 g=543.0 b=10000 p=300 c=100000#
% t=362.31451 plus 22.0 minus 14.0 g=543.0 b=10000 p=0 c=100000#
% t=410.81276 plus 28.0 minus 18.0 g=543.0 b=10000 p=0 c=100000#
% t=463.84966 plus 34.0 minus 22.0 g=543.0 b=1259 p=0 c=1259#
% t=487.35243 plus 37.0 minus 24.0 g=543.0 b=338 p=150 c=488#
% t=500.35243 plus 37.0 minus 24.0 g=543.0 b=153 p=0 c=153#
% t=513.35243 plus 37.0 minus 24.0 g=543.0 b=51 p=0 c=51#
% t=526.35243 plus 37.0 minus 24.0 g=543.0 b=9 p=0 c=9#
% t=539.35243 plus 37.0 minus 24.0 g=543.0 b=0 p=150 c=150
% t=552.35243 plus 37.0 minus 24.0 g=543.0 b=6 p=0 c=6#
% t=565.35243 plus 38.0 minus 24.0 g=543.0 b=80 p=150 c=230
% t=578.35243 plus 38.0 minus 24.0 g=543.0 b=* p=50 c=*

[52


]
%% goal height=543.0, max depth=4.0
% t=10.0 g=543.0 b=10000 p=150 c=100000#
% t=23.0 g=543.0 b=10000 p=50 c=100000#
% t=67.98134 plus 3.0 minus 2.0 g=543.0 b=10000 p=0 c=100000#
% t=97.5989 plus 4.0 minus 3.0 g=543.0 b=10000 p=0 c=100000#
% t=116.57156 plus 5.0 minus 4.0 g=543.0 b=10000 p=0 c=100000#
% t=139.57156 plus 8.0 minus 6.0 g=543.0 b=10000 p=0 c=100000#
% t=152.57156 plus 9.0 minus 6.0 g=543.0 b=10000 p=200 c=100000#
% t=201.38777 plus 12.0 minus 8.0 g=543.0 b=10000 p=0 c=100000#
% t=257.37064 plus 19.0 minus 12.0 g=543.0 b=10000 p=0 c=100000#
% t=279.31508 plus 22.0 minus 14.0 g=543.0 b=10000 p=200 c=100000#
% t=323.18382 plus 25.0 minus 16.0 g=543.0 b=10000 p=0 c=100000#
% t=372.66692 plus 31.0 minus 20.0 g=543.0 b=10000 p=0 c=100000#
% t=394.61136 plus 34.0 minus 22.0 g=543.0 b=10000 p=150 c=100000#
% t=407.61136 plus 34.0 minus 22.0 g=543.0 b=6300 p=0 c=6300#
% t=420.61136 plus 34.0 minus 22.0 g=543.0 b=4660 p=0 c=4660#
% t=433.61136 plus 34.0 minus 22.0 g=543.0 b=3323 p=0 c=3323#
% t=446.61136 plus 34.0 minus 22.0 g=543.0 b=2269 p=150 c=2419#
% t=459.61136 plus 34.0 minus 22.0 g=543.0 b=1472 p=0 c=1472#
% t=537.29927 plus 38.0 minus 24.0 g=543.0 b=0 p=0 c=0#
% t=555.24371 plus 41.0 minus 26.0 g=543.0 b=10 p=150 c=160
% t=568.24371 plus 41.0 minus 26.0 g=543.0 b=91 p=150 c=241
% t=581.24371 plus 41.0 minus 26.0 g=543.0 b=* p=0 c=*
 [53

]
%% goal height=543.0, max depth=4.0
% t=10.0 g=543.0 b=10000 p=150 c=100000#
% t=23.0 g=543.0 b=10000 p=150 c=100000#
% t=36.0 g=543.0 b=10000 p=0 c=100000#
% t=49.0 plus 1.0 g=543.0 b=10000 p=150 c=100000#
% t=62.0 plus 1.0 g=543.0 b=10000 p=50 c=100000#
% t=98.0 plus 4.0 minus 2.0 g=543.0 b=10000 p=0 c=100000#
% t=121.0 plus 7.0 minus 4.0 g=543.0 b=10000 p=300 c=100000#
% t=134.0 plus 7.0 minus 4.0 g=543.0 b=10000 p=0 c=100000#
% t=170.0 plus 11.0 minus 6.0 g=543.0 b=10000 p=0 c=100000#
% t=193.0 plus 14.0 minus 8.0 g=543.0 b=10000 p=150 c=100000#
% t=206.0 plus 14.0 minus 8.0 g=543.0 b=10000 p=50 c=100000#
% t=258.78204 plus 17.0 minus 10.0 g=543.0 b=10000 p=0 c=100000#
% t=280.72649 plus 21.0 minus 12.0 g=543.0 b=10000 p=150 c=100000#
% t=293.72649 plus 21.0 minus 12.0 g=543.0 b=10000 p=0 c=100000#
% t=306.72649 plus 21.0 minus 12.0 g=543.0 b=10000 p=150 c=100000#
% t=319.72649 plus 21.0 minus 12.0 g=543.0 b=10000 p=0 c=100000#
% t=332.72649 plus 22.0 minus 12.0 g=543.0 b=10000 p=150 c=100000#
% t=345.72649 plus 22.0 minus 12.0 g=543.0 b=10000 p=0 c=100000#
% t=358.72649 plus 22.0 minus 12.0 g=543.0 b=10000 p=0 c=100000#
% t=371.72649 plus 22.0 minus 12.0 g=543.0 b=10000 p=0 c=100000#
% t=384.72649 plus 22.0 minus 12.0 g=543.0 b=10000 p=150 c=100000#
% t=397.72649 plus 22.0 minus 12.0 g=543.0 b=10000 p=0 c=100000#
% t=410.72649 plus 23.0 minus 12.0 g=543.0 b=10000 p=150 c=100000#
% t=423.72649 plus 23.0 minus 12.0 g=543.0 b=10000 p=50 c=100000#
% t=459.72649 plus 26.0 minus 14.0 g=543.0 b=3281 p=0 c=3281#
% t=513.89339 plus 32.0 minus 18.0 g=543.0 b=75 p=0 c=75#
% t=535.83783 plus 35.0 minus 20.0 g=543.0 b=1 p=300 c=301
% split253 to -5.83783,0.0 p=100
% t=548.83783 plus 35.0 minus 20.0 g=543.0 b=2 p=0 c=102
% t=561.83783 plus 36.0 minus 20.0 g=543.0 b=83 p=300 c=483
% t=597.83783 plus 39.0 minus 22.0 g=543.0 b=* p=0 c=*
 [54

]
%% goal height=543.0, max depth=4.0
% t=10.0 g=543.0 b=10000 p=300 c=100000#
% t=23.0 g=411.6 b=10000 p=0 c=100000#
% t=36.0 plus 1.0 g=411.6 b=10000 p=300 c=100000#
% t=72.0 plus 4.0 minus 2.0 g=411.6 b=10000 p=0 c=100000#
% t=87.0 plus 4.0 minus 2.0 g=411.6 b=10000 p=0 c=100000#
% t=102.0 plus 4.0 minus 2.0 g=411.6 b=10000 p=0 c=100000#
% t=120.49825 plus 4.0 minus 2.0 g=411.6 b=10000 p=0 c=100000#
% t=141.0 plus 7.0 minus 4.0 g=411.6 b=10000 p=200 c=100000#
% t=177.0 plus 10.0 minus 6.0 g=411.6 b=10000 p=0 c=100000#
% t=200.0 plus 13.0 minus 8.0 g=411.6 b=10000 p=200 c=100000#
% t=238.49825 plus 16.0 minus 10.0 g=411.6 b=10000 p=0 c=100000#
% t=259.0 plus 19.0 minus 12.0 g=411.6 b=10000 p=150 c=100000#
% t=272.0 plus 19.0 minus 12.0 g=411.6 b=10000 p=50 c=100000#
% t=313.50006 plus 22.0 minus 14.0 g=411.6 b=10000 p=0 c=100000#
% t=331.0 plus 25.0 minus 16.0 g=411.6 b=3343 p=300 c=3643#
% t=344.0 plus 25.0 minus 16.0 g=411.6 b=1975 p=0 c=1975#
% t=357.0 plus 26.0 minus 16.0 g=411.6 b=922 p=150 c=1072#
% t=370.0 plus 26.0 minus 16.0 g=411.6 b=409 p=0 c=409#
% t=383.0 plus 26.0 minus 16.0 g=411.6 b=132 p=0 c=132#
% t=396.0 plus 26.0 minus 16.0 g=411.6 b=22 p=0 c=22#
% t=409.0 plus 26.0 minus 16.0 g=411.6 b=0 p=50 c=50
% t=447.50012 plus 29.0 minus 18.0 g=411.6 b=* p=0 c=*
 [55



]
%% goal height=543.0, max depth=4.0
% t=10.0 g=543.0 b=10000 p=50 c=100000#
% t=48.50012 plus 3.0 minus 2.0 g=543.0 b=10000 p=0 c=100000#
% t=108.67155 plus 9.0 minus 6.0 g=543.0 b=10000 p=0 c=100000#
% t=129.54326 plus 9.0 minus 6.0 g=543.0 b=10000 p=0 c=100000#
% t=148.51591 plus 9.0 minus 6.0 g=543.0 b=10000 p=0 c=100000#
% t=171.51591 plus 12.0 minus 8.0 g=543.0 b=10000 p=300 c=100000#
% t=184.51591 plus 12.0 minus 8.0 g=543.0 b=10000 p=0 c=100000#
% t=197.51591 plus 13.0 minus 8.0 g=543.0 b=10000 p=150 c=100000#
% t=210.51591 plus 13.0 minus 8.0 g=543.0 b=10000 p=0 c=100000#
% t=223.51591 plus 13.0 minus 8.0 g=543.0 b=10000 p=0 c=100000#
% t=236.51591 plus 13.0 minus 8.0 g=543.0 b=10000 p=0 c=100000#
% t=249.51591 plus 13.0 minus 8.0 g=543.0 b=10000 p=0 c=100000#
% t=262.51591 plus 13.0 minus 8.0 g=543.0 b=10000 p=50 c=100000#
% t=310.1114 plus 16.0 minus 10.0 g=543.0 b=10000 p=0 c=100000#
% t=338.20865 plus 16.0 minus 10.0 g=543.0 b=10000 p=0 c=100000#
% t=366.3059 plus 16.0 minus 10.0 g=543.0 b=10000 p=0 c=100000#
% t=388.8059 plus 19.0 minus 12.0 g=543.0 b=10000 p=250 c=100000#
% t=401.8059 plus 19.0 minus 12.0 g=543.0 b=10000 p=50 c=100000#
% t=455.00957 plus 22.0 minus 14.0 g=543.0 b=6380 p=0 c=6380#
% t=455.00957 plus 25.0 minus 16.0 g=543.0 b=4353 p=-200 c=4153#
% t=493.04362 plus 27.0 minus 16.0 g=543.0 b=631 p=150 c=781#
% t=506.04362 plus 27.0 minus 16.0 g=543.0 b=255 p=0 c=255#
% t=519.04362 plus 27.0 minus 16.0 g=543.0 b=69 p=0 c=69#
% t=532.04362 plus 27.0 minus 16.0 g=543.0 b=7 p=0 c=7#
% t=545.04362 plus 27.0 minus 16.0 g=543.0 b=0 p=150 c=150
% t=558.04362 plus 27.0 minus 16.0 g=543.0 b=83 p=0 c=83
% t=571.04362 plus 28.0 minus 16.0 g=543.0 b=* p=250 c=*
 [56


]
%% goal height=543.0, max depth=4.0
% t=10.0 g=543.0 b=10000 p=150 c=100000#
% t=23.0 g=543.0 b=10000 p=0 c=100000#
% t=36.0 plus 1.0 g=543.0 b=10000 p=250 c=100000#
% t=49.0 plus 1.0 g=543.0 b=10000 p=0 c=100000#
% t=62.0 plus 1.0 g=543.0 b=10000 p=0 c=100000#
% t=75.0 plus 1.0 g=543.0 b=10000 p=0 c=100000#
% t=88.0 plus 1.0 g=543.0 b=10000 p=150 c=100000#
% t=101.0 plus 1.0 g=543.0 b=10000 p=0 c=100000#
% t=114.0 plus 2.0 g=543.0 b=10000 p=150 c=100000#
% t=127.0 plus 2.0 g=543.0 b=10000 p=150 c=100000#
% t=140.0 plus 2.0 g=543.0 b=10000 p=0 c=100000#
% t=176.0 plus 6.0 minus 2.0 g=543.0 b=10000 p=0 c=100000#
% t=222.0 plus 12.0 minus 6.0 g=543.0 b=10000 p=0 c=100000#
% t=268.0 plus 18.0 minus 10.0 g=543.0 b=10000 p=0 c=100000#
% t=314.0 plus 24.0 minus 14.0 g=543.0 b=10000 p=0 c=100000#
% t=337.0 plus 27.0 minus 16.0 g=543.0 b=10000 p=150 c=100000#
% t=350.0 plus 27.0 minus 16.0 g=543.0 b=10000 p=0 c=100000#
% t=363.0 plus 27.0 minus 16.0 g=543.0 b=10000 p=0 c=100000#
% t=376.0 plus 27.0 minus 16.0 g=543.0 b=10000 p=150 c=100000#
% t=389.0 plus 27.0 minus 16.0 g=543.0 b=10000 p=0 c=100000#
% t=402.0 plus 28.0 minus 16.0 g=543.0 b=10000 p=150 c=100000#
% t=415.0 plus 28.0 minus 16.0 g=543.0 b=10000 p=0 c=100000#
% t=428.0 plus 28.0 minus 16.0 g=543.0 b=6910 p=50 c=6960#
% t=473.54018 plus 31.0 minus 18.0 g=543.0 b=1122 p=0 c=1122#
% t=496.04024 plus 34.0 minus 20.0 g=543.0 b=263 p=150 c=413#
% t=509.04024 plus 34.0 minus 20.0 g=543.0 b=99 p=0 c=99#
% t=522.04024 plus 34.0 minus 20.0 g=543.0 b=23 p=0 c=23#
% t=535.04024 plus 34.0 minus 20.0 g=543.0 b=1 p=150 c=151
% t=548.04024 plus 34.0 minus 20.0 g=543.0 b=2 p=0 c=2#
% t=561.04024 plus 35.0 minus 20.0 g=543.0 b=73 p=150 c=223
% t=574.04024 plus 35.0 minus 20.0 g=543.0 b=* p=0 c=*
 [57

]
%% goal height=543.0, max depth=4.0
% t=10.0 g=543.0 b=10000 p=150 c=100000#
% t=23.0 g=543.0 b=10000 p=0 c=100000#
% t=36.0 g=543.0 b=10000 p=150 c=100000#
% t=49.0 g=543.0 b=10000 p=0 c=100000#
% t=62.0 plus 1.0 g=543.0 b=10000 p=200 c=100000#
% t=114.62698 plus 4.0 minus 2.0 g=543.0 b=10000 p=0 c=100000#
% t=137.12698 plus 7.0 minus 4.0 g=543.0 b=10000 p=250 c=100000#
% t=150.12698 plus 7.0 minus 4.0 g=543.0 b=10000 p=0 c=100000#
% t=163.12698 plus 7.0 minus 4.0 g=543.0 b=10000 p=0 c=100000#
% t=176.12698 plus 7.0 minus 4.0 g=543.0 b=10000 p=0 c=100000#
% t=189.12698 plus 7.0 minus 4.0 g=543.0 b=10000 p=150 c=100000#
% t=202.12698 plus 7.0 minus 4.0 g=543.0 b=10000 p=0 c=100000#
% t=215.12698 plus 8.0 minus 4.0 g=543.0 b=10000 p=200 c=100000#
% t=266.2751 plus 11.0 minus 6.0 g=543.0 b=10000 p=0 c=100000#
% t=288.21954 plus 14.0 minus 8.0 g=543.0 b=10000 p=300 c=100000#
% t=337.80907 plus 17.0 minus 10.0 g=543.0 b=10000 p=0 c=100000#
% t=370.53612 plus 17.0 minus 10.0 g=543.0 b=10000 p=0 c=100000#
% t=392.48056 plus 21.0 minus 12.0 g=543.0 b=10000 p=200 c=100000#
% t=438.4465 plus 24.0 minus 14.0 g=543.0 b=10000 p=0 c=100000#
% t=485.4465 plus 30.0 minus 18.0 g=543.0 b=703 p=0 c=703#
% t=554.4465 plus 39.0 minus 24.0 g=543.0 b=11 p=0 c=11#
% t=567.4465 plus 40.0 minus 24.0 g=543.0 b=* p=150 c=*
 [58


]
%% goal height=543.0, max depth=4.0
% t=10.0 g=543.0 b=10000 p=150 c=100000#
% t=23.0 g=543.0 b=10000 p=150 c=100000#
% t=36.0 g=543.0 b=10000 p=0 c=100000#
% t=49.0 plus 1.0 g=543.0 b=10000 p=200 c=100000#
% t=88.44841 plus 4.0 minus 2.0 g=543.0 b=10000 p=0 c=100000#
% t=108.0 plus 7.0 minus 4.0 g=543.0 b=10000 p=200 c=100000#
% t=147.94461 plus 10.0 minus 6.0 g=543.0 b=10000 p=0 c=100000#
% t=169.88905 plus 13.0 minus 8.0 g=543.0 b=10000 p=300 c=100000#
% t=209.83366 plus 16.0 minus 10.0 g=543.0 b=10000 p=0 c=100000#
% t=262.09305 plus 22.0 minus 14.0 g=543.0 b=10000 p=0 c=100000#
% t=284.03749 plus 25.0 minus 16.0 g=543.0 b=10000 p=150 c=100000#
% t=297.03749 plus 25.0 minus 16.0 g=543.0 b=10000 p=50 c=100000#
% t=336.9821 plus 28.0 minus 18.0 g=543.0 b=10000 p=0 c=100000#
% t=389.24149 plus 34.0 minus 22.0 g=543.0 b=10000 p=0 c=100000#
% t=411.73622 plus 37.0 minus 24.0 g=543.0 b=4454 p=400 c=4854#
% t=424.73622 plus 37.0 minus 24.0 g=543.0 b=3260 p=0 c=3260#
% t=437.73622 plus 38.0 minus 24.0 g=543.0 b=2119 p=150 c=2269#
% t=450.73622 plus 38.0 minus 24.0 g=543.0 b=1430 p=0 c=1430#
% t=463.73622 plus 38.0 minus 24.0 g=543.0 b=905 p=0 c=905#
% t=476.73622 plus 38.0 minus 24.0 g=543.0 b=527 p=0 c=527#
% t=489.73622 plus 38.0 minus 24.0 g=543.0 b=275 p=100 c=375#
% t=502.73622 plus 38.0 minus 24.0 g=543.0 b=118 p=0 c=118#
% t=515.73622 plus 38.0 minus 24.0 g=543.0 b=37 p=150 c=187
% t=528.73622 plus 38.0 minus 24.0 g=543.0 b=5 p=0 c=5#
% t=541.73622 plus 39.0 minus 24.0 g=543.0 b=0 p=150 c=150
% t=554.73622 plus 39.0 minus 24.0 g=543.0 b=12 p=0 c=12
% t=567.73622 plus 39.0 minus 24.0 g=543.0 b=* p=0 c=*
 [59

]
%% goal height=543.0, max depth=4.0
% t=10.0 g=543.0 b=10000 p=150 c=100000#
% t=23.0 g=543.0 b=10000 p=0 c=100000#
% t=36.0 g=543.0 b=10000 p=0 c=100000#
% t=49.0 g=543.0 b=10000 p=50 c=100000#
% t=85.0 plus 3.0 minus 2.0 g=543.0 b=10000 p=0 c=100000#
% t=108.0 plus 6.0 minus 4.0 g=543.0 b=10000 p=150 c=100000#
% t=121.0 plus 6.0 minus 4.0 g=543.0 b=10000 p=150 c=100000#
% t=170.54018 plus 9.0 minus 6.0 g=543.0 b=10000 p=0 c=100000#
% t=188.48462 plus 12.0 minus 8.0 g=543.0 b=10000 p=300 c=100000#
% t=201.48462 plus 12.0 minus 8.0 g=543.0 b=10000 p=0 c=100000#
% t=214.48462 plus 13.0 minus 8.0 g=543.0 b=10000 p=150 c=100000#
% t=227.48462 plus 13.0 minus 8.0 g=543.0 b=10000 p=0 c=100000#
% t=240.48462 plus 13.0 minus 8.0 g=543.0 b=10000 p=0 c=100000#
% t=253.48462 plus 13.0 minus 8.0 g=543.0 b=10000 p=150 c=100000#
% t=266.48462 plus 13.0 minus 8.0 g=543.0 b=10000 p=0 c=100000#
% t=279.48462 plus 14.0 minus 8.0 g=543.0 b=10000 p=150 c=100000#
% t=292.48462 plus 14.0 minus 8.0 g=543.0 b=10000 p=0 c=100000#
% t=305.48462 plus 14.0 minus 8.0 g=543.0 b=10000 p=0 c=100000#
% t=318.48462 plus 14.0 minus 8.0 g=543.0 b=10000 p=0 c=100000#
% t=331.48462 plus 14.0 minus 8.0 g=543.0 b=10000 p=150 c=100000#
% t=344.48462 plus 14.0 minus 8.0 g=543.0 b=10000 p=0 c=100000#
% t=357.48462 plus 15.0 minus 8.0 g=543.0 b=10000 p=150 c=100000#
% t=370.48462 plus 15.0 minus 8.0 g=543.0 b=10000 p=100 c=100000#
% t=383.48462 plus 15.0 minus 8.0 g=543.0 b=10000 p=0 c=100000#
% t=396.48462 plus 15.0 minus 8.0 g=543.0 b=10000 p=150 c=100000#
% t=409.48462 plus 15.0 minus 8.0 g=543.0 b=10000 p=0 c=100000#
% t=422.48462 plus 16.0 minus 8.0 g=543.0 b=10000 p=150 c=100000#
% t=435.48462 plus 16.0 minus 8.0 g=543.0 b=10000 p=0 c=100000#
% t=448.48462 plus 16.0 minus 8.0 g=543.0 b=10000 p=0 c=100000#
% t=461.48462 plus 16.0 minus 8.0 g=543.0 b=10000 p=150 c=100000#
% t=474.48462 plus 16.0 minus 8.0 g=543.0 b=7832 p=0 c=7832#
% t=487.48462 plus 17.0 minus 8.0 g=543.0 b=3471 p=150 c=3621#
% t=500.48462 plus 17.0 minus 8.0 g=543.0 b=1558 p=0 c=1558#
% t=513.48462 plus 17.0 minus 8.0 g=543.0 b=521 p=0 c=521#
% t=526.48462 plus 17.0 minus 8.0 g=543.0 b=91 p=0 c=91#
% t=539.48462 plus 17.0 minus 8.0 g=543.0 b=1 p=0 c=1#
% t=552.48462 plus 17.0 minus 8.0 g=543.0 b=* p=150 c=*
 [60

]
%% goal height=543.0, max depth=4.0
% t=10.0 g=543.0 b=10000 p=150 c=100000#
% t=23.0 g=543.0 b=10000 p=0 c=100000#
% t=36.0 plus 1.0 g=543.0 b=10000 p=150 c=100000#
% t=49.0 plus 1.0 g=543.0 b=10000 p=0 c=100000#
% t=62.0 plus 1.0 g=543.0 b=10000 p=150 c=100000#
% t=75.0 plus 1.0 g=543.0 b=10000 p=0 c=100000#
% t=88.0 plus 2.0 g=543.0 b=10000 p=150 c=100000#
% t=101.0 plus 2.0 g=543.0 b=10000 p=150 c=100000#
% t=114.0 plus 2.0 g=543.0 b=10000 p=0 c=100000#
% t=127.0 plus 3.0 g=543.0 b=10000 p=150 c=100000#
% t=140.0 plus 3.0 g=543.0 b=10000 p=0 c=100000#
% t=153.0 plus 3.0 g=543.0 b=10000 p=50 c=100000#
% t=209.89474 plus 6.0 minus 2.0 g=543.0 b=10000 p=0 c=100000#
% t=267.19023 plus 12.0 minus 6.0 g=543.0 b=10000 p=0 c=100000#
% t=295.0252 plus 12.0 minus 6.0 g=543.0 b=10000 p=0 c=100000#
% t=316.96965 plus 15.0 minus 8.0 g=543.0 b=10000 p=150 c=100000#
% t=329.96965 plus 15.0 minus 8.0 g=543.0 b=10000 p=0 c=100000#
% t=342.96965 plus 15.0 minus 8.0 g=543.0 b=10000 p=150 c=100000#
% t=355.96965 plus 15.0 minus 8.0 g=543.0 b=10000 p=0 c=100000#
% t=406.38734 plus 19.0 minus 10.0 g=543.0 b=10000 p=0 c=100000#
% t=428.33179 plus 22.0 minus 12.0 g=543.0 b=10000 p=150 c=100000#
% t=442.34792 plus 22.0 minus 12.0 g=543.0 b=10000 p=0 c=100000#
% t=454.33179 plus 22.0 minus 12.0 g=543.0 b=6542 p=150 c=6692#
% t=468.34792 plus 22.0 minus 12.0 g=543.0 b=3895 p=0 c=3895#
% t=480.6563 plus 23.0 minus 12.0 g=543.0 b=1990 p=150 c=2140#
% t=493.6563 plus 23.0 minus 12.0 g=543.0 b=986 p=0 c=986#
% t=507.34792 plus 23.0 minus 12.0 g=543.0 b=371 p=0 c=371#
% t=519.33179 plus 23.0 minus 12.0 g=543.0 b=108 p=0 c=108#
% t=533.34792 plus 23.0 minus 12.0 g=543.0 b=7 p=0 c=7#
% t=546.082 plus 23.0 minus 12.0 g=543.0 b=2 p=150 c=152
% t=558.33179 plus 23.0 minus 12.0 g=543.0 b=* p=0 c=*
 [61

]
%% goal height=543.0, max depth=4.0
% t=10.75021 g=543.0 b=10000 p=150 c=100000#
% t=23.0 g=543.0 b=10000 p=0 c=100000#
% t=36.0 plus 1.0 g=543.0 b=10000 p=150 c=100000#
% t=49.32451 plus 1.0 g=543.0 b=10000 p=0 c=100000#
% t=62.75021 plus 1.0 g=543.0 b=10000 p=0 c=100000#
% t=76.01613 plus 1.0 g=543.0 b=10000 p=150 c=100000#
% t=88.75021 plus 1.0 g=543.0 b=10000 p=0 c=100000#
% t=101.0 plus 2.0 g=543.0 b=10000 p=150 c=100000#
% t=114.0 plus 2.0 g=543.0 b=10000 p=0 c=100000#
% t=127.0 plus 2.0 g=543.0 b=10000 p=0 c=100000#
% t=140.0 plus 2.0 g=543.0 b=10000 p=0 c=100000#
% t=153.0 plus 2.0 g=543.0 b=10000 p=150 c=100000#
% t=167.94444 plus 2.0 g=543.0 b=10000 p=-200 c=100000#
% t=275.35423 plus 12.0 minus 6.0 g=543.0 b=10000 p=0 c=100000#
% t=297.29868 plus 15.0 minus 8.0 g=543.0 b=10000 p=-100 c=100000#
% t=315.29868 plus 18.0 minus 10.0 g=543.0 b=10000 p=-100 c=100000#
% t=367.89755 plus 24.0 minus 14.0 g=543.0 b=10000 p=0 c=100000#
% t=390.39755 plus 27.0 minus 16.0 g=543.0 b=10000 p=-100 c=100000#
% t=441.73247 plus 33.0 minus 20.0 g=543.0 b=2884 p=0 c=2884#
% t=464.23253 plus 36.0 minus 22.0 g=543.0 b=1043 p=0 c=1043#
% t=477.23253 plus 37.0 minus 22.0 g=543.0 b=558 p=0 c=558#
% t=490.23253 plus 38.0 minus 22.0 g=543.0 b=267 p=0 c=267#
% t=503.23253 plus 39.0 minus 22.0 g=543.0 b=105 p=300 c=405
% t=516.23253 plus 39.0 minus 22.0 g=543.0 b=32 p=-100 c=-68#
% t=574.22849 plus 45.0 minus 26.0 g=543.0 b=* p=0 c=*
 [62

]
%% goal height=543.0, max depth=4.0
% t=49.99596 plus 3.0 minus 2.0 g=543.0 b=10000 p=0 c=100000#
% t=72.49602 plus 7.0 minus 4.0 g=543.0 b=10000 p=-100 c=100000#
% t=90.49602 plus 10.0 minus 6.0 g=543.0 b=10000 p=-100 c=100000#
% t=108.49602 plus 13.0 minus 8.0 g=543.0 b=10000 p=-100 c=100000#
% t=126.49602 plus 16.0 minus 10.0 g=543.0 b=10000 p=300 c=100000#
% t=139.49602 plus 16.0 minus 10.0 g=543.0 b=10000 p=-100 c=100000#
% t=180.49602 plus 22.0 minus 14.0 g=543.0 b=10000 p=0 c=100000#
% t=203.49602 plus 25.0 minus 16.0 g=543.0 b=10000 p=300 c=100000#
% t=216.49602 plus 25.0 minus 16.0 g=543.0 b=10000 p=-100 c=100000#
% t=287.46202 plus 34.0 minus 22.0 g=543.0 b=10000 p=0 c=100000#
% t=314.92802 plus 34.0 minus 22.0 g=543.0 b=10000 p=0 c=100000#
% t=336.87247 plus 37.0 minus 24.0 g=543.0 b=10000 p=300 c=100000#
% t=349.87247 plus 37.0 minus 24.0 g=543.0 b=10000 p=-100 c=100000#
% t=367.87247 plus 40.0 minus 26.0 g=543.0 b=10000 p=300 c=100000#
% t=380.87247 plus 40.0 minus 26.0 g=543.0 b=6641 p=-100 c=6541#
% t=398.87247 plus 43.0 minus 28.0 g=543.0 b=3758 p=-100 c=3658#
% t=417.19698 plus 46.0 minus 30.0 g=543.0 b=2042 p=-100 c=1942#
% t=434.87247 plus 49.0 minus 32.0 g=543.0 b=1072 p=300 c=1372#
% t=448.19698 plus 49.0 minus 32.0 g=543.0 b=721 p=-100 c=621#
% t=465.87247 plus 52.0 minus 34.0 g=543.0 b=325 p=300 c=625
% t=478.87247 plus 52.0 minus 34.0 g=543.0 b=187 p=-100 c=87#
% t=496.87247 plus 55.0 minus 36.0 g=543.0 b=59 p=200 c=259
% t=532.87247 plus 58.0 minus 38.0 g=543.0 b=1 p=0 c=1#
% t=547.87247 plus 58.0 minus 38.0 g=543.0 b=0 p=0 c=0#
% t=570.87247 plus 61.0 minus 40.0 g=543.0 b=33 p=-100 c=-67#
% t=588.87247 plus 64.0 minus 42.0 g=543.0 b=* p=250 c=*
 [63

]
%% goal height=543.0, max depth=4.0
% t=10.0 g=543.0 b=10000 p=250 c=100000#
% t=23.0 g=543.0 b=10000 p=0 c=100000#
% t=36.0 g=543.0 b=10000 p=0 c=100000#
% t=49.0 g=543.0 b=10000 p=0 c=100000#
% t=62.0 g=543.0 b=10000 p=250 c=100000#
% t=75.0 g=543.0 b=10000 p=-100 c=100000#
% t=135.0 plus 9.0 minus 6.0 g=543.0 b=10000 p=0 c=100000#
% t=150.0 plus 9.0 minus 6.0 g=543.0 b=10000 p=0 c=100000#
% t=173.0 plus 13.0 minus 8.0 g=543.0 b=10000 p=300 c=100000#
% t=186.0 plus 13.0 minus 8.0 g=543.0 b=10000 p=-100 c=100000#
% t=204.0 plus 16.0 minus 10.0 g=543.0 b=10000 p=150 c=100000#
% t=217.0 plus 16.0 minus 10.0 g=543.0 b=10000 p=150 c=100000#
% t=230.0 plus 16.0 minus 10.0 g=543.0 b=10000 p=-100 c=100000#
% t=290.20656 plus 22.0 minus 14.0 g=543.0 b=10000 p=0 c=100000#
% t=345.48592 plus 28.0 minus 18.0 g=543.0 b=10000 p=0 c=100000#
% t=383.73033 plus 33.0 minus 20.0 g=543.0 b=10000 p=0 c=100000#
% t=396.73033 plus 34.0 minus 20.0 g=543.0 b=7944 p=-100 c=7844#
% t=414.73033 plus 37.0 minus 22.0 g=543.0 b=4156 p=300 c=4456#
% t=427.73033 plus 37.0 minus 22.0 g=543.0 b=3019 p=-100 c=2919#
% t=445.73033 plus 40.0 minus 24.0 g=543.0 b=1436 p=150 c=1586#
% t=458.73033 plus 40.0 minus 24.0 g=543.0 b=931 p=0 c=931#
% t=471.73033 plus 40.0 minus 24.0 g=543.0 b=565 p=0 c=565#
% t=484.73033 plus 40.0 minus 24.0 g=543.0 b=308 p=150 c=458#
% t=497.73033 plus 40.0 minus 24.0 g=543.0 b=145 p=-100 c=45#
% t=516.05484 plus 43.0 minus 26.0 g=543.0 b=25 p=250 c=275
% t=528.73033 plus 43.0 minus 26.0 g=543.0 b=4 p=150 c=154
% t=541.73033 plus 43.0 minus 26.0 g=543.0 b=0 p=-100 c=-100#
% t=559.73033 plus 46.0 minus 28.0 g=543.0 b=21 p=-100 c=-79
% t=615.14082 plus 52.0 minus 32.0 g=543.0 b=* p=0 c=*
 [64



]
%% goal height=543.0, max depth=4.0
% t=10.0 g=543.0 b=10000 p=-100 c=100000#
% t=65.41049 plus 6.0 minus 4.0 g=543.0 b=10000 p=0 c=100000#
% t=97.24551 plus 6.0 minus 4.0 g=543.0 b=10000 p=0 c=100000#
% t=129.08054 plus 6.0 minus 4.0 g=543.0 b=10000 p=0 c=100000#
% t=160.91556 plus 6.0 minus 4.0 g=543.0 b=10000 p=0 c=100000#
% t=192.75058 plus 6.0 minus 4.0 g=543.0 b=10000 p=0 c=100000#
% t=232.69502 plus 13.0 minus 8.0 g=543.0 b=10000 p=-100 c=100000#
% t=250.69502 plus 16.0 minus 10.0 g=543.0 b=10000 p=150 c=100000#
% t=263.69502 plus 16.0 minus 10.0 g=543.0 b=10000 p=0 c=100000#
% t=276.69502 plus 16.0 minus 10.0 g=543.0 b=10000 p=0 c=100000#
% t=289.69502 plus 16.0 minus 10.0 g=543.0 b=10000 p=0 c=100000#
% t=302.69502 plus 16.0 minus 10.0 g=543.0 b=10000 p=150 c=100000#
% t=315.69502 plus 16.0 minus 10.0 g=543.0 b=10000 p=-100 c=100000#
% t=371.20732 plus 22.0 minus 14.0 g=543.0 b=10000 p=0 c=100000#
% t=394.70737 plus 25.0 minus 16.0 g=543.0 b=10000 p=-100 c=100000#
% t=445.67331 plus 31.0 minus 20.0 g=543.0 b=3088 p=0 c=3088#
% t=467.61775 plus 34.0 minus 22.0 g=543.0 b=1087 p=-100 c=987#
% t=504.61775 plus 40.0 minus 26.0 g=543.0 b=87 p=150 c=237#
% t=517.61775 plus 40.0 minus 26.0 g=543.0 b=25 p=0 c=25#
% t=530.61775 plus 40.0 minus 26.0 g=543.0 b=3 p=150 c=153
% t=543.61775 plus 40.0 minus 26.0 g=543.0 b=0 p=-100 c=-100#
% t=561.61775 plus 43.0 minus 28.0 g=543.0 b=29 p=150 c=179
% t=574.61775 plus 43.0 minus 28.0 g=543.0 b=* p=0 c=*
 [65

]
%% goal height=543.0, max depth=4.0
% t=10.0 g=543.0 b=10000 p=150 c=100000#
% t=23.0 g=543.0 b=10000 p=0 c=100000#
% t=36.0 g=543.0 b=10000 p=50 c=100000#
% t=82.01045 plus 3.0 minus 2.0 g=543.0 b=10000 p=0 c=100000#
% t=138.17421 plus 10.0 minus 6.0 g=543.0 b=10000 p=0 c=100000#
% t=185.17421 plus 16.0 minus 10.0 g=543.0 b=10000 p=0 c=100000#
% t=208.17421 plus 20.0 minus 12.0 g=543.0 b=10000 p=150 c=100000#
% t=221.17421 plus 20.0 minus 12.0 g=543.0 b=10000 p=0 c=100000#
% t=234.17421 plus 20.0 minus 12.0 g=543.0 b=10000 p=50 c=100000#
% t=285.5742 plus 23.0 minus 14.0 g=543.0 b=10000 p=0 c=100000#
% t=308.5742 plus 26.0 minus 16.0 g=543.0 b=10000 p=0 c=100000#
% t=323.07245 plus 27.0 minus 16.0 g=543.0 b=10000 p=0 c=100000#
% t=339.07245 plus 28.0 minus 16.0 g=543.0 b=10000 p=0 c=100000#
% t=355.07245 plus 29.0 minus 16.0 g=543.0 b=10000 p=-100 c=100000#
% t=392.07245 plus 35.0 minus 20.0 g=543.0 b=8000 p=200 c=8200#
% t=493.57245 plus 38.0 minus 22.0 g=543.0 b=219 p=0 c=219#
)
*\end
% t=503.57245 plus 41.0 minus 24.0 g=543.0 b=88 p=0 c=88#
% t=503.57245 plus 41.0 plus 1.0fill minus 24.0 g=543.0 b=0 p=-1073741824 c=-10
73741824#
[66

]
Output written on chap2.pdf (46 pages).
