This is XeTeX, Version 3.14159265-2.6-0.99996 (TeX Live 2016/W32TeX) (preloaded format=xetex 2017.5.11)  30 MAR 2018 10:23
entering extended mode
 restricted \write18 enabled.
 %&-line parsing enabled.
**./chap4.tex
(./chap4.tex (./gkpmac.tex
\openout0 = `chap4.grf'.

 (./chap4.ref)
\openout1 = `chap4.ref'.

\openout2 = `chap4.ans'.

\openout3 = `chap4.inx'.

\openout4 = `chap4.bnx'.

) (./bib.ref) (./chap2.ref)
(./chap3.ref)
%% goal height=543.0, max depth=4.0
% t=51.55556 g=543.0 b=10000 p=0 c=100000#
% t=142.94109 minus 5.0 g=543.0 b=10000 p=0 c=100000#
% t=155.10332 minus 5.0 g=543.0 b=10000 p=0 c=100000#
% t=171.10332 plus 2.0 minus 6.0 g=543.0 b=10000 p=250 c=100000#
% t=184.10332 plus 2.0 minus 6.0 g=543.0 b=10000 p=150 c=100000#
% t=197.10332 plus 2.0 minus 6.0 g=543.0 b=10000 p=0 c=100000#
% t=210.10332 plus 3.0 minus 6.0 g=543.0 b=10000 p=250 c=100000#
% t=223.10332 plus 3.0 minus 6.0 g=543.0 b=10000 p=150 c=100000#
% t=238.04776 plus 3.0 minus 6.0 g=543.0 b=10000 p=-200 c=100000#
% t=288.10332 plus 5.0 minus 6.0 g=543.0 b=10000 p=150 c=100000#
% t=301.10332 plus 5.0 minus 6.0 g=543.0 b=10000 p=50 c=100000#
% t=339.60156 plus 8.0 minus 8.0 g=543.0 b=10000 p=0 c=100000#
% t=360.10332 plus 11.0 minus 10.0 g=543.0 b=10000 p=150 c=100000#
% t=373.10332 plus 11.0 minus 10.0 g=543.0 b=10000 p=100 c=100000#
% t=386.10332 plus 11.0 minus 10.0 g=543.0 b=10000 p=0 c=100000#
% t=399.10332 plus 11.0 minus 10.0 g=543.0 b=10000 p=150 c=100000#
% t=412.10332 plus 11.0 minus 10.0 g=543.0 b=10000 p=0 c=100000#
% t=425.10332 plus 12.0 minus 10.0 g=543.0 b=10000 p=0 c=100000#
% t=438.10332 plus 13.0 minus 10.0 g=543.0 b=10000 p=150 c=100000#
% t=451.10332 plus 13.0 minus 10.0 g=543.0 b=10000 p=0 c=100000#
% t=464.10332 plus 13.0 minus 10.0 g=543.0 b=10000 p=0 c=100000#
% t=477.10332 plus 13.0 minus 10.0 g=543.0 b=10000 p=0 c=100000#
% t=490.10332 plus 13.0 minus 10.0 g=543.0 b=6725 p=0 c=6725#
% t=503.10332 plus 13.0 minus 10.0 g=543.0 b=2884 p=0 c=2884#
% t=516.10332 plus 13.0 minus 10.0 g=543.0 b=883 p=150 c=1033#
% t=529.10332 plus 13.0 minus 10.0 g=543.0 b=122 p=0 c=122#
% t=542.10332 plus 14.0 minus 10.0 g=543.0 b=0 p=200 c=200
% t=580.60332 plus 17.0 minus 12.0 g=543.0 b=* p=0 c=*
 [102



]
%% goal height=543.0, max depth=4.0
% t=10.0 g=543.0 b=10000 p=200 c=100000#
% t=48.5 plus 3.0 minus 2.0 g=543.0 b=10000 p=0 c=100000#
% t=69.0 plus 6.0 minus 4.0 g=543.0 b=10000 p=150 c=100000#
% t=82.0 plus 6.0 minus 4.0 g=543.0 b=10000 p=0 c=100000#
% t=95.0 plus 6.0 minus 4.0 g=543.0 b=10000 p=0 c=100000#
% t=108.0 plus 6.0 minus 4.0 g=543.0 b=10000 p=150 c=100000#
% t=121.0 plus 6.0 minus 4.0 g=543.0 b=10000 p=0 c=100000#
% t=159.5 plus 10.0 minus 6.0 g=543.0 b=10000 p=0 c=100000#
% t=180.0 plus 13.0 minus 8.0 g=543.0 b=10000 p=150 c=100000#
% t=193.0 plus 13.0 minus 8.0 g=543.0 b=10000 p=0 c=100000#
% t=206.0 plus 13.0 minus 8.0 g=543.0 b=10000 p=0 c=100000#
% t=219.0 plus 13.0 minus 8.0 g=543.0 b=10000 p=150 c=100000#
% t=232.0 plus 13.0 minus 8.0 g=543.0 b=10000 p=0 c=100000#
% t=245.0 plus 14.0 minus 8.0 g=543.0 b=10000 p=150 c=100000#
% t=258.0 plus 14.0 minus 8.0 g=543.0 b=10000 p=50 c=100000#
% t=294.0 plus 17.0 minus 10.0 g=543.0 b=10000 p=0 c=100000#
% t=311.49825 plus 17.0 minus 10.0 g=543.0 b=10000 p=0 c=100000#
% t=332.0 plus 20.0 minus 12.0 g=543.0 b=10000 p=150 c=100000#
% t=345.0 plus 20.0 minus 12.0 g=543.0 b=10000 p=0 c=100000#
% t=358.0 plus 20.0 minus 12.0 g=543.0 b=10000 p=0 c=100000#
% t=371.0 plus 20.0 minus 12.0 g=543.0 b=10000 p=150 c=100000#
% t=384.0 plus 20.0 minus 12.0 g=543.0 b=10000 p=0 c=100000#
% t=397.0 plus 21.0 minus 12.0 g=543.0 b=10000 p=200 c=100000#
% t=435.49825 plus 24.0 minus 14.0 g=543.0 b=10000 p=0 c=100000#
% t=456.0 plus 27.0 minus 16.0 g=543.0 b=3343 p=150 c=3493#
% t=469.0 plus 27.0 minus 16.0 g=543.0 b=2057 p=50 c=2107#
% t=505.0 plus 30.0 minus 18.0 g=543.0 b=203 p=0 c=203#
% t=551.0 plus 36.0 minus 22.0 g=543.0 b=5 p=0 c=5#
% t=597.0 plus 42.0 minus 26.0 g=543.0 b=* p=0 c=*
 [103



]
%% goal height=543.0, max depth=4.0
% t=33.0 plus 3.0 minus 2.0 g=543.0 b=10000 p=0 c=100000#
% t=56.0 plus 6.0 minus 4.0 g=543.0 b=10000 p=150 c=100000#
% t=69.0 plus 6.0 minus 4.0 g=543.0 b=10000 p=150 c=100000#
% t=82.0 plus 6.0 minus 4.0 g=543.0 b=10000 p=0 c=100000#
% t=95.0 plus 7.0 minus 4.0 g=543.0 b=10000 p=150 c=100000#
% t=108.0 plus 7.0 minus 4.0 g=543.0 b=10000 p=0 c=100000#
% t=121.0 plus 7.0 minus 4.0 g=543.0 b=10000 p=0 c=100000#
% t=134.0 plus 7.0 minus 4.0 g=543.0 b=10000 p=0 c=100000#
% t=147.0 plus 7.0 minus 4.0 g=543.0 b=10000 p=0 c=100000#
% t=160.0 plus 7.0 minus 4.0 g=543.0 b=10000 p=0 c=100000#
% t=173.0 plus 7.0 minus 4.0 g=543.0 b=10000 p=0 c=100000#
% t=186.0 plus 7.0 minus 4.0 g=543.0 b=10000 p=0 c=100000#
% t=199.0 plus 7.0 minus 4.0 g=543.0 b=10000 p=150 c=100000#
% t=212.0 plus 7.0 minus 4.0 g=543.0 b=10000 p=0 c=100000#
% t=225.0 plus 8.0 minus 4.0 g=543.0 b=10000 p=200 c=100000#
% t=263.49825 plus 11.0 minus 6.0 g=543.0 b=10000 p=0 c=100000#
% t=284.0 plus 14.0 minus 8.0 g=543.0 b=10000 p=150 c=100000#
% t=297.0 plus 14.0 minus 8.0 g=543.0 b=10000 p=0 c=100000#
% t=310.0 plus 14.0 minus 8.0 g=543.0 b=10000 p=0 c=100000#
% t=323.0 plus 14.0 minus 8.0 g=543.0 b=10000 p=0 c=100000#
% t=336.0 plus 14.0 minus 8.0 g=543.0 b=10000 p=150 c=100000#
% t=349.0 plus 14.0 minus 8.0 g=543.0 b=10000 p=0 c=100000#
% t=362.0 plus 15.0 minus 8.0 g=543.0 b=10000 p=200 c=100000#
% t=413.16742 plus 18.0 minus 10.0 g=543.0 b=10000 p=0 c=100000#
% t=431.66216 plus 21.0 minus 12.0 g=543.0 b=10000 p=150 c=100000#
% t=444.66216 plus 21.0 minus 12.0 g=543.0 b=10000 p=150 c=100000#
% t=457.66216 plus 21.0 minus 12.0 g=543.0 b=6691 p=0 c=6691#
% t=508.82957 plus 25.0 minus 14.0 g=543.0 b=253 p=0 c=253#
% t=527.32957 plus 28.0 minus 16.0 g=543.0 b=17 p=150 c=167#
% t=541.07979 plus 28.0 minus 16.0 g=543.0 b=0 p=0 c=0#
% t=553.32957 plus 28.0 minus 16.0 g=543.0 b=27 p=150 c=177
% t=566.32957 plus 28.0 minus 16.0 g=543.0 b=* p=0 c=*
 [104]
%% goal height=543.0, max depth=4.0
% t=10.0 g=543.0 b=10000 p=150 c=100000#
% t=23.0 g=543.0 b=10000 p=0 c=100000#
% t=74.16742 plus 4.0 minus 2.0 g=543.0 b=10000 p=0 c=100000#
% t=115.11186 plus 10.0 minus 6.0 g=543.0 b=10000 p=0 c=100000#
% t=130.11186 plus 10.0 minus 6.0 g=543.0 b=10000 p=0 c=100000#
% t=145.11186 plus 10.0 minus 6.0 g=543.0 b=10000 p=0 c=100000#
% t=162.11186 plus 10.0 minus 6.0 g=543.0 b=10000 p=0 c=100000#
% t=177.11186 plus 10.0 minus 6.0 g=543.0 b=10000 p=0 c=100000#
% t=192.11186 plus 10.0 minus 6.0 g=543.0 b=10000 p=0 c=100000#
% t=249.44684 plus 17.0 minus 10.0 g=543.0 b=10000 p=0 c=100000#
% t=304.7262 plus 23.0 minus 14.0 g=543.0 b=10000 p=0 c=100000#
% t=326.67064 plus 26.0 minus 16.0 g=543.0 b=10000 p=150 c=100000#
% t=339.67064 plus 26.0 minus 16.0 g=543.0 b=10000 p=150 c=100000#
% t=354.61508 plus 26.0 minus 16.0 g=543.0 b=10000 p=-200 c=100000#
% t=404.67064 plus 28.0 minus 16.0 g=543.0 b=10000 p=150 c=100000#
% t=417.67064 plus 28.0 minus 16.0 g=543.0 b=10000 p=0 c=100000#
% t=430.67064 plus 28.0 minus 16.0 g=543.0 b=6445 p=50 c=6495#
% t=466.67064 plus 31.0 minus 18.0 g=543.0 b=1490 p=0 c=1490#
% t=489.67064 plus 34.0 minus 20.0 g=543.0 b=384 p=150 c=534#
% t=502.67064 plus 34.0 minus 20.0 g=543.0 b=166 p=150 c=316#
% t=515.67064 plus 34.0 minus 20.0 g=543.0 b=51 p=0 c=51#
% t=528.67064 plus 35.0 minus 20.0 g=543.0 b=7 p=150 c=157
% t=541.67064 plus 35.0 minus 20.0 g=543.0 b=0 p=50 c=50#
% t=592.34213 plus 38.0 minus 22.0 g=543.0 b=* p=0 c=*
 [105

]
%% goal height=543.0, max depth=4.0
% t=47.6715 plus 3.0 minus 2.0 g=543.0 b=10000 p=0 c=100000#
% t=64.1715 plus 6.0 minus 4.0 g=543.0 b=10000 p=150 c=100000#
% t=77.1715 plus 6.0 minus 4.0 g=543.0 b=10000 p=100 c=100000#
% t=90.1715 plus 6.0 minus 4.0 g=543.0 b=10000 p=0 c=100000#
% t=103.1715 plus 6.0 minus 4.0 g=543.0 b=10000 p=0 c=100000#
% t=116.1715 plus 6.0 minus 4.0 g=543.0 b=10000 p=0 c=100000#
% t=129.1715 plus 6.0 minus 4.0 g=543.0 b=10000 p=150 c=100000#
% t=142.1715 plus 6.0 minus 4.0 g=543.0 b=10000 p=0 c=100000#
% t=155.1715 plus 7.0 minus 4.0 g=543.0 b=10000 p=150 c=100000#
% t=168.1715 plus 7.0 minus 4.0 g=543.0 b=10000 p=0 c=100000#
% t=181.1715 plus 7.0 minus 4.0 g=543.0 b=10000 p=0 c=100000#
% t=194.1715 plus 7.0 minus 4.0 g=543.0 b=10000 p=0 c=100000#
% t=207.1715 plus 7.0 minus 4.0 g=543.0 b=10000 p=0 c=100000#
% t=220.1715 plus 7.0 minus 4.0 g=543.0 b=10000 p=0 c=100000#
% t=233.1715 plus 7.0 minus 4.0 g=543.0 b=10000 p=0 c=100000#
% t=246.1715 plus 7.0 minus 4.0 g=543.0 b=10000 p=0 c=100000#
% t=259.1715 plus 7.0 minus 4.0 g=543.0 b=10000 p=0 c=100000#
% t=272.1715 plus 7.0 minus 4.0 g=543.0 b=10000 p=150 c=100000#
% t=285.1715 plus 7.0 minus 4.0 g=543.0 b=10000 p=0 c=100000#
% t=298.1715 plus 8.0 minus 4.0 g=543.0 b=10000 p=150 c=100000#
% t=311.1715 plus 8.0 minus 4.0 g=543.0 b=10000 p=0 c=100000#
% t=324.1715 plus 8.0 minus 4.0 g=543.0 b=10000 p=50 c=100000#
% t=360.1715 plus 11.0 minus 6.0 g=543.0 b=10000 p=0 c=100000#
% t=383.1715 plus 14.0 minus 8.0 g=543.0 b=10000 p=150 c=100000#
% t=396.1715 plus 14.0 minus 8.0 g=543.0 b=10000 p=0 c=100000#
% t=409.1715 plus 14.0 minus 8.0 g=543.0 b=10000 p=50 c=100000#
% t=445.1715 plus 17.0 minus 10.0 g=543.0 b=10000 p=0 c=100000#
% t=468.1715 plus 20.0 minus 12.0 g=543.0 b=5231 p=150 c=5381#
% t=481.1715 plus 20.0 minus 12.0 g=543.0 b=2951 p=0 c=2951#
% t=494.1715 plus 20.0 minus 12.0 g=543.0 b=1454 p=0 c=1454#
% t=507.1715 plus 20.0 minus 12.0 g=543.0 b=574 p=0 c=574#
% t=520.1715 plus 20.0 minus 12.0 g=543.0 b=149 p=0 c=149#
% t=533.1715 plus 20.0 minus 12.0 g=543.0 b=12 p=150 c=162
% t=546.1715 plus 20.0 minus 12.0 g=543.0 b=2 p=0 c=2#
% t=559.1715 plus 21.0 minus 12.0 g=543.0 b=* p=200 c=*
 [106]
%% goal height=543.0, max depth=4.0
% t=10.0 g=543.0 b=10000 p=200 c=100000#
% t=59.82452 plus 3.0 minus 2.0 g=543.0 b=10000 p=0 c=100000#
% t=74.76897 plus 6.0 minus 4.0 g=543.0 b=10000 p=150 c=100000#
% t=87.76897 plus 6.0 minus 4.0 g=543.0 b=10000 p=0 c=100000#
% t=100.76897 plus 6.0 minus 4.0 g=543.0 b=10000 p=150 c=100000#
% t=113.76897 plus 6.0 minus 4.0 g=543.0 b=10000 p=0 c=100000#
% t=126.76897 plus 7.0 minus 4.0 g=543.0 b=10000 p=150 c=100000#
% t=139.76897 plus 7.0 minus 4.0 g=543.0 b=10000 p=0 c=100000#
% t=152.76897 plus 7.0 minus 4.0 g=543.0 b=10000 p=0 c=100000#
% t=165.76897 plus 7.0 minus 4.0 g=543.0 b=10000 p=50 c=100000#
% t=204.59341 plus 10.0 minus 6.0 g=543.0 b=10000 p=0 c=100000#
% t=250.59341 plus 16.0 minus 10.0 g=543.0 b=10000 p=0 c=100000#
% t=296.59341 plus 22.0 minus 14.0 g=543.0 b=10000 p=0 c=100000#
% t=311.59341 plus 22.0 minus 14.0 g=543.0 b=10000 p=0 c=100000#
% t=331.76897 plus 25.0 minus 16.0 g=543.0 b=10000 p=200 c=100000#
% t=382.76897 plus 28.0 minus 18.0 g=543.0 b=10000 p=0 c=100000#
% t=405.76897 plus 32.0 minus 20.0 g=543.0 b=7869 p=150 c=8019#
% t=418.76897 plus 32.0 minus 20.0 g=543.0 b=5847 p=0 c=5847#
% t=431.76897 plus 32.0 minus 20.0 g=543.0 b=4193 p=0 c=4193#
% t=444.76897 plus 32.0 minus 20.0 g=543.0 b=2884 p=0 c=2884#
% t=457.76897 plus 32.0 minus 20.0 g=543.0 b=1888 p=0 c=1888#
% t=470.76897 plus 32.0 minus 20.0 g=543.0 b=1147 p=150 c=1297#
% t=485.71341 plus 32.0 minus 20.0 g=543.0 b=571 p=-200 c=371#
% t=535.76897 plus 34.0 minus 20.0 g=543.0 b=1 p=150 c=151#
% t=548.76897 plus 34.0 minus 20.0 g=543.0 b=2 p=0 c=2#
% t=561.76897 plus 34.0 minus 20.0 g=543.0 b=82 p=50 c=132
% t=597.76897 plus 37.0 minus 22.0 g=543.0 b=* p=0 c=*
 [107

]
%% goal height=543.0, max depth=4.0
% t=10.0 g=543.0 b=10000 p=50 c=100000#
% t=46.0 plus 3.0 minus 2.0 g=543.0 b=10000 p=0 c=100000#
% t=69.0 plus 6.0 minus 4.0 g=543.0 b=10000 p=150 c=100000#
% t=82.0 plus 6.0 minus 4.0 g=543.0 b=10000 p=0 c=100000#
% t=95.0 plus 6.0 minus 4.0 g=543.0 b=10000 p=150 c=100000#
% t=108.0 plus 6.0 minus 4.0 g=543.0 b=10000 p=0 c=100000#
% t=146.08275 plus 10.0 minus 6.0 g=543.0 b=10000 p=0 c=100000#
% t=190.0 plus 16.0 minus 10.0 g=543.0 b=10000 p=0 c=100000#
% t=205.0 plus 16.0 minus 10.0 g=543.0 b=10000 p=0 c=100000#
% t=220.0 plus 16.0 minus 10.0 g=543.0 b=10000 p=0 c=100000#
% t=235.0 plus 16.0 minus 10.0 g=543.0 b=10000 p=0 c=100000#
% t=258.0 plus 19.0 minus 12.0 g=543.0 b=10000 p=200 c=100000#
% t=294.0 plus 22.0 minus 14.0 g=543.0 b=10000 p=0 c=100000#
% t=309.0 plus 22.0 minus 14.0 g=543.0 b=10000 p=0 c=100000#
% t=332.0 plus 25.0 minus 16.0 g=543.0 b=10000 p=150 c=100000#
% t=345.0 plus 25.0 minus 16.0 g=543.0 b=10000 p=50 c=100000#
% t=381.0 plus 28.0 minus 18.0 g=543.0 b=10000 p=0 c=100000#
% t=404.0 plus 31.0 minus 20.0 g=543.0 b=10000 p=200 c=100000#
% t=440.0 plus 34.0 minus 22.0 g=543.0 b=2772 p=0 c=2772#
% t=463.0 plus 37.0 minus 24.0 g=543.0 b=1009 p=300 c=1309#
% t=476.0 plus 37.0 minus 24.0 g=543.0 b=591 p=0 c=591#
% t=489.0 plus 38.0 minus 24.0 g=543.0 b=287 p=250 c=537#
% t=502.0 plus 38.0 minus 24.0 g=543.0 b=125 p=50 c=175#
% t=538.0 plus 41.0 minus 26.0 g=543.0 b=0 p=0 c=0#
% t=561.0 plus 44.0 minus 28.0 g=543.0 b=26 p=200 c=226
% t=600.50006 plus 47.0 minus 30.0 g=543.0 b=* p=0 c=*
 [108

]
%% goal height=543.0, max depth=4.0
% t=10.0 g=543.0 b=10000 p=200 c=100000#
% t=49.50006 plus 3.0 minus 2.0 g=543.0 b=10000 p=0 c=100000#
% t=95.50006 plus 9.0 minus 6.0 g=543.0 b=10000 p=0 c=100000#
% t=115.0 plus 12.0 minus 8.0 g=543.0 b=10000 p=150 c=100000#
% t=128.0 plus 12.0 minus 8.0 g=543.0 b=10000 p=0 c=100000#
% t=141.0 plus 12.0 minus 8.0 g=543.0 b=10000 p=100 c=100000#
% t=154.0 plus 12.0 minus 8.0 g=543.0 b=10000 p=150 c=100000#
% t=167.0 plus 12.0 minus 8.0 g=543.0 b=10000 p=0 c=100000#
% t=180.0 plus 13.0 minus 8.0 g=543.0 b=10000 p=150 c=100000#
% t=193.0 plus 13.0 minus 8.0 g=543.0 b=10000 p=0 c=100000#
% t=206.0 plus 13.0 minus 8.0 g=543.0 b=10000 p=50 c=100000#
% t=242.0 plus 16.0 minus 10.0 g=543.0 b=10000 p=0 c=100000#
% t=265.0 plus 19.0 minus 12.0 g=543.0 b=10000 p=150 c=100000#
% t=278.0 plus 19.0 minus 12.0 g=543.0 b=10000 p=100 c=100000#
% t=291.0 plus 19.0 minus 12.0 g=543.0 b=10000 p=0 c=100000#
% t=304.0 plus 19.0 minus 12.0 g=543.0 b=10000 p=0 c=100000#
% t=317.0 plus 19.0 minus 12.0 g=543.0 b=10000 p=0 c=100000#
% t=330.0 plus 19.0 minus 12.0 g=543.0 b=10000 p=0 c=100000#
% t=343.0 plus 19.0 minus 12.0 g=543.0 b=10000 p=150 c=100000#
% t=356.0 plus 19.0 minus 12.0 g=543.0 b=10000 p=0 c=100000#
% t=369.0 plus 20.0 minus 12.0 g=543.0 b=10000 p=200 c=100000#
% t=405.0 plus 23.0 minus 14.0 g=543.0 b=10000 p=0 c=100000#
% t=428.0 plus 26.0 minus 16.0 g=543.0 b=10000 p=150 c=100000#
% t=441.0 plus 26.0 minus 16.0 g=543.0 b=6032 p=0 c=6032#
% t=454.0 plus 26.0 minus 16.0 g=543.0 b=4001 p=0 c=4001#
% t=467.0 plus 26.0 minus 16.0 g=543.0 b=2495 p=0 c=2495#
% t=480.0 plus 26.0 minus 16.0 g=543.0 b=1418 p=150 c=1568#
% t=493.0 plus 26.0 minus 16.0 g=543.0 b=710 p=0 c=710#
% t=506.0 plus 27.0 minus 16.0 g=543.0 b=257 p=200 c=457#
% t=542.0 plus 30.0 minus 18.0 g=543.0 b=0 p=0 c=0#
% t=565.0 plus 33.0 minus 20.0 g=543.0 b=* p=300 c=*
 [109

]
%% goal height=543.0, max depth=4.0
% t=10.0 g=543.0 b=10000 p=300 c=100000#
% t=23.0 g=543.0 b=10000 p=0 c=100000#
% t=36.0 plus 1.0 g=543.0 b=10000 p=150 c=100000#
% t=49.0 plus 1.0 g=543.0 b=10000 p=0 c=100000#
% t=62.0 plus 1.0 g=543.0 b=10000 p=150 c=100000#
% t=75.0 plus 1.0 g=543.0 b=10000 p=0 c=100000#
% t=88.0 plus 2.0 g=543.0 b=10000 p=150 c=100000#
% t=101.0 plus 2.0 g=543.0 b=10000 p=0 c=100000#
% t=114.0 plus 2.0 g=543.0 b=10000 p=0 c=100000#
% t=127.0 plus 2.0 g=543.0 b=10000 p=0 c=100000#
% t=140.0 plus 2.0 g=543.0 b=10000 p=0 c=100000#
% t=153.0 plus 2.0 g=543.0 b=10000 p=150 c=100000#
% t=166.0 plus 2.0 g=543.0 b=10000 p=0 c=100000#
% t=179.0 plus 3.0 g=543.0 b=10000 p=150 c=100000#
% t=192.0 plus 3.0 g=543.0 b=10000 p=0 c=100000#
% t=205.0 plus 3.0 g=543.0 b=10000 p=0 c=100000#
% t=218.0 plus 3.0 g=543.0 b=10000 p=0 c=100000#
% t=231.0 plus 3.0 g=543.0 b=10000 p=0 c=100000#
% t=244.0 plus 3.0 g=543.0 b=10000 p=0 c=100000#
% t=257.0 plus 3.0 g=543.0 b=10000 p=0 c=100000#
% t=270.0 plus 3.0 g=543.0 b=10000 p=0 c=100000#
% t=283.0 plus 3.0 g=543.0 b=10000 p=0 c=100000#
% t=296.0 plus 3.0 g=543.0 b=10000 p=0 c=100000#
% t=309.0 plus 3.0 g=543.0 b=10000 p=150 c=100000#
% t=322.0 plus 3.0 g=543.0 b=10000 p=0 c=100000#
% t=335.0 plus 4.0 g=543.0 b=10000 p=200 c=100000#
% t=371.0 plus 7.0 minus 2.0 g=543.0 b=10000 p=0 c=100000#
% t=394.0 plus 10.0 minus 4.0 g=543.0 b=10000 p=150 c=100000#
% t=407.0 plus 10.0 minus 4.0 g=543.0 b=10000 p=0 c=100000#
% t=420.0 plus 10.0 minus 4.0 g=543.0 b=10000 p=50 c=100000#
% t=458.85951 plus 13.0 minus 6.0 g=543.0 b=10000 p=0 c=100000#
% t=480.80396 plus 16.0 minus 8.0 g=543.0 b=5862 p=150 c=6012#
% t=493.80396 plus 16.0 minus 8.0 g=543.0 b=2903 p=0 c=2903#
% t=506.80396 plus 16.0 minus 8.0 g=543.0 b=1152 p=100 c=1252#
% t=519.80396 plus 16.0 minus 8.0 g=543.0 b=303 p=0 c=303#
% t=532.80396 plus 16.0 minus 8.0 g=543.0 b=26 p=150 c=176#
% t=545.80396 plus 16.0 minus 8.0 g=543.0 b=4 p=0 c=4#
% t=558.80396 plus 17.0 minus 8.0 g=543.0 b=* p=150 c=*
 [110

]
%% goal height=543.0, max depth=4.0
% t=10.0 g=543.0 b=10000 p=150 c=100000#
% t=23.0 g=543.0 b=10000 p=50 c=100000#
% t=64.19858 plus 3.0 minus 2.0 g=543.0 b=10000 p=0 c=100000#
% t=79.47969 plus 3.0 minus 2.0 g=543.0 b=10000 p=0 c=100000#
% t=98.97963 plus 7.0 minus 4.0 g=543.0 b=10000 p=150 c=100000#
% t=111.97963 plus 7.0 minus 4.0 g=543.0 b=10000 p=0 c=100000#
% t=124.97963 plus 7.0 minus 4.0 g=543.0 b=10000 p=0 c=100000#
% t=137.97963 plus 7.0 minus 4.0 g=543.0 b=10000 p=0 c=100000#
% t=150.97963 plus 7.0 minus 4.0 g=543.0 b=10000 p=0 c=100000#
% t=163.97963 plus 7.0 minus 4.0 g=543.0 b=10000 p=0 c=100000#
% t=176.97963 plus 7.0 minus 4.0 g=543.0 b=10000 p=0 c=100000#
% t=189.97963 plus 7.0 minus 4.0 g=543.0 b=10000 p=0 c=100000#
% t=202.97963 plus 7.0 minus 4.0 g=543.0 b=10000 p=150 c=100000#
% t=215.97963 plus 7.0 minus 4.0 g=543.0 b=10000 p=0 c=100000#
% t=228.97963 plus 8.0 minus 4.0 g=543.0 b=10000 p=150 c=100000#
% t=241.97963 plus 8.0 minus 4.0 g=543.0 b=10000 p=0 c=100000#
% t=254.97963 plus 8.0 minus 4.0 g=543.0 b=10000 p=100 c=100000#
% t=267.97963 plus 8.0 minus 4.0 g=543.0 b=10000 p=0 c=100000#
% t=280.97963 plus 8.0 minus 4.0 g=543.0 b=10000 p=100 c=100000#
% t=293.97963 plus 8.0 minus 4.0 g=543.0 b=10000 p=0 c=100000#
% t=306.97963 plus 8.0 minus 4.0 g=543.0 b=10000 p=0 c=100000#
% t=319.97963 plus 8.0 minus 4.0 g=543.0 b=10000 p=0 c=100000#
% t=332.97963 plus 8.0 minus 4.0 g=543.0 b=10000 p=150 c=100000#
% t=348.47787 plus 8.0 minus 4.0 g=543.0 b=10000 p=-200 c=100000#
% t=397.97963 plus 10.0 minus 4.0 g=543.0 b=10000 p=200 c=100000#
% t=455.70668 plus 13.0 minus 6.0 g=543.0 b=10000 p=0 c=100000#
% t=473.65112 plus 16.0 minus 8.0 g=543.0 b=8132 p=150 c=8282#
% t=486.65112 plus 16.0 minus 8.0 g=543.0 b=4353 p=0 c=4353#
% t=499.65112 plus 16.0 minus 8.0 g=543.0 b=1983 p=0 c=1983#
% t=512.65112 plus 16.0 minus 8.0 g=543.0 b=681 p=0 c=681#
% t=525.65112 plus 16.0 minus 8.0 g=543.0 b=127 p=0 c=127#
% t=538.65112 plus 16.0 minus 8.0 g=543.0 b=2 p=50 c=52#
% t=590.05112 plus 19.0 minus 10.0 g=543.0 b=* p=0 c=*
 [111

]
%% goal height=543.0, max depth=4.0
% t=48.4 plus 3.0 minus 2.0 g=543.0 b=10000 p=0 c=100000#
% t=71.4 plus 6.0 minus 4.0 g=543.0 b=10000 p=150 c=100000#
% t=84.4 plus 6.0 minus 4.0 g=543.0 b=10000 p=150 c=100000#
% t=97.4 plus 6.0 minus 4.0 g=543.0 b=10000 p=0 c=100000#
% t=110.4 plus 7.0 minus 4.0 g=543.0 b=10000 p=200 c=100000#
% t=162.07149 plus 10.0 minus 6.0 g=543.0 b=10000 p=0 c=100000#
% t=185.85254 plus 13.0 minus 8.0 g=543.0 b=10000 p=150 c=100000#
% t=201.17253 plus 13.0 minus 8.0 g=543.0 b=10000 p=50 c=100000#
% t=254.34799 plus 16.0 minus 10.0 g=543.0 b=10000 p=0 c=100000#
% t=310.3562 plus 22.0 minus 14.0 g=543.0 b=10000 p=0 c=100000#
% t=328.30064 plus 25.0 minus 16.0 g=543.0 b=10000 p=0 c=100000#
% t=341.30064 plus 26.0 minus 16.0 g=543.0 b=10000 p=200 c=100000#
% t=386.34903 plus 29.0 minus 18.0 g=543.0 b=10000 p=0 c=100000#
% t=404.29347 plus 32.0 minus 20.0 g=543.0 b=8132 p=150 c=8282#
% t=417.29347 plus 32.0 minus 20.0 g=543.0 b=6047 p=0 c=6047#
% t=430.29347 plus 32.0 minus 20.0 g=543.0 b=4366 p=0 c=4366#
% t=443.29347 plus 32.0 minus 20.0 g=543.0 b=3019 p=150 c=3169#
% t=456.29347 plus 32.0 minus 20.0 g=543.0 b=1983 p=0 c=1983#
% t=469.29347 plus 33.0 minus 20.0 g=543.0 b=1112 p=150 c=1262#
% t=482.29347 plus 33.0 minus 20.0 g=543.0 b=621 p=0 c=621#
% t=495.29347 plus 33.0 minus 20.0 g=543.0 b=301 p=0 c=301#
% t=508.29347 plus 33.0 minus 20.0 g=543.0 b=116 p=0 c=116#
% t=521.29347 plus 33.0 minus 20.0 g=543.0 b=28 p=0 c=28#
% t=534.29347 plus 33.0 minus 20.0 g=543.0 b=2 p=50 c=52
% t=568.23792 plus 36.0 minus 22.0 g=543.0 b=* p=0 c=*

[112]
%% goal height=543.0, max depth=4.0
% t=10.0 g=543.0 b=10000 p=50 c=100000#
% t=43.94444 plus 3.0 minus 2.0 g=543.0 b=10000 p=0 c=100000#
% t=52.34444 plus 3.0 minus 2.0 g=543.0 b=10000 p=0 c=100000#
% t=63.34444 plus 3.0 minus 2.0 g=543.0 b=10000 p=0 c=100000#
% t=78.34444 plus 3.0 minus 2.0 g=543.0 b=10000 p=0 c=100000#
% t=93.34444 plus 3.0 minus 2.0 g=543.0 b=10000 p=0 c=100000#
% t=101.74443 plus 3.0 minus 2.0 g=543.0 b=10000 p=0 c=100000#
% t=112.74443 plus 3.0 minus 2.0 g=543.0 b=10000 p=0 c=100000#
% t=135.74443 plus 6.0 minus 4.0 g=543.0 b=10000 p=150 c=100000#
% t=148.74443 plus 6.0 minus 4.0 g=543.0 b=10000 p=0 c=100000#
% t=161.74443 plus 6.0 minus 4.0 g=543.0 b=10000 p=150 c=100000#
% t=174.74443 plus 6.0 minus 4.0 g=543.0 b=10000 p=0 c=100000#
% t=187.74443 plus 7.0 minus 4.0 g=543.0 b=10000 p=150 c=100000#
% t=200.74443 plus 7.0 minus 4.0 g=543.0 b=10000 p=0 c=100000#
% t=213.74443 plus 7.0 minus 4.0 g=543.0 b=10000 p=0 c=100000#
% t=226.74443 plus 7.0 minus 4.0 g=543.0 b=10000 p=0 c=100000#
% t=239.74443 plus 7.0 minus 4.0 g=543.0 b=10000 p=150 c=100000#
% t=252.74443 plus 7.0 minus 4.0 g=543.0 b=10000 p=0 c=100000#
% t=300.15489 plus 11.0 minus 6.0 g=543.0 b=10000 p=0 c=100000#
% t=323.62755 plus 14.0 minus 8.0 g=543.0 b=10000 p=150 c=100000#
% t=336.62755 plus 14.0 minus 8.0 g=543.0 b=10000 p=50 c=100000#
% t=372.62755 plus 17.0 minus 10.0 g=543.0 b=10000 p=0 c=100000#
% t=395.62755 plus 20.0 minus 12.0 g=543.0 b=10000 p=150 c=100000#
% t=408.62755 plus 20.0 minus 12.0 g=543.0 b=10000 p=150 c=100000#
% t=444.62755 plus 23.0 minus 14.0 g=543.0 b=7814 p=0 c=7814#
% t=459.62755 plus 23.0 minus 14.0 g=543.0 b=4752 p=0 c=4752#
% t=474.62755 plus 23.0 minus 14.0 g=543.0 b=2617 p=0 c=2617#
% t=489.62755 plus 23.0 minus 14.0 g=543.0 b=1248 p=0 c=1248#
% t=504.62755 plus 23.0 minus 14.0 g=543.0 b=463 p=0 c=463#
% t=519.62755 plus 23.0 minus 14.0 g=543.0 b=104 p=0 c=104#
% t=557.62755 plus 26.0 minus 16.0 g=543.0 b=76 p=0 c=76#
% t=596.1258 plus 30.0 minus 18.0 g=543.0 b=* p=0 c=*
 [113

]
%% goal height=543.0, max depth=4.0
% t=35.49825 plus 3.0 minus 2.0 g=543.0 b=10000 p=0 c=100000#
% t=56.0 plus 6.0 minus 4.0 g=543.0 b=10000 p=150 c=100000#
% t=69.0 plus 6.0 minus 4.0 g=543.0 b=10000 p=150 c=100000#
% t=82.0 plus 6.0 minus 4.0 g=543.0 b=10000 p=0 c=100000#
% t=136.41049 plus 10.0 minus 6.0 g=543.0 b=10000 p=0 c=100000#
% t=154.35493 plus 13.0 minus 8.0 g=543.0 b=10000 p=0 c=100000#
% t=167.35493 plus 14.0 minus 8.0 g=543.0 b=10000 p=150 c=100000#
% t=180.35493 plus 14.0 minus 8.0 g=543.0 b=10000 p=50 c=100000#
% t=225.4059 plus 17.0 minus 10.0 g=543.0 b=10000 p=0 c=100000#
% t=255.40613 plus 17.0 minus 10.0 g=543.0 b=10000 p=0 c=100000#
% t=285.40636 plus 17.0 minus 10.0 g=543.0 b=10000 p=0 c=100000#
% t=314.51288 plus 18.0 minus 11.0 g=543.0 b=10000 p=0 c=100000#
% t=336.45732 plus 21.0 minus 13.0 g=543.0 b=10000 p=250 c=100000#
% t=349.45732 plus 21.0 minus 13.0 g=543.0 b=10000 p=0 c=100000#
% t=362.45732 plus 21.0 minus 13.0 g=543.0 b=10000 p=150 c=100000#
% t=375.45732 plus 21.0 minus 13.0 g=543.0 b=10000 p=0 c=100000#
% t=388.45732 plus 22.0 minus 13.0 g=543.0 b=10000 p=150 c=100000#
% t=401.45732 plus 22.0 minus 13.0 g=543.0 b=10000 p=0 c=100000#
% t=414.45732 plus 22.0 minus 13.0 g=543.0 b=10000 p=0 c=100000#
% t=427.45732 plus 22.0 minus 13.0 g=543.0 b=10000 p=150 c=100000#
% t=440.45732 plus 22.0 minus 13.0 g=543.0 b=10000 p=0 c=100000#
% t=453.45732 plus 23.0 minus 13.0 g=543.0 b=5893 p=200 c=6093#
% t=489.45732 plus 26.0 minus 15.0 g=543.0 b=870 p=0 c=870#
% t=512.45732 plus 29.0 minus 17.0 g=543.0 b=116 p=150 c=266#
% t=525.45732 plus 29.0 minus 17.0 g=543.0 b=22 p=150 c=172#
% t=538.45732 plus 29.0 minus 17.0 g=543.0 b=0 p=0 c=0#
% t=551.45732 plus 30.0 minus 17.0 g=543.0 b=12 p=150 c=162
% t=564.45732 plus 30.0 minus 17.0 g=543.0 b=* p=0 c=*
 [114]
%% goal height=543.0, max depth=4.0
% t=10.0 g=543.0 b=10000 p=150 c=100000#
% t=23.0 g=543.0 b=10000 p=0 c=100000#
% t=36.0 g=543.0 b=10000 p=0 c=100000#
% t=49.0 g=543.0 b=10000 p=50 c=100000#
% t=85.0 plus 3.0 minus 2.0 g=543.0 b=10000 p=0 c=100000#
% t=108.0 plus 6.0 minus 4.0 g=543.0 b=10000 p=300 c=100000#
% t=121.0 plus 6.0 minus 4.0 g=543.0 b=10000 p=0 c=100000#
% t=134.0 plus 7.0 minus 4.0 g=543.0 b=10000 p=150 c=100000#
% t=147.0 plus 7.0 minus 4.0 g=543.0 b=10000 p=50 c=100000#
% t=183.0 plus 10.0 minus 6.0 g=543.0 b=10000 p=0 c=100000#
% t=206.0 plus 13.0 minus 8.0 g=543.0 b=10000 p=200 c=100000#
% t=242.0 plus 16.0 minus 10.0 g=543.0 b=10000 p=0 c=100000#
% t=288.0 plus 22.0 minus 14.0 g=543.0 b=10000 p=0 c=100000#
% t=311.0 plus 25.0 minus 16.0 g=543.0 b=10000 p=150 c=100000#
% t=324.0 plus 25.0 minus 16.0 g=543.0 b=10000 p=150 c=100000#
% t=338.94444 plus 25.0 minus 16.0 g=543.0 b=10000 p=-200 c=100000#
% t=389.0 plus 27.0 minus 16.0 g=543.0 b=10000 p=300 c=100000#
% t=402.0 plus 27.0 minus 16.0 g=543.0 b=10000 p=0 c=100000#
% t=415.0 plus 28.0 minus 16.0 g=543.0 b=10000 p=150 c=100000#
% t=428.0 plus 28.0 minus 16.0 g=543.0 b=6910 p=0 c=6910#
% t=441.0 plus 28.0 minus 16.0 g=543.0 b=4819 p=0 c=4819#
% t=454.0 plus 28.0 minus 16.0 g=543.0 b=3209 p=0 c=3209#
% t=467.0 plus 28.0 minus 16.0 g=543.0 b=1997 p=0 c=1997#
% t=480.0 plus 28.0 minus 16.0 g=543.0 b=1137 p=50 c=1187#
% t=518.49825 plus 31.0 minus 18.0 g=543.0 b=49 p=0 c=49#
% t=539.0 plus 35.0 minus 20.0 g=543.0 b=0 p=150 c=150
% t=552.0 plus 35.0 minus 20.0 g=543.0 b=9 p=50 c=59
% t=590.49825 plus 38.0 minus 22.0 g=543.0 b=* p=0 c=*
 [115


]
%% goal height=543.0, max depth=4.0
% t=10.0 g=543.0 b=10000 p=150 c=100000#
% t=23.0 g=543.0 b=10000 p=50 c=100000#
% t=61.49825 plus 3.0 minus 2.0 g=543.0 b=10000 p=0 c=100000#
% t=82.0 plus 6.0 minus 4.0 g=543.0 b=10000 p=300 c=100000#
% t=95.0 plus 6.0 minus 4.0 g=543.0 b=10000 p=0 c=100000#
% t=108.0 plus 7.0 minus 4.0 g=543.0 b=10000 p=300 c=100000#
% t=146.82445 plus 10.0 minus 6.0 g=543.0 b=10000 p=0 c=100000#
% t=192.82445 plus 16.0 minus 10.0 g=543.0 b=10000 p=0 c=100000#
% t=213.0 plus 19.0 minus 12.0 g=543.0 b=10000 p=200 c=100000#
% t=249.0 plus 22.0 minus 14.0 g=543.0 b=10000 p=0 c=100000#
% t=272.0 plus 25.0 minus 16.0 g=543.0 b=10000 p=300 c=100000#
% t=285.0 plus 25.0 minus 16.0 g=543.0 b=10000 p=0 c=100000#
% t=301.0 plus 27.0 minus 17.0 g=543.0 b=10000 p=150 c=100000#
% t=314.0 plus 27.0 minus 17.0 g=543.0 b=10000 p=0 c=100000#
% t=327.0 plus 27.0 minus 17.0 g=543.0 b=10000 p=0 c=100000#
% t=340.0 plus 27.0 minus 17.0 g=543.0 b=10000 p=50 c=100000#
% t=385.42267 plus 30.0 minus 19.0 g=543.0 b=10000 p=0 c=100000#
% t=407.94049 plus 33.0 minus 21.0 g=543.0 b=6842 p=200 c=7042#
% t=443.94049 plus 36.0 minus 23.0 g=543.0 b=2080 p=0 c=2080#
% t=489.94049 plus 42.0 minus 27.0 g=543.0 b=201 p=0 c=201#
% t=535.94049 plus 48.0 minus 31.0 g=543.0 b=0 p=0 c=0#
% t=558.94049 plus 51.0 minus 33.0 g=543.0 b=11 p=200 c=211
% t=716.93927 plus 54.0 minus 35.0 g=543.0 b=* p=0 c=*
 [116


]
%% goal height=543.0, max depth=4.0
% t=10.0 g=543.0 b=10000 p=200 c=100000#
% t=167.99878 plus 3.0 minus 2.0 g=543.0 b=10000 p=0 c=100000#
% t=191.02995 plus 6.0 minus 4.0 g=543.0 b=10000 p=150 c=100000#
% t=203.99878 plus 6.0 minus 4.0 g=543.0 b=10000 p=0 c=100000#
% t=216.99878 plus 6.0 minus 4.0 g=543.0 b=10000 p=150 c=100000#
% t=229.99878 plus 6.0 minus 4.0 g=543.0 b=10000 p=0 c=100000#
% t=242.99878 plus 7.0 minus 4.0 g=543.0 b=10000 p=150 c=100000#
% t=255.99878 plus 7.0 minus 4.0 g=543.0 b=10000 p=0 c=100000#
% t=268.99878 plus 7.0 minus 4.0 g=543.0 b=10000 p=0 c=100000#
% t=281.99878 plus 7.0 minus 4.0 g=543.0 b=10000 p=0 c=100000#
% t=294.99878 plus 7.0 minus 4.0 g=543.0 b=10000 p=150 c=100000#
% t=307.99878 plus 7.0 minus 4.0 g=543.0 b=10000 p=0 c=100000#
% t=320.99878 plus 8.0 minus 4.0 g=543.0 b=10000 p=250 c=100000#
% t=333.99878 plus 8.0 minus 4.0 g=543.0 b=10000 p=50 c=100000#
% t=370.83063 plus 11.0 minus 6.0 g=543.0 b=10000 p=0 c=100000#
% t=392.99878 plus 14.0 minus 8.0 g=543.0 b=10000 p=200 c=100000#
% t=428.99878 plus 17.0 minus 10.0 g=543.0 b=10000 p=0 c=100000#
% t=443.99878 plus 17.0 minus 10.0 g=543.0 b=10000 p=0 c=100000#
% t=466.99878 plus 20.0 minus 12.0 g=543.0 b=5475 p=300 c=5775#
% t=479.99878 plus 20.0 minus 12.0 g=543.0 b=3118 p=0 c=3118#
% t=492.99878 plus 21.0 minus 12.0 g=543.0 b=1348 p=200 c=1548#
% t=528.99878 plus 24.0 minus 14.0 g=543.0 b=20 p=0 c=20#
% t=551.99878 plus 27.0 minus 16.0 g=543.0 b=18 p=250 c=268
% t=564.99878 plus 27.0 minus 16.0 g=543.0 b=* p=150 c=*
 [117


]
%% goal height=543.0, max depth=4.0
% t=10.0 g=543.0 b=10000 p=250 c=100000#
% t=23.0 g=543.0 b=10000 p=150 c=100000#
% t=36.0 g=543.0 b=10000 p=0 c=100000#
% t=49.0 plus 1.0 g=543.0 b=10000 p=150 c=100000#
% t=62.0 plus 1.0 g=543.0 b=10000 p=100 c=100000#
% t=75.0 plus 1.0 g=543.0 b=10000 p=50 c=100000#
% t=111.0 plus 4.0 minus 2.0 g=543.0 b=10000 p=0 c=100000#
% t=134.0 plus 7.0 minus 4.0 g=543.0 b=10000 p=200 c=100000#
% t=170.0 plus 10.0 minus 6.0 g=543.0 b=10000 p=0 c=100000#
% t=193.0 plus 13.0 minus 8.0 g=543.0 b=10000 p=150 c=100000#
% t=206.0 plus 13.0 minus 8.0 g=543.0 b=10000 p=0 c=100000#
% t=219.0 plus 13.0 minus 8.0 g=543.0 b=10000 p=0 c=100000#
% t=232.0 plus 13.0 minus 8.0 g=543.0 b=10000 p=50 c=100000#
% t=268.0 plus 16.0 minus 10.0 g=543.0 b=10000 p=0 c=100000#
% t=314.0 plus 22.0 minus 14.0 g=543.0 b=10000 p=0 c=100000#
% t=360.0 plus 28.0 minus 18.0 g=543.0 b=10000 p=0 c=100000#
% t=383.0 plus 31.0 minus 20.0 g=543.0 b=10000 p=300 c=100000#
% t=396.0 plus 31.0 minus 20.0 g=543.0 b=10000 p=0 c=100000#
% t=409.0 plus 32.0 minus 20.0 g=543.0 b=7326 p=150 c=7476#
% t=422.0 plus 32.0 minus 20.0 g=543.0 b=5403 p=50 c=5453#
% t=458.0 plus 35.0 minus 22.0 g=543.0 b=1430 p=0 c=1430#
% t=481.0 plus 38.0 minus 24.0 g=543.0 b=433 p=150 c=583#
% t=494.0 plus 38.0 minus 24.0 g=543.0 b=213 p=0 c=213#
% t=507.0 plus 38.0 minus 24.0 g=543.0 b=85 p=0 c=85#
% t=520.0 plus 38.0 minus 24.0 g=543.0 b=22 p=0 c=22#
% t=533.0 plus 38.0 minus 24.0 g=543.0 b=2 p=0 c=2#
% t=546.0 plus 38.0 minus 24.0 g=543.0 b=0 p=0 c=0#
% t=559.0 plus 38.0 minus 24.0 g=543.0 b=30 p=150 c=180
% t=572.0 plus 38.0 minus 24.0 g=543.0 b=* p=0 c=*
 [118

]
%% goal height=543.0, max depth=4.0
% t=10.0 g=543.0 b=10000 p=150 c=100000#
% t=23.0 g=543.0 b=10000 p=0 c=100000#
% t=36.0 plus 1.0 g=543.0 b=10000 p=150 c=100000#
% t=49.0 plus 1.0 g=543.0 b=10000 p=100 c=100000#
% t=62.0 plus 1.0 g=543.0 b=10000 p=0 c=100000#
% t=75.0 plus 1.0 g=543.0 b=10000 p=50 c=100000#
% t=111.0 plus 4.0 minus 2.0 g=543.0 b=10000 p=0 c=100000#
% t=134.0 plus 7.0 minus 4.0 g=543.0 b=10000 p=150 c=100000#
% t=147.0 plus 7.0 minus 4.0 g=543.0 b=10000 p=150 c=100000#
% t=160.0 plus 7.0 minus 4.0 g=543.0 b=10000 p=0 c=100000#
% t=173.0 plus 8.0 minus 4.0 g=543.0 b=10000 p=200 c=100000#
% t=209.83185 plus 11.0 minus 6.0 g=543.0 b=10000 p=0 c=100000#
% t=232.0 plus 14.0 minus 8.0 g=543.0 b=10000 p=150 c=100000#
% t=245.0 plus 14.0 minus 8.0 g=543.0 b=10000 p=0 c=100000#
% t=258.0 plus 14.0 minus 8.0 g=543.0 b=10000 p=0 c=100000#
% t=271.0 plus 14.0 minus 8.0 g=543.0 b=10000 p=0 c=100000#
% t=284.0 plus 14.0 minus 8.0 g=543.0 b=10000 p=0 c=100000#
% t=297.0 plus 14.0 minus 8.0 g=543.0 b=10000 p=0 c=100000#
% t=310.0 plus 14.0 minus 8.0 g=543.0 b=10000 p=150 c=100000#
% t=323.0 plus 14.0 minus 8.0 g=543.0 b=10000 p=0 c=100000#
% t=336.0 plus 15.0 minus 8.0 g=543.0 b=10000 p=150 c=100000#
% t=349.0 plus 15.0 minus 8.0 g=543.0 b=10000 p=0 c=100000#
% t=362.0 plus 15.0 minus 8.0 g=543.0 b=10000 p=150 c=100000#
% t=375.0 plus 15.0 minus 8.0 g=543.0 b=10000 p=0 c=100000#
% t=388.0 plus 16.0 minus 8.0 g=543.0 b=10000 p=150 c=100000#
% t=401.0 plus 16.0 minus 8.0 g=543.0 b=10000 p=0 c=100000#
% t=414.0 plus 16.0 minus 8.0 g=543.0 b=10000 p=0 c=100000#
% t=427.0 plus 16.0 minus 8.0 g=543.0 b=10000 p=0 c=100000#
% t=440.0 plus 16.0 minus 8.0 g=543.0 b=10000 p=0 c=100000#
% t=453.0 plus 16.0 minus 8.0 g=543.0 b=10000 p=0 c=100000#
% t=466.0 plus 16.0 minus 8.0 g=543.0 b=10000 p=0 c=100000#
% t=479.0 plus 16.0 minus 8.0 g=543.0 b=6396 p=150 c=6546#
% t=492.0 plus 16.0 minus 8.0 g=543.0 b=3229 p=0 c=3229#
% t=505.0 plus 17.0 minus 8.0 g=543.0 b=1112 p=150 c=1262#
% t=518.0 plus 17.0 minus 8.0 g=543.0 b=316 p=150 c=466#
% t=531.0 plus 17.0 minus 8.0 g=543.0 b=35 p=0 c=35#
% t=544.0 plus 18.0 minus 8.0 g=543.0 b=0 p=250 c=250
% t=557.0 plus 18.0 minus 8.0 g=543.0 b=* p=0 c=*
 [119

]
%% goal height=543.0, max depth=4.0
% t=10.0 g=543.0 b=10000 p=250 c=100000#
% t=23.0 g=543.0 b=10000 p=0 c=100000#
% t=36.0 g=543.0 b=10000 p=50 c=100000#
% t=72.0 plus 3.0 minus 2.0 g=543.0 b=10000 p=0 c=100000#
% t=95.0 plus 6.0 minus 4.0 g=543.0 b=10000 p=0 c=100000#
% t=108.0 plus 7.0 minus 4.0 g=543.0 b=10000 p=150 c=100000#
% t=121.0 plus 7.0 minus 4.0 g=543.0 b=10000 p=0 c=100000#
% t=134.0 plus 7.0 minus 4.0 g=543.0 b=10000 p=0 c=100000#
% t=147.0 plus 7.0 minus 4.0 g=543.0 b=10000 p=150 c=100000#
% t=160.0 plus 7.0 minus 4.0 g=543.0 b=10000 p=0 c=100000#
% t=173.0 plus 8.0 minus 4.0 g=543.0 b=10000 p=150 c=100000#
% t=186.0 plus 8.0 minus 4.0 g=543.0 b=10000 p=50 c=100000#
% t=230.83356 plus 11.0 minus 6.0 g=543.0 b=10000 p=0 c=100000#
% t=253.3283 plus 14.0 minus 8.0 g=543.0 b=10000 p=150 c=100000#
% t=266.3283 plus 14.0 minus 8.0 g=543.0 b=10000 p=100 c=100000#
% t=279.3283 plus 14.0 minus 8.0 g=543.0 b=10000 p=0 c=100000#
% t=292.3283 plus 14.0 minus 8.0 g=543.0 b=10000 p=250 c=100000#
% t=305.3283 plus 14.0 minus 8.0 g=543.0 b=10000 p=0 c=100000#
% t=351.27296 plus 18.0 minus 10.0 g=543.0 b=10000 p=0 c=100000#
% t=407.2732 plus 24.0 minus 14.0 g=543.0 b=10000 p=0 c=100000#
% t=466.27342 plus 30.0 minus 18.0 g=543.0 b=1668 p=0 c=1668#
% t=525.16254 plus 36.0 minus 22.0 g=543.0 b=12 p=0 c=12#
% t=543.65727 plus 39.0 minus 24.0 g=543.0 b=0 p=150 c=150
% t=556.65727 plus 39.0 minus 24.0 g=543.0 b=18 p=50 c=68
% t=592.65727 plus 42.0 minus 26.0 g=543.0 b=* p=0 c=*
 [120

]
%% goal height=543.0, max depth=4.0
% t=10.0 g=543.0 b=10000 p=150 c=100000#
% t=23.0 g=543.0 b=10000 p=50 c=100000#
% t=59.0 plus 3.0 minus 2.0 g=543.0 b=10000 p=0 c=100000#
% t=82.0 plus 6.0 minus 4.0 g=543.0 b=10000 p=300 c=100000#
% t=131.94467 plus 9.0 minus 6.0 g=543.0 b=10000 p=0 c=100000#
% t=149.88911 plus 13.0 minus 8.0 g=543.0 b=10000 p=250 c=100000#
% t=162.88911 plus 13.0 minus 8.0 g=543.0 b=10000 p=0 c=100000#
% t=175.88911 plus 13.0 minus 8.0 g=543.0 b=10000 p=50 c=100000#
% t=211.88911 plus 16.0 minus 10.0 g=543.0 b=10000 p=0 c=100000#
% t=226.88911 plus 16.0 minus 10.0 g=543.0 b=10000 p=0 c=100000#
% t=241.88911 plus 16.0 minus 10.0 g=543.0 b=10000 p=0 c=100000#
% t=279.88911 plus 19.0 minus 12.0 g=543.0 b=10000 p=0 c=100000#
% t=292.88911 plus 20.0 minus 12.0 g=543.0 b=10000 p=200 c=100000#
% t=328.88911 plus 23.0 minus 14.0 g=543.0 b=10000 p=0 c=100000#
% t=351.88911 plus 26.0 minus 16.0 g=543.0 b=10000 p=200 c=100000#
% t=395.88934 plus 29.0 minus 18.0 g=543.0 b=10000 p=0 c=100000#
% t=419.38939 plus 32.0 minus 20.0 g=543.0 b=5756 p=150 c=5906#
% t=432.38939 plus 32.0 minus 20.0 g=543.0 b=4120 p=0 c=4120#
% t=445.38939 plus 32.0 minus 20.0 g=543.0 b=2828 p=0 c=2828#
% t=458.38939 plus 32.0 minus 20.0 g=543.0 b=1845 p=50 c=1895#
% t=506.34056 plus 35.0 minus 22.0 g=543.0 b=115 p=0 c=115#
% t=534.38837 plus 35.0 minus 22.0 g=543.0 b=1 p=0 c=1#
% t=556.33281 plus 38.0 minus 24.0 g=543.0 b=17 p=200 c=217
% t=592.33281 plus 41.0 minus 26.0 g=543.0 b=* p=0 c=*
 [121]
%% goal height=543.0, max depth=4.0
% t=10.0 g=543.0 b=10000 p=200 c=100000#
% t=46.0 plus 3.0 minus 2.0 g=543.0 b=10000 p=0 c=100000#
% t=61.0 plus 3.0 minus 2.0 g=543.0 b=10000 p=0 c=100000#
% t=76.0 plus 3.0 minus 2.0 g=543.0 b=10000 p=0 c=100000#
% t=122.0 plus 9.0 minus 6.0 g=543.0 b=10000 p=0 c=100000#
% t=137.0 plus 9.0 minus 6.0 g=543.0 b=10000 p=0 c=100000#
% t=152.0 plus 9.0 minus 6.0 g=543.0 b=10000 p=0 c=100000#
% t=175.0 plus 12.0 minus 8.0 g=543.0 b=10000 p=0 c=100000#
% t=188.0 plus 13.0 minus 8.0 g=543.0 b=10000 p=150 c=100000#
% t=201.0 plus 13.0 minus 8.0 g=543.0 b=10000 p=0 c=100000#
% t=214.0 plus 13.0 minus 8.0 g=543.0 b=10000 p=50 c=100000#
% t=250.0 plus 16.0 minus 10.0 g=543.0 b=10000 p=0 c=100000#
% t=273.0 plus 19.0 minus 12.0 g=543.0 b=10000 p=250 c=100000#
% t=286.0 plus 19.0 minus 12.0 g=543.0 b=10000 p=0 c=100000#
% t=299.0 plus 19.0 minus 12.0 g=543.0 b=10000 p=0 c=100000#
% t=312.0 plus 19.0 minus 12.0 g=543.0 b=10000 p=50 c=100000#
% t=348.0 plus 22.0 minus 14.0 g=543.0 b=10000 p=0 c=100000#
% t=371.0 plus 25.0 minus 16.0 g=543.0 b=10000 p=300 c=100000#
% t=384.0 plus 25.0 minus 16.0 g=543.0 b=10000 p=0 c=100000#
% t=429.78818 plus 29.0 minus 18.0 g=543.0 b=5939 p=0 c=5939#
% t=452.78818 plus 32.0 minus 20.0 g=543.0 b=2237 p=150 c=2387#
% t=465.78818 plus 32.0 minus 20.0 g=543.0 b=1400 p=0 c=1400#
% t=478.78818 plus 32.0 minus 20.0 g=543.0 b=804 p=0 c=804#
% t=491.78818 plus 32.0 minus 20.0 g=543.0 b=409 p=0 c=409#
% t=504.78818 plus 32.0 minus 20.0 g=543.0 b=169 p=0 c=169#
% t=517.78818 plus 32.0 minus 20.0 g=543.0 b=48 p=0 c=48#
% t=530.78818 plus 32.0 minus 20.0 g=543.0 b=6 p=0 c=6#
% t=543.78818 plus 32.0 minus 20.0 g=543.0 b=0 p=0 c=0#
% t=556.78818 plus 32.0 minus 20.0 g=543.0 b=32 p=0 c=32
% t=569.78818 plus 32.0 minus 20.0 g=543.0 b=* p=0 c=*
 [122]
%% goal height=543.0, max depth=4.0
% t=10.0 g=543.0 b=10000 p=0 c=100000#
% t=23.0 g=543.0 b=10000 p=0 c=100000#
% t=36.0 g=543.0 b=10000 p=150 c=100000#
% t=49.0 g=543.0 b=10000 p=0 c=100000#
% t=62.0 plus 1.0 g=543.0 b=10000 p=200 c=100000#
% t=98.0 plus 4.0 minus 2.0 g=543.0 b=10000 p=0 c=100000#
% t=113.0 plus 4.0 minus 2.0 g=543.0 b=10000 p=0 c=100000#
% t=136.0 plus 7.0 minus 4.0 g=543.0 b=10000 p=150 c=100000#
% t=149.0 plus 7.0 minus 4.0 g=543.0 b=10000 p=0 c=100000#
% t=162.0 plus 7.0 minus 4.0 g=543.0 b=10000 p=0 c=100000#
% t=175.0 plus 7.0 minus 4.0 g=543.0 b=10000 p=0 c=100000#
% t=188.0 plus 7.0 minus 4.0 g=543.0 b=10000 p=0 c=100000#
% t=201.0 plus 7.0 minus 4.0 g=543.0 b=10000 p=0 c=100000#
% t=214.0 plus 7.0 minus 4.0 g=543.0 b=10000 p=0 c=100000#
% t=227.0 plus 7.0 minus 4.0 g=543.0 b=10000 p=0 c=100000#
% t=240.0 plus 7.0 minus 4.0 g=543.0 b=10000 p=0 c=100000#
% t=253.0 plus 7.0 minus 4.0 g=543.0 b=10000 p=150 c=100000#
% t=266.0 plus 7.0 minus 4.0 g=543.0 b=10000 p=0 c=100000#
% t=279.0 plus 8.0 minus 4.0 g=543.0 b=10000 p=150 c=100000#
% t=292.0 plus 8.0 minus 4.0 g=543.0 b=10000 p=0 c=100000#
% t=305.0 plus 8.0 minus 4.0 g=543.0 b=10000 p=0 c=100000#
% t=318.0 plus 8.0 minus 4.0 g=543.0 b=10000 p=100 c=100000#
% t=331.0 plus 8.0 minus 4.0 g=543.0 b=10000 p=0 c=100000#
% t=344.0 plus 8.0 minus 4.0 g=543.0 b=10000 p=150 c=100000#
% t=358.94444 plus 8.0 minus 4.0 g=543.0 b=10000 p=-200 c=100000#
% t=409.0 plus 10.0 minus 4.0 g=543.0 b=10000 p=150 c=100000#
% t=422.0 plus 10.0 minus 4.0 g=543.0 b=10000 p=0 c=100000#
% t=435.0 plus 10.0 minus 4.0 g=543.0 b=10000 p=0 c=100000#
% t=448.0 plus 10.0 minus 4.0 g=543.0 b=10000 p=50 c=100000#
% t=486.49825 plus 13.0 minus 6.0 g=543.0 b=8189 p=0 c=8189#
% t=507.0 plus 16.0 minus 8.0 g=543.0 b=1137 p=150 c=1287#
% t=520.0 plus 16.0 minus 8.0 g=543.0 b=295 p=0 c=295#
% t=533.0 plus 16.0 minus 8.0 g=543.0 b=24 p=150 c=174#
% t=546.0 plus 16.0 minus 8.0 g=543.0 b=5 p=0 c=5#
% t=559.0 plus 17.0 minus 8.0 g=543.0 b=* p=200 c=*
 [123

]
%% goal height=543.0, max depth=4.0
% t=10.0 g=543.0 b=10000 p=200 c=100000#
% t=48.49825 plus 3.0 minus 2.0 g=543.0 b=10000 p=0 c=100000#
% t=69.0 plus 6.0 minus 4.0 g=543.0 b=10000 p=150 c=100000#
% t=82.0 plus 6.0 minus 4.0 g=543.0 b=10000 p=50 c=100000#
% t=118.0 plus 9.0 minus 6.0 g=543.0 b=10000 p=0 c=100000#
% t=133.0 plus 9.0 minus 6.0 g=543.0 b=10000 p=0 c=100000#
% t=156.0 plus 12.0 minus 8.0 g=543.0 b=10000 p=150 c=100000#
% t=169.0 plus 12.0 minus 8.0 g=543.0 b=10000 p=150 c=100000#
% t=182.0 plus 12.0 minus 8.0 g=543.0 b=10000 p=0 c=100000#
% t=195.0 plus 13.0 minus 8.0 g=543.0 b=10000 p=250 c=100000#
% t=208.0 plus 13.0 minus 8.0 g=543.0 b=10000 p=0 c=100000#
% t=221.0 plus 13.0 minus 8.0 g=543.0 b=10000 p=0 c=100000#
% t=234.0 plus 13.0 minus 8.0 g=543.0 b=10000 p=0 c=100000#
% t=247.0 plus 13.0 minus 8.0 g=543.0 b=10000 p=0 c=100000#
% t=260.0 plus 13.0 minus 8.0 g=543.0 b=10000 p=0 c=100000#
% t=273.0 plus 13.0 minus 8.0 g=543.0 b=10000 p=50 c=100000#
% t=309.0 plus 16.0 minus 10.0 g=543.0 b=10000 p=0 c=100000#
% t=324.0 plus 16.0 minus 10.0 g=543.0 b=10000 p=0 c=100000#
% t=347.0 plus 19.0 minus 12.0 g=543.0 b=10000 p=150 c=100000#
% t=360.0 plus 19.0 minus 12.0 g=543.0 b=10000 p=0 c=100000#
% t=373.0 plus 19.0 minus 12.0 g=543.0 b=10000 p=0 c=100000#
% t=386.0 plus 19.0 minus 12.0 g=543.0 b=10000 p=150 c=100000#
% t=399.0 plus 19.0 minus 12.0 g=543.0 b=10000 p=0 c=100000#
% t=435.0 plus 23.0 minus 14.0 g=543.0 b=10000 p=0 c=100000#
% t=450.0 plus 23.0 minus 14.0 g=543.0 b=6592 p=0 c=6592#
% t=473.0 plus 26.0 minus 16.0 g=543.0 b=1946 p=300 c=2246#
% t=509.0 plus 29.0 minus 18.0 g=543.0 b=161 p=0 c=161#
% t=524.0 plus 29.0 minus 18.0 g=543.0 b=28 p=0 c=28#
% t=547.0 plus 32.0 minus 20.0 g=543.0 b=1 p=300 c=301
% t=560.0 plus 32.0 minus 20.0 g=543.0 b=61 p=0 c=61
% t=573.0 plus 33.0 minus 20.0 g=543.0 b=* p=250 c=*

[124

]
%% goal height=543.0, max depth=4.0
% t=10.0 g=543.0 b=10000 p=300 c=100000#
% t=23.0 g=543.0 b=10000 p=0 c=100000#
% t=36.0 plus 1.0 g=543.0 b=10000 p=250 c=100000#
% t=49.0 plus 1.0 g=543.0 b=10000 p=0 c=100000#
% t=62.0 plus 1.0 g=543.0 b=10000 p=150 c=100000#
% t=75.0 plus 1.0 g=543.0 b=10000 p=0 c=100000#
% t=88.0 plus 2.0 g=543.0 b=10000 p=200 c=100000#
% t=126.5 plus 5.0 minus 2.0 g=543.0 b=10000 p=0 c=100000#
% t=139.0 plus 5.0 minus 2.0 g=543.0 b=10000 p=0 c=100000#
% t=162.0 plus 8.0 minus 4.0 g=543.0 b=10000 p=300 c=100000#
% t=175.0 plus 8.0 minus 4.0 g=543.0 b=10000 p=0 c=100000#
% t=188.0 plus 9.0 minus 4.0 g=543.0 b=10000 p=150 c=100000#
% t=201.0 plus 9.0 minus 4.0 g=543.0 b=10000 p=0 c=100000#
% t=214.0 plus 9.0 minus 4.0 g=543.0 b=10000 p=0 c=100000#
% t=227.0 plus 9.0 minus 4.0 g=543.0 b=10000 p=0 c=100000#
% t=240.0 plus 9.0 minus 4.0 g=543.0 b=10000 p=150 c=100000#
% t=253.0 plus 9.0 minus 4.0 g=543.0 b=10000 p=0 c=100000#
% t=266.0 plus 10.0 minus 4.0 g=543.0 b=10000 p=200 c=100000#
% t=304.49825 plus 13.0 minus 6.0 g=543.0 b=10000 p=0 c=100000#
% t=325.0 plus 16.0 minus 8.0 g=543.0 b=10000 p=150 c=100000#
% t=338.0 plus 16.0 minus 8.0 g=543.0 b=10000 p=0 c=100000#
% t=351.0 plus 16.0 minus 8.0 g=543.0 b=10000 p=150 c=100000#
% t=364.0 plus 16.0 minus 8.0 g=543.0 b=10000 p=0 c=100000#
% t=377.0 plus 17.0 minus 8.0 g=543.0 b=10000 p=200 c=100000#
% t=413.0 plus 20.0 minus 10.0 g=543.0 b=10000 p=0 c=100000#
% t=439.35608 plus 20.0 minus 10.0 g=543.0 b=10000 p=0 c=100000#
% t=457.8739 plus 23.0 minus 12.0 g=543.0 b=5064 p=150 c=5214#
% t=470.8739 plus 23.0 minus 12.0 g=543.0 b=3078 p=150 c=3228#
% t=483.8739 plus 23.0 minus 12.0 g=543.0 b=1694 p=0 c=1694#
% t=496.8739 plus 24.0 minus 12.0 g=543.0 b=706 p=150 c=856#
% t=509.8739 plus 24.0 minus 12.0 g=543.0 b=261 p=0 c=261#
% t=522.8739 plus 24.0 minus 12.0 g=543.0 b=59 p=50 c=109#
% t=561.37215 plus 27.0 minus 14.0 g=543.0 b=* p=0 c=*
 [125]
%% goal height=543.0, max depth=4.0
% t=35.49825 plus 3.0 minus 2.0 g=543.0 b=10000 p=0 c=100000#
% t=56.0 plus 6.0 minus 4.0 g=543.0 b=10000 p=0 c=100000#
% t=69.0 plus 7.0 minus 4.0 g=543.0 b=10000 p=200 c=100000#
% t=105.0 plus 10.0 minus 6.0 g=543.0 b=10000 p=0 c=100000#
% t=123.50006 plus 10.0 minus 6.0 g=543.0 b=10000 p=0 c=100000#
% t=143.0 plus 13.0 minus 8.0 g=543.0 b=10000 p=150 c=100000#
% t=156.0 plus 13.0 minus 8.0 g=543.0 b=10000 p=0 c=100000#
% t=169.0 plus 13.0 minus 8.0 g=543.0 b=10000 p=150 c=100000#
% t=182.0 plus 13.0 minus 8.0 g=543.0 b=10000 p=0 c=100000#
% t=195.0 plus 14.0 minus 8.0 g=543.0 b=10000 p=150 c=100000#
% t=208.0 plus 14.0 minus 8.0 g=543.0 b=10000 p=50 c=100000#
% t=244.0 plus 17.0 minus 10.0 g=543.0 b=10000 p=0 c=100000#
% t=261.5 plus 17.0 minus 10.0 g=543.0 b=10000 p=0 c=100000#
% t=282.0 plus 20.0 minus 12.0 g=543.0 b=10000 p=150 c=100000#
% t=295.0 plus 20.0 minus 12.0 g=543.0 b=10000 p=0 c=100000#
% t=308.0 plus 20.0 minus 12.0 g=543.0 b=10000 p=0 c=100000#
% t=321.0 plus 20.0 minus 12.0 g=543.0 b=10000 p=150 c=100000#
% t=334.0 plus 20.0 minus 12.0 g=543.0 b=10000 p=0 c=100000#
% t=347.0 plus 21.0 minus 12.0 g=543.0 b=10000 p=200 c=100000#
% t=383.0 plus 24.0 minus 14.0 g=543.0 b=10000 p=0 c=100000#
% t=406.32451 plus 27.0 minus 16.0 g=543.0 b=10000 p=300 c=100000#
% t=420.94444 plus 27.0 minus 16.0 g=543.0 b=10000 p=-200 c=100000#
% t=471.0 plus 29.0 minus 16.0 g=543.0 b=1527 p=250 c=1777#
% t=484.0 plus 29.0 minus 16.0 g=543.0 b=841 p=50 c=891#
% t=520.0 plus 32.0 minus 18.0 g=543.0 b=37 p=0 c=37#
% t=543.0 plus 35.0 minus 20.0 g=543.0 b=0 p=150 c=150
% t=556.0 plus 35.0 minus 20.0 g=543.0 b=27 p=0 c=27#
% t=569.0 plus 35.0 minus 20.0 g=543.0 b=* p=150 c=*
 [126

]
%% goal height=543.0, max depth=4.0
% t=10.0 g=543.0 b=10000 p=150 c=100000#
% t=23.0 g=543.0 b=10000 p=0 c=100000#
% t=36.0 plus 1.0 g=543.0 b=10000 p=200 c=100000#
% t=67.94444 plus 4.0 minus 2.0 g=543.0 b=10000 p=0 c=100000#
% t=76.34444 plus 4.0 minus 2.0 g=543.0 b=10000 p=0 c=100000#
% t=85.34444 plus 4.0 minus 2.0 g=543.0 b=10000 p=0 c=100000#
% t=98.34444 plus 4.0 minus 2.0 g=543.0 b=10000 p=0 c=100000#
% t=111.34444 plus 4.0 minus 2.0 g=543.0 b=10000 p=0 c=100000#
% t=124.34444 plus 4.0 minus 2.0 g=543.0 b=10000 p=0 c=100000#
% t=137.34444 plus 4.0 minus 2.0 g=543.0 b=10000 p=0 c=100000#
% t=150.34444 plus 4.0 minus 2.0 g=543.0 b=10000 p=0 c=100000#
% t=163.34444 plus 4.0 minus 2.0 g=543.0 b=10000 p=0 c=100000#
% t=176.34444 plus 4.0 minus 2.0 g=543.0 b=10000 p=0 c=100000#
% t=189.34444 plus 4.0 minus 2.0 g=543.0 b=10000 p=0 c=100000#
% t=202.34444 plus 4.0 minus 2.0 g=543.0 b=10000 p=0 c=100000#
% t=215.34444 plus 4.0 minus 2.0 g=543.0 b=10000 p=0 c=100000#
% t=228.34444 plus 4.0 minus 2.0 g=543.0 b=10000 p=0 c=100000#
% t=241.34444 plus 4.0 minus 2.0 g=543.0 b=10000 p=0 c=100000#
% t=254.34444 plus 4.0 minus 2.0 g=543.0 b=10000 p=0 c=100000#
% t=267.34444 plus 4.0 minus 2.0 g=543.0 b=10000 p=0 c=100000#
% t=290.34444 plus 7.0 minus 4.0 g=543.0 b=10000 p=300 c=100000#
% t=303.34444 plus 7.0 minus 4.0 g=543.0 b=10000 p=0 c=100000#
% t=316.34444 plus 8.0 minus 4.0 g=543.0 b=10000 p=150 c=100000#
% t=329.34444 plus 8.0 minus 4.0 g=543.0 b=10000 p=0 c=100000#
% t=342.34444 plus 8.0 minus 4.0 g=543.0 b=10000 p=0 c=100000#
% t=355.34444 plus 8.0 minus 4.0 g=543.0 b=10000 p=150 c=100000#
% t=368.34444 plus 8.0 minus 4.0 g=543.0 b=10000 p=0 c=100000#
% t=381.34444 plus 9.0 minus 4.0 g=543.0 b=10000 p=150 c=100000#
% t=394.34444 plus 9.0 minus 4.0 g=543.0 b=10000 p=0 c=100000#
% t=407.34444 plus 9.0 minus 4.0 g=543.0 b=10000 p=0 c=100000#
% t=420.34444 plus 9.0 minus 4.0 g=543.0 b=10000 p=100 c=100000#
% t=433.34444 plus 9.0 minus 4.0 g=543.0 b=10000 p=0 c=100000#
% t=446.34444 plus 9.0 minus 4.0 g=543.0 b=10000 p=100 c=100000#
% t=459.34444 plus 9.0 minus 4.0 g=543.0 b=10000 p=0 c=100000#
% t=472.34444 plus 9.0 minus 4.0 g=543.0 b=10000 p=150 c=100000#
% t=485.34444 plus 9.0 minus 4.0 g=543.0 b=10000 p=0 c=100000#
% t=498.34444 plus 10.0 minus 4.0 g=543.0 b=10000 p=150 c=100000#
% t=511.34444 plus 10.0 minus 4.0 g=543.0 b=3168 p=0 c=3168#
% t=524.34444 plus 10.0 minus 4.0 g=543.0 b=649 p=0 c=649#
% t=537.34444 plus 10.0 minus 4.0 g=543.0 b=18 p=0 c=18#
% t=550.34444 plus 10.0 minus 4.0 g=543.0 b=* p=0 c=*
 [127

]
%% goal height=543.0, max depth=4.0
% t=10.0 g=543.0 b=10000 p=0 c=100000#
% t=23.0 g=543.0 b=10000 p=0 c=100000#
% t=36.0 g=543.0 b=10000 p=0 c=100000#
% t=49.0 g=543.0 b=10000 p=0 c=100000#
% t=62.0 g=543.0 b=10000 p=150 c=100000#
% t=75.0 g=543.0 b=10000 p=0 c=100000#
% t=88.0 plus 1.0 g=543.0 b=10000 p=150 c=100000#
% t=101.0 plus 1.0 g=543.0 b=10000 p=100 c=100000#
% t=114.0 plus 1.0 g=543.0 b=10000 p=0 c=100000#
% t=127.0 plus 1.0 g=543.0 b=10000 p=100 c=100000#
% t=140.0 plus 1.0 g=543.0 b=10000 p=0 c=100000#
% t=153.0 plus 1.0 g=543.0 b=10000 p=0 c=100000#
% t=166.0 plus 1.0 g=543.0 b=10000 p=150 c=100000#
% t=179.0 plus 1.0 g=543.0 b=10000 p=0 c=100000#
% t=192.0 plus 2.0 g=543.0 b=10000 p=150 c=100000#
% t=205.0 plus 2.0 g=543.0 b=10000 p=50 c=100000#
% t=241.0 plus 5.0 minus 2.0 g=543.0 b=10000 p=0 c=100000#
% t=264.0 plus 8.0 minus 4.0 g=543.0 b=10000 p=200 c=100000#
% t=300.0 plus 11.0 minus 6.0 g=543.0 b=10000 p=0 c=100000#
% t=323.0 plus 14.0 minus 8.0 g=543.0 b=10000 p=300 c=100000#
% t=336.0 plus 14.0 minus 8.0 g=543.0 b=10000 p=0 c=100000#
% t=349.0 plus 15.0 minus 8.0 g=543.0 b=10000 p=150 c=100000#
% t=362.0 plus 15.0 minus 8.0 g=543.0 b=10000 p=0 c=100000#
% t=375.0 plus 15.0 minus 8.0 g=543.0 b=10000 p=0 c=100000#
% t=388.0 plus 15.0 minus 8.0 g=543.0 b=10000 p=0 c=100000#
% t=401.0 plus 15.0 minus 8.0 g=543.0 b=10000 p=150 c=100000#
% t=414.0 plus 15.0 minus 8.0 g=543.0 b=10000 p=0 c=100000#
% t=427.0 plus 16.0 minus 8.0 g=543.0 b=10000 p=200 c=100000#
% t=465.49825 plus 19.0 minus 10.0 g=543.0 b=6775 p=0 c=6775#
% t=486.0 plus 22.0 minus 12.0 g=543.0 b=1735 p=0 c=1735#
% t=499.0 plus 23.0 minus 12.0 g=543.0 b=699 p=150 c=849#
% t=512.0 plus 23.0 minus 12.0 g=543.0 b=244 p=50 c=294#
% t=548.0 plus 26.0 minus 14.0 g=543.0 b=5 p=0 c=5#
% t=571.0 plus 29.0 minus 16.0 g=543.0 b=* p=150 c=*
 [128]
%% goal height=543.0, max depth=4.0
% t=10.0 g=543.0 b=10000 p=150 c=100000#
% t=23.0 g=543.0 b=10000 p=0 c=100000#
% t=36.0 g=543.0 b=10000 p=150 c=100000#
% t=49.0 g=543.0 b=10000 p=0 c=100000#
% t=62.0 plus 1.0 g=543.0 b=10000 p=150 c=100000#
% t=75.0 plus 1.0 g=543.0 b=10000 p=0 c=100000#
% t=88.0 plus 1.0 g=543.0 b=10000 p=0 c=100000#
% t=101.0 plus 1.0 g=543.0 b=10000 p=0 c=100000#
% t=114.0 plus 1.0 g=543.0 b=10000 p=150 c=100000#
% t=127.0 plus 1.0 g=543.0 b=10000 p=0 c=100000#
% t=140.0 plus 2.0 g=543.0 b=10000 p=150 c=100000#
% t=153.0 plus 2.0 g=543.0 b=10000 p=0 c=100000#
% t=166.0 plus 2.0 g=543.0 b=10000 p=0 c=100000#
% t=179.0 plus 2.0 g=543.0 b=10000 p=0 c=100000#
% t=192.0 plus 2.0 g=543.0 b=10000 p=50 c=100000#
% t=228.0 plus 5.0 minus 2.0 g=543.0 b=10000 p=0 c=100000#
% t=251.0 plus 8.0 minus 4.0 g=543.0 b=10000 p=150 c=100000#
% t=264.0 plus 8.0 minus 4.0 g=543.0 b=10000 p=0 c=100000#
% t=277.0 plus 8.0 minus 4.0 g=543.0 b=10000 p=150 c=100000#
% t=292.5 plus 8.0 minus 4.0 g=543.0 b=10000 p=-200 c=100000#
% t=342.0 plus 10.0 minus 4.0 g=543.0 b=10000 p=200 c=100000#
% t=380.49825 plus 13.0 minus 6.0 g=543.0 b=10000 p=0 c=100000#
% t=424.0 plus 19.0 minus 10.0 g=543.0 b=10000 p=0 c=100000#
% t=447.0 plus 22.0 minus 12.0 g=543.0 b=10000 p=300 c=100000#
% t=460.0 plus 22.0 minus 12.0 g=543.0 b=5359 p=0 c=5359#
% t=473.0 plus 23.0 minus 12.0 g=543.0 b=2809 p=200 c=3009#
% t=532.0 plus 29.0 minus 16.0 g=543.0 b=5 p=0 c=5#
% t=545.0 plus 30.0 minus 16.0 g=543.0 b=0 p=150 c=150
% t=558.0 plus 30.0 minus 16.0 g=543.0 b=82 p=0 c=82
% t=571.0 plus 30.0 minus 16.0 g=543.0 b=* p=50 c=*
 [129


]
%% goal height=543.0, max depth=4.0
% t=10.0 g=543.0 b=10000 p=150 c=100000#
% t=23.0 g=543.0 b=10000 p=0 c=100000#
% t=36.0 g=543.0 b=10000 p=50 c=100000#
% t=72.0 plus 3.0 minus 2.0 g=543.0 b=10000 p=0 c=100000#
% t=95.0 plus 6.0 minus 4.0 g=543.0 b=10000 p=150 c=100000#
% t=108.0 plus 6.0 minus 4.0 g=543.0 b=10000 p=150 c=100000#
% t=121.0 plus 6.0 minus 4.0 g=543.0 b=10000 p=0 c=100000#
% t=134.0 plus 7.0 minus 4.0 g=543.0 b=10000 p=150 c=100000#
% t=147.0 plus 7.0 minus 4.0 g=543.0 b=10000 p=0 c=100000#
% t=160.0 plus 7.0 minus 4.0 g=543.0 b=10000 p=0 c=100000#
% t=173.0 plus 7.0 minus 4.0 g=543.0 b=10000 p=0 c=100000#
% t=186.0 plus 7.0 minus 4.0 g=543.0 b=10000 p=50 c=100000#
% t=222.0 plus 10.0 minus 6.0 g=543.0 b=10000 p=0 c=100000#
% t=245.0 plus 13.0 minus 8.0 g=543.0 b=10000 p=150 c=100000#
% t=258.0 plus 13.0 minus 8.0 g=543.0 b=10000 p=150 c=100000#
% t=271.0 plus 13.0 minus 8.0 g=543.0 b=10000 p=0 c=100000#
% t=284.0 plus 14.0 minus 8.0 g=543.0 b=10000 p=150 c=100000#
% t=297.0 plus 14.0 minus 8.0 g=543.0 b=10000 p=0 c=100000#
% t=310.0 plus 14.0 minus 8.0 g=543.0 b=10000 p=50 c=100000#
% t=346.0 plus 17.0 minus 10.0 g=543.0 b=10000 p=0 c=100000#
% t=392.0 plus 23.0 minus 14.0 g=543.0 b=10000 p=0 c=100000#
% t=415.0 plus 26.0 minus 16.0 g=543.0 b=10000 p=0 c=100000#
% t=428.0 plus 27.0 minus 16.0 g=543.0 b=7722 p=250 c=7972#
% t=441.0 plus 27.0 minus 16.0 g=543.0 b=5388 p=0 c=5388#
% t=454.0 plus 27.0 minus 16.0 g=543.0 b=3579 p=100 c=3679#
% t=467.0 plus 27.0 minus 16.0 g=543.0 b=2229 p=0 c=2229#
% t=480.0 plus 27.0 minus 16.0 g=543.0 b=1270 p=0 c=1270#
% t=493.0 plus 27.0 minus 16.0 g=543.0 b=635 p=0 c=635#
% t=506.0 plus 27.0 minus 16.0 g=543.0 b=257 p=50 c=307#
% t=543.94443 plus 30.0 minus 18.0 g=543.0 b=0 p=0 c=0#
% t=565.0 plus 33.0 minus 20.0 g=543.0 b=* p=150 c=*
 [130]
%% goal height=543.0, max depth=4.0
% t=10.0 g=543.0 b=10000 p=150 c=100000#
% t=23.0 g=543.0 b=10000 p=0 c=100000#
% t=36.0 g=543.0 b=10000 p=150 c=100000#
% t=49.0 g=543.0 b=10000 p=0 c=100000#
% t=62.0 plus 1.0 g=543.0 b=10000 p=200 c=100000#
% t=100.49825 plus 4.0 minus 2.0 g=543.0 b=10000 p=0 c=100000#
% t=121.0 plus 7.0 minus 4.0 g=543.0 b=10000 p=150 c=100000#
% t=134.0 plus 7.0 minus 4.0 g=543.0 b=10000 p=50 c=100000#
% t=170.0 plus 10.0 minus 6.0 g=543.0 b=10000 p=0 c=100000#
% t=185.0 plus 10.0 minus 6.0 g=543.0 b=10000 p=0 c=100000#
% t=200.0 plus 10.0 minus 6.0 g=543.0 b=10000 p=0 c=100000#
% t=246.0 plus 16.0 minus 10.0 g=543.0 b=10000 p=0 c=100000#
% t=269.0 plus 19.0 minus 12.0 g=543.0 b=10000 p=0 c=100000#
% t=307.49825 plus 23.0 minus 14.0 g=543.0 b=10000 p=0 c=100000#
% t=328.0 plus 26.0 minus 16.0 g=543.0 b=10000 p=300 c=100000#
% t=341.0 plus 26.0 minus 16.0 g=543.0 b=10000 p=0 c=100000#
% t=354.0 plus 27.0 minus 16.0 g=543.0 b=10000 p=200 c=100000#
% t=390.0 plus 30.0 minus 18.0 g=543.0 b=10000 p=0 c=100000#
% t=413.0 plus 33.0 minus 20.0 g=543.0 b=6110 p=200 c=6310#
% t=449.0 plus 36.0 minus 22.0 g=543.0 b=1776 p=0 c=1776#
% t=472.0 plus 39.0 minus 24.0 g=543.0 b=601 p=300 c=901#
% t=485.0 plus 39.0 minus 24.0 g=543.0 b=327 p=0 c=327#
% t=498.0 plus 40.0 minus 24.0 g=543.0 b=142 p=150 c=292#
% t=511.0 plus 40.0 minus 24.0 g=543.0 b=51 p=0 c=51#
% t=524.0 plus 40.0 minus 24.0 g=543.0 b=11 p=50 c=61
% t=560.0 plus 43.0 minus 26.0 g=543.0 b=28 p=0 c=28#
% t=583.0 plus 46.0 minus 28.0 g=543.0 b=* p=150 c=*
 [131


]
%% goal height=543.0, max depth=4.0
% t=10.0 g=543.0 b=10000 p=150 c=100000#
% t=23.0 g=543.0 b=10000 p=50 c=100000#
% t=61.12328 plus 3.0 minus 2.0 g=543.0 b=10000 p=0 c=100000#
% t=84.12328 plus 6.0 minus 4.0 g=543.0 b=10000 p=150 c=100000#
% t=97.12328 plus 6.0 minus 4.0 g=543.0 b=10000 p=150 c=100000#
% t=110.12328 plus 6.0 minus 4.0 g=543.0 b=10000 p=0 c=100000#
% t=123.12328 plus 7.0 minus 4.0 g=543.0 b=10000 p=150 c=100000#
% t=136.12328 plus 7.0 minus 4.0 g=543.0 b=10000 p=0 c=100000#
% t=149.12328 plus 7.0 minus 4.0 g=543.0 b=10000 p=0 c=100000#
% t=162.12328 plus 7.0 minus 4.0 g=543.0 b=10000 p=150 c=100000#
% t=175.12328 plus 7.0 minus 4.0 g=543.0 b=10000 p=0 c=100000#
% t=188.12328 plus 8.0 minus 4.0 g=543.0 b=10000 p=150 c=100000#
% t=201.12328 plus 8.0 minus 4.0 g=543.0 b=10000 p=50 c=100000#
% t=239.62152 plus 11.0 minus 6.0 g=543.0 b=10000 p=0 c=100000#
% t=260.12328 plus 14.0 minus 8.0 g=543.0 b=10000 p=150 c=100000#
% t=273.12328 plus 14.0 minus 8.0 g=543.0 b=10000 p=0 c=100000#
% t=286.12328 plus 14.0 minus 8.0 g=543.0 b=10000 p=150 c=100000#
% t=299.12328 plus 14.0 minus 8.0 g=543.0 b=10000 p=0 c=100000#
% t=312.12328 plus 15.0 minus 8.0 g=543.0 b=10000 p=150 c=100000#
% t=325.12328 plus 15.0 minus 8.0 g=543.0 b=10000 p=50 c=100000#
% t=361.12328 plus 18.0 minus 10.0 g=543.0 b=10000 p=0 c=100000#
% t=384.12328 plus 21.0 minus 12.0 g=543.0 b=10000 p=300 c=100000#
% t=397.12328 plus 21.0 minus 12.0 g=543.0 b=10000 p=0 c=100000#
% t=410.12328 plus 22.0 minus 12.0 g=543.0 b=10000 p=150 c=100000#
% t=423.12328 plus 22.0 minus 12.0 g=543.0 b=10000 p=0 c=100000#
% t=436.12328 plus 22.0 minus 12.0 g=543.0 b=10000 p=0 c=100000#
% t=449.12328 plus 22.0 minus 12.0 g=543.0 b=7759 p=0 c=7759#
% t=462.12328 plus 22.0 minus 12.0 g=543.0 b=4954 p=50 c=5004#
% t=498.12328 plus 25.0 minus 14.0 g=543.0 b=578 p=0 c=578#
% t=521.12328 plus 28.0 minus 16.0 g=543.0 b=48 p=0 c=48#
% t=534.12328 plus 29.0 minus 16.0 g=543.0 b=3 p=150 c=153
% t=547.12328 plus 29.0 minus 16.0 g=543.0 b=2 p=0 c=2#
% t=560.12328 plus 29.0 minus 16.0 g=543.0 b=* p=0 c=*
 [132


]
%% goal height=543.0, max depth=4.0
% t=10.0 g=543.0 b=10000 p=0 c=100000#
% t=23.0 g=543.0 b=10000 p=0 c=100000#
% t=36.0 g=543.0 b=10000 p=50 c=100000#
% t=72.0 plus 3.0 minus 2.0 g=543.0 b=10000 p=0 c=100000#
% t=95.0 plus 6.0 minus 4.0 g=543.0 b=10000 p=0 c=100000#
% t=108.0 plus 7.0 minus 4.0 g=543.0 b=10000 p=400 c=100000#
% t=122.94444 plus 7.0 minus 4.0 g=543.0 b=10000 p=-200 c=100000#
% t=173.0 plus 9.0 minus 4.0 g=543.0 b=10000 p=150 c=100000#
% t=186.0 plus 9.0 minus 4.0 g=543.0 b=10000 p=0 c=100000#
% t=199.0 plus 9.0 minus 4.0 g=543.0 b=10000 p=0 c=100000#
% t=212.0 plus 9.0 minus 4.0 g=543.0 b=10000 p=150 c=100000#
% t=225.0 plus 9.0 minus 4.0 g=543.0 b=10000 p=0 c=100000#
% t=238.0 plus 10.0 minus 4.0 g=543.0 b=10000 p=150 c=100000#
% t=251.0 plus 10.0 minus 4.0 g=543.0 b=10000 p=50 c=100000#
% t=289.49825 plus 13.0 minus 6.0 g=543.0 b=10000 p=0 c=100000#
% t=310.0 plus 16.0 minus 8.0 g=543.0 b=10000 p=0 c=100000#
% t=323.0 plus 17.0 minus 8.0 g=543.0 b=10000 p=150 c=100000#
% t=336.0 plus 17.0 minus 8.0 g=543.0 b=10000 p=50 c=100000#
% t=372.0 plus 20.0 minus 10.0 g=543.0 b=10000 p=0 c=100000#
% t=395.0 plus 23.0 minus 12.0 g=543.0 b=10000 p=0 c=100000#
% t=408.0 plus 24.0 minus 12.0 g=543.0 b=10000 p=150 c=100000#
% t=421.0 plus 24.0 minus 12.0 g=543.0 b=10000 p=50 c=100000#
% t=457.0 plus 27.0 minus 14.0 g=543.0 b=3229 p=0 c=3229#
% t=480.0 plus 30.0 minus 16.0 g=543.0 b=922 p=150 c=1072#
% t=493.0 plus 30.0 minus 16.0 g=543.0 b=463 p=0 c=463#
% t=506.0 plus 30.0 minus 16.0 g=543.0 b=187 p=0 c=187#
% t=519.0 plus 30.0 minus 16.0 g=543.0 b=51 p=0 c=51#
% t=532.0 plus 30.0 minus 16.0 g=543.0 b=5 p=150 c=155
% t=545.0 plus 30.0 minus 16.0 g=543.0 b=0 p=0 c=0#
% t=558.0 plus 31.0 minus 16.0 g=543.0 b=82 p=150 c=232
% t=571.0 plus 31.0 minus 16.0 g=543.0 b=* p=0 c=*
 [133

]
%% goal height=543.0, max depth=4.0
% t=10.0 g=543.0 b=10000 p=150 c=100000#
% t=23.0 g=543.0 b=10000 p=0 c=100000#
% t=36.0 g=543.0 b=10000 p=0 c=100000#
% t=49.0 g=543.0 b=10000 p=150 c=100000#
% t=62.0 g=543.0 b=10000 p=0 c=100000#
% t=75.0 plus 1.0 g=543.0 b=10000 p=200 c=100000#
% t=113.49825 plus 4.0 minus 2.0 g=543.0 b=10000 p=0 c=100000#
% t=134.0 plus 7.0 minus 4.0 g=543.0 b=10000 p=150 c=100000#
% t=147.0 plus 7.0 minus 4.0 g=543.0 b=10000 p=0 c=100000#
% t=160.0 plus 7.0 minus 4.0 g=543.0 b=10000 p=150 c=100000#
% t=173.0 plus 7.0 minus 4.0 g=543.0 b=10000 p=0 c=100000#
% t=186.0 plus 8.0 minus 4.0 g=543.0 b=10000 p=150 c=100000#
% t=199.0 plus 8.0 minus 4.0 g=543.0 b=10000 p=150 c=100000#
% t=248.82452 plus 11.0 minus 6.0 g=543.0 b=10000 p=0 c=100000#
% t=266.76897 plus 14.0 minus 8.0 g=543.0 b=10000 p=0 c=100000#
% t=279.76897 plus 15.0 minus 8.0 g=543.0 b=10000 p=200 c=100000#
% t=334.55997 plus 18.0 minus 10.0 g=543.0 b=10000 p=0 c=100000#
% t=354.34102 plus 21.0 minus 12.0 g=543.0 b=10000 p=-50 c=100000#
% t=370.34102 plus 23.0 minus 13.0 g=543.0 b=10000 p=150 c=100000#
% t=383.34102 plus 23.0 minus 13.0 g=543.0 b=10000 p=100 c=100000#
% t=396.34102 plus 23.0 minus 13.0 g=543.0 b=10000 p=0 c=100000#
% t=409.34102 plus 23.0 minus 13.0 g=543.0 b=10000 p=150 c=100000#
% t=422.34102 plus 23.0 minus 13.0 g=543.0 b=10000 p=0 c=100000#
% t=435.34102 plus 24.0 minus 13.0 g=543.0 b=10000 p=200 c=100000#
% t=471.34102 plus 27.0 minus 15.0 g=543.0 b=1867 p=0 c=1867#
% t=517.34102 plus 33.0 minus 19.0 g=543.0 b=46 p=0 c=46#
% t=563.34102 plus 39.0 minus 23.0 g=543.0 b=69 p=0 c=69
% t=586.34102 plus 42.0 minus 25.0 g=543.0 b=* p=250 c=*
 [134

]
%% goal height=543.0, max depth=4.0
% t=33.0 plus 3.0 minus 2.0 g=543.0 b=10000 p=0 c=100000#
% t=56.0 plus 6.0 minus 4.0 g=543.0 b=10000 p=250 c=100000#
% t=69.0 plus 6.0 minus 4.0 g=543.0 b=10000 p=50 c=100000#
% t=105.0 plus 9.0 minus 6.0 g=543.0 b=10000 p=0 c=100000#
% t=128.0 plus 12.0 minus 8.0 g=543.0 b=10000 p=200 c=100000#
% t=181.11589 plus 15.0 minus 10.0 g=543.0 b=10000 p=0 c=100000#
% t=199.06033 plus 19.0 minus 12.0 g=543.0 b=10000 p=150 c=100000#
% t=212.06033 plus 19.0 minus 12.0 g=543.0 b=10000 p=150 c=100000#
% t=225.06033 plus 19.0 minus 12.0 g=543.0 b=10000 p=0 c=100000#
% t=272.22775 plus 23.0 minus 14.0 g=543.0 b=10000 p=0 c=100000#
% t=294.72775 plus 26.0 minus 16.0 g=543.0 b=10000 p=150 c=100000#
% t=307.72775 plus 26.0 minus 16.0 g=543.0 b=10000 p=0 c=100000#
% t=320.72775 plus 26.0 minus 16.0 g=543.0 b=10000 p=100 c=100000#
% t=333.72775 plus 26.0 minus 16.0 g=543.0 b=10000 p=0 c=100000#
% t=346.72775 plus 26.0 minus 16.0 g=543.0 b=10000 p=50 c=100000#
% t=393.89517 plus 29.0 minus 18.0 g=543.0 b=10000 p=0 c=100000#
% t=415.83961 plus 32.0 minus 20.0 g=543.0 b=6268 p=150 c=6418#
% t=428.83961 plus 32.0 minus 20.0 g=543.0 b=4531 p=50 c=4581#
% t=486.45158 plus 35.0 minus 22.0 g=543.0 b=419 p=0 c=419#
% t=506.94632 plus 35.0 minus 22.0 g=543.0 b=108 p=0 c=108#
% t=529.94632 plus 38.0 minus 24.0 g=543.0 b=4 p=0 c=4#
% t=542.94632 plus 39.0 minus 24.0 g=543.0 b=0 p=150 c=150
% t=556.69653 plus 39.0 minus 24.0 g=543.0 b=18 p=0 c=18
% t=568.94632 plus 39.0 minus 24.0 g=543.0 b=* p=150 c=*
 [135]
%% goal height=543.0, max depth=4.0
% t=10.0 g=543.0 b=10000 p=150 c=100000#
% t=23.75021 g=543.0 b=10000 p=0 c=100000#
% t=36.0 g=543.0 b=10000 p=150 c=100000#
% t=49.0 g=543.0 b=10000 p=0 c=100000#
% t=62.0 plus 1.0 g=543.0 b=10000 p=250 c=100000#
% t=75.0 plus 1.0 g=543.0 b=10000 p=50 c=100000#
% t=126.16742 plus 4.0 minus 2.0 g=543.0 b=10000 p=0 c=100000#
% t=144.11186 plus 7.0 minus 4.0 g=543.0 b=10000 p=250 c=100000#
% t=157.11186 plus 7.0 minus 4.0 g=543.0 b=10000 p=50 c=100000#
% t=208.51186 plus 10.0 minus 6.0 g=543.0 b=10000 p=0 c=100000#
% t=231.51186 plus 14.0 minus 8.0 g=543.0 b=10000 p=200 c=100000#
% t=283.98016 plus 17.0 minus 10.0 g=543.0 b=10000 p=0 c=100000#
% t=301.9246 plus 20.0 minus 12.0 g=543.0 b=10000 p=300 c=100000#
% t=315.67482 plus 20.0 minus 12.0 g=543.0 b=10000 p=0 c=100000#
% t=327.9246 plus 21.0 minus 12.0 g=543.0 b=10000 p=200 c=100000#
% t=382.19868 plus 24.0 minus 14.0 g=543.0 b=10000 p=0 c=100000#
% t=414.72255 plus 24.0 minus 14.0 g=543.0 b=10000 p=0 c=100000#
% t=447.24641 plus 24.0 minus 14.0 g=543.0 b=6332 p=0 c=6332#
% t=478.9139 plus 24.0 minus 14.0 g=543.0 b=1902 p=0 c=1902#
% t=510.58138 plus 24.0 minus 14.0 g=543.0 b=246 p=0 c=246#
% t=533.08138 plus 27.0 minus 16.0 g=543.0 b=5 p=0 c=5#
% t=546.08138 plus 28.0 minus 16.0 g=543.0 b=1 p=150 c=151
% t=559.08138 plus 28.0 minus 16.0 g=543.0 b=* p=0 c=*

[136

]
%% goal height=543.0, max depth=4.0
% t=10.0 g=543.0 b=10000 p=150 c=100000#
% t=23.0 g=543.0 b=10000 p=0 c=100000#
% t=36.0 g=543.0 b=10000 p=0 c=100000#
% t=49.0 g=543.0 b=10000 p=0 c=100000#
% t=62.0 g=543.0 b=10000 p=0 c=100000#
% t=75.0 g=543.0 b=10000 p=150 c=100000#
% t=88.0 g=543.0 b=10000 p=0 c=100000#
% t=124.0 plus 4.0 minus 2.0 g=543.0 b=10000 p=0 c=100000#
% t=170.0 plus 10.0 minus 6.0 g=543.0 b=10000 p=0 c=100000#
% t=248.33145 plus 19.0 minus 12.0 g=543.0 b=10000 p=0 c=100000#
% t=261.33145 plus 20.0 minus 12.0 g=543.0 b=10000 p=200 c=100000#
% t=314.35532 plus 23.0 minus 14.0 g=543.0 b=10000 p=0 c=100000#
% t=355.29976 plus 29.0 minus 18.0 g=543.0 b=10000 p=0 c=100000#
% t=370.29976 plus 29.0 minus 18.0 g=543.0 b=10000 p=0 c=100000#
% t=393.29976 plus 32.0 minus 20.0 g=543.0 b=10000 p=150 c=100000#
% t=406.29976 plus 32.0 minus 20.0 g=543.0 b=7777 p=50 c=7827#
% t=451.22897 plus 35.0 minus 22.0 g=543.0 b=1796 p=0 c=1796#
% t=473.72371 plus 38.0 minus 24.0 g=543.0 b=604 p=150 c=754#
% t=486.72371 plus 38.0 minus 24.0 g=543.0 b=323 p=150 c=473#
% t=499.72371 plus 38.0 minus 24.0 g=543.0 b=147 p=0 c=147#
% t=512.72371 plus 39.0 minus 24.0 g=543.0 b=46 p=150 c=196
% t=525.72371 plus 39.0 minus 24.0 g=543.0 b=9 p=150 c=159
% t=575.68965 plus 42.0 minus 26.0 g=543.0 b=* p=0 c=*
 [137

]
%% goal height=543.0, max depth=4.0
% t=10.0 g=543.0 b=10000 p=150 c=100000#
% t=23.0 g=543.0 b=10000 p=150 c=100000#
% t=72.96594 plus 3.0 minus 2.0 g=543.0 b=10000 p=0 c=100000#
% t=92.747 plus 6.0 minus 4.0 g=543.0 b=10000 p=200 c=100000#
% t=146.89032 plus 9.0 minus 6.0 g=543.0 b=10000 p=0 c=100000#
% t=164.83476 plus 12.0 minus 8.0 g=543.0 b=10000 p=150 c=100000#
% t=177.83476 plus 12.0 minus 8.0 g=543.0 b=10000 p=0 c=100000#
% t=190.83476 plus 12.0 minus 8.0 g=543.0 b=10000 p=0 c=100000#
% t=203.83476 plus 12.0 minus 8.0 g=543.0 b=10000 p=0 c=100000#
% t=216.83476 plus 12.0 minus 8.0 g=543.0 b=10000 p=0 c=100000#
% t=229.83476 plus 12.0 minus 8.0 g=543.0 b=10000 p=150 c=100000#
% t=242.83476 plus 12.0 minus 8.0 g=543.0 b=10000 p=0 c=100000#
% t=255.83476 plus 13.0 minus 8.0 g=543.0 b=10000 p=150 c=100000#
% t=268.83476 plus 13.0 minus 8.0 g=543.0 b=10000 p=0 c=100000#
% t=281.83476 plus 13.0 minus 8.0 g=543.0 b=10000 p=50 c=100000#
% t=348.63475 plus 16.0 minus 10.0 g=543.0 b=10000 p=0 c=100000#
% t=394.63475 plus 22.0 minus 14.0 g=543.0 b=10000 p=0 c=100000#
% t=429.63475 plus 25.0 minus 16.0 g=543.0 b=10000 p=0 c=100000#
% t=442.63475 plus 26.0 minus 16.0 g=543.0 b=5741 p=150 c=5891#
% t=455.63475 plus 26.0 minus 16.0 g=543.0 b=3780 p=0 c=3780#
% t=468.63475 plus 26.0 minus 16.0 g=543.0 b=2334 p=50 c=2384#
% t=521.10075 plus 29.0 minus 18.0 g=543.0 b=43 p=0 c=43#
% t=540.60081 plus 32.0 minus 20.0 g=543.0 b=0 p=200 c=200
% t=589.02235 plus 35.0 minus 22.0 g=543.0 b=* p=0 c=*
 [138


]
%% goal height=543.0, max depth=4.0
% t=10.0 g=543.0 b=10000 p=200 c=100000#
% t=58.42154 plus 3.0 minus 2.0 g=543.0 b=10000 p=0 c=100000#
% t=85.88754 plus 3.0 minus 2.0 g=543.0 b=10000 p=0 c=100000#
% t=114.55502 plus 3.0 minus 2.0 g=543.0 b=10000 p=0 c=100000#
% t=136.49947 plus 6.0 minus 4.0 g=543.0 b=10000 p=0 c=100000#
% t=190.64455 plus 10.0 minus 6.0 g=543.0 b=10000 p=0 c=100000#
% t=231.58899 plus 16.0 minus 10.0 g=543.0 b=10000 p=0 c=100000#
% t=246.58899 plus 16.0 minus 10.0 g=543.0 b=10000 p=0 c=100000#
% t=261.58899 plus 16.0 minus 10.0 g=543.0 b=10000 p=0 c=100000#
% t=284.58899 plus 19.0 minus 12.0 g=543.0 b=10000 p=200 c=100000#
% t=327.62764 plus 22.0 minus 14.0 g=543.0 b=10000 p=0 c=100000#
% t=350.12238 plus 25.0 minus 16.0 g=543.0 b=10000 p=300 c=100000#
% t=363.12238 plus 25.0 minus 16.0 g=543.0 b=10000 p=-50 c=100000#
% t=379.12238 plus 27.0 minus 17.0 g=543.0 b=10000 p=150 c=100000#
% t=392.12238 plus 27.0 minus 17.0 g=543.0 b=10000 p=0 c=100000#
% t=405.12238 plus 27.0 minus 17.0 g=543.0 b=10000 p=0 c=100000#
% t=418.12238 plus 27.0 minus 17.0 g=543.0 b=10000 p=0 c=100000#
% t=431.12238 plus 27.0 minus 17.0 g=543.0 b=7099 p=150 c=7249#
% t=444.12238 plus 27.0 minus 17.0 g=543.0 b=4899 p=0 c=4899#
% t=457.12238 plus 28.0 minus 17.0 g=543.0 b=2875 p=200 c=3075#
% t=513.62062 plus 31.0 minus 19.0 g=543.0 b=85 p=0 c=85#
% t=536.62062 plus 34.0 minus 21.0 g=543.0 b=1 p=150 c=151
% t=549.62062 plus 34.0 minus 21.0 g=543.0 b=3 p=50 c=53#
% t=619.56506 plus 37.0 minus 23.0 g=543.0 b=* p=0 c=*
 [139]
%% goal height=543.0, max depth=4.0
% t=66.94444 plus 3.0 minus 2.0 g=543.0 b=10000 p=0 c=100000#
% t=88.88889 plus 6.0 minus 4.0 g=543.0 b=10000 p=400 c=100000#
% t=101.88889 plus 6.0 minus 4.0 g=543.0 b=10000 p=0 c=100000#
% t=114.88889 plus 7.0 minus 4.0 g=543.0 b=10000 p=250 c=100000#
% t=127.88889 plus 7.0 minus 4.0 g=543.0 b=10000 p=50 c=100000#
% t=161.88889 plus 10.0 minus 6.0 g=543.0 b=10000 p=0 c=100000#
% t=174.88889 plus 10.0 minus 6.0 g=543.0 b=10000 p=0 c=100000#
% t=187.88889 plus 10.0 minus 6.0 g=543.0 b=10000 p=0 c=100000#
% t=200.88889 plus 10.0 minus 6.0 g=543.0 b=10000 p=0 c=100000#
% t=213.88889 plus 10.0 minus 6.0 g=543.0 b=10000 p=0 c=100000#
% t=226.88889 plus 10.0 minus 6.0 g=543.0 b=10000 p=0 c=100000#
% t=249.88889 plus 13.0 minus 8.0 g=543.0 b=10000 p=150 c=100000#
% t=262.88889 plus 13.0 minus 8.0 g=543.0 b=10000 p=0 c=100000#
% t=275.88889 plus 13.0 minus 8.0 g=543.0 b=10000 p=0 c=100000#
% t=288.88889 plus 13.0 minus 8.0 g=543.0 b=10000 p=100 c=100000#
% t=301.88889 plus 13.0 minus 8.0 g=543.0 b=10000 p=0 c=100000#
% t=314.88889 plus 13.0 minus 8.0 g=543.0 b=10000 p=0 c=100000#
% t=327.88889 plus 13.0 minus 8.0 g=543.0 b=10000 p=50 c=100000#
% t=374.38306 plus 16.0 minus 10.0 g=543.0 b=10000 p=0 c=100000#
% t=402.37729 plus 16.0 minus 10.0 g=543.0 b=10000 p=0 c=100000#
% t=424.32173 plus 19.0 minus 12.0 g=543.0 b=10000 p=0 c=100000#
% t=437.32173 plus 20.0 minus 12.0 g=543.0 b=10000 p=150 c=100000#
% t=450.32173 plus 20.0 minus 12.0 g=543.0 b=10000 p=50 c=100000#
% t=486.32173 plus 23.0 minus 14.0 g=543.0 b=1490 p=0 c=1490#
% t=509.32173 plus 26.0 minus 16.0 g=543.0 b=216 p=150 c=366#
% t=522.32173 plus 26.0 minus 16.0 g=543.0 b=50 p=0 c=50#
% t=535.32173 plus 26.0 minus 16.0 g=543.0 b=3 p=50 c=53
% t=571.32173 plus 29.0 minus 18.0 g=543.0 b=* p=0 c=*
 [140]
%% goal height=543.0, max depth=4.0
% t=10.0 g=543.0 b=10000 p=50 c=100000#
% t=46.0 plus 3.0 minus 2.0 g=543.0 b=10000 p=0 c=100000#
% t=69.0 plus 6.0 minus 4.0 g=543.0 b=10000 p=150 c=100000#
% t=82.0 plus 6.0 minus 4.0 g=543.0 b=10000 p=0 c=100000#
% t=95.0 plus 6.0 minus 4.0 g=543.0 b=10000 p=150 c=100000#
% t=108.0 plus 6.0 minus 4.0 g=543.0 b=10000 p=0 c=100000#
% t=153.96594 plus 10.0 minus 6.0 g=543.0 b=10000 p=0 c=100000#
% t=177.4386 plus 13.0 minus 8.0 g=543.0 b=10000 p=300 c=100000#
% t=231.7834 plus 16.0 minus 10.0 g=543.0 b=10000 p=0 c=100000#
% t=266.62996 plus 16.0 minus 10.0 g=543.0 b=10000 p=0 c=100000#
% t=301.47652 plus 16.0 minus 10.0 g=543.0 b=10000 p=0 c=100000#
% t=323.97652 plus 19.0 minus 12.0 g=543.0 b=10000 p=150 c=100000#
% t=337.72673 plus 19.0 minus 12.0 g=543.0 b=10000 p=50 c=100000#
% t=389.82307 plus 22.0 minus 14.0 g=543.0 b=10000 p=0 c=100000#
% t=409.60413 plus 25.0 minus 16.0 g=543.0 b=10000 p=300 c=100000#
% t=422.60413 plus 25.0 minus 16.0 g=543.0 b=10000 p=0 c=100000#
% t=435.60413 plus 26.0 minus 16.0 g=543.0 b=7030 p=300 c=7330#
% t=486.77155 plus 29.0 minus 18.0 g=543.0 b=725 p=0 c=725#
% t=504.71599 plus 32.0 minus 20.0 g=543.0 b=171 p=150 c=321#
% t=517.71599 plus 32.0 minus 20.0 g=543.0 b=49 p=0 c=49#
% t=530.71599 plus 32.0 minus 20.0 g=543.0 b=6 p=0 c=6#
% t=543.71599 plus 32.0 minus 20.0 g=543.0 b=0 p=0 c=0#
% t=556.71599 plus 32.0 minus 20.0 g=543.0 b=32 p=150 c=182
% t=569.71599 plus 32.0 minus 20.0 g=543.0 b=* p=0 c=*
 [141]
%% goal height=543.0, max depth=4.0
% t=10.0 g=543.0 b=10000 p=150 c=100000#
% t=23.0 g=543.0 b=10000 p=0 c=100000#
% t=36.0 plus 1.0 g=543.0 b=10000 p=200 c=100000#
% t=72.0 plus 4.0 minus 2.0 g=543.0 b=10000 p=0 c=100000#
% t=95.0 plus 7.0 minus 4.0 g=543.0 b=10000 p=150 c=100000#
% t=108.0 plus 7.0 minus 4.0 g=543.0 b=10000 p=0 c=100000#
% t=121.0 plus 7.0 minus 4.0 g=543.0 b=10000 p=150 c=100000#
% t=134.0 plus 7.0 minus 4.0 g=543.0 b=10000 p=0 c=100000#
% t=147.0 plus 8.0 minus 4.0 g=543.0 b=10000 p=150 c=100000#
% t=160.0 plus 8.0 minus 4.0 g=543.0 b=10000 p=0 c=100000#
% t=173.0 plus 8.0 minus 4.0 g=543.0 b=10000 p=50 c=100000#
% t=209.0 plus 11.0 minus 6.0 g=543.0 b=10000 p=0 c=100000#
% t=232.0 plus 14.0 minus 8.0 g=543.0 b=10000 p=250 c=100000#
% t=245.0 plus 14.0 minus 8.0 g=543.0 b=10000 p=100 c=100000#
% t=258.0 plus 14.0 minus 8.0 g=543.0 b=10000 p=50 c=100000#
% t=294.0 plus 17.0 minus 10.0 g=543.0 b=10000 p=0 c=100000#
% t=309.0 plus 17.0 minus 10.0 g=543.0 b=10000 p=0 c=100000#
% t=324.0 plus 17.0 minus 10.0 g=543.0 b=10000 p=0 c=100000#
% t=347.0 plus 20.0 minus 12.0 g=543.0 b=10000 p=0 c=100000#
% t=360.0 plus 21.0 minus 12.0 g=543.0 b=10000 p=200 c=100000#
% t=396.0 plus 24.0 minus 14.0 g=543.0 b=10000 p=0 c=100000#
% t=411.0 plus 24.0 minus 14.0 g=543.0 b=10000 p=0 c=100000#
% t=426.0 plus 24.0 minus 14.0 g=543.0 b=10000 p=0 c=100000#
% t=449.0 plus 27.0 minus 16.0 g=543.0 b=4217 p=0 c=4217#
% t=462.0 plus 28.0 minus 16.0 g=543.0 b=2418 p=150 c=2568#
% t=475.0 plus 28.0 minus 16.0 g=543.0 b=1430 p=50 c=1480#
% t=512.12328 plus 31.0 minus 18.0 g=543.0 b=98 p=0 c=98#
% t=528.2448 plus 31.0 minus 18.0 g=543.0 b=11 p=0 c=11#
% t=544.36632 plus 31.0 minus 18.0 g=543.0 b=0 p=0 c=0#
% t=567.36632 plus 34.0 minus 20.0 g=543.0 b=* p=150 c=*
 [142

]
%% goal height=543.0, max depth=4.0
% t=10.0 g=543.0 b=10000 p=150 c=100000#
% t=23.0 g=543.0 b=10000 p=0 c=100000#
% t=36.0 g=543.0 b=10000 p=0 c=100000#
% t=49.0 g=543.0 b=10000 p=50 c=100000#
% t=85.0 plus 3.0 minus 2.0 g=543.0 b=10000 p=0 c=100000#
% t=108.0 plus 6.0 minus 4.0 g=543.0 b=10000 p=200 c=100000#
% t=154.50023 plus 9.0 minus 6.0 g=543.0 b=10000 p=0 c=100000#
% t=170.47289 plus 9.0 minus 6.0 g=543.0 b=10000 p=0 c=100000#
% t=193.47289 plus 12.0 minus 8.0 g=543.0 b=10000 p=150 c=100000#
% t=206.47289 plus 12.0 minus 8.0 g=543.0 b=10000 p=150 c=100000#
% t=219.47289 plus 12.0 minus 8.0 g=543.0 b=10000 p=0 c=100000#
% t=255.47289 plus 16.0 minus 10.0 g=543.0 b=10000 p=0 c=100000#
% t=280.97136 plus 16.0 minus 10.0 g=543.0 b=10000 p=0 c=100000#
% t=298.59464 plus 16.0 minus 10.0 g=543.0 b=10000 p=0 c=100000#
% t=321.59464 plus 19.0 minus 12.0 g=543.0 b=10000 p=300 c=100000#
% t=334.59464 plus 19.0 minus 12.0 g=543.0 b=10000 p=0 c=100000#
% t=370.59464 plus 23.0 minus 14.0 g=543.0 b=10000 p=0 c=100000#
% t=420.21616 plus 29.0 minus 18.0 g=543.0 b=7576 p=0 c=7576#
% t=464.84119 plus 35.0 minus 22.0 g=543.0 b=1112 p=0 c=1112#
% t=487.84119 plus 38.0 minus 24.0 g=543.0 b=305 p=0 c=305#
% t=500.84119 plus 39.0 minus 24.0 g=543.0 b=126 p=150 c=276#
% t=513.84119 plus 39.0 minus 24.0 g=543.0 b=42 p=0 c=42#
% t=526.84119 plus 39.0 minus 24.0 g=543.0 b=7 p=0 c=7#
% t=539.84119 plus 39.0 minus 24.0 g=543.0 b=0 p=150 c=150
% t=552.84119 plus 39.0 minus 24.0 g=543.0 b=7 p=0 c=7#
% t=600.0086 plus 43.0 minus 26.0 g=543.0 b=* p=0 c=*
 [143]
%% goal height=543.0, max depth=4.0
% t=44.16742 plus 3.0 minus 2.0 g=543.0 b=10000 p=0 c=100000#
% t=76.83495 plus 3.0 minus 2.0 g=543.0 b=10000 p=0 c=100000#
% t=98.77939 plus 6.0 minus 4.0 g=543.0 b=10000 p=150 c=100000#
% t=111.77939 plus 6.0 minus 4.0 g=543.0 b=10000 p=0 c=100000#
% t=124.77939 plus 6.0 minus 4.0 g=543.0 b=10000 p=150 c=100000#
% t=140.27939 plus 6.0 minus 4.0 g=543.0 b=10000 p=-200 c=100000#
% t=208.77939 plus 13.0 minus 8.0 g=543.0 b=10000 p=300 c=100000#
% t=221.77939 plus 13.0 minus 8.0 g=543.0 b=10000 p=-100 c=100000#
% t=239.77939 plus 16.0 minus 10.0 g=543.0 b=10000 p=150 c=100000#
% t=252.77939 plus 16.0 minus 10.0 g=543.0 b=10000 p=150 c=100000#
% t=265.77939 plus 16.0 minus 10.0 g=543.0 b=10000 p=-100 c=100000#
% t=306.77939 plus 22.0 minus 14.0 g=543.0 b=10000 p=0 c=100000#
% t=329.77939 plus 26.0 minus 16.0 g=543.0 b=10000 p=300 c=100000#
% t=342.81056 plus 26.0 minus 16.0 g=543.0 b=10000 p=-100 c=100000#
% t=360.77939 plus 29.0 minus 18.0 g=543.0 b=10000 p=300 c=100000#
% t=373.77939 plus 29.0 minus 18.0 g=543.0 b=10000 p=-100 c=100000#
% t=391.77939 plus 32.0 minus 20.0 g=543.0 b=10000 p=-100 c=100000#
% t=409.77939 plus 35.0 minus 22.0 g=543.0 b=5504 p=150 c=5654#
% t=422.77939 plus 35.0 minus 22.0 g=543.0 b=4048 p=0 c=4048#
% t=435.77939 plus 35.0 minus 22.0 g=543.0 b=2865 p=150 c=3015#
% t=448.77939 plus 35.0 minus 22.0 g=543.0 b=1946 p=-100 c=1846#
% t=466.77939 plus 38.0 minus 24.0 g=543.0 b=804 p=150 c=954#
% t=479.77939 plus 38.0 minus 24.0 g=543.0 b=460 p=0 c=460#
% t=492.77939 plus 38.0 minus 24.0 g=543.0 b=230 p=0 c=230#
% t=505.77939 plus 38.0 minus 24.0 g=543.0 b=93 p=50 c=143#
% t=541.77939 plus 41.0 minus 26.0 g=543.0 b=0 p=0 c=0#
% t=564.77939 plus 44.0 minus 28.0 g=543.0 b=47 p=-100 c=-53#
% t=582.77939 plus 47.0 minus 30.0 g=543.0 b=* p=-100 c=*
 [144]
%% goal height=543.0, max depth=4.0
% t=10.0 g=543.0 b=10000 p=-100 c=100000#
% t=28.0 plus 3.0 minus 2.0 g=543.0 b=10000 p=-100 c=100000#
% t=78.96594 plus 9.0 minus 6.0 g=543.0 b=10000 p=0 c=100000#
% t=101.46594 plus 12.0 minus 8.0 g=543.0 b=10000 p=-100 c=100000#
% t=120.21616 plus 15.0 minus 10.0 g=543.0 b=10000 p=-100 c=100000#
% t=138.68881 plus 18.0 minus 12.0 g=543.0 b=10000 p=300 c=100000#
% t=151.68881 plus 18.0 minus 12.0 g=543.0 b=10000 p=0 c=100000#
% t=164.68881 plus 19.0 minus 12.0 g=543.0 b=10000 p=0 c=100000#
% t=177.68881 plus 20.0 minus 12.0 g=543.0 b=10000 p=-100 c=100000#
% t=214.68881 plus 26.0 minus 16.0 g=543.0 b=10000 p=0 c=100000#
% t=227.68881 plus 27.0 minus 16.0 g=543.0 b=10000 p=0 c=100000#
% t=240.68881 plus 28.0 minus 16.0 g=543.0 b=10000 p=-100 c=100000#
% t=258.68881 plus 31.0 minus 18.0 g=543.0 b=10000 p=-100 c=100000#
% t=276.68881 plus 34.0 minus 20.0 g=543.0 b=10000 p=-100 c=100000#
% t=294.68881 plus 37.0 minus 22.0 g=543.0 b=10000 p=-100 c=100000#
% t=312.68881 plus 40.0 minus 24.0 g=543.0 b=10000 p=-100 c=100000#
% t=375.09933 plus 46.0 minus 28.0 g=543.0 b=4859 p=0 c=4859#
% t=412.60992 plus 46.0 minus 28.0 g=543.0 b=2269 p=0 c=2269#
% t=434.55437 plus 49.0 minus 30.0 g=543.0 b=1082 p=-100 c=982#
% t=452.55437 plus 52.0 minus 32.0 g=543.0 b=524 p=150 c=674#
% t=465.55437 plus 52.0 minus 32.0 g=543.0 b=329 p=0 c=329#
% t=478.55437 plus 52.0 minus 32.0 g=543.0 b=190 p=0 c=190#
% t=491.55437 plus 52.0 minus 32.0 g=543.0 b=96 p=50 c=146#
% t=527.55437 plus 55.0 minus 34.0 g=543.0 b=2 p=0 c=2#
% t=550.55437 plus 58.0 minus 36.0 g=543.0 b=1 p=-100 c=-99#
% t=591.55437 plus 64.0 minus 40.0 g=543.0 b=* p=0 c=*
 [145]
%% goal height=543.0, max depth=4.0
% t=33.0 plus 3.0 minus 2.0 g=543.0 b=10000 p=0 c=100000#
% t=56.0 plus 7.0 minus 4.0 g=543.0 b=10000 p=300 c=100000#
% t=69.0 plus 7.0 minus 4.0 g=543.0 b=10000 p=-100 c=100000#
% t=87.0 plus 10.0 minus 6.0 g=543.0 b=10000 p=150 c=100000#
% t=100.0 plus 10.0 minus 6.0 g=543.0 b=10000 p=0 c=100000#
% t=113.0 plus 10.0 minus 6.0 g=543.0 b=10000 p=150 c=100000#
% t=126.0 plus 10.0 minus 6.0 g=543.0 b=10000 p=-100 c=100000#
% t=144.0 plus 13.0 minus 8.0 g=543.0 b=10000 p=300 c=100000#
% t=157.0 plus 13.0 minus 8.0 g=543.0 b=10000 p=-100 c=100000#
% t=175.0 plus 16.0 minus 10.0 g=543.0 b=10000 p=150 c=100000#
% t=188.0 plus 16.0 minus 10.0 g=543.0 b=10000 p=150 c=100000#
% t=201.0 plus 16.0 minus 10.0 g=543.0 b=10000 p=0 c=100000#
% t=214.0 plus 17.0 minus 10.0 g=543.0 b=10000 p=0 c=100000#
% t=227.0 plus 18.0 minus 10.0 g=543.0 b=10000 p=-100 c=100000#
% t=245.0 plus 21.0 minus 12.0 g=543.0 b=10000 p=200 c=100000#
% t=281.0 plus 24.0 minus 14.0 g=543.0 b=10000 p=0 c=100000#
% t=304.0 plus 27.0 minus 16.0 g=543.0 b=10000 p=300 c=100000#
% t=317.0 plus 27.0 minus 16.0 g=543.0 b=10000 p=-100 c=100000#
% t=335.0 plus 30.0 minus 18.0 g=543.0 b=10000 p=400 c=100000#
% t=348.0 plus 30.0 minus 18.0 g=543.0 b=10000 p=-100 c=100000#
% t=389.0 plus 36.0 minus 22.0 g=543.0 b=7814 p=0 c=7814#
% t=412.0 plus 39.0 minus 24.0 g=543.0 b=3780 p=400 c=4180#
% t=425.0 plus 39.0 minus 24.0 g=543.0 b=2762 p=-100 c=2662#
% t=443.0 plus 42.0 minus 26.0 g=543.0 b=1348 p=150 c=1498#
% t=456.0 plus 42.0 minus 26.0 g=543.0 b=887 p=0 c=887#
% t=469.0 plus 42.0 minus 26.0 g=543.0 b=546 p=150 c=696#
% t=482.0 plus 42.0 minus 26.0 g=543.0 b=305 p=-100 c=205#
% t=500.0 plus 45.0 minus 28.0 g=543.0 b=86 p=150 c=236
% t=513.0 plus 45.0 minus 28.0 g=543.0 b=30 p=0 c=30#
% t=526.0 plus 45.0 minus 28.0 g=543.0 b=5 p=50 c=55
% t=562.0 plus 48.0 minus 30.0 g=543.0 b=25 p=0 c=25#
% t=585.0 plus 52.0 minus 32.0 g=543.0 b=* p=300 c=*
 [146



]
%% goal height=543.0, max depth=4.0
% t=10.0 g=543.0 b=10000 p=300 c=100000#
% t=23.0 g=543.0 b=10000 p=-100 c=100000#
% t=41.0 plus 3.0 minus 2.0 g=543.0 b=10000 p=-100 c=100000#
% t=59.0 plus 6.0 minus 4.0 g=543.0 b=10000 p=300 c=100000#
% t=72.75021 plus 6.0 minus 4.0 g=543.0 b=10000 p=-100 c=100000#
% t=90.0 plus 9.0 minus 6.0 g=543.0 b=10000 p=-100 c=100000#
% t=150.0 plus 18.0 minus 12.0 g=543.0 b=10000 p=0 c=100000#
% t=173.0 plus 21.0 minus 14.0 g=543.0 b=10000 p=150 c=100000#
% t=186.0 plus 21.0 minus 14.0 g=543.0 b=10000 p=150 c=100000#
% t=199.0 plus 21.0 minus 14.0 g=543.0 b=10000 p=-100 c=100000#
% t=217.0 plus 24.0 minus 16.0 g=543.0 b=10000 p=150 c=100000#
% t=230.0 plus 24.0 minus 16.0 g=543.0 b=10000 p=0 c=100000#
% t=243.0 plus 24.0 minus 16.0 g=543.0 b=10000 p=0 c=100000#
% t=256.0 plus 24.0 minus 16.0 g=543.0 b=10000 p=0 c=100000#
% t=269.0 plus 24.0 minus 16.0 g=543.0 b=10000 p=0 c=100000#
% t=282.0 plus 24.0 minus 16.0 g=543.0 b=10000 p=0 c=100000#
% t=295.0 plus 24.0 minus 16.0 g=543.0 b=10000 p=100 c=100000#
% t=308.0 plus 24.0 minus 16.0 g=543.0 b=10000 p=150 c=100000#
% t=321.0 plus 24.0 minus 16.0 g=543.0 b=10000 p=-100 c=100000#
% t=339.0 plus 27.0 minus 18.0 g=543.0 b=10000 p=300 c=100000#
% t=352.0 plus 27.0 minus 18.0 g=543.0 b=10000 p=-100 c=100000#
% t=393.0 plus 33.0 minus 22.0 g=543.0 b=10000 p=0 c=100000#
% t=416.0 plus 36.0 minus 24.0 g=543.0 b=4378 p=-100 c=4278#
% t=434.0 plus 39.0 minus 26.0 g=543.0 b=2181 p=200 c=2381#
% t=470.0 plus 42.0 minus 28.0 g=543.0 b=524 p=0 c=524#
% t=493.0 plus 45.0 minus 30.0 g=543.0 b=137 p=150 c=287#
% t=506.0 plus 45.0 minus 30.0 g=543.0 b=55 p=50 c=105#
% t=555.4 plus 48.0 minus 32.0 g=543.0 b=6 p=0 c=6#
% t=576.4 plus 51.0 minus 34.0 g=543.0 b=94 p=-100 c=-6#
% t=617.4 plus 57.0 minus 38.0 g=543.0 b=* p=0 c=*
 [147

]
%% goal height=543.0, max depth=4.0
% t=33.0 plus 3.0 minus 2.0 g=543.0 b=10000 p=0 c=100000#
% t=56.0 plus 6.0 minus 4.0 g=543.0 b=10000 p=300 c=100000#
% t=69.0 plus 6.0 minus 4.0 g=543.0 b=10000 p=-100 c=100000#
% t=87.0 plus 9.0 minus 6.0 g=543.0 b=10000 p=300 c=100000#
% t=100.0 plus 9.0 minus 6.0 g=543.0 b=10000 p=0 c=100000#
% t=113.0 plus 10.0 minus 6.0 g=543.0 b=10000 p=300 c=100000#
% t=126.0 plus 10.0 minus 6.0 g=543.0 b=10000 p=-100 c=100000#
% t=144.0 plus 13.0 minus 8.0 g=543.0 b=10000 p=150 c=100000#
% t=157.0 plus 13.0 minus 8.0 g=543.0 b=10000 p=0 c=100000#
% t=170.0 plus 13.0 minus 8.0 g=543.0 b=10000 p=150 c=100000#
% t=183.0 plus 13.0 minus 8.0 g=543.0 b=10000 p=-100 c=100000#
% t=201.0 plus 16.0 minus 10.0 g=543.0 b=10000 p=150 c=100000#
% t=214.0 plus 16.0 minus 10.0 g=543.0 b=10000 p=50 c=100000#
% t=259.94467 plus 19.0 minus 12.0 g=543.0 b=10000 p=0 c=100000#
% t=283.41733 plus 22.0 minus 14.0 g=543.0 b=10000 p=-100 c=100000#
% t=301.41733 plus 25.0 minus 16.0 g=543.0 b=10000 p=150 c=100000#
% t=314.41733 plus 25.0 minus 16.0 g=543.0 b=10000 p=150 c=100000#
% t=327.41733 plus 25.0 minus 16.0 g=543.0 b=10000 p=-100 c=100000#
% t=368.41733 plus 31.0 minus 20.0 g=543.0 b=10000 p=0 c=100000#
% t=391.41733 plus 34.0 minus 22.0 g=543.0 b=10000 p=300 c=100000#
% t=404.41733 plus 34.0 minus 22.0 g=543.0 b=6758 p=-100 c=6658#
% t=422.41733 plus 37.0 minus 24.0 g=543.0 b=3449 p=0 c=3449#
% t=435.41733 plus 38.0 minus 24.0 g=543.0 b=2261 p=300 c=2561#
% t=448.41733 plus 38.0 minus 24.0 g=543.0 b=1540 p=-100 c=1440#
% t=466.41733 plus 41.0 minus 26.0 g=543.0 b=649 p=150 c=799#
% t=479.41733 plus 41.0 minus 26.0 g=543.0 b=371 p=150 c=521#
% t=492.41733 plus 41.0 minus 26.0 g=543.0 b=187 p=-100 c=87#
% t=510.41733 plus 44.0 minus 28.0 g=543.0 b=40 p=400 c=440
% t=523.41733 plus 44.0 minus 28.0 g=543.0 b=9 p=-100 c=-91#
% t=541.41733 plus 47.0 minus 30.0 g=543.0 b=0 p=300 c=300
% t=554.41733 plus 47.0 minus 30.0 g=543.0 b=6 p=0 c=6
% t=567.41733 plus 48.0 minus 30.0 g=543.0 b=53 p=0 c=53
% t=580.41733 plus 49.0 minus 30.0 g=543.0 b=* p=-100 c=*

[148


]
%% goal height=543.0, max depth=4.0
% t=10.0 g=543.0 b=10000 p=300 c=100000#
% t=23.0 g=543.0 b=10000 p=0 c=100000#
% t=36.0 plus 1.0 g=543.0 b=10000 p=0 c=100000#
% t=49.0 plus 2.0 g=543.0 b=10000 p=-100 c=100000#
% t=90.0 plus 8.0 minus 4.0 g=543.0 b=10000 p=0 c=100000#
% t=113.0 plus 11.0 minus 6.0 g=543.0 b=10000 p=150 c=100000#
% t=126.0 plus 11.0 minus 6.0 g=543.0 b=10000 p=0 c=100000#
% t=139.0 plus 11.0 minus 6.0 g=543.0 b=10000 p=0 c=100000#
% t=152.0 plus 11.0 minus 6.0 g=543.0 b=10000 p=50 c=100000#
% t=197.96594 plus 14.0 minus 8.0 g=543.0 b=10000 p=0 c=100000#
% t=221.4386 plus 18.0 minus 10.0 g=543.0 b=10000 p=200 c=100000#
% t=269.60608 plus 21.0 minus 12.0 g=543.0 b=10000 p=0 c=100000#
% t=294.23575 plus 25.0 minus 14.0 g=543.0 b=10000 p=-100 c=100000#
% t=330.48553 plus 31.0 minus 18.0 g=543.0 b=10000 p=300 c=100000#
% t=343.48553 plus 31.0 minus 18.0 g=543.0 b=10000 p=-100 c=100000#
% t=361.48553 plus 34.0 minus 20.0 g=543.0 b=10000 p=150 c=100000#
% t=374.48553 plus 34.0 minus 20.0 g=543.0 b=10000 p=150 c=100000#
% t=387.48553 plus 34.0 minus 20.0 g=543.0 b=10000 p=-100 c=100000#
% t=405.48553 plus 37.0 minus 22.0 g=543.0 b=5119 p=-100 c=5019#
% t=423.48553 plus 40.0 minus 24.0 g=543.0 b=2662 p=-100 c=2562#
% t=441.48553 plus 43.0 minus 26.0 g=543.0 b=1314 p=300 c=1614#
% t=454.48553 plus 43.0 minus 26.0 g=543.0 b=870 p=-100 c=770#
% t=510.83977 plus 49.0 minus 30.0 g=543.0 b=28 p=0 c=28#
% t=532.78421 plus 52.0 minus 32.0 g=543.0 b=1 p=-100 c=-99#
% t=573.78421 plus 58.0 minus 36.0 g=543.0 b=62 p=0 c=62
% t=630.95163 plus 64.0 minus 40.0 g=543.0 b=* p=0 c=*
 [149

]
%% goal height=543.0, max depth=4.0
% t=33.0 plus 3.0 minus 2.0 g=543.0 b=10000 p=0 c=100000#
% t=90.16742 plus 9.0 minus 6.0 g=543.0 b=10000 p=0 c=100000#
% t=113.4177 plus 12.0 minus 8.0 g=543.0 b=10000 p=300 c=100000#
% t=125.66748 plus 12.0 minus 8.0 g=543.0 b=10000 p=-100 c=100000#
% t=144.4177 plus 15.0 minus 10.0 g=543.0 b=10000 p=300 c=100000#
% t=156.66748 plus 15.0 minus 10.0 g=543.0 b=10000 p=-100 c=100000#
% t=193.66748 plus 21.0 minus 14.0 g=543.0 b=10000 p=150 c=100000#
% t=206.66748 plus 21.0 minus 14.0 g=543.0 b=10000 p=0 c=100000#
% t=219.66748 plus 21.0 minus 14.0 g=543.0 b=10000 p=0 c=100000#
% t=232.66748 plus 21.0 minus 14.0 g=543.0 b=10000 p=150 c=100000#
% t=245.66748 plus 21.0 minus 14.0 g=543.0 b=10000 p=-100 c=100000#
% t=263.66748 plus 24.0 minus 16.0 g=543.0 b=10000 p=150 c=100000#
% t=276.66748 plus 24.0 minus 16.0 g=543.0 b=10000 p=150 c=100000#
% t=289.66748 plus 24.0 minus 16.0 g=543.0 b=10000 p=-100 c=100000#
% t=307.66748 plus 27.0 minus 18.0 g=543.0 b=10000 p=200 c=100000#
% t=340.66748 plus 30.0 minus 20.0 g=543.0 b=10000 p=0 c=100000#
% t=355.66748 plus 30.0 minus 20.0 g=543.0 b=10000 p=0 c=100000#
% t=378.66748 plus 33.0 minus 22.0 g=543.0 b=10000 p=400 c=100000#
% t=391.66748 plus 33.0 minus 22.0 g=543.0 b=10000 p=-100 c=100000#
% t=409.66748 plus 36.0 minus 24.0 g=543.0 b=5077 p=150 c=5227#
% t=422.66748 plus 36.0 minus 24.0 g=543.0 b=3724 p=150 c=3874#
% t=435.66748 plus 36.0 minus 24.0 g=543.0 b=2644 p=-100 c=2544#
% t=453.66748 plus 39.0 minus 26.0 g=543.0 b=1199 p=250 c=1449#
% t=466.66748 plus 39.0 minus 26.0 g=543.0 b=748 p=0 c=748#
% t=479.66748 plus 39.0 minus 26.0 g=543.0 b=427 p=50 c=477#
% t=549.09964 plus 45.0 minus 30.0 g=543.0 b=1 p=300 c=301#
% t=562.09964 plus 45.0 minus 30.0 g=543.0 b=26 p=-100 c=-74#
% t=580.09964 plus 48.0 minus 32.0 g=543.0 b=* p=150 c=*
 [150]
%% goal height=543.0, max depth=4.0
% t=10.0 g=543.0 b=10000 p=150 c=100000#
% t=23.0 g=543.0 b=10000 p=0 c=100000#
% t=36.0 g=543.0 b=10000 p=50 c=100000#
% t=72.0 plus 3.0 minus 2.0 g=543.0 b=10000 p=0 c=100000#
% t=95.0 plus 6.0 minus 4.0 g=543.0 b=10000 p=200 c=100000#
% t=138.31494 plus 9.0 minus 6.0 g=543.0 b=10000 p=0 c=100000#
% t=162.68544 plus 9.0 minus 6.0 g=543.0 b=10000 p=0 c=100000#
% t=184.70753 plus 12.0 minus 8.0 g=543.0 b=10000 p=200 c=100000#
% t=222.70753 plus 15.0 minus 10.0 g=543.0 b=10000 p=0 c=100000#
% t=239.70753 plus 15.0 minus 10.0 g=543.0 b=10000 p=0 c=100000#
% t=256.70753 plus 15.0 minus 10.0 g=543.0 b=10000 p=0 c=100000#
% t=273.70753 plus 15.0 minus 10.0 g=543.0 b=10000 p=0 c=100000#
% t=290.70753 plus 15.0 minus 10.0 g=543.0 b=10000 p=0 c=100000#
% t=313.70753 plus 18.0 minus 12.0 g=543.0 b=10000 p=150 c=100000#
% t=326.70753 plus 18.0 minus 12.0 g=543.0 b=10000 p=150 c=100000#
% t=339.70753 plus 18.0 minus 12.0 g=543.0 b=10000 p=-100 c=100000#
% t=376.70753 plus 24.0 minus 16.0 g=543.0 b=10000 p=-100 c=100000#
% t=394.70753 plus 27.0 minus 18.0 g=543.0 b=10000 p=-100 c=100000#
% t=412.70753 plus 30.0 minus 20.0 g=543.0 b=8189 p=300 c=8489#
% t=425.70753 plus 30.0 minus 20.0 g=543.0 b=5970 p=-100 c=5870#
% t=443.70753 plus 33.0 minus 22.0 g=543.0 b=2717 p=-100 c=2617#
% t=461.70753 plus 36.0 minus 24.0 g=543.0 b=1147 p=300 c=1447#
% t=474.70753 plus 36.0 minus 24.0 g=543.0 b=681 p=-100 c=581#
% t=492.70753 plus 39.0 minus 26.0 g=543.0 b=213 p=-100 c=113#
% t=510.70753 plus 42.0 minus 28.0 g=543.0 b=45 p=300 c=345
% t=523.70753 plus 42.0 minus 28.0 g=543.0 b=10 p=-100 c=-90#
% t=541.70753 plus 45.0 minus 30.0 g=543.0 b=0 p=300 c=300
% t=554.70753 plus 45.0 minus 30.0 g=543.0 b=6 p=-100 c=-94#
% t=595.70753 plus 51.0 minus 34.0 g=543.0 b=* p=0 c=*
 [151]
%% goal height=543.0, max depth=4.0
% t=33.0 plus 3.0 minus 2.0 g=543.0 b=10000 p=0 c=100000#
% t=56.0 plus 6.0 minus 4.0 g=543.0 b=10000 p=250 c=100000#
% t=69.0 plus 6.0 minus 4.0 g=543.0 b=10000 p=150 c=100000#
% t=82.0 plus 6.0 minus 4.0 g=543.0 b=10000 p=-100 c=100000#
% t=100.0 plus 9.0 minus 6.0 g=543.0 b=10000 p=300 c=100000#
)
*\end
% t=115.49825 plus 9.0 minus 6.0 g=543.0 b=10000 p=0 c=100000#
% t=115.49825 plus 9.0 plus 1.0fill minus 6.0 g=543.0 b=0 p=-1073741824 c=-1073
741824#
[152]
Output written on chap4.pdf (51 pages).
