This is XeTeX, Version 3.14159265-2.6-0.99996 (TeX Live 2016/W32TeX) (preloaded format=xetex 2017.5.11)  30 MAR 2018 10:24
entering extended mode
 restricted \write18 enabled.
 %&-line parsing enabled.
**./chap8.tex
(./chap8.tex (./gkpmac.tex
\openout0 = `chap8.grf'.

 (./chap8.ref)
\openout1 = `chap8.ref'.

\openout2 = `chap8.ans'.

\openout3 = `chap8.inx'.

\openout4 = `chap8.bnx'.

) (./bib.ref) (./chap2.ref)
(./chap5.ref) (./chap6.ref) (./chap7.ref) (./chap9.ref)
%% goal height=543.0, max depth=4.0
% t=51.55556 g=543.0 b=10000 p=0 c=100000#
% t=142.94109 minus 5.0 g=543.0 b=10000 p=0 c=100000#
% t=155.10332 minus 5.0 g=543.0 b=10000 p=0 c=100000#
% t=171.10332 plus 2.0 minus 6.0 g=543.0 b=10000 p=250 c=100000#
% t=184.10332 plus 2.0 minus 6.0 g=543.0 b=10000 p=0 c=100000#
% t=197.10332 plus 2.0 minus 6.0 g=543.0 b=10000 p=0 c=100000#
% t=210.10332 plus 2.0 minus 6.0 g=543.0 b=10000 p=0 c=100000#
% t=223.10332 plus 2.0 minus 6.0 g=543.0 b=10000 p=150 c=100000#
% t=236.10332 plus 2.0 minus 6.0 g=543.0 b=10000 p=0 c=100000#
% t=249.10332 plus 3.0 minus 6.0 g=543.0 b=10000 p=150 c=100000#
% t=262.10332 plus 3.0 minus 6.0 g=543.0 b=10000 p=0 c=100000#
% t=275.10332 plus 3.0 minus 6.0 g=543.0 b=10000 p=150 c=100000#
% t=288.10332 plus 3.0 minus 6.0 g=543.0 b=10000 p=0 c=100000#
% t=290.04776 plus 3.0 minus 6.0 g=543.0 b=10000 p=-200 c=100000#
% t=340.10332 plus 5.0 minus 6.0 g=543.0 b=10000 p=150 c=100000#
% t=353.10332 plus 5.0 minus 6.0 g=543.0 b=10000 p=0 c=100000#
% t=366.10332 plus 5.0 minus 6.0 g=543.0 b=10000 p=50 c=100000#
% t=415.6435 plus 8.0 minus 8.0 g=543.0 b=10000 p=0 c=100000#
% t=432.93823 plus 11.0 minus 10.0 g=543.0 b=10000 p=150 c=100000#
% t=445.93823 plus 11.0 minus 10.0 g=543.0 b=10000 p=150 c=100000#
% t=458.93823 plus 11.0 minus 10.0 g=543.0 b=10000 p=0 c=100000#
% t=471.93823 plus 12.0 minus 10.0 g=543.0 b=10000 p=200 c=100000#
% t=507.93823 plus 15.0 minus 12.0 g=543.0 b=1275 p=0 c=1275#
% t=530.93823 plus 18.0 minus 14.0 g=543.0 b=30 p=150 c=180#
% t=543.93823 plus 18.0 minus 14.0 g=543.0 b=0 p=150 c=150#
% t=556.93823 plus 18.0 minus 14.0 g=543.0 b=98 p=0 c=98#
% t=569.93823 plus 19.0 minus 14.0 g=543.0 b=* p=150 c=*
 [381


]
%% goal height=543.0, max depth=4.0
% t=10.0 g=543.0 b=10000 p=150 c=100000#
% t=23.0 g=543.0 b=10000 p=0 c=100000#
% t=36.0 g=543.0 b=10000 p=50 c=100000#
% t=72.0 plus 3.0 minus 2.0 g=543.0 b=10000 p=0 c=100000#
% t=88.44841 plus 3.0 minus 2.0 g=543.0 b=10000 p=0 c=100000#
% t=111.44841 plus 6.0 minus 4.0 g=543.0 b=10000 p=200 c=100000#
% t=149.94666 plus 9.0 minus 6.0 g=543.0 b=10000 p=0 c=100000#
% t=208.56987 plus 15.0 minus 10.0 g=543.0 b=10000 p=0 c=100000#
% t=238.6101 plus 15.0 minus 10.0 g=543.0 b=10000 p=0 c=100000#
% t=287.00296 plus 21.0 minus 14.0 g=543.0 b=10000 p=0 c=100000#
% t=308.00296 plus 24.0 minus 16.0 g=543.0 b=10000 p=150 c=100000#
% t=321.00296 plus 24.0 minus 16.0 g=543.0 b=10000 p=150 c=100000#
% t=334.00296 plus 24.0 minus 16.0 g=543.0 b=10000 p=0 c=100000#
% t=370.00296 plus 28.0 minus 18.0 g=543.0 b=10000 p=0 c=100000#
% t=393.00296 plus 31.0 minus 20.0 g=543.0 b=10000 p=150 c=100000#
% t=406.00296 plus 31.0 minus 20.0 g=543.0 b=10000 p=150 c=100000#
% t=419.00296 plus 31.0 minus 20.0 g=543.0 b=6396 p=0 c=6396#
% t=468.54314 plus 35.0 minus 22.0 g=543.0 b=958 p=0 c=958#
% t=488.04318 plus 38.0 minus 24.0 g=543.0 b=301 p=150 c=451#
% t=501.04318 plus 38.0 minus 24.0 g=543.0 b=133 p=0 c=133#
% t=514.04318 plus 38.0 minus 24.0 g=543.0 b=44 p=0 c=44#
% t=527.04318 plus 38.0 minus 24.0 g=543.0 b=7 p=150 c=157
% t=540.04318 plus 38.0 minus 24.0 g=543.0 b=0 p=0 c=0#
% t=553.04318 plus 39.0 minus 24.0 g=543.0 b=7 p=250 c=257
% t=566.04318 plus 39.0 minus 24.0 g=543.0 b=88 p=0 c=88
% t=579.04318 plus 39.0 minus 24.0 g=543.0 b=* p=0 c=*
 [382


]
%% goal height=543.0, max depth=4.0
% t=10.0 g=543.0 b=10000 p=250 c=100000#
% t=23.0 g=543.0 b=10000 p=0 c=100000#
% t=36.0 g=543.0 b=10000 p=0 c=100000#
% t=49.0 g=543.0 b=10000 p=0 c=100000#
% t=62.0 g=543.0 b=10000 p=100 c=100000#
% t=75.0 g=543.0 b=10000 p=0 c=100000#
% t=88.0 g=543.0 b=10000 p=0 c=100000#
% t=101.0 g=543.0 b=10000 p=0 c=100000#
% t=114.0 g=543.0 b=10000 p=150 c=100000#
% t=127.0 g=543.0 b=10000 p=0 c=100000#
% t=140.0 plus 1.0 g=543.0 b=10000 p=150 c=100000#
% t=153.0 plus 1.0 g=543.0 b=10000 p=0 c=100000#
% t=166.0 plus 1.0 g=543.0 b=10000 p=50 c=100000#
% t=205.0 plus 4.0 minus 2.0 g=543.0 b=10000 p=0 c=100000#
% t=223.0 plus 4.0 minus 2.0 g=543.0 b=10000 p=0 c=100000#
% t=246.0 plus 7.0 minus 4.0 g=543.0 b=10000 p=150 c=100000#
% t=259.0 plus 7.0 minus 4.0 g=543.0 b=10000 p=150 c=100000#
% t=272.0 plus 7.0 minus 4.0 g=543.0 b=10000 p=0 c=100000#
% t=285.0 plus 8.0 minus 4.0 g=543.0 b=10000 p=150 c=100000#
% t=298.0 plus 8.0 minus 4.0 g=543.0 b=10000 p=100 c=100000#
% t=311.0 plus 8.0 minus 4.0 g=543.0 b=10000 p=150 c=100000#
% t=324.0 plus 8.0 minus 4.0 g=543.0 b=10000 p=0 c=100000#
% t=337.0 plus 9.0 minus 4.0 g=543.0 b=10000 p=150 c=100000#
% t=350.0 plus 9.0 minus 4.0 g=543.0 b=10000 p=50 c=100000#
% t=389.34444 plus 12.0 minus 6.0 g=543.0 b=10000 p=0 c=100000#
% t=400.34444 plus 12.0 minus 6.0 g=543.0 b=10000 p=0 c=100000#
% t=417.74443 plus 12.0 minus 6.0 g=543.0 b=10000 p=0 c=100000#
% t=440.74443 plus 15.0 minus 8.0 g=543.0 b=10000 p=150 c=100000#
% t=453.74443 plus 15.0 minus 8.0 g=543.0 b=10000 p=0 c=100000#
% t=466.74443 plus 15.0 minus 8.0 g=543.0 b=10000 p=0 c=100000#
% t=479.74443 plus 15.0 minus 8.0 g=543.0 b=7486 p=0 c=7486#
% t=492.74443 plus 15.0 minus 8.0 g=543.0 b=3758 p=0 c=3758#
% t=505.74443 plus 15.0 minus 8.0 g=543.0 b=1527 p=150 c=1677#
% t=518.74443 plus 15.0 minus 8.0 g=543.0 b=422 p=0 c=422#
% t=531.74443 plus 16.0 minus 8.0 g=543.0 b=34 p=250 c=284#
% t=544.74443 plus 16.0 minus 8.0 g=543.0 b=1 p=50 c=51#
% t=580.74443 plus 19.0 minus 10.0 g=543.0 b=* p=0 c=*
 [383]
%% goal height=543.0, max depth=4.0
% t=33.0 plus 3.0 minus 2.0 g=543.0 b=10000 p=0 c=100000#
% t=56.0 plus 6.0 minus 4.0 g=543.0 b=10000 p=200 c=100000#
% t=94.49825 plus 9.0 minus 6.0 g=543.0 b=10000 p=0 c=100000#
% t=115.0 plus 12.0 minus 8.0 g=543.0 b=10000 p=300 c=100000#
% t=128.0 plus 12.0 minus 8.0 g=543.0 b=10000 p=0 c=100000#
% t=141.0 plus 13.0 minus 8.0 g=543.0 b=10000 p=150 c=100000#
% t=154.0 plus 13.0 minus 8.0 g=543.0 b=10000 p=0 c=100000#
% t=167.0 plus 13.0 minus 8.0 g=543.0 b=10000 p=0 c=100000#
% t=180.0 plus 13.0 minus 8.0 g=543.0 b=10000 p=0 c=100000#
% t=193.0 plus 13.0 minus 8.0 g=543.0 b=10000 p=0 c=100000#
% t=206.0 plus 13.0 minus 8.0 g=543.0 b=10000 p=50 c=100000#
% t=244.0 plus 16.0 minus 10.0 g=543.0 b=10000 p=0 c=100000#
% t=267.0 plus 19.0 minus 12.0 g=543.0 b=10000 p=300 c=100000#
% t=280.0 plus 19.0 minus 12.0 g=543.0 b=10000 p=0 c=100000#
% t=293.0 plus 20.0 minus 12.0 g=543.0 b=10000 p=150 c=100000#
% t=306.0 plus 20.0 minus 12.0 g=543.0 b=10000 p=100 c=100000#
% t=319.0 plus 20.0 minus 12.0 g=543.0 b=10000 p=0 c=100000#
% t=332.0 plus 20.0 minus 12.0 g=543.0 b=10000 p=100 c=100000#
% t=345.0 plus 20.0 minus 12.0 g=543.0 b=10000 p=0 c=100000#
% t=358.0 plus 20.0 minus 12.0 g=543.0 b=10000 p=150 c=100000#
% t=371.0 plus 20.0 minus 12.0 g=543.0 b=10000 p=0 c=100000#
% t=384.0 plus 21.0 minus 12.0 g=543.0 b=10000 p=250 c=100000#
% t=397.0 plus 21.0 minus 12.0 g=543.0 b=10000 p=0 c=100000#
% t=410.0 plus 21.0 minus 12.0 g=543.0 b=10000 p=150 c=100000#
% t=423.0 plus 21.0 minus 12.0 g=543.0 b=10000 p=0 c=100000#
% t=439.0 plus 23.0 minus 13.0 g=543.0 b=10000 p=300 c=100000#
% t=452.0 plus 23.0 minus 13.0 g=543.0 b=6188 p=0 c=6188#
% t=465.0 plus 24.0 minus 13.0 g=543.0 b=3428 p=0 c=3428#
% t=478.0 plus 25.0 minus 13.0 g=543.0 b=1755 p=0 c=1755#
% t=494.0 plus 27.0 minus 14.0 g=543.0 b=597 p=300 c=897#
% t=507.0 plus 27.0 minus 14.0 g=543.0 b=237 p=0 c=237#
% t=520.0 plus 28.0 minus 14.0 g=543.0 b=55 p=150 c=205#
% t=533.0 plus 28.0 minus 14.0 g=543.0 b=5 p=0 c=5#
% t=546.0 plus 28.0 minus 14.0 g=543.0 b=1 p=0 c=1#
% t=559.0 plus 28.0 minus 14.0 g=543.0 b=* p=0 c=*

[384


]
%% goal height=543.0, max depth=4.0
% t=10.0 g=543.0 b=10000 p=0 c=100000#
% t=23.0 g=543.0 b=10000 p=0 c=100000#
% t=36.0 g=543.0 b=10000 p=0 c=100000#
% t=49.0 g=543.0 b=10000 p=0 c=100000#
% t=62.0 g=543.0 b=10000 p=0 c=100000#
% t=75.0 g=543.0 b=10000 p=150 c=100000#
% t=88.0 g=543.0 b=10000 p=0 c=100000#
% t=101.0 plus 1.0 g=543.0 b=10000 p=200 c=100000#
% t=152.16742 plus 4.0 minus 2.0 g=543.0 b=10000 p=0 c=100000#
% t=170.66742 plus 7.0 minus 4.0 g=543.0 b=10000 p=150 c=100000#
% t=183.66742 plus 7.0 minus 4.0 g=543.0 b=10000 p=50 c=100000#
% t=228.20607 plus 10.0 minus 6.0 g=543.0 b=10000 p=0 c=100000#
% t=271.64876 plus 16.0 minus 10.0 g=543.0 b=10000 p=0 c=100000#
% t=292.15051 plus 19.0 minus 12.0 g=543.0 b=10000 p=150 c=100000#
% t=305.15051 plus 19.0 minus 12.0 g=543.0 b=10000 p=0 c=100000#
% t=318.15051 plus 19.0 minus 12.0 g=543.0 b=10000 p=0 c=100000#
% t=331.15051 plus 19.0 minus 12.0 g=543.0 b=10000 p=0 c=100000#
% t=344.15051 plus 19.0 minus 12.0 g=543.0 b=10000 p=0 c=100000#
% t=357.15051 plus 19.0 minus 12.0 g=543.0 b=10000 p=0 c=100000#
% t=370.15051 plus 19.0 minus 12.0 g=543.0 b=10000 p=150 c=100000#
% t=383.15051 plus 19.0 minus 12.0 g=543.0 b=10000 p=0 c=100000#
% t=396.15051 plus 20.0 minus 12.0 g=543.0 b=10000 p=200 c=100000#
% t=445.69069 plus 23.0 minus 14.0 g=543.0 b=7558 p=0 c=7558#
% t=464.19069 plus 26.0 minus 16.0 g=543.0 b=2781 p=150 c=2931#
% t=477.19069 plus 26.0 minus 16.0 g=543.0 b=1616 p=50 c=1666#
% t=530.93152 plus 29.0 minus 18.0 g=543.0 b=7 p=0 c=7#
% t=554.93152 plus 33.0 minus 20.0 g=543.0 b=21 p=150 c=171
% t=567.93152 plus 33.0 minus 20.0 g=543.0 b=* p=0 c=*
 [385]
%% goal height=543.0, max depth=4.0
% t=10.0 g=543.0 b=10000 p=150 c=100000#
% t=23.0 g=543.0 b=10000 p=0 c=100000#
% t=36.0 g=543.0 b=10000 p=150 c=100000#
% t=49.0 g=543.0 b=10000 p=0 c=100000#
% t=62.0 plus 1.0 g=543.0 b=10000 p=150 c=100000#
% t=75.0 plus 1.0 g=543.0 b=10000 p=50 c=100000#
% t=124.54018 plus 4.0 minus 2.0 g=543.0 b=10000 p=0 c=100000#
% t=167.98286 plus 10.0 minus 6.0 g=543.0 b=10000 p=0 c=100000#
% t=188.48462 plus 13.0 minus 8.0 g=543.0 b=10000 p=150 c=100000#
% t=201.48462 plus 13.0 minus 8.0 g=543.0 b=10000 p=0 c=100000#
% t=214.48462 plus 13.0 minus 8.0 g=543.0 b=10000 p=0 c=100000#
% t=227.48462 plus 13.0 minus 8.0 g=543.0 b=10000 p=50 c=100000#
% t=265.98286 plus 16.0 minus 10.0 g=543.0 b=10000 p=0 c=100000#
% t=322.0248 plus 22.0 minus 14.0 g=543.0 b=10000 p=0 c=100000#
% t=361.89291 plus 22.0 minus 14.0 g=543.0 b=10000 p=0 c=100000#
% t=401.76103 plus 22.0 minus 14.0 g=543.0 b=10000 p=0 c=100000#
% t=433.42851 plus 22.0 minus 14.0 g=543.0 b=10000 p=0 c=100000#
% t=455.37296 plus 26.0 minus 16.0 g=543.0 b=3815 p=150 c=3965#
% t=468.37296 plus 26.0 minus 16.0 g=543.0 b=2359 p=0 c=2359#
% t=481.37296 plus 26.0 minus 16.0 g=543.0 b=1325 p=0 c=1325#
% t=494.37296 plus 26.0 minus 16.0 g=543.0 b=652 p=0 c=652#
% t=507.37296 plus 26.0 minus 16.0 g=543.0 b=255 p=0 c=255#
% t=520.37296 plus 26.0 minus 16.0 g=543.0 b=66 p=150 c=216#
% t=535.87296 plus 26.0 minus 16.0 g=543.0 b=2 p=-200 c=-198#
% t=585.37296 plus 28.0 minus 16.0 g=543.0 b=* p=150 c=*
 [386

]
%% goal height=543.0, max depth=4.0
% t=28.0 plus 1.0 g=543.0 b=10000 p=150 c=100000#
% t=41.0 plus 1.0 g=543.0 b=10000 p=50 c=100000#
% t=80.50006 plus 4.0 minus 2.0 g=543.0 b=10000 p=0 c=100000#
% t=100.0 plus 7.0 minus 4.0 g=543.0 b=10000 p=300 c=100000#
% t=113.0 plus 7.0 minus 4.0 g=543.0 b=10000 p=0 c=100000#
% t=126.0 plus 8.0 minus 4.0 g=543.0 b=10000 p=150 c=100000#
% t=139.0 plus 8.0 minus 4.0 g=543.0 b=10000 p=0 c=100000#
% t=152.0 plus 8.0 minus 4.0 g=543.0 b=10000 p=0 c=100000#
% t=165.0 plus 8.0 minus 4.0 g=543.0 b=10000 p=0 c=100000#
% t=178.0 plus 8.0 minus 4.0 g=543.0 b=10000 p=150 c=100000#
% t=191.0 plus 8.0 minus 4.0 g=543.0 b=10000 p=0 c=100000#
% t=204.0 plus 9.0 minus 4.0 g=543.0 b=10000 p=150 c=100000#
% t=217.0 plus 9.0 minus 4.0 g=543.0 b=10000 p=0 c=100000#
% t=230.0 plus 9.0 minus 4.0 g=543.0 b=10000 p=0 c=100000#
% t=243.0 plus 9.0 minus 4.0 g=543.0 b=10000 p=50 c=100000#
% t=279.0 plus 12.0 minus 6.0 g=543.0 b=10000 p=0 c=100000#
% t=302.0 plus 15.0 minus 8.0 g=543.0 b=10000 p=200 c=100000#
% t=338.0 plus 18.0 minus 10.0 g=543.0 b=10000 p=0 c=100000#
% t=361.0 plus 21.0 minus 12.0 g=543.0 b=10000 p=0 c=100000#
% t=374.0 plus 22.0 minus 12.0 g=543.0 b=10000 p=200 c=100000#
% t=407.94444 plus 25.0 minus 14.0 g=543.0 b=10000 p=0 c=100000#
% t=429.34444 plus 25.0 minus 14.0 g=543.0 b=10000 p=0 c=100000#
% t=440.34444 plus 25.0 minus 14.0 g=543.0 b=6910 p=0 c=6910#
% t=455.34444 plus 25.0 minus 14.0 g=543.0 b=4303 p=0 c=4303#
% t=478.34444 plus 28.0 minus 16.0 g=543.0 b=1226 p=150 c=1376#
% t=491.34444 plus 28.0 minus 16.0 g=543.0 b=624 p=0 c=624#
% t=504.34444 plus 28.0 minus 16.0 g=543.0 b=263 p=0 c=263#
% t=517.34444 plus 28.0 minus 16.0 g=543.0 b=77 p=0 c=77#
% t=530.34444 plus 28.0 minus 16.0 g=543.0 b=9 p=0 c=9#
% t=543.34444 plus 28.0 minus 16.0 g=543.0 b=0 p=0 c=0#
% t=556.34444 plus 28.0 minus 16.0 g=543.0 b=57 p=150 c=207
% t=569.34444 plus 28.0 minus 16.0 g=543.0 b=* p=0 c=*
 [387

]
%% goal height=543.0, max depth=4.0
% t=10.0 g=543.0 b=10000 p=150 c=100000#
% t=23.0 g=543.0 b=10000 p=0 c=100000#
% t=36.0 plus 1.0 g=543.0 b=10000 p=150 c=100000#
% t=49.0 plus 1.0 g=543.0 b=10000 p=50 c=100000#
% t=85.0 plus 4.0 minus 2.0 g=543.0 b=10000 p=0 c=100000#
% t=131.0 plus 10.0 minus 6.0 g=543.0 b=10000 p=0 c=100000#
% t=146.0 plus 10.0 minus 6.0 g=543.0 b=10000 p=0 c=100000#
% t=169.0 plus 13.0 minus 8.0 g=543.0 b=10000 p=300 c=100000#
% t=182.0 plus 13.0 minus 8.0 g=543.0 b=10000 p=0 c=100000#
% t=195.0 plus 14.0 minus 8.0 g=543.0 b=10000 p=150 c=100000#
% t=208.0 plus 14.0 minus 8.0 g=543.0 b=10000 p=0 c=100000#
% t=221.0 plus 14.0 minus 8.0 g=543.0 b=10000 p=0 c=100000#
% t=234.0 plus 14.0 minus 8.0 g=543.0 b=10000 p=0 c=100000#
% t=247.0 plus 14.0 minus 8.0 g=543.0 b=10000 p=50 c=100000#
% t=283.60478 plus 17.0 minus 10.0 g=543.0 b=10000 p=0 c=100000#
% t=306.0 plus 20.0 minus 12.0 g=543.0 b=10000 p=150 c=100000#
% t=319.0 plus 20.0 minus 12.0 g=543.0 b=10000 p=150 c=100000#
% t=332.0 plus 20.0 minus 12.0 g=543.0 b=10000 p=0 c=100000#
% t=345.0 plus 21.0 minus 12.0 g=543.0 b=10000 p=150 c=100000#
% t=358.0 plus 21.0 minus 12.0 g=543.0 b=10000 p=0 c=100000#
% t=371.0 plus 21.0 minus 12.0 g=543.0 b=10000 p=0 c=100000#
% t=384.0 plus 21.0 minus 12.0 g=543.0 b=10000 p=0 c=100000#
% t=397.0 plus 21.0 minus 12.0 g=543.0 b=10000 p=0 c=100000#
% t=410.0 plus 21.0 minus 12.0 g=543.0 b=10000 p=0 c=100000#
% t=423.0 plus 21.0 minus 12.0 g=543.0 b=10000 p=0 c=100000#
% t=436.0 plus 21.0 minus 12.0 g=543.0 b=10000 p=150 c=100000#
% t=449.0 plus 21.0 minus 12.0 g=543.0 b=10000 p=0 c=100000#
% t=462.0 plus 22.0 minus 12.0 g=543.0 b=4981 p=150 c=5131#
% t=475.0 plus 22.0 minus 12.0 g=543.0 b=2951 p=0 c=2951#
% t=488.0 plus 22.0 minus 12.0 g=543.0 b=1558 p=50 c=1608#
% t=524.0 plus 25.0 minus 14.0 g=543.0 b=43 p=0 c=43#
% t=539.0 plus 25.0 minus 14.0 g=543.0 b=0 p=0 c=0#
% t=608.0 plus 34.0 minus 20.0 g=543.0 b=* p=0 c=*
 [388


]
%% goal height=543.0, max depth=4.0
% t=56.0 plus 6.0 minus 4.0 g=543.0 b=10000 p=0 c=100000#
% t=69.0 plus 7.0 minus 4.0 g=543.0 b=10000 p=150 c=100000#
% t=82.0 plus 7.0 minus 4.0 g=543.0 b=10000 p=0 c=100000#
% t=95.0 plus 7.0 minus 4.0 g=543.0 b=10000 p=150 c=100000#
% t=108.0 plus 7.0 minus 4.0 g=543.0 b=10000 p=0 c=100000#
% t=121.0 plus 8.0 minus 4.0 g=543.0 b=10000 p=200 c=100000#
% t=160.0 plus 11.0 minus 6.0 g=543.0 b=10000 p=0 c=100000#
% t=178.0 plus 11.0 minus 6.0 g=543.0 b=10000 p=0 c=100000#
% t=227.0 plus 17.0 minus 10.0 g=543.0 b=10000 p=0 c=100000#
% t=245.0 plus 17.0 minus 10.0 g=543.0 b=10000 p=0 c=100000#
% t=263.0 plus 17.0 minus 10.0 g=543.0 b=10000 p=0 c=100000#
% t=281.0 plus 17.0 minus 10.0 g=543.0 b=10000 p=0 c=100000#
% t=299.83185 plus 17.0 minus 10.0 g=543.0 b=10000 p=0 c=100000#
% t=322.0 plus 20.0 minus 12.0 g=543.0 b=10000 p=150 c=100000#
% t=335.0 plus 20.0 minus 12.0 g=543.0 b=10000 p=50 c=100000#
% t=371.0 plus 23.0 minus 14.0 g=543.0 b=10000 p=0 c=100000#
% t=394.0 plus 26.0 minus 16.0 g=543.0 b=10000 p=150 c=100000#
% t=407.0 plus 26.0 minus 16.0 g=543.0 b=10000 p=150 c=100000#
% t=420.0 plus 26.0 minus 16.0 g=543.0 b=10000 p=0 c=100000#
% t=433.0 plus 27.0 minus 16.0 g=543.0 b=6758 p=200 c=6958#
% t=481.31621 plus 30.0 minus 18.0 g=543.0 b=866 p=0 c=866#
% t=541.91743 plus 36.0 minus 22.0 g=543.0 b=0 p=0 c=0#
% t=565.69849 plus 39.0 minus 24.0 g=543.0 b=84 p=150 c=234
% t=578.69849 plus 39.0 minus 24.0 g=543.0 b=* p=0 c=*
 [389]
%% goal height=543.0, max depth=4.0
% t=10.0 g=543.0 b=10000 p=150 c=100000#
% t=23.0 g=543.0 b=10000 p=0 c=100000#
% t=36.0 g=543.0 b=10000 p=150 c=100000#
% t=49.0 g=543.0 b=10000 p=0 c=100000#
% t=62.0 plus 1.0 g=543.0 b=10000 p=150 c=100000#
% t=75.0 plus 1.0 g=543.0 b=10000 p=0 c=100000#
% t=88.0 plus 1.0 g=543.0 b=10000 p=50 c=100000#
% t=127.50006 plus 4.0 minus 2.0 g=543.0 b=10000 p=0 c=100000#
% t=147.0 plus 7.0 minus 4.0 g=543.0 b=10000 p=250 c=100000#
% t=160.0 plus 7.0 minus 4.0 g=543.0 b=10000 p=0 c=100000#
% t=173.0 plus 7.0 minus 4.0 g=543.0 b=10000 p=50 c=100000#
% t=221.54018 plus 10.0 minus 6.0 g=543.0 b=10000 p=0 c=100000#
% t=261.3964 plus 10.0 minus 6.0 g=543.0 b=10000 p=0 c=100000#
% t=300.88109 plus 10.0 minus 6.0 g=543.0 b=10000 p=0 c=100000#
% t=322.82553 plus 13.0 minus 8.0 g=543.0 b=10000 p=0 c=100000#
% t=335.82553 plus 14.0 minus 8.0 g=543.0 b=10000 p=150 c=100000#
% t=348.82553 plus 14.0 minus 8.0 g=543.0 b=10000 p=50 c=100000#
% t=388.32559 plus 17.0 minus 10.0 g=543.0 b=10000 p=0 c=100000#
% t=407.82553 plus 20.0 minus 12.0 g=543.0 b=10000 p=150 c=100000#
% t=420.82553 plus 20.0 minus 12.0 g=543.0 b=10000 p=0 c=100000#
% t=433.82553 plus 20.0 minus 12.0 g=543.0 b=10000 p=150 c=100000#
% t=446.82553 plus 20.0 minus 12.0 g=543.0 b=10000 p=0 c=100000#
% t=459.82553 plus 21.0 minus 12.0 g=543.0 b=6204 p=150 c=6354#
% t=472.82553 plus 21.0 minus 12.0 g=543.0 b=3724 p=100 c=3824#
% t=485.82553 plus 21.0 minus 12.0 g=543.0 b=2012 p=50 c=2062#
% t=526.17012 plus 24.0 minus 14.0 g=543.0 b=34 p=0 c=34#
% t=597.13092 plus 33.0 minus 20.0 g=543.0 b=* p=150 c=*
 [390

]
%% goal height=543.0, max depth=4.0
% t=59.84459 plus 6.0 minus 4.0 g=543.0 b=10000 p=150 c=100000#
% t=72.84459 plus 6.0 minus 4.0 g=543.0 b=10000 p=150 c=100000#
% t=85.84459 plus 6.0 minus 4.0 g=543.0 b=10000 p=0 c=100000#
% t=98.84459 plus 7.0 minus 4.0 g=543.0 b=10000 p=250 c=100000#
% t=111.84459 plus 7.0 minus 4.0 g=543.0 b=10000 p=0 c=100000#
% t=124.84459 plus 7.0 minus 4.0 g=543.0 b=10000 p=50 c=100000#
% t=160.84459 plus 10.0 minus 6.0 g=543.0 b=10000 p=0 c=100000#
% t=206.84459 plus 16.0 minus 10.0 g=543.0 b=10000 p=0 c=100000#
% t=252.84459 plus 22.0 minus 14.0 g=543.0 b=10000 p=0 c=100000#
% t=275.84459 plus 25.0 minus 16.0 g=543.0 b=10000 p=150 c=100000#
% t=288.84459 plus 25.0 minus 16.0 g=543.0 b=10000 p=0 c=100000#
% t=301.84459 plus 25.0 minus 16.0 g=543.0 b=10000 p=50 c=100000#
% t=344.32768 plus 28.0 minus 18.0 g=543.0 b=10000 p=0 c=100000#
% t=368.32768 plus 31.0 minus 20.0 g=543.0 b=10000 p=150 c=100000#
% t=381.32768 plus 31.0 minus 20.0 g=543.0 b=10000 p=100 c=100000#
% t=394.32768 plus 31.0 minus 20.0 g=543.0 b=10000 p=0 c=100000#
% t=407.32768 plus 31.0 minus 20.0 g=543.0 b=10000 p=0 c=100000#
% t=420.32768 plus 31.0 minus 20.0 g=543.0 b=6188 p=150 c=6338#
% t=433.32768 plus 31.0 minus 20.0 g=543.0 b=4416 p=0 c=4416#
% t=446.32768 plus 32.0 minus 20.0 g=543.0 b=2753 p=150 c=2903#
% t=459.32768 plus 32.0 minus 20.0 g=543.0 b=1783 p=0 c=1783#
% t=472.32768 plus 32.0 minus 20.0 g=543.0 b=1072 p=0 c=1072#
% t=485.32768 plus 32.0 minus 20.0 g=543.0 b=584 p=0 c=584#
% t=498.32768 plus 32.0 minus 20.0 g=543.0 b=271 p=0 c=271#
% t=511.32768 plus 32.0 minus 20.0 g=543.0 b=96 p=50 c=146#
% t=557.81078 plus 35.0 minus 22.0 g=543.0 b=30 p=0 c=30#
% t=613.29515 plus 41.0 minus 26.0 g=543.0 b=* p=0 c=*
 [391

]
%% goal height=543.0, max depth=4.0
% t=47.53993 plus 3.0 minus 2.0 g=543.0 b=10000 p=0 c=100000#
% t=66.03467 plus 6.0 minus 4.0 g=543.0 b=10000 p=150 c=100000#
% t=79.03467 plus 6.0 minus 4.0 g=543.0 b=10000 p=0 c=100000#
% t=92.03467 plus 6.0 minus 4.0 g=543.0 b=10000 p=50 c=100000#
% t=130.53291 plus 9.0 minus 6.0 g=543.0 b=10000 p=0 c=100000#
% t=196.03062 plus 15.0 minus 10.0 g=543.0 b=10000 p=0 c=100000#
% t=235.08214 plus 15.0 minus 10.0 g=543.0 b=10000 p=0 c=100000#
% t=274.13365 plus 15.0 minus 10.0 g=543.0 b=10000 p=0 c=100000#
% t=303.50415 plus 15.0 minus 10.0 g=543.0 b=10000 p=0 c=100000#
% t=324.4768 plus 15.0 minus 10.0 g=543.0 b=10000 p=0 c=100000#
% t=347.4768 plus 18.0 minus 12.0 g=543.0 b=10000 p=300 c=100000#
% t=360.4768 plus 18.0 minus 12.0 g=543.0 b=10000 p=0 c=100000#
% t=373.4768 plus 19.0 minus 12.0 g=543.0 b=10000 p=150 c=100000#
% t=386.4768 plus 19.0 minus 12.0 g=543.0 b=10000 p=100 c=100000#
% t=401.18663 plus 19.0 minus 12.0 g=543.0 b=10000 p=50 c=100000#
% t=439.18663 plus 22.0 minus 14.0 g=543.0 b=10000 p=0 c=100000#
% t=458.18663 plus 22.0 minus 14.0 g=543.0 b=5711 p=0 c=5711#
% t=504.18663 plus 28.0 minus 18.0 g=543.0 b=265 p=0 c=265#
% t=550.18663 plus 34.0 minus 22.0 g=543.0 b=3 p=0 c=3#
% t=573.18663 plus 37.0 minus 24.0 g=543.0 b=* p=300 c=*
 [392]
%% goal height=543.0, max depth=4.0
% t=10.0 g=543.0 b=10000 p=300 c=100000#
% t=23.0 g=543.0 b=10000 p=0 c=100000#
% t=39.0 plus 2.0 minus 1.0 g=543.0 b=10000 p=150 c=100000#
% t=52.0 plus 2.0 minus 1.0 g=543.0 b=10000 p=0 c=100000#
% t=65.0 plus 2.0 minus 1.0 g=543.0 b=10000 p=0 c=100000#
% t=78.0 plus 2.0 minus 1.0 g=543.0 b=10000 p=0 c=100000#
% t=91.0 plus 2.0 minus 1.0 g=543.0 b=10000 p=50 c=100000#
% t=140.94467 plus 5.0 minus 3.0 g=543.0 b=10000 p=0 c=100000#
% t=158.88911 plus 8.0 minus 5.0 g=543.0 b=10000 p=0 c=100000#
% t=171.88911 plus 9.0 minus 5.0 g=543.0 b=10000 p=150 c=100000#
% t=184.88911 plus 9.0 minus 5.0 g=543.0 b=10000 p=50 c=100000#
% t=220.88911 plus 12.0 minus 7.0 g=543.0 b=10000 p=0 c=100000#
% t=243.88911 plus 15.0 minus 9.0 g=543.0 b=10000 p=150 c=100000#
% t=256.88911 plus 15.0 minus 9.0 g=543.0 b=10000 p=0 c=100000#
% t=269.88911 plus 15.0 minus 9.0 g=543.0 b=10000 p=250 c=100000#
% t=282.88911 plus 15.0 minus 9.0 g=543.0 b=10000 p=0 c=100000#
% t=295.88911 plus 16.0 minus 9.0 g=543.0 b=10000 p=200 c=100000#
% t=331.88911 plus 19.0 minus 11.0 g=543.0 b=10000 p=0 c=100000#
% t=346.88911 plus 19.0 minus 11.0 g=543.0 b=10000 p=0 c=100000#
% t=392.88911 plus 25.0 minus 15.0 g=543.0 b=10000 p=0 c=100000#
% t=415.88911 plus 28.0 minus 17.0 g=543.0 b=10000 p=150 c=100000#
% t=428.88911 plus 28.0 minus 17.0 g=543.0 b=6758 p=50 c=6808#
% t=467.38736 plus 31.0 minus 19.0 g=543.0 b=1448 p=0 c=1448#
% t=487.88911 plus 34.0 minus 21.0 g=543.0 b=425 p=300 c=725#
% t=500.88911 plus 34.0 minus 21.0 g=543.0 b=189 p=0 c=189#
% t=513.88911 plus 35.0 minus 21.0 g=543.0 b=57 p=250 c=307
% t=526.88911 plus 35.0 minus 21.0 g=543.0 b=10 p=50 c=60#
% t=582.88507 plus 38.0 minus 23.0 g=543.0 b=* p=0 c=*
 [393


]
%% goal height=543.0, max depth=4.0
% t=52.99596 plus 3.0 minus 2.0 g=543.0 b=10000 p=0 c=100000#
% t=90.04747 plus 3.0 minus 2.0 g=543.0 b=10000 p=0 c=100000#
% t=113.52013 plus 6.0 minus 4.0 g=543.0 b=10000 p=150 c=100000#
% t=126.52013 plus 6.0 minus 4.0 g=543.0 b=10000 p=0 c=100000#
% t=139.52013 plus 6.0 minus 4.0 g=543.0 b=10000 p=50 c=100000#
% t=190.0186 plus 9.0 minus 6.0 g=543.0 b=10000 p=0 c=100000#
% t=209.79965 plus 12.0 minus 8.0 g=543.0 b=10000 p=150 c=100000#
% t=222.79965 plus 12.0 minus 8.0 g=543.0 b=10000 p=150 c=100000#
% t=237.7441 plus 12.0 minus 8.0 g=543.0 b=10000 p=-200 c=100000#
% t=287.79965 plus 14.0 minus 8.0 g=543.0 b=10000 p=150 c=100000#
% t=300.79965 plus 14.0 minus 8.0 g=543.0 b=10000 p=50 c=100000#
% t=350.7656 plus 17.0 minus 10.0 g=543.0 b=10000 p=0 c=100000#
% t=368.71004 plus 20.0 minus 12.0 g=543.0 b=10000 p=300 c=100000#
% t=418.25021 plus 23.0 minus 14.0 g=543.0 b=10000 p=0 c=100000#
% t=436.74495 plus 27.0 minus 16.0 g=543.0 b=6078 p=200 c=6278#
% t=475.2432 plus 30.0 minus 18.0 g=543.0 b=1147 p=0 c=1147#
% t=495.74495 plus 33.0 minus 20.0 g=543.0 b=293 p=300 c=593#
% t=508.74495 plus 33.0 minus 20.0 g=543.0 b=111 p=0 c=111#
% t=521.74495 plus 34.0 minus 20.0 g=543.0 b=24 p=200 c=224
% t=567.71089 plus 37.0 minus 22.0 g=543.0 b=* p=0 c=*
 [394]
%% goal height=543.0, max depth=4.0
% t=10.0 g=543.0 b=10000 p=200 c=100000#
% t=55.96594 plus 3.0 minus 2.0 g=543.0 b=10000 p=0 c=100000#
% t=83.43195 plus 3.0 minus 2.0 g=543.0 b=10000 p=0 c=100000#
% t=100.94801 plus 3.0 minus 2.0 g=543.0 b=10000 p=0 c=100000#
% t=121.44977 plus 6.0 minus 4.0 g=543.0 b=10000 p=0 c=100000#
% t=167.41571 plus 10.0 minus 6.0 g=543.0 b=10000 p=0 c=100000#
% t=194.88171 plus 10.0 minus 6.0 g=543.0 b=10000 p=0 c=100000#
% t=242.3244 plus 16.0 minus 10.0 g=543.0 b=10000 p=0 c=100000#
% t=262.82616 plus 19.0 minus 12.0 g=543.0 b=10000 p=150 c=100000#
% t=275.82616 plus 19.0 minus 12.0 g=543.0 b=10000 p=0 c=100000#
% t=288.82616 plus 19.0 minus 12.0 g=543.0 b=10000 p=150 c=100000#
% t=301.82616 plus 19.0 minus 12.0 g=543.0 b=10000 p=0 c=100000#
% t=340.3244 plus 23.0 minus 14.0 g=543.0 b=10000 p=0 c=100000#
% t=355.3244 plus 23.0 minus 14.0 g=543.0 b=10000 p=0 c=100000#
% t=375.82616 plus 26.0 minus 16.0 g=543.0 b=10000 p=400 c=100000#
% t=388.82616 plus 26.0 minus 16.0 g=543.0 b=10000 p=0 c=100000#
% t=401.82616 plus 27.0 minus 16.0 g=543.0 b=10000 p=250 c=100000#
% t=414.82616 plus 27.0 minus 16.0 g=543.0 b=10000 p=0 c=100000#
% t=427.82616 plus 27.0 minus 16.0 g=543.0 b=7759 p=50 c=7809#
% t=475.6949 plus 30.0 minus 18.0 g=543.0 b=1127 p=0 c=1127#
% t=494.18964 plus 33.0 minus 20.0 g=543.0 b=323 p=0 c=323#
% t=507.18964 plus 34.0 minus 20.0 g=543.0 b=116 p=150 c=266#
% t=520.18964 plus 34.0 minus 20.0 g=543.0 b=30 p=0 c=30#
% t=533.18964 plus 34.0 minus 20.0 g=543.0 b=2 p=0 c=2#
% t=546.18964 plus 34.0 minus 20.0 g=543.0 b=0 p=0 c=0#
% t=559.18964 plus 34.0 minus 20.0 g=543.0 b=53 p=0 c=53
% t=572.18964 plus 34.0 minus 20.0 g=543.0 b=* p=0 c=*
 [395]
%% goal height=543.0, max depth=4.0
% t=10.0 g=543.0 b=10000 p=0 c=100000#
% t=23.0 g=543.0 b=10000 p=0 c=100000#
% t=36.0 g=543.0 b=10000 p=150 c=100000#
% t=49.0 g=543.0 b=10000 p=0 c=100000#
% t=62.0 plus 1.0 g=543.0 b=10000 p=150 c=100000#
% t=75.0 plus 1.0 g=543.0 b=10000 p=0 c=100000#
% t=88.0 plus 1.0 g=543.0 b=10000 p=50 c=100000#
% t=135.64066 plus 4.0 minus 2.0 g=543.0 b=10000 p=0 c=100000#
% t=154.13539 plus 7.0 minus 4.0 g=543.0 b=10000 p=300 c=100000#
% t=167.13539 plus 7.0 minus 4.0 g=543.0 b=10000 p=0 c=100000#
% t=180.13539 plus 8.0 minus 4.0 g=543.0 b=10000 p=200 c=100000#
% t=226.19916 plus 11.0 minus 6.0 g=543.0 b=10000 p=0 c=100000#
% t=256.19939 plus 11.0 minus 6.0 g=543.0 b=10000 p=0 c=100000#
% t=313.31871 plus 17.0 minus 10.0 g=543.0 b=10000 p=0 c=100000#
% t=334.76384 plus 20.0 minus 12.0 g=543.0 b=10000 p=150 c=100000#
% t=347.76384 plus 20.0 minus 12.0 g=543.0 b=10000 p=50 c=100000#
% t=392.30249 plus 23.0 minus 14.0 g=543.0 b=10000 p=0 c=100000#
% t=442.34418 plus 29.0 minus 18.0 g=543.0 b=4168 p=0 c=4168#
% t=474.44142 plus 29.0 minus 18.0 g=543.0 b=1320 p=0 c=1320#
% t=492.38586 plus 33.0 minus 20.0 g=543.0 b=359 p=150 c=509#
% t=505.38586 plus 33.0 minus 20.0 g=543.0 b=147 p=0 c=147#
% t=518.38586 plus 33.0 minus 20.0 g=543.0 b=41 p=0 c=41#
% t=531.38586 plus 33.0 minus 20.0 g=543.0 b=4 p=0 c=4#
% t=544.38586 plus 33.0 minus 20.0 g=543.0 b=0 p=0 c=0#
% t=557.38586 plus 33.0 minus 20.0 g=543.0 b=37 p=50 c=87
% t=602.39632 plus 36.0 minus 22.0 g=543.0 b=* p=0 c=*

[396]
%% goal height=543.0, max depth=4.0
% t=10.0 g=543.0 b=10000 p=50 c=100000#
% t=55.01045 plus 3.0 minus 2.0 g=543.0 b=10000 p=0 c=100000#
% t=108.96535 plus 9.0 minus 6.0 g=543.0 b=10000 p=0 c=100000#
% t=156.40804 plus 15.0 minus 10.0 g=543.0 b=10000 p=0 c=100000#
% t=176.90979 plus 18.0 minus 12.0 g=543.0 b=10000 p=150 c=100000#
% t=189.90979 plus 18.0 minus 12.0 g=543.0 b=10000 p=50 c=100000#
% t=225.90979 plus 21.0 minus 14.0 g=543.0 b=10000 p=0 c=100000#
% t=248.90979 plus 24.0 minus 16.0 g=543.0 b=10000 p=200 c=100000#
% t=287.40804 plus 27.0 minus 18.0 g=543.0 b=10000 p=0 c=100000#
% t=302.40804 plus 27.0 minus 18.0 g=543.0 b=10000 p=0 c=100000#
% t=322.90979 plus 30.0 minus 20.0 g=543.0 b=10000 p=150 c=100000#
% t=335.90979 plus 30.0 minus 20.0 g=543.0 b=10000 p=50 c=100000#
% t=371.90979 plus 33.0 minus 22.0 g=543.0 b=10000 p=0 c=100000#
% t=386.90979 plus 33.0 minus 22.0 g=543.0 b=10000 p=0 c=100000#
% t=409.90979 plus 36.0 minus 24.0 g=543.0 b=5050 p=200 c=5250#
% t=448.40804 plus 39.0 minus 26.0 g=543.0 b=1424 p=0 c=1424#
% t=468.90979 plus 42.0 minus 28.0 g=543.0 b=546 p=150 c=696#
% t=481.90979 plus 42.0 minus 28.0 g=543.0 b=305 p=0 c=305#
% t=494.90979 plus 42.0 minus 28.0 g=543.0 b=150 p=150 c=300#
% t=507.90979 plus 42.0 minus 28.0 g=543.0 b=58 p=0 c=58#
% t=520.90979 plus 43.0 minus 28.0 g=543.0 b=13 p=150 c=163
% t=533.90979 plus 43.0 minus 28.0 g=543.0 b=1 p=100 c=101
% t=546.90979 plus 43.0 minus 28.0 g=543.0 b=0 p=0 c=0#
% t=559.90979 plus 43.0 minus 28.0 g=543.0 b=22 p=0 c=22
% t=572.90979 plus 43.0 minus 28.0 g=543.0 b=* p=150 c=*
 [397

]
%% goal height=543.0, max depth=4.0
% t=10.0 g=543.0 b=10000 p=0 c=100000#
% t=23.0 g=543.0 b=10000 p=150 c=100000#
% t=67.1604 plus 3.0 minus 2.0 g=543.0 b=10000 p=0 c=100000#
% t=85.65514 plus 6.0 minus 4.0 g=543.0 b=10000 p=0 c=100000#
% t=138.79846 plus 10.0 minus 6.0 g=543.0 b=10000 p=0 c=100000#
% t=167.01442 plus 10.0 minus 6.0 g=543.0 b=10000 p=0 c=100000#
% t=221.9248 plus 16.0 minus 10.0 g=543.0 b=10000 p=0 c=100000#
% t=239.86925 plus 19.0 minus 12.0 g=543.0 b=10000 p=200 c=100000#
% t=288.35815 plus 22.0 minus 14.0 g=543.0 b=10000 p=0 c=100000#
% t=307.1392 plus 22.0 minus 14.0 g=543.0 b=10000 p=0 c=100000#
% t=355.02977 plus 28.0 minus 18.0 g=543.0 b=10000 p=0 c=100000#
% t=370.61137 plus 28.0 minus 18.0 g=543.0 b=10000 p=0 c=100000#
% t=385.61137 plus 28.0 minus 18.0 g=543.0 b=10000 p=0 c=100000#
% t=400.61137 plus 28.0 minus 18.0 g=543.0 b=10000 p=0 c=100000#
% t=413.1392 plus 28.0 minus 18.0 g=543.0 b=10000 p=0 c=100000#
% t=430.61137 plus 28.0 minus 18.0 g=543.0 b=6461 p=0 c=6461#
% t=445.66692 plus 28.0 minus 18.0 g=543.0 b=4193 p=0 c=4193#
% t=468.66692 plus 31.0 minus 20.0 g=543.0 b=1377 p=300 c=1677#
% t=481.66692 plus 31.0 minus 20.0 g=543.0 b=772 p=0 c=772#
% t=494.66692 plus 32.0 minus 20.0 g=543.0 b=343 p=150 c=493#
% t=507.66692 plus 32.0 minus 20.0 g=543.0 b=133 p=0 c=133#
% t=520.66692 plus 32.0 minus 20.0 g=543.0 b=34 p=0 c=34#
% t=533.66692 plus 32.0 minus 20.0 g=543.0 b=2 p=150 c=152
% t=546.66692 plus 32.0 minus 20.0 g=543.0 b=1 p=0 c=1#
% t=586.82732 plus 36.0 minus 22.0 g=543.0 b=* p=0 c=*
 [398

]
%% goal height=543.0, max depth=4.0
% t=37.1604 plus 3.0 minus 2.0 g=543.0 b=10000 p=0 c=100000#
% t=85.6604 plus 9.0 minus 6.0 g=543.0 b=10000 p=0 c=100000#
% t=113.62634 plus 9.0 minus 6.0 g=543.0 b=10000 p=0 c=100000#
% t=144.09235 plus 9.0 minus 6.0 g=543.0 b=10000 p=0 c=100000#
% t=164.08533 plus 9.0 minus 6.0 g=543.0 b=10000 p=0 c=100000#
% t=213.4466 plus 15.0 minus 10.0 g=543.0 b=10000 p=0 c=100000#
% t=237.66255 plus 15.0 minus 10.0 g=543.0 b=10000 p=0 c=100000#
% t=256.4436 plus 15.0 minus 10.0 g=543.0 b=10000 p=0 c=100000#
% t=303.94359 plus 21.0 minus 14.0 g=543.0 b=10000 p=0 c=100000#
% t=319.91577 plus 21.0 minus 14.0 g=543.0 b=10000 p=0 c=100000#
% t=334.91577 plus 21.0 minus 14.0 g=543.0 b=10000 p=0 c=100000#
% t=352.97131 plus 21.0 minus 14.0 g=543.0 b=10000 p=0 c=100000#
% t=375.97131 plus 24.0 minus 16.0 g=543.0 b=10000 p=300 c=100000#
% t=388.97131 plus 24.0 minus 16.0 g=543.0 b=10000 p=0 c=100000#
% t=401.97131 plus 25.0 minus 16.0 g=543.0 b=10000 p=150 c=100000#
% t=414.97131 plus 25.0 minus 16.0 g=543.0 b=10000 p=0 c=100000#
% t=427.97131 plus 25.0 minus 16.0 g=543.0 b=10000 p=0 c=100000#
% t=440.97131 plus 25.0 minus 16.0 g=543.0 b=6792 p=0 c=6792#
% t=453.97131 plus 25.0 minus 16.0 g=543.0 b=4505 p=150 c=4655#
% t=466.97131 plus 25.0 minus 16.0 g=543.0 b=2809 p=0 c=2809#
% t=479.97131 plus 26.0 minus 16.0 g=543.0 b=1418 p=200 c=1618#
% t=524.013 plus 29.0 minus 18.0 g=543.0 b=28 p=0 c=28#
% t=545.95744 plus 32.0 minus 20.0 g=543.0 b=0 p=150 c=150
% t=558.95744 plus 32.0 minus 20.0 g=543.0 b=50 p=150 c=200
% t=571.95744 plus 32.0 minus 20.0 g=543.0 b=* p=0 c=*
 [399]
%% goal height=543.0, max depth=4.0
% t=10.0 g=543.0 b=10000 p=150 c=100000#
% t=23.0 g=543.0 b=10000 p=150 c=100000#
% t=36.0 g=543.0 b=10000 p=0 c=100000#
% t=49.0 plus 1.0 g=543.0 b=10000 p=200 c=100000#
% t=93.04169 plus 4.0 minus 2.0 g=543.0 b=10000 p=0 c=100000#
% t=109.01434 plus 4.0 minus 2.0 g=543.0 b=10000 p=0 c=100000#
% t=132.01434 plus 7.0 minus 4.0 g=543.0 b=10000 p=200 c=100000#
% t=170.01434 plus 10.0 minus 6.0 g=543.0 b=10000 p=0 c=100000#
% t=187.01434 plus 10.0 minus 6.0 g=543.0 b=10000 p=0 c=100000#
% t=210.01434 plus 14.0 minus 8.0 g=543.0 b=10000 p=150 c=100000#
% t=223.01434 plus 14.0 minus 8.0 g=543.0 b=10000 p=150 c=100000#
% t=278.71802 plus 17.0 minus 10.0 g=543.0 b=10000 p=0 c=100000#
% t=332.86613 plus 23.0 minus 14.0 g=543.0 b=10000 p=0 c=100000#
% t=365.06981 plus 23.0 minus 14.0 g=543.0 b=10000 p=0 c=100000#
% t=382.56454 plus 24.0 minus 15.0 g=543.0 b=10000 p=0 c=100000#
% t=405.56454 plus 27.0 minus 17.0 g=543.0 b=10000 p=200 c=100000#
% t=444.06279 plus 30.0 minus 19.0 g=543.0 b=3579 p=0 c=3579#
% t=464.56454 plus 33.0 minus 21.0 g=543.0 b=1337 p=300 c=1637#
% t=477.56454 plus 33.0 minus 21.0 g=543.0 b=776 p=0 c=776#
% t=490.56454 plus 34.0 minus 21.0 g=543.0 b=366 p=150 c=516#
% t=503.56454 plus 34.0 minus 21.0 g=543.0 b=155 p=0 c=155#
% t=516.56454 plus 34.0 minus 21.0 g=543.0 b=46 p=0 c=46#
% t=529.56454 plus 34.0 minus 21.0 g=543.0 b=6 p=50 c=56
% t=568.06279 plus 37.0 minus 23.0 g=543.0 b=* p=0 c=*
 [400

]
%% goal height=543.0, max depth=4.0
% t=10.0 g=543.0 b=10000 p=50 c=100000#
% t=48.49825 plus 3.0 minus 2.0 g=543.0 b=10000 p=0 c=100000#
% t=69.0 plus 6.0 minus 4.0 g=543.0 b=10000 p=200 c=100000#
% t=113.04169 plus 9.0 minus 6.0 g=543.0 b=10000 p=0 c=100000#
% t=117.04169 plus 12.0 minus 8.0 g=543.0 b=10000 p=-200 c=100000#
% t=162.18217 plus 14.0 minus 8.0 g=543.0 b=10000 p=150 c=100000#
% t=175.18217 plus 14.0 minus 8.0 g=543.0 b=10000 p=50 c=100000#
% t=211.18217 plus 17.0 minus 10.0 g=543.0 b=10000 p=0 c=100000#
% t=234.18217 plus 20.0 minus 12.0 g=543.0 b=10000 p=150 c=100000#
% t=247.18217 plus 20.0 minus 12.0 g=543.0 b=10000 p=150 c=100000#
% t=260.18217 plus 20.0 minus 12.0 g=543.0 b=10000 p=0 c=100000#
% t=273.18217 plus 21.0 minus 12.0 g=543.0 b=10000 p=200 c=100000#
% t=311.68042 plus 24.0 minus 14.0 g=543.0 b=10000 p=0 c=100000#
% t=332.18217 plus 27.0 minus 16.0 g=543.0 b=10000 p=200 c=100000#
% t=386.59267 plus 30.0 minus 18.0 g=543.0 b=10000 p=0 c=100000#
% t=404.53711 plus 33.0 minus 20.0 g=543.0 b=7379 p=150 c=7529#
% t=417.53711 plus 33.0 minus 20.0 g=543.0 b=5490 p=150 c=5640#
% t=430.53711 plus 33.0 minus 20.0 g=543.0 b=3954 p=0 c=3954#
% t=443.53711 plus 34.0 minus 20.0 g=543.0 b=2495 p=150 c=2645#
% t=456.53711 plus 34.0 minus 20.0 g=543.0 b=1642 p=0 c=1642#
% t=469.53711 plus 34.0 minus 20.0 g=543.0 b=1005 p=0 c=1005#
% t=482.53711 plus 34.0 minus 20.0 g=543.0 b=562 p=0 c=562#
% t=495.53711 plus 34.0 minus 20.0 g=543.0 b=271 p=50 c=321#
% t=540.28719 plus 37.0 minus 22.0 g=543.0 b=0 p=0 c=0#
% t=595.43098 plus 43.0 minus 26.0 g=543.0 b=* p=0 c=*
 [401

]
%% goal height=543.0, max depth=4.0
% t=47.19936 plus 3.0 minus 2.0 g=543.0 b=10000 p=0 c=100000#
% t=81.70992 plus 3.0 minus 2.0 g=543.0 b=10000 p=0 c=100000#
% t=140.85371 plus 9.0 minus 6.0 g=543.0 b=10000 p=0 c=100000#
% t=158.79816 plus 12.0 minus 8.0 g=543.0 b=10000 p=0 c=100000#
% t=171.79816 plus 13.0 minus 8.0 g=543.0 b=10000 p=150 c=100000#
% t=184.79816 plus 13.0 minus 8.0 g=543.0 b=10000 p=0 c=100000#
% t=197.79816 plus 13.0 minus 8.0 g=543.0 b=10000 p=100 c=100000#
% t=210.79816 plus 13.0 minus 8.0 g=543.0 b=10000 p=0 c=100000#
% t=223.79816 plus 13.0 minus 8.0 g=543.0 b=10000 p=0 c=100000#
% t=236.79816 plus 13.0 minus 8.0 g=543.0 b=10000 p=0 c=100000#
% t=249.79816 plus 13.0 minus 8.0 g=543.0 b=10000 p=150 c=100000#
% t=262.79816 plus 13.0 minus 8.0 g=543.0 b=10000 p=0 c=100000#
% t=275.79816 plus 14.0 minus 8.0 g=543.0 b=10000 p=150 c=100000#
% t=288.79816 plus 14.0 minus 8.0 g=543.0 b=10000 p=0 c=100000#
% t=301.79816 plus 14.0 minus 8.0 g=543.0 b=10000 p=50 c=100000#
% t=341.29822 plus 17.0 minus 10.0 g=543.0 b=10000 p=0 c=100000#
% t=360.79816 plus 20.0 minus 12.0 g=543.0 b=10000 p=150 c=100000#
% t=373.79816 plus 20.0 minus 12.0 g=543.0 b=10000 p=50 c=100000#
% t=415.84912 plus 23.0 minus 14.0 g=543.0 b=10000 p=0 c=100000#
% t=469.15132 plus 29.0 minus 18.0 g=543.0 b=1648 p=0 c=1648#
% t=499.74681 plus 29.0 minus 18.0 g=543.0 b=329 p=0 c=329#
% t=523.21947 plus 32.0 minus 20.0 g=543.0 b=23 p=300 c=323#
% t=536.21947 plus 32.0 minus 20.0 g=543.0 b=1 p=0 c=1#
% t=549.21947 plus 33.0 minus 20.0 g=543.0 b=3 p=200 c=203
% t=597.59312 plus 36.0 minus 22.0 g=543.0 b=* p=0 c=*
 [402

]
%% goal height=543.0, max depth=4.0
% t=10.0 g=543.0 b=10000 p=200 c=100000#
% t=58.37366 plus 3.0 minus 2.0 g=543.0 b=10000 p=0 c=100000#
% t=101.81635 plus 9.0 minus 6.0 g=543.0 b=10000 p=0 c=100000#
% t=122.3181 plus 12.0 minus 8.0 g=543.0 b=10000 p=150 c=100000#
% t=135.3181 plus 12.0 minus 8.0 g=543.0 b=10000 p=0 c=100000#
% t=148.3181 plus 12.0 minus 8.0 g=543.0 b=10000 p=0 c=100000#
% t=161.3181 plus 12.0 minus 8.0 g=543.0 b=10000 p=0 c=100000#
% t=174.3181 plus 12.0 minus 8.0 g=543.0 b=10000 p=0 c=100000#
% t=187.3181 plus 12.0 minus 8.0 g=543.0 b=10000 p=0 c=100000#
% t=200.3181 plus 12.0 minus 8.0 g=543.0 b=10000 p=0 c=100000#
% t=213.3181 plus 12.0 minus 8.0 g=543.0 b=10000 p=0 c=100000#
% t=226.3181 plus 12.0 minus 8.0 g=543.0 b=10000 p=0 c=100000#
% t=239.3181 plus 12.0 minus 8.0 g=543.0 b=10000 p=0 c=100000#
% t=252.3181 plus 12.0 minus 8.0 g=543.0 b=10000 p=150 c=100000#
% t=265.3181 plus 12.0 minus 8.0 g=543.0 b=10000 p=-50 c=100000#
% t=281.3181 plus 14.0 minus 9.0 g=543.0 b=10000 p=150 c=100000#
% t=294.3181 plus 14.0 minus 9.0 g=543.0 b=10000 p=0 c=100000#
% t=307.3181 plus 14.0 minus 9.0 g=543.0 b=10000 p=50 c=100000#
% t=343.3181 plus 17.0 minus 11.0 g=543.0 b=10000 p=0 c=100000#
% t=366.3181 plus 20.0 minus 13.0 g=543.0 b=10000 p=200 c=100000#
% t=402.3181 plus 23.0 minus 15.0 g=543.0 b=10000 p=0 c=100000#
% t=425.3181 plus 27.0 minus 17.0 g=543.0 b=10000 p=200 c=100000#
% t=461.3181 plus 30.0 minus 19.0 g=543.0 b=2012 p=0 c=2012#
% t=484.3181 plus 33.0 minus 21.0 g=543.0 b=562 p=150 c=712#
% t=497.3181 plus 33.0 minus 21.0 g=543.0 b=265 p=150 c=415#
% t=510.3181 plus 33.0 minus 21.0 g=543.0 b=97 p=0 c=97#
% t=546.3181 plus 37.0 minus 23.0 g=543.0 b=0 p=1000 c=1000
% t=569.3181 plus 40.0 minus 25.0 g=543.0 b=* p=150 c=*
 [403

]
%% goal height=543.0, max depth=4.0
% t=33.0 plus 3.0 minus 2.0 g=543.0 b=10000 p=1000 c=100000#
% t=56.0 plus 6.0 minus 4.0 g=543.0 b=10000 p=150 c=100000#
% t=69.0 plus 6.0 minus 4.0 g=543.0 b=10000 p=0 c=100000#
% t=82.0 plus 6.0 minus 4.0 g=543.0 b=10000 p=50 c=100000#
% t=118.0 plus 9.0 minus 6.0 g=543.0 b=10000 p=0 c=100000#
% t=170.0 plus 15.0 minus 10.0 g=543.0 b=10000 p=0 c=100000#
% t=206.48787 plus 15.0 minus 10.0 g=543.0 b=10000 p=0 c=100000#
% t=224.43231 plus 19.0 minus 12.0 g=543.0 b=10000 p=200 c=100000#
% t=271.5278 plus 22.0 minus 14.0 g=543.0 b=10000 p=0 c=100000#
% t=324.46005 plus 28.0 minus 18.0 g=543.0 b=10000 p=0 c=100000#
% t=346.96005 plus 31.0 minus 20.0 g=543.0 b=10000 p=200 c=100000#
% t=382.96005 plus 34.0 minus 22.0 g=543.0 b=10000 p=0 c=100000#
% t=397.96005 plus 34.0 minus 22.0 g=543.0 b=7759 p=0 c=7759#
% t=420.96005 plus 37.0 minus 24.0 g=543.0 b=3579 p=200 c=3779#
% t=459.4583 plus 40.0 minus 26.0 g=543.0 b=909 p=0 c=909#
% t=474.4583 plus 40.0 minus 26.0 g=543.0 b=500 p=0 c=500#
% t=494.96005 plus 43.0 minus 28.0 g=543.0 b=138 p=300 c=438#
% t=507.96005 plus 43.0 minus 28.0 g=543.0 b=54 p=-500 c=-446#
% t=520.96005 plus 44.0 minus 28.0 g=543.0 b=12 p=200 c=212
% t=556.96005 plus 47.0 minus 30.0 g=543.0 b=10 p=0 c=10
% t=571.96005 plus 47.0 minus 30.0 g=543.0 b=89 p=0 c=89
% t=594.96005 plus 50.0 minus 32.0 g=543.0 b=* p=150 c=*
 [404]
%% goal height=543.0, max depth=4.0
% t=10.0 g=543.0 b=10000 p=200 c=100000#
% t=46.0 plus 3.0 minus 2.0 g=543.0 b=10000 p=0 c=100000#
% t=61.0 plus 3.0 minus 2.0 g=543.0 b=10000 p=0 c=100000#
% t=84.0 plus 6.0 minus 4.0 g=543.0 b=10000 p=150 c=100000#
% t=97.0 plus 6.0 minus 4.0 g=543.0 b=10000 p=0 c=100000#
% t=110.0 plus 6.0 minus 4.0 g=543.0 b=10000 p=50 c=100000#
% t=180.0 plus 9.0 minus 6.0 g=543.0 b=10000 p=0 c=100000#
% t=203.0 plus 12.0 minus 8.0 g=543.0 b=10000 p=150 c=100000#
% t=216.0 plus 12.0 minus 8.0 g=543.0 b=10000 p=0 c=100000#
% t=229.0 plus 12.0 minus 8.0 g=543.0 b=10000 p=0 c=100000#
% t=242.0 plus 12.0 minus 8.0 g=543.0 b=10000 p=150 c=100000#
% t=255.0 plus 12.0 minus 8.0 g=543.0 b=10000 p=0 c=100000#
% t=268.0 plus 13.0 minus 8.0 g=543.0 b=10000 p=200 c=100000#
% t=307.0 plus 16.0 minus 10.0 g=543.0 b=10000 p=0 c=100000#
% t=325.0 plus 16.0 minus 10.0 g=543.0 b=10000 p=0 c=100000#
% t=343.0 plus 16.0 minus 10.0 g=543.0 b=10000 p=0 c=100000#
% t=361.0 plus 16.0 minus 10.0 g=543.0 b=10000 p=0 c=100000#
% t=379.0 plus 16.0 minus 10.0 g=543.0 b=10000 p=0 c=100000#
% t=397.0 plus 16.0 minus 10.0 g=543.0 b=10000 p=0 c=100000#
% t=420.0 plus 19.0 minus 12.0 g=543.0 b=10000 p=150 c=100000#
% t=433.0 plus 19.0 minus 12.0 g=543.0 b=10000 p=0 c=100000#
% t=446.0 plus 19.0 minus 12.0 g=543.0 b=10000 p=150 c=100000#
% t=459.0 plus 19.0 minus 12.0 g=543.0 b=10000 p=0 c=100000#
% t=472.0 plus 20.0 minus 12.0 g=543.0 b=4467 p=150 c=4617#
% t=485.0 plus 20.0 minus 12.0 g=543.0 b=2435 p=0 c=2435#
% t=498.0 plus 20.0 minus 12.0 g=543.0 b=1137 p=100 c=1237#
% t=511.0 plus 20.0 minus 12.0 g=543.0 b=409 p=0 c=409#
% t=524.0 plus 20.0 minus 12.0 g=543.0 b=86 p=150 c=236#
% t=537.0 plus 20.0 minus 12.0 g=543.0 b=3 p=0 c=3#
% t=550.0 plus 21.0 minus 12.0 g=543.0 b=20 p=150 c=170
% t=563.0 plus 21.0 minus 12.0 g=543.0 b=* p=0 c=*
 [405

]
%% goal height=543.0, max depth=4.0
% t=10.0 g=543.0 b=10000 p=150 c=100000#
% t=23.0 g=543.0 b=10000 p=0 c=100000#
% t=36.0 g=543.0 b=10000 p=0 c=100000#
% t=49.0 g=543.0 b=10000 p=0 c=100000#
% t=62.0 g=543.0 b=10000 p=50 c=100000#
% t=98.0 plus 3.0 minus 2.0 g=543.0 b=10000 p=0 c=100000#
% t=146.49825 plus 9.0 minus 6.0 g=543.0 b=10000 p=0 c=100000#
% t=167.0 plus 12.0 minus 8.0 g=543.0 b=10000 p=150 c=100000#
% t=180.0 plus 12.0 minus 8.0 g=543.0 b=10000 p=50 c=100000#
% t=216.83185 plus 15.0 minus 10.0 g=543.0 b=10000 p=0 c=100000#
% t=239.0 plus 18.0 minus 12.0 g=543.0 b=10000 p=300 c=100000#
% t=252.0 plus 18.0 minus 12.0 g=543.0 b=10000 p=0 c=100000#
% t=265.0 plus 19.0 minus 12.0 g=543.0 b=10000 p=200 c=100000#
% t=301.0 plus 22.0 minus 14.0 g=543.0 b=10000 p=0 c=100000#
% t=324.0 plus 25.0 minus 16.0 g=543.0 b=10000 p=150 c=100000#
% t=337.0 plus 25.0 minus 16.0 g=543.0 b=10000 p=50 c=100000#
% t=382.53584 plus 28.0 minus 18.0 g=543.0 b=10000 p=0 c=100000#
% t=440.07578 plus 34.0 minus 22.0 g=543.0 b=2772 p=0 c=2772#
% t=458.57051 plus 37.0 minus 24.0 g=543.0 b=1184 p=150 c=1334#
% t=471.57051 plus 37.0 minus 24.0 g=543.0 b=718 p=150 c=868#
% t=484.57051 plus 37.0 minus 24.0 g=543.0 b=394 p=0 c=394#
% t=497.57051 plus 38.0 minus 24.0 g=543.0 b=171 p=150 c=321#
% t=510.57051 plus 38.0 minus 24.0 g=543.0 b=62 p=150 c=212#
% t=558.55832 plus 41.0 minus 26.0 g=543.0 b=21 p=0 c=21#
% t=599.50276 plus 47.0 minus 30.0 g=543.0 b=* p=0 c=*
 [406]
%% goal height=543.0, max depth=4.0
% t=33.0 plus 3.0 minus 2.0 g=543.0 b=10000 p=0 c=100000#
% t=48.0 plus 3.0 minus 2.0 g=543.0 b=10000 p=0 c=100000#
% t=96.49825 plus 9.0 minus 6.0 g=543.0 b=10000 p=0 c=100000#
% t=109.0 plus 9.0 minus 6.0 g=543.0 b=10000 p=0 c=100000#
% t=124.0 plus 9.0 minus 6.0 g=543.0 b=10000 p=0 c=100000#
% t=141.49825 plus 9.0 minus 6.0 g=543.0 b=10000 p=0 c=100000#
% t=162.0 plus 12.0 minus 8.0 g=543.0 b=10000 p=-50 c=100000#
% t=178.0 plus 14.0 minus 9.0 g=543.0 b=10000 p=150 c=100000#
% t=191.0 plus 14.0 minus 9.0 g=543.0 b=10000 p=0 c=100000#
% t=204.0 plus 14.0 minus 9.0 g=543.0 b=10000 p=0 c=100000#
% t=217.0 plus 14.0 minus 9.0 g=543.0 b=10000 p=0 c=100000#
% t=230.0 plus 14.0 minus 9.0 g=543.0 b=10000 p=50 c=100000#
% t=270.0 plus 17.0 minus 11.0 g=543.0 b=10000 p=0 c=100000#
% t=292.55627 plus 17.0 minus 11.0 g=543.0 b=10000 p=0 c=100000#
% t=312.0 plus 20.0 minus 13.0 g=543.0 b=10000 p=150 c=100000#
% t=325.0 plus 20.0 minus 13.0 g=543.0 b=10000 p=50 c=100000#
% t=361.0 plus 23.0 minus 15.0 g=543.0 b=10000 p=0 c=100000#
% t=376.0 plus 23.0 minus 15.0 g=543.0 b=10000 p=0 c=100000#
% t=399.0 plus 26.0 minus 17.0 g=543.0 b=10000 p=0 c=100000#
% t=413.38702 plus 27.0 minus 17.0 g=543.0 b=10000 p=250 c=100000#
% t=426.38702 plus 27.0 minus 17.0 g=543.0 b=8038 p=50 c=8088#
% t=485.61407 plus 30.0 minus 19.0 g=543.0 b=699 p=0 c=699#
% t=521.34113 plus 30.0 minus 19.0 g=543.0 b=37 p=0 c=37#
% t=541.12218 plus 34.0 minus 21.0 g=543.0 b=0 p=200 c=200
% t=596.79367 plus 37.0 minus 23.0 g=543.0 b=* p=0 c=*
 [407]
%% goal height=543.0, max depth=4.0
% t=10.0 g=543.0 b=10000 p=200 c=100000#
% t=65.6715 plus 3.0 minus 2.0 g=543.0 b=10000 p=0 c=100000#
% t=83.61594 plus 6.0 minus 4.0 g=543.0 b=10000 p=150 c=100000#
% t=96.61594 plus 6.0 minus 4.0 g=543.0 b=10000 p=50 c=100000#
% t=132.61594 plus 9.0 minus 6.0 g=543.0 b=10000 p=0 c=100000#
% t=147.61594 plus 9.0 minus 6.0 g=543.0 b=10000 p=0 c=100000#
% t=162.61594 plus 9.0 minus 6.0 g=543.0 b=10000 p=0 c=100000#
% t=177.61594 plus 9.0 minus 6.0 g=543.0 b=10000 p=0 c=100000#
% t=192.61594 plus 9.0 minus 6.0 g=543.0 b=10000 p=0 c=100000#
% t=207.61594 plus 9.0 minus 6.0 g=543.0 b=10000 p=0 c=100000#
% t=222.61594 plus 9.0 minus 6.0 g=543.0 b=10000 p=0 c=100000#
% t=237.61594 plus 9.0 minus 6.0 g=543.0 b=10000 p=0 c=100000#
% t=252.61594 plus 9.0 minus 6.0 g=543.0 b=10000 p=0 c=100000#
% t=267.61594 plus 9.0 minus 6.0 g=543.0 b=10000 p=0 c=100000#
% t=282.61594 plus 9.0 minus 6.0 g=543.0 b=10000 p=0 c=100000#
% t=297.61594 plus 9.0 minus 6.0 g=543.0 b=10000 p=0 c=100000#
% t=320.61594 plus 12.0 minus 8.0 g=543.0 b=10000 p=150 c=100000#
% t=333.61594 plus 12.0 minus 8.0 g=543.0 b=10000 p=0 c=100000#
% t=346.61594 plus 12.0 minus 8.0 g=543.0 b=10000 p=0 c=100000#
% t=359.61594 plus 12.0 minus 8.0 g=543.0 b=10000 p=0 c=100000#
% t=372.61594 plus 12.0 minus 8.0 g=543.0 b=10000 p=150 c=100000#
% t=385.61594 plus 12.0 minus 8.0 g=543.0 b=10000 p=-50 c=100000#
% t=401.61594 plus 14.0 minus 9.0 g=543.0 b=10000 p=150 c=100000#
% t=414.61594 plus 14.0 minus 9.0 g=543.0 b=10000 p=0 c=100000#
% t=427.61594 plus 14.0 minus 9.0 g=543.0 b=10000 p=0 c=100000#
% t=440.61594 plus 14.0 minus 9.0 g=543.0 b=10000 p=0 c=100000#
% t=453.61594 plus 14.0 minus 9.0 g=543.0 b=10000 p=0 c=100000#
% t=466.61594 plus 14.0 minus 9.0 g=543.0 b=10000 p=50 c=100000#
% t=513.15587 plus 17.0 minus 11.0 g=543.0 b=539 p=0 c=539#
% t=537.15587 plus 20.0 minus 13.0 g=543.0 b=2 p=400 c=402#
% t=550.15587 plus 20.0 minus 13.0 g=543.0 b=17 p=0 c=17#
% t=563.15587 plus 21.0 minus 13.0 g=543.0 b=* p=150 c=*

[408


]
%% goal height=543.0, max depth=4.0
% t=10.0 g=543.0 b=10000 p=150 c=100000#
% t=23.0 g=543.0 b=10000 p=150 c=100000#
% t=59.0 plus 3.0 minus 2.0 g=543.0 b=10000 p=0 c=100000#
% t=74.0 plus 3.0 minus 2.0 g=543.0 b=10000 p=0 c=100000#
% t=97.0 plus 6.0 minus 4.0 g=543.0 b=10000 p=150 c=100000#
% t=110.0 plus 6.0 minus 4.0 g=543.0 b=10000 p=50 c=100000#
% t=146.83185 plus 9.0 minus 6.0 g=543.0 b=10000 p=0 c=100000#
% t=192.0 plus 15.0 minus 10.0 g=543.0 b=10000 p=0 c=100000#
% t=208.94444 plus 15.0 minus 10.0 g=543.0 b=10000 p=0 c=100000#
% t=222.0 plus 15.0 minus 10.0 g=543.0 b=10000 p=0 c=100000#
% t=245.0 plus 18.0 minus 12.0 g=543.0 b=10000 p=150 c=100000#
% t=258.0 plus 18.0 minus 12.0 g=543.0 b=10000 p=50 c=100000#
% t=294.0 plus 21.0 minus 14.0 g=543.0 b=10000 p=0 c=100000#
% t=317.0 plus 24.0 minus 16.0 g=543.0 b=10000 p=0 c=100000#
% t=330.0 plus 25.0 minus 16.0 g=543.0 b=10000 p=150 c=100000#
% t=343.0 plus 25.0 minus 16.0 g=543.0 b=10000 p=0 c=100000#
% t=356.0 plus 25.0 minus 16.0 g=543.0 b=10000 p=0 c=100000#
% t=369.0 plus 25.0 minus 16.0 g=543.0 b=10000 p=0 c=100000#
% t=382.0 plus 25.0 minus 16.0 g=543.0 b=10000 p=0 c=100000#
% t=395.0 plus 25.0 minus 16.0 g=543.0 b=10000 p=50 c=100000#
% t=436.0 plus 28.0 minus 18.0 g=543.0 b=5563 p=0 c=5563#
% t=475.12057 plus 28.0 minus 18.0 g=543.0 b=1424 p=0 c=1424#
% t=515.7429 plus 28.0 minus 18.0 g=543.0 b=92 p=0 c=92#
% t=527.7429 plus 28.0 minus 18.0 g=543.0 b=16 p=0 c=16#
% t=550.7429 plus 31.0 minus 20.0 g=543.0 b=6 p=200 c=206
% t=586.7429 plus 34.0 minus 22.0 g=543.0 b=* p=0 c=*
 [409]
%% goal height=543.0, max depth=4.0
% t=10.0 g=543.0 b=10000 p=200 c=100000#
% t=46.0 plus 3.0 minus 2.0 g=543.0 b=10000 p=0 c=100000#
% t=61.0 plus 3.0 minus 2.0 g=543.0 b=10000 p=0 c=100000#
% t=84.0 plus 6.0 minus 4.0 g=543.0 b=10000 p=200 c=100000#
% t=182.1891 plus 9.0 minus 6.0 g=543.0 b=10000 p=0 c=100000#
% t=200.6891 plus 12.0 minus 8.0 g=543.0 b=10000 p=200 c=100000#
% t=259.25587 plus 15.0 minus 10.0 g=543.0 b=10000 p=0 c=100000#
% t=300.75587 plus 21.0 minus 14.0 g=543.0 b=10000 p=0 c=100000#
% t=356.79451 plus 27.0 minus 18.0 g=543.0 b=10000 p=0 c=100000#
% t=375.29451 plus 30.0 minus 20.0 g=543.0 b=10000 p=0 c=100000#
% t=388.29451 plus 31.0 minus 20.0 g=543.0 b=10000 p=150 c=100000#
% t=401.29451 plus 31.0 minus 20.0 g=543.0 b=10000 p=0 c=100000#
% t=414.29451 plus 31.0 minus 20.0 g=543.0 b=7151 p=150 c=7301#
% t=427.29451 plus 31.0 minus 20.0 g=543.0 b=5189 p=0 c=5189#
% t=440.29451 plus 32.0 minus 20.0 g=543.0 b=3302 p=150 c=3452#
% t=453.29451 plus 32.0 minus 20.0 g=543.0 b=2197 p=0 c=2197#
% t=466.29451 plus 32.0 minus 20.0 g=543.0 b=1371 p=0 c=1371#
% t=479.29451 plus 32.0 minus 20.0 g=543.0 b=787 p=0 c=787#
% t=492.29451 plus 32.0 minus 20.0 g=543.0 b=396 p=0 c=396#
% t=505.29451 plus 32.0 minus 20.0 g=543.0 b=162 p=150 c=312#
% t=520.79451 plus 32.0 minus 20.0 g=543.0 b=33 p=-200 c=-167#
% t=570.29451 plus 34.0 minus 20.0 g=543.0 b=* p=250 c=*
 [410

]
%% goal height=543.0, max depth=4.0
% t=28.0 plus 1.0 g=543.0 b=10000 p=250 c=100000#
% t=41.0 plus 1.0 g=543.0 b=10000 p=0 c=100000#
% t=54.0 plus 1.0 g=543.0 b=10000 p=0 c=100000#
% t=67.0 plus 1.0 g=543.0 b=10000 p=0 c=100000#
% t=80.0 plus 1.0 g=543.0 b=10000 p=0 c=100000#
% t=93.0 plus 1.0 g=543.0 b=10000 p=150 c=100000#
% t=106.0 plus 1.0 g=543.0 b=10000 p=0 c=100000#
% t=119.0 plus 2.0 g=543.0 b=10000 p=250 c=100000#
% t=132.0 plus 2.0 g=543.0 b=10000 p=0 c=100000#
% t=145.0 plus 2.0 g=543.0 b=10000 p=0 c=100000#
% t=158.0 plus 2.0 g=543.0 b=10000 p=0 c=100000#
% t=171.0 plus 2.0 g=543.0 b=10000 p=100 c=100000#
% t=184.0 plus 2.0 g=543.0 b=10000 p=150 c=100000#
% t=197.0 plus 2.0 g=543.0 b=10000 p=0 c=100000#
% t=213.0 plus 4.0 minus 1.0 g=543.0 b=10000 p=0 c=100000#
% t=226.0 plus 5.0 minus 1.0 g=543.0 b=10000 p=0 c=100000#
% t=239.0 plus 6.0 minus 1.0 g=543.0 b=10000 p=0 c=100000#
% t=252.0 plus 7.0 minus 1.0 g=543.0 b=10000 p=0 c=100000#
% t=268.0 plus 9.0 minus 2.0 g=543.0 b=10000 p=150 c=100000#
% t=281.0 plus 9.0 minus 2.0 g=543.0 b=10000 p=50 c=100000#
% t=317.0 plus 12.0 minus 4.0 g=543.0 b=10000 p=0 c=100000#
% t=340.0 plus 15.0 minus 6.0 g=543.0 b=10000 p=0 c=100000#
% t=353.0 plus 16.0 minus 6.0 g=543.0 b=10000 p=150 c=100000#
% t=366.0 plus 16.0 minus 6.0 g=543.0 b=10000 p=150 c=100000#
% t=379.0 plus 16.0 minus 6.0 g=543.0 b=10000 p=0 c=100000#
% t=392.0 plus 17.0 minus 6.0 g=543.0 b=10000 p=150 c=100000#
% t=405.0 plus 17.0 minus 6.0 g=543.0 b=10000 p=0 c=100000#
% t=418.0 plus 17.0 minus 6.0 g=543.0 b=10000 p=0 c=100000#
% t=431.0 plus 17.0 minus 6.0 g=543.0 b=10000 p=0 c=100000#
% t=444.0 plus 17.0 minus 6.0 g=543.0 b=10000 p=50 c=100000#
% t=480.0 plus 20.0 minus 8.0 g=543.0 b=3118 p=0 c=3118#
% t=495.0 plus 20.0 minus 8.0 g=543.0 b=1377 p=0 c=1377#
% t=518.0 plus 23.0 minus 10.0 g=543.0 b=127 p=300 c=427#
% t=531.0 plus 23.0 minus 10.0 g=543.0 b=14 p=0 c=14#
% t=544.0 plus 24.0 minus 10.0 g=543.0 b=0 p=200 c=200
% t=606.94444 plus 27.0 minus 12.0 g=543.0 b=* p=0 c=*
 [411

]
%% goal height=543.0, max depth=4.0
% t=10.0 g=543.0 b=10000 p=200 c=100000#
% t=72.94444 plus 3.0 minus 2.0 g=543.0 b=10000 p=0 c=100000#
% t=94.88889 plus 6.0 minus 4.0 g=543.0 b=10000 p=150 c=100000#
% t=107.88889 plus 6.0 minus 4.0 g=543.0 b=10000 p=0 c=100000#
% t=120.88889 plus 6.0 minus 4.0 g=543.0 b=10000 p=50 c=100000#
% t=156.88889 plus 9.0 minus 6.0 g=543.0 b=10000 p=0 c=100000#
% t=171.88889 plus 9.0 minus 6.0 g=543.0 b=10000 p=0 c=100000#
% t=186.88889 plus 9.0 minus 6.0 g=543.0 b=10000 p=0 c=100000#
% t=201.88889 plus 9.0 minus 6.0 g=543.0 b=10000 p=0 c=100000#
% t=224.88889 plus 12.0 minus 8.0 g=543.0 b=10000 p=150 c=100000#
% t=237.88889 plus 12.0 minus 8.0 g=543.0 b=10000 p=50 c=100000#
% t=291.23332 plus 15.0 minus 10.0 g=543.0 b=10000 p=0 c=100000#
% t=302.23332 plus 15.0 minus 10.0 g=543.0 b=10000 p=0 c=100000#
% t=313.23332 plus 15.0 minus 10.0 g=543.0 b=10000 p=0 c=100000#
% t=324.23332 plus 15.0 minus 10.0 g=543.0 b=10000 p=0 c=100000#
% t=335.23332 plus 15.0 minus 10.0 g=543.0 b=10000 p=0 c=100000#
% t=346.23332 plus 15.0 minus 10.0 g=543.0 b=10000 p=0 c=100000#
% t=369.23332 plus 18.0 minus 12.0 g=543.0 b=10000 p=150 c=100000#
% t=382.23332 plus 18.0 minus 12.0 g=543.0 b=10000 p=0 c=100000#
% t=395.23332 plus 18.0 minus 12.0 g=543.0 b=10000 p=150 c=100000#
% t=408.23332 plus 18.0 minus 12.0 g=543.0 b=10000 p=0 c=100000#
% t=421.23332 plus 19.0 minus 12.0 g=543.0 b=10000 p=300 c=100000#
% t=434.23332 plus 19.0 minus 12.0 g=543.0 b=10000 p=0 c=100000#
% t=450.23332 plus 21.0 minus 13.0 g=543.0 b=10000 p=0 c=100000#
% t=463.23332 plus 22.0 minus 13.0 g=543.0 b=4752 p=0 c=4752#
% t=476.23332 plus 23.0 minus 13.0 g=543.0 b=2443 p=0 c=2443#
% t=489.23332 plus 24.0 minus 13.0 g=543.0 b=1122 p=0 c=1122#
% t=505.23332 plus 26.0 minus 14.0 g=543.0 b=305 p=150 c=455#
% t=518.23332 plus 26.0 minus 14.0 g=543.0 b=86 p=0 c=86#
% t=531.23332 plus 26.0 minus 14.0 g=543.0 b=9 p=150 c=159
% t=544.23332 plus 26.0 minus 14.0 g=543.0 b=0 p=0 c=0#
% t=557.23332 plus 27.0 minus 14.0 g=543.0 b=* p=150 c=*
 [412


]
%% goal height=543.0, max depth=4.0
% t=10.0 g=543.0 b=10000 p=150 c=100000#
% t=23.0 g=543.0 b=10000 p=50 c=100000#
% t=59.0 plus 3.0 minus 2.0 g=543.0 b=10000 p=0 c=100000#
% t=74.0 plus 3.0 minus 2.0 g=543.0 b=10000 p=0 c=100000#
% t=91.49825 plus 3.0 minus 2.0 g=543.0 b=10000 p=0 c=100000#
% t=112.0 plus 6.0 minus 4.0 g=543.0 b=10000 p=0 c=100000#
% t=125.0 plus 7.0 minus 4.0 g=543.0 b=10000 p=150 c=100000#
% t=138.0 plus 7.0 minus 4.0 g=543.0 b=10000 p=150 c=100000#
% t=151.0 plus 7.0 minus 4.0 g=543.0 b=10000 p=0 c=100000#
% t=164.0 plus 8.0 minus 4.0 g=543.0 b=10000 p=150 c=100000#
% t=177.0 plus 8.0 minus 4.0 g=543.0 b=10000 p=0 c=100000#
% t=190.0 plus 8.0 minus 4.0 g=543.0 b=10000 p=0 c=100000#
% t=203.0 plus 8.0 minus 4.0 g=543.0 b=10000 p=0 c=100000#
% t=216.0 plus 8.0 minus 4.0 g=543.0 b=10000 p=0 c=100000#
% t=229.0 plus 8.0 minus 4.0 g=543.0 b=10000 p=0 c=100000#
% t=242.0 plus 8.0 minus 4.0 g=543.0 b=10000 p=150 c=100000#
% t=255.0 plus 8.0 minus 4.0 g=543.0 b=10000 p=-100 c=100000#
% t=287.0 plus 12.0 minus 6.0 g=543.0 b=10000 p=250 c=100000#
% t=300.0 plus 12.0 minus 6.0 g=543.0 b=10000 p=0 c=100000#
% t=313.0 plus 12.0 minus 6.0 g=543.0 b=10000 p=100 c=100000#
% t=326.0 plus 12.0 minus 6.0 g=543.0 b=10000 p=0 c=100000#
% t=339.0 plus 12.0 minus 6.0 g=543.0 b=10000 p=0 c=100000#
% t=352.0 plus 12.0 minus 6.0 g=543.0 b=10000 p=0 c=100000#
% t=365.0 plus 12.0 minus 6.0 g=543.0 b=10000 p=0 c=100000#
% t=378.0 plus 12.0 minus 6.0 g=543.0 b=10000 p=150 c=100000#
% t=391.0 plus 12.0 minus 6.0 g=543.0 b=10000 p=0 c=100000#
% t=404.0 plus 13.0 minus 6.0 g=543.0 b=10000 p=150 c=100000#
% t=417.0 plus 13.0 minus 6.0 g=543.0 b=10000 p=0 c=100000#
% t=430.0 plus 13.0 minus 6.0 g=543.0 b=10000 p=50 c=100000#
% t=466.0 plus 16.0 minus 8.0 g=543.0 b=10000 p=0 c=100000#
% t=483.0 plus 16.0 minus 8.0 g=543.0 b=5260 p=0 c=5260#
% t=498.0 plus 16.0 minus 8.0 g=543.0 b=2221 p=0 c=2221#
% t=513.0 plus 16.0 minus 8.0 g=543.0 b=656 p=0 c=656#
% t=528.0 plus 16.0 minus 8.0 g=543.0 b=82 p=0 c=82#
% t=551.0 plus 19.0 minus 10.0 g=543.0 b=51 p=300 c=351
% t=564.0 plus 19.0 minus 10.0 g=543.0 b=* p=0 c=*
 [413]
%% goal height=543.0, max depth=4.0
% t=10.0 g=543.0 b=10000 p=300 c=100000#
% t=23.0 g=543.0 b=10000 p=0 c=100000#
% t=36.0 plus 1.0 g=543.0 b=10000 p=150 c=100000#
% t=49.0 plus 1.0 g=543.0 b=10000 p=0 c=100000#
% t=62.0 plus 1.0 g=543.0 b=10000 p=0 c=100000#
% t=75.0 plus 1.0 g=543.0 b=10000 p=0 c=100000#
% t=88.0 plus 1.0 g=543.0 b=10000 p=0 c=100000#
% t=101.0 plus 1.0 g=543.0 b=10000 p=150 c=100000#
% t=114.0 plus 1.0 g=543.0 b=10000 p=0 c=100000#
% t=127.0 plus 2.0 g=543.0 b=10000 p=150 c=100000#
% t=140.0 plus 2.0 g=543.0 b=10000 p=0 c=100000#
% t=153.0 plus 2.0 g=543.0 b=10000 p=150 c=100000#
% t=166.0 plus 2.0 g=543.0 b=10000 p=-100 c=100000#
% t=198.0 plus 6.0 minus 2.0 g=543.0 b=10000 p=150 c=100000#
% t=211.0 plus 6.0 minus 2.0 g=543.0 b=10000 p=50 c=100000#
% t=247.0 plus 9.0 minus 4.0 g=543.0 b=10000 p=0 c=100000#
% t=270.0 plus 12.0 minus 6.0 g=543.0 b=10000 p=150 c=100000#
% t=283.0 plus 12.0 minus 6.0 g=543.0 b=10000 p=0 c=100000#
% t=296.0 plus 12.0 minus 6.0 g=543.0 b=10000 p=150 c=100000#
% t=309.0 plus 12.0 minus 6.0 g=543.0 b=10000 p=0 c=100000#
% t=360.31404 plus 16.0 minus 8.0 g=543.0 b=10000 p=0 c=100000#
% t=371.81404 plus 16.0 minus 8.0 g=543.0 b=10000 p=0 c=100000#
% t=383.31404 plus 16.0 minus 8.0 g=543.0 b=10000 p=0 c=100000#
% t=394.81404 plus 16.0 minus 8.0 g=543.0 b=10000 p=0 c=100000#
% t=406.31404 plus 16.0 minus 8.0 g=543.0 b=10000 p=0 c=100000#
% t=417.81404 plus 16.0 minus 8.0 g=543.0 b=10000 p=0 c=100000#
% t=429.31404 plus 16.0 minus 8.0 g=543.0 b=10000 p=0 c=100000#
% t=440.81404 plus 16.0 minus 8.0 g=543.0 b=10000 p=0 c=100000#
% t=463.81404 plus 19.0 minus 10.0 g=543.0 b=7221 p=150 c=7371#
% t=476.81404 plus 19.0 minus 10.0 g=543.0 b=4217 p=0 c=4217#
% t=489.81404 plus 19.0 minus 10.0 g=543.0 b=2189 p=150 c=2339#
% t=502.81404 plus 19.0 minus 10.0 g=543.0 b=945 p=0 c=945#
% t=515.81404 plus 20.0 minus 10.0 g=543.0 b=250 p=200 c=450#
% t=554.31229 plus 23.0 minus 12.0 g=543.0 b=83 p=0 c=83#
% t=602.85445 plus 29.0 minus 16.0 g=543.0 b=* p=0 c=*
 [414

]
%% goal height=543.0, max depth=4.0
% t=38.0404 plus 3.0 minus 2.0 g=543.0 b=10000 p=0 c=100000#
% t=82.98485 plus 9.0 minus 6.0 g=543.0 b=10000 p=0 c=100000#
% t=128.98485 plus 15.0 minus 10.0 g=543.0 b=10000 p=0 c=100000#
% t=151.98485 plus 18.0 minus 12.0 g=543.0 b=10000 p=150 c=100000#
% t=164.98485 plus 18.0 minus 12.0 g=543.0 b=10000 p=50 c=100000#
% t=207.46794 plus 21.0 minus 14.0 g=543.0 b=10000 p=0 c=100000#
% t=262.89548 plus 27.0 minus 18.0 g=543.0 b=10000 p=0 c=100000#
% t=281.39021 plus 30.0 minus 20.0 g=543.0 b=10000 p=150 c=100000#
% t=294.39021 plus 30.0 minus 20.0 g=543.0 b=10000 p=0 c=100000#
% t=307.39021 plus 30.0 minus 20.0 g=543.0 b=10000 p=50 c=100000#
% t=351.00954 plus 33.0 minus 22.0 g=543.0 b=10000 p=0 c=100000#
% t=373.50427 plus 36.0 minus 24.0 g=543.0 b=10000 p=300 c=100000#
% t=386.50427 plus 36.0 minus 24.0 g=543.0 b=10000 p=-100 c=100000#
% t=418.50427 plus 40.0 minus 26.0 g=543.0 b=3009 p=250 c=3259#
% t=431.50427 plus 40.0 minus 26.0 g=543.0 b=2158 p=50 c=2208#
% t=470.00252 plus 43.0 minus 28.0 g=543.0 b=488 p=0 c=488#
% t=490.50427 plus 46.0 minus 30.0 g=543.0 b=147 p=150 c=297#
% t=503.50427 plus 46.0 minus 30.0 g=543.0 b=63 p=0 c=63#
% t=516.50427 plus 46.0 minus 30.0 g=543.0 b=19 p=150 c=169
% t=529.50427 plus 46.0 minus 30.0 g=543.0 b=3 p=0 c=3#
% t=542.50427 plus 47.0 minus 30.0 g=543.0 b=0 p=200 c=200
% t=581.00252 plus 50.0 minus 32.0 g=543.0 b=* p=0 c=*
 [415]
%% goal height=543.0, max depth=4.0
% t=10.0 g=543.0 b=10000 p=200 c=100000#
% t=48.49825 plus 3.0 minus 2.0 g=543.0 b=10000 p=0 c=100000#
% t=69.0 plus 6.0 minus 4.0 g=543.0 b=10000 p=150 c=100000#
% t=82.0 plus 6.0 minus 4.0 g=543.0 b=10000 p=0 c=100000#
% t=95.0 plus 6.0 minus 4.0 g=543.0 b=10000 p=150 c=100000#
% t=108.0 plus 6.0 minus 4.0 g=543.0 b=10000 p=0 c=100000#
% t=121.0 plus 7.0 minus 4.0 g=543.0 b=10000 p=200 c=100000#
% t=159.49825 plus 10.0 minus 6.0 g=543.0 b=10000 p=0 c=100000#
% t=204.49998 plus 16.0 minus 10.0 g=543.0 b=10000 p=0 c=100000#
% t=226.0 plus 19.0 minus 12.0 g=543.0 b=10000 p=200 c=100000#
% t=265.0 plus 22.0 minus 14.0 g=543.0 b=10000 p=0 c=100000#
% t=283.0 plus 22.0 minus 14.0 g=543.0 b=10000 p=0 c=100000#
% t=306.0 plus 25.0 minus 16.0 g=543.0 b=10000 p=0 c=100000#
% t=319.0 plus 26.0 minus 16.0 g=543.0 b=10000 p=150 c=100000#
% t=332.0 plus 26.0 minus 16.0 g=543.0 b=10000 p=0 c=100000#
% t=345.0 plus 26.0 minus 16.0 g=543.0 b=10000 p=150 c=100000#
% t=358.0 plus 26.0 minus 16.0 g=543.0 b=10000 p=0 c=100000#
% t=371.0 plus 27.0 minus 16.0 g=543.0 b=10000 p=200 c=100000#
% t=420.56201 plus 30.0 minus 18.0 g=543.0 b=6792 p=0 c=6792#
% t=438.50645 plus 33.0 minus 20.0 g=543.0 b=3168 p=200 c=3368#
% t=488.06847 plus 36.0 minus 22.0 g=543.0 b=355 p=0 c=355#
% t=506.01291 plus 39.0 minus 24.0 g=543.0 b=85 p=250 c=335#
% t=519.01291 plus 39.0 minus 24.0 g=543.0 b=23 p=0 c=23#
% t=532.01291 plus 39.0 minus 24.0 g=543.0 b=2 p=150 c=152
% t=545.01291 plus 39.0 minus 24.0 g=543.0 b=0 p=0 c=0#
% t=558.01291 plus 40.0 minus 24.0 g=543.0 b=24 p=150 c=174
% t=571.01291 plus 40.0 minus 24.0 g=543.0 b=* p=0 c=*
 [416


]
%% goal height=543.0, max depth=4.0
% t=10.0 g=543.0 b=10000 p=150 c=100000#
% t=23.0 g=543.0 b=10000 p=0 c=100000#
% t=36.0 g=543.0 b=10000 p=0 c=100000#
% t=49.0 g=543.0 b=10000 p=150 c=100000#
% t=62.0 g=543.0 b=10000 p=0 c=100000#
% t=75.0 plus 1.0 g=543.0 b=10000 p=200 c=100000#
% t=126.16742 plus 4.0 minus 2.0 g=543.0 b=10000 p=0 c=100000#
% t=144.66216 plus 7.0 minus 4.0 g=543.0 b=10000 p=200 c=100000#
% t=196.82957 plus 10.0 minus 6.0 g=543.0 b=10000 p=0 c=100000#
% t=216.32431 plus 10.0 minus 6.0 g=543.0 b=10000 p=0 c=100000#
% t=239.32431 plus 13.0 minus 8.0 g=543.0 b=10000 p=200 c=100000#
% t=275.32431 plus 16.0 minus 10.0 g=543.0 b=10000 p=0 c=100000#
% t=298.32431 plus 19.0 minus 12.0 g=543.0 b=10000 p=150 c=100000#
% t=311.32431 plus 19.0 minus 12.0 g=543.0 b=10000 p=50 c=100000#
% t=353.32431 plus 22.0 minus 14.0 g=543.0 b=10000 p=0 c=100000#
% t=374.32431 plus 22.0 minus 14.0 g=543.0 b=10000 p=0 c=100000#
% t=395.32431 plus 22.0 minus 14.0 g=543.0 b=10000 p=0 c=100000#
% t=418.32431 plus 25.0 minus 16.0 g=543.0 b=10000 p=0 c=100000#
% t=431.32431 plus 26.0 minus 16.0 g=543.0 b=7907 p=150 c=8057#
% t=444.32431 plus 26.0 minus 16.0 g=543.0 b=5460 p=0 c=5460#
% t=457.32431 plus 26.0 minus 16.0 g=543.0 b=3568 p=50 c=3618#
% t=500.55544 plus 29.0 minus 18.0 g=543.0 b=312 p=-500 c=-188#
% t=571.28249 plus 35.0 minus 22.0 g=543.0 b=* p=0 c=*
 [417

]
%% goal height=543.0, max depth=4.0
% t=56.72705 plus 3.0 minus 2.0 g=543.0 b=10000 p=0 c=100000#
% t=95.4541 plus 3.0 minus 2.0 g=543.0 b=10000 p=0 c=100000#
% t=128.99275 plus 3.0 minus 2.0 g=543.0 b=10000 p=0 c=100000#
% t=172.43544 plus 9.0 minus 6.0 g=543.0 b=10000 p=0 c=100000#
% t=192.9372 plus 12.0 minus 8.0 g=543.0 b=10000 p=0 c=100000#
% t=205.9372 plus 13.0 minus 8.0 g=543.0 b=10000 p=150 c=100000#
% t=218.9372 plus 13.0 minus 8.0 g=543.0 b=10000 p=0 c=100000#
% t=231.9372 plus 13.0 minus 8.0 g=543.0 b=10000 p=50 c=100000#
% t=278.3077 plus 16.0 minus 10.0 g=543.0 b=10000 p=0 c=100000#
% t=306.84634 plus 16.0 minus 10.0 g=543.0 b=10000 p=0 c=100000#
% t=335.385 plus 16.0 minus 10.0 g=543.0 b=10000 p=0 c=100000#
% t=384.82768 plus 22.0 minus 14.0 g=543.0 b=10000 p=0 c=100000#
% t=402.32944 plus 23.0 minus 15.0 g=543.0 b=10000 p=0 c=100000#
% t=419.32944 plus 23.0 minus 15.0 g=543.0 b=10000 p=0 c=100000#
% t=438.82768 plus 23.0 minus 15.0 g=543.0 b=10000 p=0 c=100000#
% t=459.32944 plus 26.0 minus 17.0 g=543.0 b=3323 p=250 c=3573#
% t=472.32944 plus 26.0 minus 17.0 g=543.0 b=2005 p=150 c=2155#
% t=485.32944 plus 26.0 minus 17.0 g=543.0 b=1087 p=0 c=1087#
% t=498.32944 plus 27.0 minus 17.0 g=543.0 b=452 p=150 c=602#
% t=511.32944 plus 27.0 minus 17.0 g=543.0 b=161 p=0 c=161#
% t=524.32944 plus 27.0 minus 17.0 g=543.0 b=33 p=50 c=83#
% t=574.36809 plus 30.0 minus 19.0 g=543.0 b=* p=0 c=*
 [418

]
%% goal height=543.0, max depth=4.0
% t=47.03865 plus 3.0 minus 2.0 g=543.0 b=10000 p=0 c=100000#
% t=75.1359 plus 3.0 minus 2.0 g=543.0 b=10000 p=0 c=100000#
% t=93.63063 plus 6.0 minus 4.0 g=543.0 b=10000 p=150 c=100000#
% t=106.63063 plus 6.0 minus 4.0 g=543.0 b=10000 p=150 c=100000#
% t=119.63063 plus 6.0 minus 4.0 g=543.0 b=10000 p=0 c=100000#
% t=132.63063 plus 7.0 minus 4.0 g=543.0 b=10000 p=150 c=100000#
% t=145.63063 plus 7.0 minus 4.0 g=543.0 b=10000 p=0 c=100000#
% t=158.63063 plus 7.0 minus 4.0 g=543.0 b=10000 p=150 c=100000#
% t=171.63063 plus 7.0 minus 4.0 g=543.0 b=10000 p=0 c=100000#
% t=184.63063 plus 8.0 minus 4.0 g=543.0 b=10000 p=150 c=100000#
% t=197.63063 plus 8.0 minus 4.0 g=543.0 b=10000 p=150 c=100000#
% t=210.63063 plus 8.0 minus 4.0 g=543.0 b=10000 p=-100 c=100000#
% t=242.63063 plus 12.0 minus 6.0 g=543.0 b=10000 p=250 c=100000#
% t=255.63063 plus 12.0 minus 6.0 g=543.0 b=10000 p=0 c=100000#
% t=268.63063 plus 12.0 minus 6.0 g=543.0 b=10000 p=0 c=100000#
% t=281.63063 plus 12.0 minus 6.0 g=543.0 b=10000 p=0 c=100000#
% t=294.63063 plus 12.0 minus 6.0 g=543.0 b=10000 p=50 c=100000#
% t=352.18039 plus 15.0 minus 8.0 g=543.0 b=10000 p=0 c=100000#
% t=370.12483 plus 18.0 minus 10.0 g=543.0 b=10000 p=150 c=100000#
% t=383.12483 plus 18.0 minus 10.0 g=543.0 b=10000 p=50 c=100000#
% t=434.79633 plus 21.0 minus 12.0 g=543.0 b=10000 p=0 c=100000#
% t=457.29633 plus 24.0 minus 14.0 g=543.0 b=4543 p=200 c=4743#
% t=512.15196 plus 27.0 minus 16.0 g=543.0 b=149 p=0 c=149#
% t=549.87901 plus 27.0 minus 16.0 g=543.0 b=8 p=0 c=8#
% t=572.37375 plus 31.0 minus 18.0 g=543.0 b=* p=250 c=*
 [419

]
%% goal height=543.0, max depth=4.0
% t=10.0 g=543.0 b=10000 p=250 c=100000#
% t=23.0 g=543.0 b=10000 p=0 c=100000#
% t=36.0 g=543.0 b=10000 p=0 c=100000#
% t=49.0 g=543.0 b=10000 p=0 c=100000#
% t=62.0 g=543.0 b=10000 p=0 c=100000#
% t=75.0 g=543.0 b=10000 p=0 c=100000#
% t=88.0 g=543.0 b=10000 p=150 c=100000#
% t=101.0 g=543.0 b=10000 p=0 c=100000#
% t=114.0 plus 1.0 g=543.0 b=10000 p=150 c=100000#
% t=127.0 plus 1.0 g=543.0 b=10000 p=0 c=100000#
% t=140.0 plus 1.0 g=543.0 b=10000 p=0 c=100000#
% t=153.0 plus 1.0 g=543.0 b=10000 p=0 c=100000#
% t=166.0 plus 1.0 g=543.0 b=10000 p=50 c=100000#
% t=202.0 plus 4.0 minus 2.0 g=543.0 b=10000 p=0 c=100000#
% t=225.0 plus 7.0 minus 4.0 g=543.0 b=10000 p=200 c=100000#
% t=272.06377 plus 10.0 minus 6.0 g=543.0 b=10000 p=0 c=100000#
% t=300.18309 plus 10.0 minus 6.0 g=543.0 b=10000 p=0 c=100000#
% t=329.28033 plus 10.0 minus 6.0 g=543.0 b=10000 p=0 c=100000#
% t=351.77507 plus 13.0 minus 8.0 g=543.0 b=10000 p=300 c=100000#
% t=364.77507 plus 13.0 minus 8.0 g=543.0 b=10000 p=0 c=100000#
% t=377.77507 plus 14.0 minus 8.0 g=543.0 b=10000 p=200 c=100000#
% t=423.71974 plus 17.0 minus 10.0 g=543.0 b=10000 p=0 c=100000#
% t=468.66418 plus 23.0 minus 14.0 g=543.0 b=3364 p=0 c=3364#
% t=525.14728 plus 29.0 minus 18.0 g=543.0 b=23 p=0 c=23#
% t=543.09172 plus 32.0 minus 20.0 g=543.0 b=0 p=200 c=200
% t=587.09195 plus 35.0 minus 22.0 g=543.0 b=* p=0 c=*

[420

]
%% goal height=543.0, max depth=4.0
% t=10.0 g=543.0 b=10000 p=200 c=100000#
% t=54.00023 plus 3.0 minus 2.0 g=543.0 b=10000 p=0 c=100000#
% t=120.91776 plus 9.0 minus 6.0 g=543.0 b=10000 p=0 c=100000#
% t=142.8622 plus 12.0 minus 8.0 g=543.0 b=10000 p=150 c=100000#
% t=155.8622 plus 12.0 minus 8.0 g=543.0 b=10000 p=50 c=100000#
% t=205.38313 plus 15.0 minus 10.0 g=543.0 b=10000 p=0 c=100000#
% t=266.58652 plus 21.0 minus 14.0 g=543.0 b=10000 p=0 c=100000#
% t=289.08125 plus 24.0 minus 16.0 g=543.0 b=10000 p=300 c=100000#
% t=302.08125 plus 24.0 minus 16.0 g=543.0 b=10000 p=0 c=100000#
% t=315.08125 plus 25.0 minus 16.0 g=543.0 b=10000 p=200 c=100000#
% t=370.22458 plus 28.0 minus 18.0 g=543.0 b=10000 p=0 c=100000#
% t=409.06216 plus 28.0 minus 18.0 g=543.0 b=10000 p=0 c=100000#
% t=446.26584 plus 28.0 minus 18.0 g=543.0 b=4120 p=0 c=4120#
% t=485.10342 plus 28.0 minus 18.0 g=543.0 b=883 p=0 c=883#
% t=523.94101 plus 28.0 minus 18.0 g=543.0 b=31 p=0 c=31#
% t=545.88545 plus 31.0 minus 20.0 g=543.0 b=0 p=200 c=200
% t=600.03357 plus 34.0 minus 22.0 g=543.0 b=* p=0 c=*
 [421]
%% goal height=543.0, max depth=4.0
% t=10.0 g=543.0 b=10000 p=200 c=100000#
% t=64.14812 plus 3.0 minus 2.0 g=543.0 b=10000 p=0 c=100000#
% t=99.35179 plus 3.0 minus 2.0 g=543.0 b=10000 p=0 c=100000#
% t=134.96227 plus 3.0 minus 2.0 g=543.0 b=10000 p=0 c=100000#
% t=191.90694 plus 9.0 minus 6.0 g=543.0 b=10000 p=0 c=100000#
% t=210.40694 plus 12.0 minus 8.0 g=543.0 b=10000 p=300 c=100000#
% t=223.40694 plus 12.0 minus 8.0 g=543.0 b=10000 p=0 c=100000#
% t=275.10886 plus 16.0 minus 10.0 g=543.0 b=10000 p=0 c=100000#
% t=307.31253 plus 16.0 minus 10.0 g=543.0 b=10000 p=0 c=100000#
% t=363.83347 plus 22.0 minus 14.0 g=543.0 b=10000 p=0 c=100000#
% t=379.61452 plus 22.0 minus 14.0 g=543.0 b=10000 p=0 c=100000#
% t=416.1148 plus 24.0 minus 16.0 g=543.0 b=10000 p=0 c=100000#
% t=434.05925 plus 27.0 minus 18.0 g=543.0 b=6559 p=200 c=6759#
% t=483.10094 plus 30.0 minus 20.0 g=543.0 b=795 p=0 c=795#
% t=515.10117 plus 30.0 minus 20.0 g=543.0 b=80 p=0 c=80#
% t=548.22049 plus 30.0 minus 20.0 g=543.0 b=2 p=0 c=2#
% t=566.16493 plus 34.0 minus 22.0 g=543.0 b=* p=150 c=*
 [422]
%% goal height=543.0, max depth=4.0
% t=10.0 g=543.0 b=10000 p=150 c=100000#
% t=23.0 g=543.0 b=10000 p=0 c=100000#
% t=36.0 g=543.0 b=10000 p=0 c=100000#
% t=49.0 g=543.0 b=10000 p=50 c=100000#
% t=104.6715 plus 3.0 minus 2.0 g=543.0 b=10000 p=0 c=100000#
% t=122.61594 plus 6.0 minus 4.0 g=543.0 b=10000 p=300 c=100000#
% t=135.61594 plus 6.0 minus 4.0 g=543.0 b=10000 p=0 c=100000#
% t=148.61594 plus 7.0 minus 4.0 g=543.0 b=10000 p=150 c=100000#
% t=161.61594 plus 7.0 minus 4.0 g=543.0 b=10000 p=0 c=100000#
% t=174.61594 plus 7.0 minus 4.0 g=543.0 b=10000 p=0 c=100000#
% t=187.61594 plus 7.0 minus 4.0 g=543.0 b=10000 p=0 c=100000#
% t=200.61594 plus 7.0 minus 4.0 g=543.0 b=10000 p=50 c=100000#
% t=239.61594 plus 10.0 minus 6.0 g=543.0 b=10000 p=0 c=100000#
% t=257.61594 plus 10.0 minus 6.0 g=543.0 b=10000 p=0 c=100000#
% t=320.91461 plus 16.0 minus 10.0 g=543.0 b=10000 p=0 c=100000#
% t=336.88727 plus 16.0 minus 10.0 g=543.0 b=10000 p=0 c=100000#
% t=359.88727 plus 19.0 minus 12.0 g=543.0 b=10000 p=150 c=100000#
% t=372.88727 plus 19.0 minus 12.0 g=543.0 b=10000 p=50 c=100000#
% t=408.88727 plus 22.0 minus 14.0 g=543.0 b=10000 p=0 c=100000#
% t=423.88727 plus 22.0 minus 14.0 g=543.0 b=10000 p=0 c=100000#
% t=446.88727 plus 25.0 minus 16.0 g=543.0 b=5667 p=300 c=5967#
% t=459.88727 plus 25.0 minus 16.0 g=543.0 b=3668 p=0 c=3668#
% t=472.88727 plus 26.0 minus 16.0 g=543.0 b=1953 p=150 c=2103#
% t=485.88727 plus 26.0 minus 16.0 g=543.0 b=1057 p=0 c=1057#
% t=498.88727 plus 26.0 minus 16.0 g=543.0 b=485 p=0 c=485#
% t=511.88727 plus 26.0 minus 16.0 g=543.0 b=171 p=0 c=171#
% t=524.88727 plus 26.0 minus 16.0 g=543.0 b=33 p=0 c=33#
% t=537.88727 plus 26.0 minus 16.0 g=543.0 b=1 p=0 c=1#
% t=550.88727 plus 26.0 minus 16.0 g=543.0 b=12 p=50 c=62
% t=605.67978 plus 29.0 minus 18.0 g=543.0 b=* p=0 c=*
 [423

]
%% goal height=543.0, max depth=4.0
% t=10.0 g=543.0 b=10000 p=50 c=100000#
% t=64.79251 plus 3.0 minus 2.0 g=543.0 b=10000 p=0 c=100000#
% t=102.74007 plus 3.0 minus 2.0 g=543.0 b=10000 p=0 c=100000#
% t=168.5765 plus 9.0 minus 6.0 g=543.0 b=10000 p=0 c=100000#
% t=206.52406 plus 9.0 minus 6.0 g=543.0 b=10000 p=0 c=100000#
% t=272.989 plus 15.0 minus 10.0 g=543.0 b=10000 p=0 c=100000#
% t=310.49959 plus 15.0 minus 10.0 g=543.0 b=10000 p=0 c=100000#
% t=356.27588 plus 22.0 minus 14.0 g=543.0 b=10000 p=0 c=100000#
% t=404.94409 plus 28.0 minus 18.0 g=543.0 b=10000 p=0 c=100000#
% t=424.44403 plus 31.0 minus 20.0 g=543.0 b=5578 p=150 c=5728#
% t=437.44403 plus 31.0 minus 20.0 g=543.0 b=3942 p=0 c=3942#
% t=450.44403 plus 31.0 minus 20.0 g=543.0 b=2653 p=150 c=2803#
% t=463.44403 plus 31.0 minus 20.0 g=543.0 b=1688 p=0 c=1688#
% t=476.44403 plus 32.0 minus 20.0 g=543.0 b=896 p=150 c=1046#
% t=489.44403 plus 32.0 minus 20.0 g=543.0 b=468 p=0 c=468#
% t=502.44403 plus 32.0 minus 20.0 g=543.0 b=203 p=0 c=203#
% t=515.44403 plus 32.0 minus 20.0 g=543.0 b=63 p=0 c=63#
% t=528.44403 plus 32.0 minus 20.0 g=543.0 b=9 p=0 c=9#
% t=541.44403 plus 32.0 minus 20.0 g=543.0 b=0 p=0 c=0#
% t=554.44403 plus 32.0 minus 20.0 g=543.0 b=18 p=0 c=18
% t=567.44403 plus 32.0 minus 20.0 g=543.0 b=* p=0 c=*
 [424]
%% goal height=543.0, max depth=4.0
% t=10.0 g=543.0 b=10000 p=0 c=100000#
% t=23.0 g=543.0 b=10000 p=0 c=100000#
% t=36.0 g=543.0 b=10000 p=0 c=100000#
% t=49.0 g=543.0 b=10000 p=50 c=100000#
% t=88.50006 plus 3.0 minus 2.0 g=543.0 b=10000 p=0 c=100000#
% t=121.0 plus 8.0 minus 4.0 g=543.0 b=10000 p=150 c=100000#
% t=134.0 plus 8.0 minus 4.0 g=543.0 b=10000 p=0 c=100000#
% t=147.0 plus 8.0 minus 4.0 g=543.0 b=10000 p=0 c=100000#
% t=160.0 plus 8.0 minus 4.0 g=543.0 b=10000 p=150 c=100000#
% t=173.0 plus 8.0 minus 4.0 g=543.0 b=10000 p=0 c=100000#
% t=186.0 plus 9.0 minus 4.0 g=543.0 b=10000 p=150 c=100000#
% t=199.0 plus 9.0 minus 4.0 g=543.0 b=10000 p=0 c=100000#
% t=212.0 plus 9.0 minus 4.0 g=543.0 b=10000 p=0 c=100000#
% t=225.0 plus 9.0 minus 4.0 g=543.0 b=10000 p=0 c=100000#
% t=238.0 plus 9.0 minus 4.0 g=543.0 b=10000 p=0 c=100000#
% t=251.0 plus 9.0 minus 4.0 g=543.0 b=10000 p=0 c=100000#
% t=264.0 plus 9.0 minus 4.0 g=543.0 b=10000 p=50 c=100000#
% t=302.49825 plus 12.0 minus 6.0 g=543.0 b=10000 p=0 c=100000#
% t=323.0 plus 15.0 minus 8.0 g=543.0 b=10000 p=150 c=100000#
% t=336.0 plus 15.0 minus 8.0 g=543.0 b=10000 p=0 c=100000#
% t=349.0 plus 15.0 minus 8.0 g=543.0 b=10000 p=150 c=100000#
% t=362.0 plus 15.0 minus 8.0 g=543.0 b=10000 p=0 c=100000#
% t=375.0 plus 16.0 minus 8.0 g=543.0 b=10000 p=150 c=100000#
% t=388.0 plus 16.0 minus 8.0 g=543.0 b=10000 p=50 c=100000#
% t=433.54018 plus 19.0 minus 10.0 g=543.0 b=10000 p=0 c=100000#
% t=455.48462 plus 22.0 minus 12.0 g=543.0 b=6284 p=250 c=6534#
% t=468.48462 plus 22.0 minus 12.0 g=543.0 b=3872 p=0 c=3872#
% t=481.48462 plus 22.0 minus 12.0 g=543.0 b=2181 p=0 c=2181#
% t=494.48462 plus 22.0 minus 12.0 g=543.0 b=1067 p=50 c=1117#
% t=548.51984 plus 25.0 minus 14.0 g=543.0 b=6 p=0 c=6#
% t=571.01984 plus 28.0 minus 16.0 g=543.0 b=* p=150 c=*
 [425


]
%% goal height=543.0, max depth=4.0
% t=10.0 g=543.0 b=10000 p=150 c=100000#
% t=23.0 g=543.0 b=10000 p=0 c=100000#
% t=36.0 g=543.0 b=10000 p=0 c=100000#
% t=49.0 g=543.0 b=10000 p=150 c=100000#
% t=62.0 g=543.0 b=10000 p=0 c=100000#
% t=111.9585 plus 4.0 minus 2.0 g=543.0 b=10000 p=0 c=100000#
% t=170.23785 plus 10.0 minus 6.0 g=543.0 b=10000 p=0 c=100000#
% t=202.07285 plus 10.0 minus 6.0 g=543.0 b=10000 p=0 c=100000#
% t=232.8107 plus 10.0 minus 6.0 g=543.0 b=10000 p=0 c=100000#
% t=294.34233 plus 16.0 minus 10.0 g=543.0 b=10000 p=0 c=100000#
% t=319.46165 plus 16.0 minus 10.0 g=543.0 b=10000 p=0 c=100000#
% t=348.0003 plus 16.0 minus 10.0 g=543.0 b=10000 p=0 c=100000#
% t=368.97296 plus 16.0 minus 10.0 g=543.0 b=10000 p=0 c=100000#
% t=396.59053 plus 16.0 minus 10.0 g=543.0 b=10000 p=0 c=100000#
% t=432.59076 plus 16.0 minus 10.0 g=543.0 b=10000 p=0 c=100000#
% t=450.5352 plus 20.0 minus 12.0 g=543.0 b=10000 p=150 c=100000#
% t=463.5352 plus 20.0 minus 12.0 g=543.0 b=6268 p=0 c=6268#
% t=476.5352 plus 20.0 minus 12.0 g=543.0 b=3668 p=0 c=3668#
% t=489.5352 plus 20.0 minus 12.0 g=543.0 b=1902 p=50 c=1952#
% t=525.5352 plus 23.0 minus 14.0 g=543.0 b=43 p=0 c=43#
% t=540.5352 plus 23.0 minus 14.0 g=543.0 b=0 p=0 c=0#
% t=544.03526 plus 26.0 minus 16.0 g=543.0 b=0 p=-200 c=-200#
% t=611.5352 plus 33.0 minus 20.0 g=543.0 b=* p=150 c=*
 [426]
%% goal height=543.0, max depth=4.0
% t=47.0 plus 6.0 minus 4.0 g=543.0 b=10000 p=150 c=100000#
% t=60.0 plus 6.0 minus 4.0 g=543.0 b=10000 p=250 c=100000#
% t=73.0 plus 6.0 minus 4.0 g=543.0 b=10000 p=-100 c=100000#
% t=91.0 plus 9.0 minus 6.0 g=543.0 b=10000 p=400 c=100000#
% t=104.0 plus 9.0 minus 6.0 g=543.0 b=10000 p=-100 c=100000#
% t=122.0 plus 12.0 minus 8.0 g=543.0 b=10000 p=150 c=100000#
% t=135.0 plus 12.0 minus 8.0 g=543.0 b=10000 p=50 c=100000#
% t=171.0 plus 15.0 minus 10.0 g=543.0 b=10000 p=0 c=100000#
% t=194.0 plus 18.0 minus 12.0 g=543.0 b=10000 p=200 c=100000#
% t=230.0 plus 21.0 minus 14.0 g=543.0 b=10000 p=0 c=100000#
% t=253.0 plus 24.0 minus 16.0 g=543.0 b=10000 p=300 c=100000#
% t=266.0 plus 24.0 minus 16.0 g=543.0 b=10000 p=-100 c=100000#
% t=307.0 plus 30.0 minus 20.0 g=543.0 b=10000 p=0 c=100000#
% t=322.0 plus 30.0 minus 20.0 g=543.0 b=10000 p=0 c=100000#
% t=345.0 plus 33.0 minus 22.0 g=543.0 b=10000 p=300 c=100000#
% t=358.0 plus 33.0 minus 22.0 g=543.0 b=10000 p=-100 c=100000#
% t=376.0 plus 36.0 minus 24.0 g=543.0 b=10000 p=150 c=100000#
% t=389.0 plus 36.0 minus 24.0 g=543.0 b=7814 p=150 c=7964#
% t=402.0 plus 36.0 minus 24.0 g=543.0 b=6001 p=-100 c=5901#
% t=420.0 plus 39.0 minus 26.0 g=543.0 b=3128 p=300 c=3428#
% t=433.0 plus 39.0 minus 26.0 g=543.0 b=2237 p=-100 c=2137#
% t=470.0 plus 45.0 minus 30.0 g=543.0 b=425 p=300 c=725#
% t=483.0 plus 45.0 minus 30.0 g=543.0 b=237 p=-100 c=137#
% t=524.0 plus 51.0 minus 34.0 g=543.0 b=5 p=0 c=5#
% t=547.0 plus 55.0 minus 36.0 g=543.0 b=0 p=300 c=300
% t=560.0 plus 55.0 minus 36.0 g=543.0 b=10 p=-100 c=-90#
% t=578.0 plus 58.0 minus 38.0 g=543.0 b=78 p=400 c=478
% t=591.0 plus 58.0 minus 38.0 g=543.0 b=* p=-100 c=*
 [427

]
%% goal height=543.0, max depth=4.0
% t=10.0 g=543.0 b=10000 p=400 c=100000#
% t=23.0 g=543.0 b=10000 p=-100 c=100000#
% t=41.0 plus 3.0 minus 2.0 g=543.0 b=10000 p=-100 c=100000#
% t=82.0 plus 9.0 minus 6.0 g=543.0 b=10000 p=0 c=100000#
% t=97.0 plus 9.0 minus 6.0 g=543.0 b=10000 p=0 c=100000#
% t=120.0 plus 12.0 minus 8.0 g=543.0 b=10000 p=0 c=100000#
% t=133.0 plus 13.0 minus 8.0 g=543.0 b=10000 p=300 c=100000#
% t=146.0 plus 13.0 minus 8.0 g=543.0 b=10000 p=-100 c=100000#
% t=164.0 plus 16.0 minus 10.0 g=543.0 b=10000 p=300 c=100000#
% t=209.94467 plus 19.0 minus 12.0 g=543.0 b=10000 p=0 c=100000#
% t=255.4394 plus 26.0 minus 16.0 g=543.0 b=10000 p=0 c=100000#
% t=278.4394 plus 29.0 minus 18.0 g=543.0 b=10000 p=150 c=100000#
% t=291.4394 plus 29.0 minus 18.0 g=543.0 b=10000 p=0 c=100000#
% t=304.4394 plus 29.0 minus 18.0 g=543.0 b=10000 p=150 c=100000#
% t=317.4394 plus 29.0 minus 18.0 g=543.0 b=10000 p=-100 c=100000#
% t=335.4394 plus 32.0 minus 20.0 g=543.0 b=10000 p=300 c=100000#
% t=371.4394 plus 35.0 minus 22.0 g=543.0 b=10000 p=0 c=100000#
% t=394.4394 plus 38.0 minus 24.0 g=543.0 b=5970 p=300 c=6270#
% t=407.4394 plus 38.0 minus 24.0 g=543.0 b=4531 p=-100 c=4431#
% t=425.4394 plus 41.0 minus 26.0 g=543.0 b=2351 p=300 c=2651#
% t=438.4394 plus 41.0 minus 26.0 g=543.0 b=1655 p=-100 c=1555#
% t=456.4394 plus 44.0 minus 28.0 g=543.0 b=760 p=150 c=910#
% t=469.4394 plus 44.0 minus 28.0 g=543.0 b=465 p=0 c=465#
% t=482.4394 plus 44.0 minus 28.0 g=543.0 b=259 p=150 c=409#
% t=495.4394 plus 44.0 minus 28.0 g=543.0 b=126 p=-100 c=26#
% t=513.4394 plus 47.0 minus 30.0 g=543.0 b=25 p=300 c=325
% t=526.4394 plus 47.0 minus 30.0 g=543.0 b=4 p=0 c=4#
% t=539.4394 plus 48.0 minus 30.0 g=543.0 b=0 p=0 c=0#
% t=552.4394 plus 49.0 minus 30.0 g=543.0 b=3 p=-100 c=-97#
% t=570.4394 plus 52.0 minus 32.0 g=543.0 b=63 p=150 c=213
% t=583.4394 plus 52.0 minus 32.0 g=543.0 b=* p=150 c=*
 [428

]
%% goal height=543.0, max depth=4.0
% t=10.0 g=543.0 b=10000 p=150 c=100000#
% t=23.0 g=543.0 b=10000 p=150 c=100000#
% t=36.0 g=543.0 b=10000 p=0 c=100000#
% t=49.0 plus 1.0 g=543.0 b=10000 p=0 c=100000#
% t=62.0 plus 2.0 g=543.0 b=10000 p=-100 c=100000#
% t=80.0 plus 5.0 minus 2.0 g=543.0 b=10000 p=300 c=100000#
% t=93.0 plus 5.0 minus 2.0 g=543.0 b=10000 p=-100 c=100000#
% t=111.0 plus 8.0 minus 4.0 g=543.0 b=10000 p=300 c=100000#
% t=124.0 plus 8.0 minus 4.0 g=543.0 b=10000 p=-100 c=100000#
% t=142.0 plus 11.0 minus 6.0 g=543.0 b=10000 p=-100 c=100000#
% t=179.0 plus 17.0 minus 10.0 g=543.0 b=10000 p=150 c=100000#
% t=192.0 plus 17.0 minus 10.0 g=543.0 b=10000 p=0 c=100000#
% t=205.0 plus 17.0 minus 10.0 g=543.0 b=10000 p=0 c=100000#
% t=218.0 plus 17.0 minus 10.0 g=543.0 b=10000 p=150 c=100000#
% t=231.0 plus 17.0 minus 10.0 g=543.0 b=10000 p=-100 c=100000#
% t=249.0 plus 20.0 minus 12.0 g=543.0 b=10000 p=150 c=100000#
% t=262.0 plus 20.0 minus 12.0 g=543.0 b=10000 p=0 c=100000#
% t=275.0 plus 20.0 minus 12.0 g=543.0 b=10000 p=0 c=100000#
% t=288.0 plus 20.0 minus 12.0 g=543.0 b=10000 p=150 c=100000#
% t=301.0 plus 20.0 minus 12.0 g=543.0 b=10000 p=0 c=100000#
% t=314.0 plus 21.0 minus 12.0 g=543.0 b=10000 p=300 c=100000#
% t=327.0 plus 21.0 minus 12.0 g=543.0 b=10000 p=0 c=100000#
% t=340.0 plus 22.0 minus 12.0 g=543.0 b=10000 p=-100 c=100000#
% t=358.0 plus 25.0 minus 14.0 g=543.0 b=10000 p=150 c=100000#
% t=371.0 plus 25.0 minus 14.0 g=543.0 b=10000 p=0 c=100000#
% t=384.0 plus 25.0 minus 14.0 g=543.0 b=10000 p=0 c=100000#
% t=397.0 plus 25.0 minus 14.0 g=543.0 b=10000 p=0 c=100000#
% t=410.0 plus 25.0 minus 14.0 g=543.0 b=10000 p=150 c=100000#
% t=423.0 plus 25.0 minus 14.0 g=543.0 b=10000 p=-100 c=100000#
% t=441.0 plus 28.0 minus 16.0 g=543.0 b=4819 p=250 c=5069#
% t=454.0 plus 28.0 minus 16.0 g=543.0 b=3209 p=150 c=3359#
% t=467.0 plus 28.0 minus 16.0 g=543.0 b=1997 p=-100 c=1897#
% t=485.0 plus 31.0 minus 18.0 g=543.0 b=652 p=150 c=802#
% t=498.0 plus 31.0 minus 18.0 g=543.0 b=305 p=100 c=405#
% t=511.0 plus 31.0 minus 18.0 g=543.0 b=109 p=0 c=109#
% t=524.0 plus 31.0 minus 18.0 g=543.0 b=23 p=250 c=273
% t=537.0 plus 31.0 minus 18.0 g=543.0 b=1 p=-100 c=-99#
% t=555.0 plus 34.0 minus 20.0 g=543.0 b=22 p=0 c=22
% t=568.0 plus 35.0 minus 20.0 g=543.0 b=* p=0 c=*
 [429]
%% goal height=543.0, max depth=4.0
% t=10.0 g=543.0 b=10000 p=0 c=100000#
% t=23.0 plus 1.0 g=543.0 b=10000 p=0 c=100000#
% t=36.0 plus 2.0 g=543.0 b=10000 p=-100 c=100000#
% t=54.0 plus 5.0 minus 2.0 g=543.0 b=10000 p=150 c=100000#
% t=67.0 plus 5.0 minus 2.0 g=543.0 b=10000 p=0 c=100000#
% t=80.0 plus 5.0 minus 2.0 g=543.0 b=10000 p=0 c=100000#
% t=93.0 plus 5.0 minus 2.0 g=543.0 b=10000 p=0 c=100000#
% t=106.0 plus 5.0 minus 2.0 g=543.0 b=10000 p=150 c=100000#
% t=119.0 plus 5.0 minus 2.0 g=543.0 b=10000 p=-100 c=100000#
% t=137.0 plus 8.0 minus 4.0 g=543.0 b=10000 p=150 c=100000#
% t=150.0 plus 8.0 minus 4.0 g=543.0 b=10000 p=0 c=100000#
% t=163.0 plus 8.0 minus 4.0 g=543.0 b=10000 p=0 c=100000#
% t=176.0 plus 8.0 minus 4.0 g=543.0 b=10000 p=150 c=100000#
% t=189.0 plus 8.0 minus 4.0 g=543.0 b=10000 p=-100 c=100000#
% t=207.0 plus 11.0 minus 6.0 g=543.0 b=10000 p=150 c=100000#
% t=220.0 plus 11.0 minus 6.0 g=543.0 b=10000 p=0 c=100000#
% t=233.0 plus 11.0 minus 6.0 g=543.0 b=10000 p=0 c=100000#
% t=246.0 plus 11.0 minus 6.0 g=543.0 b=10000 p=0 c=100000#
% t=259.0 plus 11.0 minus 6.0 g=543.0 b=10000 p=150 c=100000#
% t=272.0 plus 11.0 minus 6.0 g=543.0 b=10000 p=0 c=100000#
% t=285.0 plus 12.0 minus 6.0 g=543.0 b=10000 p=0 c=100000#
% t=298.0 plus 13.0 minus 6.0 g=543.0 b=10000 p=300 c=100000#
% t=311.0 plus 13.0 minus 6.0 g=543.0 b=10000 p=0 c=100000#
% t=324.0 plus 14.0 minus 6.0 g=543.0 b=10000 p=-100 c=100000#
% t=342.0 plus 17.0 minus 8.0 g=543.0 b=10000 p=150 c=100000#
% t=355.0 plus 17.0 minus 8.0 g=543.0 b=10000 p=0 c=100000#
% t=368.0 plus 17.0 minus 8.0 g=543.0 b=10000 p=0 c=100000#
% t=381.0 plus 17.0 minus 8.0 g=543.0 b=10000 p=50 c=100000#
% t=484.94444 plus 20.0 minus 10.0 g=543.0 b=2443 p=0 c=2443#
% t=507.94444 plus 23.0 minus 12.0 g=543.0 b=352 p=150 c=502#
% t=520.94444 plus 23.0 minus 12.0 g=543.0 b=87 p=0 c=87#
% t=533.94444 plus 23.0 minus 12.0 g=543.0 b=6 p=150 c=156
% t=546.94444 plus 23.0 minus 12.0 g=543.0 b=3 p=-100 c=-97#
% t=564.94444 plus 26.0 minus 14.0 g=543.0 b=* p=-100 c=*
 [430


]
%% goal height=543.0, max depth=4.0
% t=10.0 g=543.0 b=10000 p=-100 c=100000#
% t=28.0 plus 3.0 minus 2.0 g=543.0 b=10000 p=150 c=100000#
% t=41.0 plus 3.0 minus 2.0 g=543.0 b=10000 p=0 c=100000#
% t=54.0 plus 3.0 minus 2.0 g=543.0 b=10000 p=0 c=100000#
% t=67.0 plus 3.0 minus 2.0 g=543.0 b=10000 p=0 c=100000#
% t=80.0 plus 3.0 minus 2.0 g=543.0 b=10000 p=0 c=100000#
% t=93.0 plus 3.0 minus 2.0 g=543.0 b=10000 p=0 c=100000#
% t=106.0 plus 3.0 minus 2.0 g=543.0 b=10000 p=150 c=100000#
% t=119.0 plus 3.0 minus 2.0 g=543.0 b=10000 p=0 c=100000#
% t=132.0 plus 4.0 minus 2.0 g=543.0 b=10000 p=150 c=100000#
% t=145.0 plus 4.0 minus 2.0 g=543.0 b=10000 p=0 c=100000#
% t=158.0 plus 4.0 minus 2.0 g=543.0 b=10000 p=150 c=100000#
% t=171.0 plus 4.0 minus 2.0 g=543.0 b=10000 p=0 c=100000#
% t=184.0 plus 5.0 minus 2.0 g=543.0 b=10000 p=250 c=100000#
% t=197.0 plus 5.0 minus 2.0 g=543.0 b=10000 p=250 c=100000#
% t=210.0 plus 5.0 minus 2.0 g=543.0 b=10000 p=-100 c=100000#
% t=273.0 plus 14.0 minus 8.0 g=543.0 b=10000 p=0 c=100000#
% t=296.0 plus 17.0 minus 10.0 g=543.0 b=10000 p=150 c=100000#
% t=309.0 plus 17.0 minus 10.0 g=543.0 b=10000 p=0 c=100000#
% t=322.0 plus 17.0 minus 10.0 g=543.0 b=10000 p=150 c=100000#
% t=335.0 plus 17.0 minus 10.0 g=543.0 b=10000 p=-100 c=100000#
% t=376.0 plus 23.0 minus 14.0 g=543.0 b=10000 p=0 c=100000#
% t=415.0 plus 28.0 minus 17.0 g=543.0 b=10000 p=150 c=100000#
% t=428.0 plus 28.0 minus 17.0 g=543.0 b=6910 p=0 c=6910#
% t=441.0 plus 28.0 minus 17.0 g=543.0 b=4819 p=150 c=4969#
% t=454.0 plus 28.0 minus 17.0 g=543.0 b=3209 p=0 c=3209#
% t=467.0 plus 29.0 minus 17.0 g=543.0 b=1796 p=150 c=1946#
% t=480.0 plus 29.0 minus 17.0 g=543.0 b=1024 p=0 c=1024#
% t=493.0 plus 29.0 minus 17.0 g=543.0 b=512 p=150 c=662#
% t=506.0 plus 29.0 minus 17.0 g=543.0 b=206 p=-100 c=106#
% t=524.0 plus 32.0 minus 19.0 g=543.0 b=21 p=150 c=171
% t=537.0 plus 32.0 minus 19.0 g=543.0 b=1 p=150 c=151
% t=550.0 plus 32.0 minus 19.0 g=543.0 b=5 p=-100 c=-95#
% t=568.0 plus 35.0 minus 21.0 g=543.0 b=* p=150 c=*
 [431

]
%% goal height=543.0, max depth=4.0
% t=10.0 g=543.0 b=10000 p=150 c=100000#
% t=23.0 g=543.0 b=10000 p=0 c=100000#
% t=36.0 g=543.0 b=10000 p=0 c=100000#
% t=49.0 g=543.0 b=10000 p=150 c=100000#
% t=62.0 g=543.0 b=10000 p=-100 c=100000#
% t=114.26683 plus 6.0 minus 4.0 g=543.0 b=10000 p=0 c=100000#
% t=136.76157 plus 9.0 minus 6.0 g=543.0 b=10000 p=300 c=100000#
% t=149.76157 plus 9.0 minus 6.0 g=543.0 b=10000 p=-100 c=100000#
% t=167.76157 plus 12.0 minus 8.0 g=543.0 b=10000 p=150 c=100000#
% t=180.76157 plus 12.0 minus 8.0 g=543.0 b=10000 p=150 c=100000#
% t=193.76157 plus 12.0 minus 8.0 g=543.0 b=10000 p=0 c=100000#
% t=206.76157 plus 13.0 minus 8.0 g=543.0 b=10000 p=0 c=100000#
% t=219.76157 plus 14.0 minus 8.0 g=543.0 b=10000 p=300 c=100000#
% t=232.76157 plus 14.0 minus 8.0 g=543.0 b=10000 p=-100 c=100000#
% t=250.76157 plus 17.0 minus 10.0 g=543.0 b=10000 p=250 c=100000#
% t=263.76157 plus 17.0 minus 10.0 g=543.0 b=10000 p=0 c=100000#
% t=276.76157 plus 17.0 minus 10.0 g=543.0 b=10000 p=150 c=100000#
% t=289.76157 plus 17.0 minus 10.0 g=543.0 b=10000 p=-100 c=100000#
% t=307.76157 plus 20.0 minus 12.0 g=543.0 b=10000 p=150 c=100000#
% t=320.76157 plus 20.0 minus 12.0 g=543.0 b=10000 p=0 c=100000#
% t=333.76157 plus 20.0 minus 12.0 g=543.0 b=10000 p=0 c=100000#
% t=346.76157 plus 20.0 minus 12.0 g=543.0 b=10000 p=0 c=100000#
% t=359.76157 plus 20.0 minus 12.0 g=543.0 b=10000 p=0 c=100000#
% t=372.76157 plus 20.0 minus 12.0 g=543.0 b=10000 p=150 c=100000#
% t=385.76157 plus 20.0 minus 12.0 g=543.0 b=10000 p=-100 c=100000#
% t=403.76157 plus 23.0 minus 14.0 g=543.0 b=10000 p=150 c=100000#
% t=416.76157 plus 23.0 minus 14.0 g=543.0 b=10000 p=150 c=100000#
% t=429.76157 plus 23.0 minus 14.0 g=543.0 b=10000 p=-100 c=100000#
% t=447.76157 plus 26.0 minus 16.0 g=543.0 b=4899 p=150 c=5049#
% t=460.76157 plus 26.0 minus 16.0 g=543.0 b=3158 p=0 c=3158#
% t=473.76157 plus 26.0 minus 16.0 g=543.0 b=1881 p=0 c=1881#
% t=486.76157 plus 26.0 minus 16.0 g=543.0 b=1009 p=100 c=1109#
% t=499.76157 plus 26.0 minus 16.0 g=543.0 b=457 p=0 c=457#
% t=512.76157 plus 26.0 minus 16.0 g=543.0 b=157 p=0 c=157#
% t=525.76157 plus 26.0 minus 16.0 g=543.0 b=29 p=100 c=129#
% t=538.76157 plus 26.0 minus 16.0 g=543.0 b=0 p=0 c=0#
% t=551.76157 plus 26.0 minus 16.0 g=543.0 b=16 p=0 c=16
% t=564.76157 plus 26.0 minus 16.0 g=543.0 b=* p=0 c=*

[432

]
%% goal height=543.0, max depth=4.0
% t=10.0 g=543.0 b=10000 p=0 c=100000#
% t=23.0 g=543.0 b=10000 p=0 c=100000#
% t=36.0 g=543.0 b=10000 p=150 c=100000#
% t=49.0 g=543.0 b=10000 p=0 c=100000#
% t=62.0 plus 1.0 g=543.0 b=10000 p=0 c=100000#
% t=75.0 plus 2.0 g=543.0 b=10000 p=400 c=100000#
% t=88.0 plus 2.0 g=543.0 b=10000 p=0 c=100000#
% t=101.0 plus 3.0 g=543.0 b=10000 p=150 c=100000#
% t=114.0 plus 3.0 g=543.0 b=10000 p=150 c=100000#
% t=127.0 plus 3.0 g=543.0 b=10000 p=0 c=100000#
% t=140.0 plus 4.0 g=543.0 b=10000 p=150 c=100000#
% t=153.0 plus 4.0 g=543.0 b=10000 p=0 c=100000#
% t=166.0 plus 4.0 g=543.0 b=10000 p=150 c=100000#
% t=179.0 plus 4.0 g=543.0 b=10000 p=0 c=100000#
% t=192.0 plus 5.0 g=543.0 b=10000 p=0 c=100000#
% t=205.0 plus 6.0 g=543.0 b=10000 p=300 c=100000#
% t=218.0 plus 6.0 g=543.0 b=10000 p=-100 c=100000#
% t=236.0 plus 9.0 minus 2.0 g=543.0 b=10000 p=150 c=100000#
% t=249.0 plus 9.0 minus 2.0 g=543.0 b=10000 p=0 c=100000#
% t=262.0 plus 9.0 minus 2.0 g=543.0 b=10000 p=0 c=100000#
% t=275.0 plus 9.0 minus 2.0 g=543.0 b=10000 p=0 c=100000#
% t=288.0 plus 9.0 minus 2.0 g=543.0 b=10000 p=0 c=100000#
% t=301.0 plus 9.0 minus 2.0 g=543.0 b=10000 p=0 c=100000#
% t=314.0 plus 9.0 minus 2.0 g=543.0 b=10000 p=150 c=100000#
% t=327.0 plus 9.0 minus 2.0 g=543.0 b=10000 p=0 c=100000#
% t=340.0 plus 10.0 minus 2.0 g=543.0 b=10000 p=150 c=100000#
% t=353.0 plus 10.0 minus 2.0 g=543.0 b=10000 p=0 c=100000#
% t=366.0 plus 10.0 minus 2.0 g=543.0 b=10000 p=150 c=100000#
% t=379.0 plus 10.0 minus 2.0 g=543.0 b=10000 p=0 c=100000#
% t=392.0 plus 11.0 minus 2.0 g=543.0 b=10000 p=150 c=100000#
% t=405.0 plus 11.0 minus 2.0 g=543.0 b=10000 p=150 c=100000#
% t=418.0 plus 11.0 minus 2.0 g=543.0 b=10000 p=0 c=100000#
% t=431.0 plus 12.0 minus 2.0 g=543.0 b=10000 p=150 c=100000#
% t=444.0 plus 12.0 minus 2.0 g=543.0 b=10000 p=150 c=100000#
% t=457.0 plus 12.0 minus 2.0 g=543.0 b=10000 p=-100 c=100000#
% t=475.0 plus 15.0 minus 4.0 g=543.0 b=10000 p=150 c=100000#
% t=488.0 plus 15.0 minus 4.0 g=543.0 b=4927 p=100 c=5027#
% t=501.0 plus 15.0 minus 4.0 g=543.0 b=2189 p=0 c=2189#
% t=514.0 plus 15.0 minus 4.0 g=543.0 b=721 p=0 c=721#
% t=527.0 plus 15.0 minus 4.0 g=543.0 b=120 p=150 c=270#
% t=540.0 plus 15.0 minus 4.0 g=543.0 b=1 p=0 c=1#
% t=553.0 plus 16.0 minus 4.0 g=543.0 b=* p=250 c=*
 [433


]
%% goal height=543.0, max depth=4.0
% t=10.0 g=543.0 b=10000 p=250 c=100000#
% t=23.0 g=543.0 b=10000 p=0 c=100000#
% t=36.0 g=543.0 b=10000 p=0 c=100000#
% t=49.0 g=543.0 b=10000 p=0 c=100000#
% t=62.0 g=543.0 b=10000 p=0 c=100000#
% t=75.0 g=543.0 b=10000 p=150 c=100000#
% t=88.0 g=543.0 b=10000 p=0 c=100000#
% t=101.0 plus 1.0 g=543.0 b=10000 p=150 c=100000#
% t=114.0 plus 1.0 g=543.0 b=10000 p=150 c=100000#
% t=127.0 plus 1.0 g=543.0 b=10000 p=0 c=100000#
% t=140.0 plus 2.0 g=543.0 b=10000 p=300 c=100000#
% t=153.0 plus 2.0 g=543.0 b=10000 p=-100 c=100000#
% t=171.0 plus 5.0 minus 2.0 g=543.0 b=10000 p=150 c=100000#
% t=184.0 plus 5.0 minus 2.0 g=543.0 b=10000 p=0 c=100000#
% t=197.0 plus 5.0 minus 2.0 g=543.0 b=10000 p=50 c=100000#
% t=267.94444 plus 8.0 minus 4.0 g=543.0 b=10000 p=0 c=100000#
% t=289.88889 plus 11.0 minus 6.0 g=543.0 b=10000 p=150 c=100000#
% t=302.88889 plus 11.0 minus 6.0 g=543.0 b=10000 p=0 c=100000#
% t=315.88889 plus 11.0 minus 6.0 g=543.0 b=10000 p=0 c=100000#
% t=328.88889 plus 11.0 minus 6.0 g=543.0 b=10000 p=0 c=100000#
% t=341.88889 plus 11.0 minus 6.0 g=543.0 b=10000 p=0 c=100000#
% t=354.88889 plus 11.0 minus 6.0 g=543.0 b=10000 p=0 c=100000#
% t=367.88889 plus 11.0 minus 6.0 g=543.0 b=10000 p=0 c=100000#
% t=380.88889 plus 11.0 minus 6.0 g=543.0 b=10000 p=0 c=100000#
% t=393.88889 plus 11.0 minus 6.0 g=543.0 b=10000 p=0 c=100000#
% t=406.88889 plus 11.0 minus 6.0 g=543.0 b=10000 p=0 c=100000#
% t=419.88889 plus 11.0 minus 6.0 g=543.0 b=10000 p=150 c=100000#
% t=432.88889 plus 11.0 minus 6.0 g=543.0 b=10000 p=-100 c=100000#
% t=450.88889 plus 14.0 minus 8.0 g=543.0 b=10000 p=200 c=100000#
% t=541.88889 plus 17.0 minus 10.0 g=543.0 b=0 p=0 c=0#
% t=564.88889 plus 20.0 minus 12.0 g=543.0 b=* p=150 c=*
 [434


]
%% goal height=543.0, max depth=4.0
% t=10.0 g=543.0 b=10000 p=150 c=100000#
% t=23.0 g=543.0 b=10000 p=0 c=100000#
% t=36.0 g=543.0 b=10000 p=0 c=100000#
% t=49.0 g=543.0 b=10000 p=150 c=100000#
% t=62.0 g=543.0 b=10000 p=0 c=100000#
% t=75.0 plus 1.0 g=543.0 b=10000 p=0 c=100000#
% t=88.0 plus 2.0 g=543.0 b=10000 p=300 c=100000#
% t=101.0 plus 2.0 g=543.0 b=10000 p=-100 c=100000#
% t=119.0 plus 5.0 minus 2.0 g=543.0 b=10000 p=150 c=100000#
% t=132.0 plus 5.0 minus 2.0 g=543.0 b=10000 p=0 c=100000#
% t=145.0 plus 5.0 minus 2.0 g=543.0 b=10000 p=0 c=100000#
% t=158.0 plus 5.0 minus 2.0 g=543.0 b=10000 p=0 c=100000#
% t=171.0 plus 5.0 minus 2.0 g=543.0 b=10000 p=0 c=100000#
% t=184.0 plus 5.0 minus 2.0 g=543.0 b=10000 p=0 c=100000#
% t=197.0 plus 5.0 minus 2.0 g=543.0 b=10000 p=0 c=100000#
% t=210.0 plus 5.0 minus 2.0 g=543.0 b=10000 p=0 c=100000#
% t=223.0 plus 5.0 minus 2.0 g=543.0 b=10000 p=0 c=100000#
% t=236.0 plus 5.0 minus 2.0 g=543.0 b=10000 p=0 c=100000#
% t=249.0 plus 5.0 minus 2.0 g=543.0 b=10000 p=0 c=100000#
% t=262.0 plus 5.0 minus 2.0 g=543.0 b=10000 p=0 c=100000#
% t=275.0 plus 5.0 minus 2.0 g=543.0 b=10000 p=50 c=100000#
% t=316.0 plus 8.0 minus 4.0 g=543.0 b=10000 p=0 c=100000#
% t=336.0 plus 8.0 minus 4.0 g=543.0 b=10000 p=0 c=100000#
% t=359.0 plus 11.0 minus 6.0 g=543.0 b=10000 p=300 c=100000#
% t=372.0 plus 11.0 minus 6.0 g=543.0 b=10000 p=0 c=100000#
% t=385.0 plus 12.0 minus 6.0 g=543.0 b=10000 p=150 c=100000#
% t=398.0 plus 12.0 minus 6.0 g=543.0 b=10000 p=50 c=100000#
% t=443.96594 plus 15.0 minus 8.0 g=543.0 b=10000 p=0 c=100000#
% t=465.91039 plus 19.0 minus 10.0 g=543.0 b=6675 p=250 c=6925#
% t=478.91039 plus 19.0 minus 10.0 g=543.0 b=3826 p=150 c=3976#
% t=491.91039 plus 19.0 minus 10.0 g=543.0 b=1939 p=0 c=1939#
% t=538.0262 plus 23.0 minus 12.0 g=543.0 b=1 p=0 c=1#
% t=587.5093 plus 30.0 minus 16.0 g=543.0 b=* p=0 c=*
 [435

]
%% goal height=543.0, max depth=4.0
% t=37.53865 plus 3.0 minus 2.0 g=543.0 b=10000 p=0 c=100000#
% t=61.0113 plus 6.0 minus 4.0 g=543.0 b=10000 p=300 c=100000#
% t=74.0113 plus 6.0 minus 4.0 g=543.0 b=10000 p=0 c=100000#
% t=87.0113 plus 7.0 minus 4.0 g=543.0 b=10000 p=150 c=100000#
% t=101.68585 plus 7.0 minus 4.0 g=543.0 b=10000 p=50 c=100000#
% t=137.65468 plus 10.0 minus 6.0 g=543.0 b=10000 p=0 c=100000#
% t=160.65468 plus 13.0 minus 8.0 g=543.0 b=10000 p=0 c=100000#
% t=173.65468 plus 14.0 minus 8.0 g=543.0 b=10000 p=300 c=100000#
% t=186.65468 plus 14.0 minus 8.0 g=543.0 b=10000 p=0 c=100000#
% t=238.99939 plus 18.0 minus 10.0 g=543.0 b=10000 p=0 c=100000#
% t=260.94383 plus 22.0 minus 12.0 g=543.0 b=10000 p=-100 c=100000#
% t=278.94383 plus 25.0 minus 14.0 g=543.0 b=10000 p=150 c=100000#
% t=291.94383 plus 25.0 minus 14.0 g=543.0 b=10000 p=0 c=100000#
% t=304.94383 plus 25.0 minus 14.0 g=543.0 b=10000 p=0 c=100000#
% t=317.94383 plus 25.0 minus 14.0 g=543.0 b=10000 p=0 c=100000#
% t=330.94383 plus 25.0 minus 14.0 g=543.0 b=10000 p=0 c=100000#
% t=343.94383 plus 25.0 minus 14.0 g=543.0 b=10000 p=150 c=100000#
% t=356.94383 plus 25.0 minus 14.0 g=543.0 b=10000 p=0 c=100000#
% t=369.94383 plus 26.0 minus 14.0 g=543.0 b=10000 p=150 c=100000#
% t=382.94383 plus 26.0 minus 14.0 g=543.0 b=10000 p=0 c=100000#
% t=395.94383 plus 26.0 minus 14.0 g=543.0 b=10000 p=0 c=100000#
% t=408.94383 plus 26.0 minus 14.0 g=543.0 b=10000 p=0 c=100000#
% t=421.94383 plus 26.0 minus 14.0 g=543.0 b=10000 p=50 c=100000#
% t=468.86743 plus 29.0 minus 16.0 g=543.0 b=1668 p=0 c=1668#
% t=490.81187 plus 33.0 minus 18.0 g=543.0 b=394 p=150 c=544#
% t=503.81187 plus 33.0 minus 18.0 g=543.0 b=166 p=0 c=166#
% t=516.81187 plus 33.0 minus 18.0 g=543.0 b=50 p=0 c=50#
% t=529.81187 plus 33.0 minus 18.0 g=543.0 b=6 p=150 c=156
% t=542.81187 plus 33.0 minus 18.0 g=543.0 b=0 p=0 c=0#
% t=555.81187 plus 34.0 minus 18.0 g=543.0 b=36 p=300 c=336
% t=568.81187 plus 34.0 minus 18.0 g=543.0 b=* p=0 c=*
 [436]
%% goal height=543.0, max depth=4.0
% t=10.0 g=543.0 b=10000 p=300 c=100000#
% t=23.0 g=543.0 b=10000 p=0 c=100000#
% t=36.0 plus 1.0 g=543.0 b=10000 p=300 c=100000#
% t=49.0 plus 1.0 g=543.0 b=10000 p=-100 c=100000#
% t=86.0 plus 7.0 minus 4.0 g=543.0 b=10000 p=150 c=100000#
% t=99.0 plus 7.0 minus 4.0 g=543.0 b=10000 p=150 c=100000#
% t=112.0 plus 7.0 minus 4.0 g=543.0 b=10000 p=-100 c=100000#
% t=130.0 plus 10.0 minus 6.0 g=543.0 b=10000 p=150 c=100000#
% t=143.0 plus 10.0 minus 6.0 g=543.0 b=10000 p=150 c=100000#
% t=156.0 plus 10.0 minus 6.0 g=543.0 b=10000 p=-100 c=100000#
% t=174.0 plus 13.0 minus 8.0 g=543.0 b=10000 p=300 c=100000#
% t=187.0 plus 13.0 minus 8.0 g=543.0 b=10000 p=-100 c=100000#
% t=205.0 plus 16.0 minus 10.0 g=543.0 b=10000 p=150 c=100000#
% t=218.0 plus 16.0 minus 10.0 g=543.0 b=10000 p=0 c=100000#
% t=231.0 plus 16.0 minus 10.0 g=543.0 b=10000 p=150 c=100000#
% t=244.0 plus 16.0 minus 10.0 g=543.0 b=10000 p=0 c=100000#
% t=257.0 plus 17.0 minus 10.0 g=543.0 b=10000 p=300 c=100000#
% t=270.0 plus 17.0 minus 10.0 g=543.0 b=10000 p=0 c=100000#
% t=283.0 plus 18.0 minus 10.0 g=543.0 b=10000 p=300 c=100000#
% t=296.0 plus 18.0 minus 10.0 g=543.0 b=10000 p=0 c=100000#
% t=309.0 plus 19.0 minus 10.0 g=543.0 b=10000 p=150 c=100000#
% t=322.0 plus 19.0 minus 10.0 g=543.0 b=10000 p=250 c=100000#
% t=335.0 plus 19.0 minus 10.0 g=543.0 b=10000 p=-100 c=100000#
% t=353.0 plus 22.0 minus 12.0 g=543.0 b=10000 p=150 c=100000#
% t=366.0 plus 22.0 minus 12.0 g=543.0 b=10000 p=0 c=100000#
% t=379.0 plus 22.0 minus 12.0 g=543.0 b=10000 p=0 c=100000#
% t=392.0 plus 22.0 minus 12.0 g=543.0 b=10000 p=50 c=100000#
% t=449.56677 plus 25.0 minus 14.0 g=543.0 b=5203 p=0 c=5203#
% t=476.6861 plus 25.0 minus 14.0 g=543.0 b=1859 p=0 c=1859#
% t=500.15875 plus 28.0 minus 16.0 g=543.0 b=357 p=-100 c=257#
% t=518.15875 plus 31.0 minus 18.0 g=543.0 b=51 p=300 c=351
% t=531.15875 plus 31.0 minus 18.0 g=543.0 b=6 p=-100 c=-94#
% t=549.15875 plus 34.0 minus 20.0 g=543.0 b=3 p=150 c=153
% t=562.15875 plus 34.0 minus 20.0 g=543.0 b=87 p=150 c=237
% t=575.15875 plus 34.0 minus 20.0 g=543.0 b=* p=-100 c=*
 [437

]
%% goal height=543.0, max depth=4.0
% t=10.0 g=543.0 b=10000 p=150 c=100000#
% t=23.0 g=543.0 b=10000 p=150 c=100000#
% t=36.0 g=543.0 b=10000 p=-100 c=100000#
% t=54.0 plus 3.0 minus 2.0 g=543.0 b=10000 p=150 c=100000#
% t=67.0 plus 3.0 minus 2.0 g=543.0 b=10000 p=150 c=100000#
% t=80.0 plus 3.0 minus 2.0 g=543.0 b=10000 p=-100 c=100000#
% t=98.0 plus 6.0 minus 4.0 g=543.0 b=10000 p=0 c=100000#
% t=150.73695 plus 10.0 minus 6.0 g=543.0 b=10000 p=0 c=100000#
% t=172.6814 plus 13.0 minus 8.0 g=543.0 b=10000 p=150 c=100000#
% t=185.6814 plus 13.0 minus 8.0 g=543.0 b=10000 p=150 c=100000#
% t=198.6814 plus 13.0 minus 8.0 g=543.0 b=10000 p=0 c=100000#
% t=211.6814 plus 14.0 minus 8.0 g=543.0 b=10000 p=200 c=100000#
% t=247.6814 plus 17.0 minus 10.0 g=543.0 b=10000 p=0 c=100000#
% t=262.6814 plus 17.0 minus 10.0 g=543.0 b=10000 p=0 c=100000#
% t=285.6814 plus 21.0 minus 12.0 g=543.0 b=10000 p=-100 c=100000#
% t=303.6814 plus 24.0 minus 14.0 g=543.0 b=10000 p=300 c=100000#
% t=316.6814 plus 24.0 minus 14.0 g=543.0 b=10000 p=-100 c=100000#
% t=353.6814 plus 30.0 minus 18.0 g=543.0 b=10000 p=250 c=100000#
% t=366.6814 plus 30.0 minus 18.0 g=543.0 b=10000 p=100 c=100000#
% t=379.6814 plus 30.0 minus 18.0 g=543.0 b=10000 p=0 c=100000#
% t=392.6814 plus 30.0 minus 18.0 g=543.0 b=10000 p=150 c=100000#
)
*\end
% t=408.1814 plus 30.0 minus 18.0 g=543.0 b=10000 p=0 c=100000#
% t=408.1814 plus 30.0 plus 1.0fill minus 18.0 g=543.0 b=0 p=-1073741824 c=-107
3741824#
[438]
Output written on chap8.pdf (58 pages).
