This is XeTeX, Version 3.14159265-2.6-0.99996 (TeX Live 2016/W32TeX) (preloaded format=xetex 2017.5.11)  30 MAR 2018 10:24
entering extended mode
 restricted \write18 enabled.
 %&-line parsing enabled.
**./chap9.tex
(./chap9.tex (./gkpmac.tex
\openout0 = `chap9.grf'.

 (./chap9.ref)
\openout1 = `chap9.ref'.

\openout2 = `chap9.ans'.

\openout3 = `chap9.inx'.

\openout4 = `chap9.bnx'.

) (./bib.ref) (./chap2.ref)
(./chap3.ref) (./chap4.ref) (./chap5.ref) (./chap6.ref) (./chap7.ref)
%% goal height=543.0, max depth=4.0
% t=51.55556 g=543.0 b=10000 p=0 c=100000#
% t=142.94109 minus 5.0 g=543.0 b=10000 p=0 c=100000#
% t=155.10332 minus 5.0 g=543.0 b=10000 p=0 c=100000#
% t=171.10332 plus 2.0 minus 6.0 g=543.0 b=10000 p=150 c=100000#
% t=184.10332 plus 2.0 minus 6.0 g=543.0 b=10000 p=0 c=100000#
% t=197.10332 plus 2.0 minus 6.0 g=543.0 b=10000 p=0 c=100000#
% t=210.10332 plus 2.0 minus 6.0 g=543.0 b=10000 p=0 c=100000#
% t=223.10332 plus 2.0 minus 6.0 g=543.0 b=10000 p=0 c=100000#
% t=236.10332 plus 2.0 minus 6.0 g=543.0 b=10000 p=150 c=100000#
% t=249.10332 plus 2.0 minus 6.0 g=543.0 b=10000 p=0 c=100000#
% t=301.33037 plus 6.0 minus 8.0 g=543.0 b=10000 p=0 c=100000#
% t=354.27504 plus 12.0 minus 12.0 g=543.0 b=10000 p=0 c=100000#
% t=378.55608 plus 15.0 minus 14.0 g=543.0 b=10000 p=200 c=100000#
% t=428.50075 plus 18.0 minus 16.0 g=543.0 b=10000 p=0 c=100000#
% t=447.9734 plus 21.0 minus 18.0 g=543.0 b=10000 p=150 c=100000#
% t=460.9734 plus 21.0 minus 18.0 g=543.0 b=5954 p=0 c=5954#
% t=473.9734 plus 21.0 minus 18.0 g=543.0 b=3547 p=50 c=3597#
% t=526.71985 plus 24.0 minus 20.0 g=543.0 b=31 p=0 c=31#
% t=544.66429 plus 27.0 minus 22.0 g=543.0 b=0 p=300 c=300
% t=557.66429 plus 27.0 minus 22.0 g=543.0 b=29 p=0 c=29#
% t=570.66429 plus 28.0 minus 22.0 g=543.0 b=* p=150 c=*
 [439

]
%% goal height=543.0, max depth=4.0
% t=10.0 g=543.0 b=10000 p=150 c=100000#
% t=23.0 g=543.0 b=10000 p=50 c=100000#
% t=135.66704 plus 3.0 minus 2.0 g=543.0 b=10000 p=0 c=100000#
% t=158.66704 plus 6.0 minus 4.0 g=543.0 b=10000 p=150 c=100000#
% t=171.66704 plus 6.0 minus 4.0 g=543.0 b=10000 p=0 c=100000#
% t=184.66704 plus 6.0 minus 4.0 g=543.0 b=10000 p=0 c=100000#
% t=197.66704 plus 6.0 minus 4.0 g=543.0 b=10000 p=150 c=100000#
% t=210.66704 plus 6.0 minus 4.0 g=543.0 b=10000 p=0 c=100000#
% t=223.66704 plus 7.0 minus 4.0 g=543.0 b=10000 p=150 c=100000#
% t=236.66704 plus 7.0 minus 4.0 g=543.0 b=10000 p=100 c=100000#
% t=249.66704 plus 7.0 minus 4.0 g=543.0 b=10000 p=0 c=100000#
% t=262.66704 plus 7.0 minus 4.0 g=543.0 b=10000 p=0 c=100000#
% t=275.66704 plus 7.0 minus 4.0 g=543.0 b=10000 p=150 c=100000#
% t=290.61148 plus 7.0 minus 4.0 g=543.0 b=10000 p=-200 c=100000#
% t=340.66704 plus 9.0 minus 4.0 g=543.0 b=10000 p=250 c=100000#
% t=353.66704 plus 9.0 minus 4.0 g=543.0 b=10000 p=50 c=100000#
% t=403.22905 plus 12.0 minus 6.0 g=543.0 b=10000 p=0 c=100000#
% t=421.72379 plus 15.0 minus 8.0 g=543.0 b=10000 p=150 c=100000#
% t=434.72379 plus 15.0 minus 8.0 g=543.0 b=10000 p=150 c=100000#
% t=447.72379 plus 15.0 minus 8.0 g=543.0 b=10000 p=0 c=100000#
% t=460.72379 plus 16.0 minus 8.0 g=543.0 b=10000 p=200 c=100000#
% t=498.61435 plus 19.0 minus 10.0 g=543.0 b=1270 p=0 c=1270#
% t=519.72379 plus 22.0 minus 12.0 g=543.0 b=118 p=0 c=118#
% t=532.72379 plus 23.0 minus 12.0 g=543.0 b=9 p=150 c=159
% t=545.72379 plus 23.0 minus 12.0 g=543.0 b=1 p=50 c=51#
% t=581.72379 plus 26.0 minus 14.0 g=543.0 b=* p=0 c=*

[440


]
%% goal height=543.0, max depth=4.0
% t=33.0 plus 3.0 minus 2.0 g=543.0 b=10000 p=0 c=100000#
% t=56.0 plus 6.0 minus 4.0 g=543.0 b=10000 p=0 c=100000#
% t=69.0 plus 7.0 minus 4.0 g=543.0 b=10000 p=150 c=100000#
% t=82.0 plus 7.0 minus 4.0 g=543.0 b=10000 p=150 c=100000#
% t=95.0 plus 7.0 minus 4.0 g=543.0 b=10000 p=0 c=100000#
% t=108.0 plus 8.0 minus 4.0 g=543.0 b=10000 p=150 c=100000#
% t=121.0 plus 8.0 minus 4.0 g=543.0 b=10000 p=0 c=100000#
% t=134.0 plus 8.0 minus 4.0 g=543.0 b=10000 p=0 c=100000#
% t=147.0 plus 8.0 minus 4.0 g=543.0 b=10000 p=0 c=100000#
% t=160.0 plus 8.0 minus 4.0 g=543.0 b=10000 p=0 c=100000#
% t=173.0 plus 8.0 minus 4.0 g=543.0 b=10000 p=150 c=100000#
% t=186.0 plus 8.0 minus 4.0 g=543.0 b=10000 p=0 c=100000#
% t=199.0 plus 9.0 minus 4.0 g=543.0 b=10000 p=150 c=100000#
% t=212.0 plus 9.0 minus 4.0 g=543.0 b=10000 p=0 c=100000#
% t=225.0 plus 9.0 minus 4.0 g=543.0 b=10000 p=150 c=100000#
% t=238.0 plus 9.0 minus 4.0 g=543.0 b=10000 p=0 c=100000#
% t=251.0 plus 10.0 minus 4.0 g=543.0 b=10000 p=150 c=100000#
% t=264.0 plus 10.0 minus 4.0 g=543.0 b=10000 p=0 c=100000#
% t=277.0 plus 10.0 minus 4.0 g=543.0 b=10000 p=50 c=100000#
% t=326.53514 plus 13.0 minus 6.0 g=543.0 b=10000 p=0 c=100000#
% t=377.01823 plus 19.0 minus 10.0 g=543.0 b=10000 p=0 c=100000#
% t=398.96268 plus 23.0 minus 12.0 g=543.0 b=10000 p=150 c=100000#
% t=411.96268 plus 23.0 minus 12.0 g=543.0 b=10000 p=50 c=100000#
% t=447.96268 plus 26.0 minus 14.0 g=543.0 b=4872 p=0 c=4872#
% t=493.96268 plus 32.0 minus 18.0 g=543.0 b=359 p=0 c=359#
% t=511.46092 plus 32.0 minus 18.0 g=543.0 b=95 p=0 c=95#
% t=531.96268 plus 35.0 minus 20.0 g=543.0 b=3 p=250 c=253
% t=544.96268 plus 35.0 minus 20.0 g=543.0 b=0 p=150 c=150
% t=557.96268 plus 35.0 minus 20.0 g=543.0 b=42 p=0 c=42#
% t=572.32959 plus 36.0 minus 20.0 g=543.0 b=* p=200 c=*
 [441

]
%% goal height=543.0, max depth=4.0
% t=11.47635 g=543.0 b=10000 p=200 c=100000#
% t=54.47635 plus 3.0 minus 2.0 g=543.0 b=10000 p=0 c=100000#
% t=72.97635 plus 6.0 minus 4.0 g=543.0 b=10000 p=300 c=100000#
% t=108.97635 plus 9.0 minus 6.0 g=543.0 b=10000 p=0 c=100000#
% t=133.95094 plus 12.0 minus 8.0 g=543.0 b=10000 p=0 c=100000#
% t=146.95094 plus 13.0 minus 8.0 g=543.0 b=10000 p=200 c=100000#
% t=182.95094 plus 16.0 minus 10.0 g=543.0 b=10000 p=0 c=100000#
% t=199.89539 plus 16.0 minus 10.0 g=543.0 b=10000 p=0 c=100000#
% t=220.95094 plus 19.0 minus 12.0 g=543.0 b=10000 p=150 c=100000#
% t=233.95094 plus 19.0 minus 12.0 g=543.0 b=10000 p=50 c=100000#
% t=283.51295 plus 22.0 minus 14.0 g=543.0 b=10000 p=0 c=100000#
% t=302.00769 plus 25.0 minus 16.0 g=543.0 b=10000 p=0 c=100000#
% t=315.00769 plus 26.0 minus 16.0 g=543.0 b=10000 p=150 c=100000#
% t=328.00769 plus 26.0 minus 16.0 g=543.0 b=10000 p=150 c=100000#
% t=341.00769 plus 26.0 minus 16.0 g=543.0 b=10000 p=0 c=100000#
% t=357.00769 plus 28.0 minus 17.0 g=543.0 b=10000 p=0 c=100000#
% t=370.00769 plus 29.0 minus 17.0 g=543.0 b=10000 p=0 c=100000#
% t=383.00769 plus 30.0 minus 17.0 g=543.0 b=10000 p=0 c=100000#
% t=396.00769 plus 31.0 minus 17.0 g=543.0 b=10000 p=0 c=100000#
% t=409.00769 plus 32.0 minus 17.0 g=543.0 b=7326 p=0 c=7326#
% t=425.00769 plus 34.0 minus 18.0 g=543.0 b=4168 p=300 c=4468#
% t=438.00769 plus 34.0 minus 18.0 g=543.0 b=2941 p=0 c=2941#
% t=451.00769 plus 35.0 minus 18.0 g=543.0 b=1810 p=150 c=1960#
% t=464.00769 plus 35.0 minus 18.0 g=543.0 b=1147 p=0 c=1147#
% t=477.00769 plus 35.0 minus 18.0 g=543.0 b=666 p=0 c=666#
% t=490.00769 plus 35.0 minus 18.0 g=543.0 b=345 p=100 c=445#
% t=503.00769 plus 35.0 minus 18.0 g=543.0 b=149 p=100 c=249#
% t=516.00769 plus 35.0 minus 18.0 g=543.0 b=46 p=0 c=46#
% t=529.00769 plus 35.0 minus 18.0 g=543.0 b=6 p=150 c=156
% t=542.00769 plus 35.0 minus 18.0 g=543.0 b=0 p=0 c=0#
% t=555.00769 plus 36.0 minus 18.0 g=543.0 b=30 p=150 c=180
% t=568.00769 plus 36.0 minus 18.0 g=543.0 b=* p=0 c=*
 [442]
%% goal height=543.0, max depth=4.0
% t=10.0 g=543.0 b=10000 p=150 c=100000#
% t=23.0 g=543.0 b=10000 p=0 c=100000#
% t=36.0 g=543.0 b=10000 p=50 c=100000#
% t=72.0 plus 3.0 minus 2.0 g=543.0 b=10000 p=0 c=100000#
% t=95.0 plus 6.0 minus 4.0 g=543.0 b=10000 p=150 c=100000#
% t=108.0 plus 6.0 minus 4.0 g=543.0 b=10000 p=0 c=100000#
% t=121.0 plus 6.0 minus 4.0 g=543.0 b=10000 p=150 c=100000#
% t=135.94444 plus 6.0 minus 4.0 g=543.0 b=10000 p=-200 c=100000#
% t=186.0 plus 8.0 minus 4.0 g=543.0 b=10000 p=250 c=100000#
% t=199.0 plus 8.0 minus 4.0 g=543.0 b=10000 p=50 c=100000#
% t=237.49825 plus 11.0 minus 6.0 g=543.0 b=10000 p=0 c=100000#
% t=258.0 plus 14.0 minus 8.0 g=543.0 b=10000 p=150 c=100000#
% t=271.0 plus 14.0 minus 8.0 g=543.0 b=10000 p=0 c=100000#
% t=284.0 plus 14.0 minus 8.0 g=543.0 b=10000 p=150 c=100000#
% t=297.0 plus 14.0 minus 8.0 g=543.0 b=10000 p=0 c=100000#
% t=310.0 plus 15.0 minus 8.0 g=543.0 b=10000 p=150 c=100000#
% t=323.0 plus 15.0 minus 8.0 g=543.0 b=10000 p=150 c=100000#
% t=336.0 plus 15.0 minus 8.0 g=543.0 b=10000 p=0 c=100000#
% t=349.0 plus 16.0 minus 8.0 g=543.0 b=10000 p=150 c=100000#
% t=362.0 plus 16.0 minus 8.0 g=543.0 b=10000 p=50 c=100000#
% t=404.51347 plus 19.0 minus 10.0 g=543.0 b=10000 p=0 c=100000#
% t=455.94101 plus 25.0 minus 14.0 g=543.0 b=4217 p=0 c=4217#
% t=477.88545 plus 28.0 minus 16.0 g=543.0 b=1253 p=300 c=1553#
% t=490.88545 plus 28.0 minus 16.0 g=543.0 b=642 p=0 c=642#
% t=503.88545 plus 29.0 minus 16.0 g=543.0 b=244 p=150 c=394#
% t=516.88545 plus 29.0 minus 16.0 g=543.0 b=73 p=0 c=73#
% t=529.88545 plus 29.0 minus 16.0 g=543.0 b=9 p=150 c=159
% t=542.88545 plus 29.0 minus 16.0 g=543.0 b=0 p=0 c=0#
% t=555.88545 plus 30.0 minus 16.0 g=543.0 b=52 p=150 c=202
% t=568.88545 plus 30.0 minus 16.0 g=543.0 b=* p=0 c=*
 [443

]
%% goal height=543.0, max depth=4.0
% t=10.0 g=543.0 b=10000 p=150 c=100000#
% t=23.0 g=543.0 b=10000 p=0 c=100000#
% t=36.0 g=543.0 b=10000 p=0 c=100000#
% t=49.0 g=543.0 b=10000 p=0 c=100000#
% t=62.0 g=543.0 b=10000 p=0 c=100000#
% t=75.0 g=543.0 b=10000 p=0 c=100000#
% t=88.0 g=543.0 b=10000 p=150 c=100000#
% t=101.0 g=543.0 b=10000 p=0 c=100000#
% t=114.0 plus 1.0 g=543.0 b=10000 p=150 c=100000#
% t=127.0 plus 1.0 g=543.0 b=10000 p=0 c=100000#
% t=140.0 plus 1.0 g=543.0 b=10000 p=0 c=100000#
% t=153.0 plus 1.0 g=543.0 b=10000 p=0 c=100000#
% t=166.0 plus 1.0 g=543.0 b=10000 p=50 c=100000#
% t=205.50006 plus 4.0 minus 2.0 g=543.0 b=10000 p=0 c=100000#
% t=251.50006 plus 10.0 minus 6.0 g=543.0 b=10000 p=0 c=100000#
% t=271.0 plus 13.0 minus 8.0 g=543.0 b=10000 p=150 c=100000#
% t=284.0 plus 13.0 minus 8.0 g=543.0 b=10000 p=0 c=100000#
% t=297.0 plus 13.0 minus 8.0 g=543.0 b=10000 p=100 c=100000#
% t=310.0 plus 13.0 minus 8.0 g=543.0 b=10000 p=0 c=100000#
% t=323.0 plus 13.0 minus 8.0 g=543.0 b=10000 p=150 c=100000#
% t=336.0 plus 13.0 minus 8.0 g=543.0 b=10000 p=0 c=100000#
% t=372.0 plus 17.0 minus 10.0 g=543.0 b=10000 p=0 c=100000#
% t=418.0 plus 23.0 minus 14.0 g=543.0 b=10000 p=0 c=100000#
% t=441.0 plus 26.0 minus 16.0 g=543.0 b=6032 p=200 c=6232#
% t=477.0 plus 29.0 minus 18.0 g=543.0 b=1173 p=0 c=1173#
% t=523.0 plus 35.0 minus 22.0 g=543.0 b=18 p=0 c=18#
% t=546.0 plus 38.0 minus 24.0 g=543.0 b=0 p=0 c=0#
% t=559.0 plus 39.0 minus 24.0 g=543.0 b=30 p=150 c=180
% t=572.0 plus 39.0 minus 24.0 g=543.0 b=* p=0 c=*
 [444


]
%% goal height=543.0, max depth=4.0
% t=10.0 g=543.0 b=10000 p=150 c=100000#
% t=23.0 g=543.0 b=10000 p=0 c=100000#
% t=36.0 g=543.0 b=10000 p=0 c=100000#
% t=49.0 g=543.0 b=10000 p=0 c=100000#
% t=62.0 g=543.0 b=10000 p=150 c=100000#
% t=75.0 g=543.0 b=10000 p=0 c=100000#
% t=88.0 plus 1.0 g=543.0 b=10000 p=150 c=100000#
% t=101.0 plus 1.0 g=543.0 b=10000 p=0 c=100000#
% t=114.0 plus 1.0 g=543.0 b=10000 p=0 c=100000#
% t=127.0 plus 1.0 g=543.0 b=10000 p=0 c=100000#
% t=140.0 plus 1.0 g=543.0 b=10000 p=150 c=100000#
% t=153.0 plus 1.0 g=543.0 b=10000 p=0 c=100000#
% t=166.0 plus 2.0 g=543.0 b=10000 p=200 c=100000#
% t=205.50006 plus 5.0 minus 2.0 g=543.0 b=10000 p=0 c=100000#
% t=225.0 plus 8.0 minus 4.0 g=543.0 b=10000 p=150 c=100000#
% t=238.0 plus 8.0 minus 4.0 g=543.0 b=10000 p=0 c=100000#
% t=251.0 plus 8.0 minus 4.0 g=543.0 b=10000 p=50 c=100000#
% t=290.50006 plus 11.0 minus 6.0 g=543.0 b=10000 p=0 c=100000#
% t=310.0 plus 14.0 minus 8.0 g=543.0 b=10000 p=200 c=100000#
% t=346.0 plus 17.0 minus 10.0 g=543.0 b=10000 p=0 c=100000#
% t=395.50006 plus 23.0 minus 14.0 g=543.0 b=10000 p=0 c=100000#
% t=438.0 plus 29.0 minus 18.0 g=543.0 b=4739 p=0 c=4739#
% t=461.0 plus 32.0 minus 20.0 g=543.0 b=1681 p=0 c=1681#
% t=474.0 plus 33.0 minus 20.0 g=543.0 b=914 p=250 c=1164#
% t=487.0 plus 33.0 minus 20.0 g=543.0 b=488 p=0 c=488#
% t=500.0 plus 33.0 minus 20.0 g=543.0 b=221 p=100 c=321#
% t=513.0 plus 33.0 minus 20.0 g=543.0 b=75 p=0 c=75#
% t=526.0 plus 33.0 minus 20.0 g=543.0 b=14 p=0 c=14#
% t=539.0 plus 33.0 minus 20.0 g=543.0 b=0 p=50 c=50
% t=575.0 plus 36.0 minus 22.0 g=543.0 b=* p=0 c=*
 [445

]
%% goal height=543.0, max depth=4.0
% t=10.0 g=543.0 b=10000 p=50 c=100000#
% t=46.0 plus 3.0 minus 2.0 g=543.0 b=10000 p=0 c=100000#
% t=69.0 plus 6.0 minus 4.0 g=543.0 b=10000 p=150 c=100000#
% t=82.0 plus 6.0 minus 4.0 g=543.0 b=10000 p=0 c=100000#
% t=95.0 plus 6.0 minus 4.0 g=543.0 b=10000 p=0 c=100000#
% t=108.0 plus 6.0 minus 4.0 g=543.0 b=10000 p=0 c=100000#
% t=121.0 plus 6.0 minus 4.0 g=543.0 b=10000 p=150 c=100000#
% t=134.0 plus 6.0 minus 4.0 g=543.0 b=10000 p=0 c=100000#
% t=147.0 plus 7.0 minus 4.0 g=543.0 b=10000 p=150 c=100000#
% t=160.0 plus 7.0 minus 4.0 g=543.0 b=10000 p=0 c=100000#
% t=173.0 plus 7.0 minus 4.0 g=543.0 b=10000 p=0 c=100000#
% t=186.0 plus 7.0 minus 4.0 g=543.0 b=10000 p=0 c=100000#
% t=199.0 plus 7.0 minus 4.0 g=543.0 b=10000 p=0 c=100000#
% t=212.0 plus 7.0 minus 4.0 g=543.0 b=10000 p=0 c=100000#
% t=225.0 plus 7.0 minus 4.0 g=543.0 b=10000 p=0 c=100000#
% t=238.0 plus 7.0 minus 4.0 g=543.0 b=10000 p=0 c=100000#
% t=251.0 plus 7.0 minus 4.0 g=543.0 b=10000 p=150 c=100000#
% t=264.0 plus 7.0 minus 4.0 g=543.0 b=10000 p=0 c=100000#
% t=300.0 plus 11.0 minus 6.0 g=543.0 b=10000 p=0 c=100000#
% t=323.0 plus 14.0 minus 8.0 g=543.0 b=10000 p=150 c=100000#
% t=336.0 plus 14.0 minus 8.0 g=543.0 b=10000 p=0 c=100000#
% t=349.0 plus 14.0 minus 8.0 g=543.0 b=10000 p=0 c=100000#
% t=362.0 plus 14.0 minus 8.0 g=543.0 b=10000 p=100 c=100000#
% t=375.0 plus 14.0 minus 8.0 g=543.0 b=10000 p=100 c=100000#
% t=388.0 plus 14.0 minus 8.0 g=543.0 b=10000 p=0 c=100000#
% t=401.0 plus 14.0 minus 8.0 g=543.0 b=10000 p=150 c=100000#
% t=414.0 plus 14.0 minus 8.0 g=543.0 b=10000 p=0 c=100000#
% t=427.0 plus 15.0 minus 8.0 g=543.0 b=10000 p=300 c=100000#
% t=440.0 plus 15.0 minus 8.0 g=543.0 b=10000 p=0 c=100000#
% t=453.0 plus 16.0 minus 8.0 g=543.0 b=10000 p=250 c=100000#
% t=466.0 plus 16.0 minus 8.0 g=543.0 b=10000 p=150 c=100000#
% t=479.0 plus 16.0 minus 8.0 g=543.0 b=6396 p=0 c=6396#
% t=492.0 plus 17.0 minus 8.0 g=543.0 b=2698 p=150 c=2848#
% t=505.0 plus 17.0 minus 8.0 g=543.0 b=1112 p=150 c=1262#
% t=518.0 plus 17.0 minus 8.0 g=543.0 b=316 p=0 c=316#
% t=531.0 plus 18.0 minus 8.0 g=543.0 b=30 p=150 c=180#
% t=544.0 plus 18.0 minus 8.0 g=543.0 b=0 p=0 c=0#
% t=557.0 plus 18.0 minus 8.0 g=543.0 b=* p=150 c=*
 [446

]
%% goal height=543.0, max depth=4.0
% t=10.0 g=543.0 b=10000 p=150 c=100000#
% t=23.0 g=543.0 b=10000 p=0 c=100000#
% t=36.0 plus 1.0 g=543.0 b=10000 p=150 c=100000#
% t=49.0 plus 1.0 g=543.0 b=10000 p=0 c=100000#
% t=62.0 plus 1.0 g=543.0 b=10000 p=0 c=100000#
% t=75.0 plus 1.0 g=543.0 b=10000 p=0 c=100000#
% t=88.0 plus 1.0 g=543.0 b=10000 p=0 c=100000#
% t=101.0 plus 1.0 g=543.0 b=10000 p=0 c=100000#
% t=114.0 plus 1.0 g=543.0 b=10000 p=150 c=100000#
% t=127.0 plus 1.0 g=543.0 b=10000 p=0 c=100000#
% t=140.0 plus 2.0 g=543.0 b=10000 p=150 c=100000#
% t=153.0 plus 2.0 g=543.0 b=10000 p=150 c=100000#
% t=166.0 plus 2.0 g=543.0 b=10000 p=0 c=100000#
% t=179.0 plus 3.0 g=543.0 b=10000 p=150 c=100000#
% t=192.0 plus 3.0 g=543.0 b=10000 p=0 c=100000#
% t=205.0 plus 3.0 g=543.0 b=10000 p=150 c=100000#
% t=218.0 plus 3.0 g=543.0 b=10000 p=0 c=100000#
% t=231.0 plus 4.0 g=543.0 b=10000 p=150 c=100000#
% t=244.0 plus 4.0 g=543.0 b=10000 p=50 c=100000#
% t=299.6715 plus 7.0 minus 2.0 g=543.0 b=10000 p=0 c=100000#
% t=319.14415 plus 10.0 minus 4.0 g=543.0 b=10000 p=150 c=100000#
% t=332.14415 plus 10.0 minus 4.0 g=543.0 b=10000 p=0 c=100000#
% t=345.14415 plus 10.0 minus 4.0 g=543.0 b=10000 p=50 c=100000#
% t=397.36945 plus 13.0 minus 6.0 g=543.0 b=10000 p=0 c=100000#
% t=442.31389 plus 19.0 minus 10.0 g=543.0 b=10000 p=0 c=100000#
% t=457.31389 plus 19.0 minus 10.0 g=543.0 b=10000 p=0 c=100000#
% t=472.31389 plus 19.0 minus 10.0 g=543.0 b=5133 p=0 c=5133#
% t=495.31389 plus 22.0 minus 12.0 g=543.0 b=1014 p=300 c=1314#
% t=508.31389 plus 22.0 minus 12.0 g=543.0 b=391 p=0 c=391#
% t=521.31389 plus 23.0 minus 12.0 g=543.0 b=84 p=150 c=234#
% t=534.31389 plus 23.0 minus 12.0 g=543.0 b=5 p=0 c=5#
% t=547.31389 plus 23.0 minus 12.0 g=543.0 b=5 p=0 c=5#
% t=560.31389 plus 23.0 minus 12.0 g=543.0 b=* p=0 c=*
 [447


]
%% goal height=543.0, max depth=4.0
% t=10.0 g=543.0 b=10000 p=0 c=100000#
% t=23.0 g=543.0 b=10000 p=50 c=100000#
% t=62.50006 plus 3.0 minus 2.0 g=543.0 b=10000 p=0 c=100000#
% t=82.0 plus 6.0 minus 4.0 g=543.0 b=10000 p=150 c=100000#
% t=95.0 plus 6.0 minus 4.0 g=543.0 b=10000 p=150 c=100000#
% t=108.0 plus 6.0 minus 4.0 g=543.0 b=10000 p=0 c=100000#
% t=162.0 plus 10.0 minus 6.0 g=543.0 b=10000 p=0 c=100000#
% t=181.50005 plus 13.0 minus 8.0 g=543.0 b=10000 p=300 c=100000#
% t=194.50005 plus 13.0 minus 8.0 g=543.0 b=10000 p=0 c=100000#
% t=227.50005 plus 17.0 minus 10.0 g=543.0 b=10000 p=0 c=100000#
% t=257.0001 plus 17.0 minus 10.0 g=543.0 b=10000 p=0 c=100000#
% t=302.00017 plus 23.0 minus 14.0 g=543.0 b=10000 p=0 c=100000#
% t=321.5001 plus 27.0 minus 16.0 g=543.0 b=10000 p=150 c=100000#
% t=334.5001 plus 27.0 minus 16.0 g=543.0 b=10000 p=0 c=100000#
% t=347.5001 plus 27.0 minus 16.0 g=543.0 b=10000 p=0 c=100000#
% t=360.5001 plus 27.0 minus 16.0 g=543.0 b=10000 p=0 c=100000#
% t=373.5001 plus 27.0 minus 16.0 g=543.0 b=10000 p=0 c=100000#
% t=386.5001 plus 27.0 minus 16.0 g=543.0 b=10000 p=50 c=100000#
% t=421.55194 plus 30.0 minus 18.0 g=543.0 b=6625 p=0 c=6625#
% t=429.95193 plus 30.0 minus 18.0 g=543.0 b=5345 p=0 c=5345#
% t=440.95193 plus 30.0 minus 18.0 g=543.0 b=3930 p=0 c=3930#
% t=455.95193 plus 30.0 minus 18.0 g=543.0 b=2435 p=0 c=2435#
% t=470.95193 plus 30.0 minus 18.0 g=543.0 b=1383 p=0 c=1383#
% t=485.95193 plus 30.0 minus 18.0 g=543.0 b=684 p=0 c=684#
% t=500.95193 plus 30.0 minus 18.0 g=543.0 b=275 p=0 c=275#
% t=515.95193 plus 30.0 minus 18.0 g=543.0 b=73 p=0 c=73#
% t=538.95193 plus 33.0 minus 20.0 g=543.0 b=0 p=250 c=250
% t=551.95193 plus 33.0 minus 20.0 g=543.0 b=9 p=0 c=9#
% t=564.95193 plus 33.0 minus 20.0 g=543.0 b=* p=0 c=*
 [448

]
%% goal height=543.0, max depth=4.0
% t=10.0 g=543.0 b=10000 p=0 c=100000#
% t=23.0 g=543.0 b=10000 p=50 c=100000#
% t=59.0 plus 3.0 minus 2.0 g=543.0 b=10000 p=0 c=100000#
% t=105.0 plus 9.0 minus 6.0 g=543.0 b=10000 p=0 c=100000#
% t=128.0 plus 12.0 minus 8.0 g=543.0 b=10000 p=150 c=100000#
% t=141.0 plus 12.0 minus 8.0 g=543.0 b=10000 p=250 c=100000#
% t=154.0 plus 12.0 minus 8.0 g=543.0 b=10000 p=0 c=100000#
% t=190.0 plus 16.0 minus 10.0 g=543.0 b=10000 p=0 c=100000#
% t=213.0 plus 19.0 minus 12.0 g=543.0 b=10000 p=150 c=100000#
% t=226.0 plus 19.0 minus 12.0 g=543.0 b=10000 p=100 c=100000#
% t=239.0 plus 19.0 minus 12.0 g=543.0 b=10000 p=0 c=100000#
% t=252.0 plus 19.0 minus 12.0 g=543.0 b=10000 p=0 c=100000#
% t=265.0 plus 19.0 minus 12.0 g=543.0 b=10000 p=0 c=100000#
% t=278.0 plus 19.0 minus 12.0 g=543.0 b=10000 p=0 c=100000#
% t=291.0 plus 19.0 minus 12.0 g=543.0 b=10000 p=150 c=100000#
% t=304.0 plus 19.0 minus 12.0 g=543.0 b=10000 p=0 c=100000#
% t=317.0 plus 20.0 minus 12.0 g=543.0 b=10000 p=150 c=100000#
% t=330.0 plus 20.0 minus 12.0 g=543.0 b=10000 p=0 c=100000#
% t=343.0 plus 20.0 minus 12.0 g=543.0 b=10000 p=0 c=100000#
% t=356.0 plus 20.0 minus 12.0 g=543.0 b=10000 p=0 c=100000#
% t=369.0 plus 20.0 minus 12.0 g=543.0 b=10000 p=0 c=100000#
% t=382.0 plus 20.0 minus 12.0 g=543.0 b=10000 p=0 c=100000#
% t=395.0 plus 20.0 minus 12.0 g=543.0 b=10000 p=0 c=100000#
% t=408.0 plus 20.0 minus 12.0 g=543.0 b=10000 p=0 c=100000#
% t=421.0 plus 20.0 minus 12.0 g=543.0 b=10000 p=0 c=100000#
% t=434.0 plus 20.0 minus 12.0 g=543.0 b=10000 p=0 c=100000#
% t=447.0 plus 20.0 minus 12.0 g=543.0 b=10000 p=0 c=100000#
% t=460.0 plus 20.0 minus 12.0 g=543.0 b=7133 p=0 c=7133#
% t=473.0 plus 20.0 minus 12.0 g=543.0 b=4279 p=0 c=4279#
% t=486.0 plus 20.0 minus 12.0 g=543.0 b=2310 p=0 c=2310#
% t=499.0 plus 20.0 minus 12.0 g=543.0 b=1062 p=0 c=1062#
% t=512.0 plus 20.0 minus 12.0 g=543.0 b=371 p=0 c=371#
% t=525.0 plus 20.0 minus 12.0 g=543.0 b=73 p=150 c=223#
% t=539.94444 plus 20.0 minus 12.0 g=543.0 b=0 p=-200 c=-200#
% t=590.0 plus 22.0 minus 12.0 g=543.0 b=* p=250 c=*
 [449



]
%% goal height=543.0, max depth=4.0
% t=28.0 plus 1.0 g=543.0 b=10000 p=250 c=100000#
% t=41.0 plus 1.0 g=543.0 b=10000 p=0 c=100000#
% t=54.0 plus 1.0 g=543.0 b=10000 p=0 c=100000#
% t=67.0 plus 1.0 g=543.0 b=10000 p=0 c=100000#
% t=80.0 plus 1.0 g=543.0 b=10000 p=0 c=100000#
% t=93.0 plus 1.0 g=543.0 b=10000 p=150 c=100000#
% t=106.0 plus 1.0 g=543.0 b=10000 p=0 c=100000#
% t=146.49825 plus 5.0 minus 2.0 g=543.0 b=10000 p=0 c=100000#
% t=164.50006 plus 5.0 minus 2.0 g=543.0 b=10000 p=0 c=100000#
% t=184.0 plus 8.0 minus 4.0 g=543.0 b=10000 p=300 c=100000#
% t=197.0 plus 8.0 minus 4.0 g=543.0 b=10000 p=0 c=100000#
% t=236.50006 plus 12.0 minus 6.0 g=543.0 b=10000 p=0 c=100000#
% t=251.50006 plus 12.0 minus 6.0 g=543.0 b=10000 p=0 c=100000#
% t=266.50006 plus 12.0 minus 6.0 g=543.0 b=10000 p=0 c=100000#
% t=281.50006 plus 12.0 minus 6.0 g=543.0 b=10000 p=0 c=100000#
% t=296.50006 plus 12.0 minus 6.0 g=543.0 b=10000 p=0 c=100000#
% t=316.0 plus 15.0 minus 8.0 g=543.0 b=10000 p=150 c=100000#
% t=329.0 plus 15.0 minus 8.0 g=543.0 b=10000 p=150 c=100000#
% t=342.0 plus 15.0 minus 8.0 g=543.0 b=10000 p=0 c=100000#
% t=355.0 plus 16.0 minus 8.0 g=543.0 b=10000 p=200 c=100000#
% t=391.0 plus 19.0 minus 10.0 g=543.0 b=10000 p=0 c=100000#
% t=414.0 plus 22.0 minus 12.0 g=543.0 b=10000 p=300 c=100000#
% t=427.0 plus 22.0 minus 12.0 g=543.0 b=10000 p=0 c=100000#
% t=463.0 plus 26.0 minus 14.0 g=543.0 b=2903 p=0 c=2903#
% t=486.0 plus 29.0 minus 16.0 g=543.0 b=756 p=150 c=906#
% t=499.0 plus 29.0 minus 16.0 g=543.0 b=348 p=0 c=348#
% t=512.0 plus 29.0 minus 16.0 g=543.0 b=122 p=150 c=272#
% t=525.0 plus 29.0 minus 16.0 g=543.0 b=24 p=0 c=24#
% t=570.96594 plus 33.0 minus 18.0 g=543.0 b=* p=0 c=*
 [450


]
%% goal height=543.0, max depth=4.0
% t=42.96594 plus 3.0 minus 2.0 g=543.0 b=10000 p=0 c=100000#
% t=87.91039 plus 9.0 minus 6.0 g=543.0 b=10000 p=0 c=100000#
% t=143.87633 plus 15.0 minus 10.0 g=543.0 b=10000 p=0 c=100000#
% t=166.37106 plus 18.0 minus 12.0 g=543.0 b=10000 p=150 c=100000#
% t=179.37106 plus 18.0 minus 12.0 g=543.0 b=10000 p=0 c=100000#
% t=192.37106 plus 18.0 minus 12.0 g=543.0 b=10000 p=50 c=100000#
% t=228.37106 plus 21.0 minus 14.0 g=543.0 b=10000 p=0 c=100000#
% t=243.37106 plus 21.0 minus 14.0 g=543.0 b=10000 p=0 c=100000#
% t=299.337 plus 27.0 minus 18.0 g=543.0 b=10000 p=0 c=100000#
% t=321.83174 plus 30.0 minus 20.0 g=543.0 b=10000 p=150 c=100000#
% t=334.83174 plus 30.0 minus 20.0 g=543.0 b=10000 p=150 c=100000#
% t=347.83174 plus 30.0 minus 20.0 g=543.0 b=10000 p=0 c=100000#
% t=360.83174 plus 31.0 minus 20.0 g=543.0 b=10000 p=250 c=100000#
% t=373.83174 plus 31.0 minus 20.0 g=543.0 b=10000 p=50 c=100000#
% t=419.79768 plus 34.0 minus 22.0 g=543.0 b=4752 p=0 c=4752#
% t=443.79768 plus 37.0 minus 24.0 g=543.0 b=1924 p=300 c=2224#
% t=456.79768 plus 37.0 minus 24.0 g=543.0 b=1259 p=0 c=1259#
% t=469.79768 plus 38.0 minus 24.0 g=543.0 b=714 p=150 c=864#
% t=482.79768 plus 38.0 minus 24.0 g=543.0 b=396 p=100 c=496#
% t=495.79768 plus 38.0 minus 24.0 g=543.0 b=190 p=0 c=190#
% t=508.79768 plus 38.0 minus 24.0 g=543.0 b=73 p=100 c=173#
% t=521.79768 plus 38.0 minus 24.0 g=543.0 b=17 p=150 c=167#
% split253 to 6.25787,0.0 p=100
% t=534.79768 plus 38.0 minus 24.0 g=543.0 b=1 p=0 c=101#
% t=547.79768 plus 39.0 minus 24.0 g=543.0 b=1 p=150 c=251
% t=560.79768 plus 39.0 minus 24.0 g=543.0 b=41 p=100 c=241
% t=573.79768 plus 39.0 minus 24.0 g=543.0 b=* p=0 c=*
 [451

]
%% goal height=543.0, max depth=4.0
% t=0.0 g=248.22214 b=10000 p=0 c=100000#
% t=10.0 g=248.22214 b=10000 p=150 c=100000#
% t=23.0 g=248.22214 b=10000 p=100 c=100000#
% t=36.0 g=248.22214 b=10000 p=0 c=100000#
% t=49.0 g=248.22214 b=10000 p=0 c=100000#
% t=62.0 g=248.22214 b=10000 p=0 c=100000#
% t=75.0 g=248.22214 b=10000 p=150 c=100000#
% t=122.50029 plus 3.0 minus 2.0 g=248.22214 b=10000 p=0 c=100000#
% t=146.50029 plus 6.0 minus 4.0 g=248.22214 b=10000 p=250 c=100000#
% t=159.50029 plus 6.0 minus 4.0 g=248.22214 b=10000 p=0 c=100000#
% t=172.50029 plus 6.0 minus 4.0 g=248.22214 b=10000 p=0 c=100000#
% t=185.50029 plus 6.0 minus 4.0 g=248.22214 b=10000 p=150 c=100000#
% t=198.50029 plus 6.0 minus 4.0 g=248.22214 b=10000 p=0 c=100000#
% t=238.00035 plus 10.0 minus 6.0 g=248.22214 b=106 p=0 c=106#
% t=253.00035 plus 10.0 minus 6.0 g=248.22214 b=50 p=0 c=50#
% t=272.50029 plus 13.0 minus 8.0 g=248.22214 b=* p=150 c=*

[452


]
%% goal height=543.0, max depth=4.0
% t=10.0 g=543.0 b=10000 p=150 c=100000#
% t=23.0 g=543.0 b=10000 p=50 c=100000#
% t=59.0 plus 3.0 minus 2.0 g=543.0 b=10000 p=0 c=100000#
% t=105.0 plus 9.0 minus 6.0 g=543.0 b=10000 p=0 c=100000#
% t=128.0 plus 12.0 minus 8.0 g=543.0 b=10000 p=150 c=100000#
% t=141.0 plus 12.0 minus 8.0 g=543.0 b=10000 p=50 c=100000#
% t=193.5 plus 15.0 minus 10.0 g=543.0 b=10000 p=0 c=100000#
% t=224.44444 plus 20.0 minus 12.0 g=543.0 b=10000 p=200 c=100000#
% t=260.44444 plus 23.0 minus 14.0 g=543.0 b=10000 p=0 c=100000#
% t=283.44444 plus 26.0 minus 16.0 g=543.0 b=10000 p=400 c=100000#
% t=296.44444 plus 26.0 minus 16.0 g=543.0 b=10000 p=0 c=100000#
% t=309.44444 plus 27.0 minus 16.0 g=543.0 b=10000 p=200 c=100000#
% t=345.44444 plus 30.0 minus 18.0 g=543.0 b=10000 p=0 c=100000#
% t=368.44444 plus 33.0 minus 20.0 g=543.0 b=10000 p=200 c=100000#
% t=404.44444 plus 36.0 minus 22.0 g=543.0 b=5696 p=0 c=5696#
% t=419.44444 plus 36.0 minus 22.0 g=543.0 b=4036 p=0 c=4036#
% t=465.44444 plus 42.0 minus 26.0 g=543.0 b=628 p=0 c=628#
% t=480.44444 plus 42.0 minus 26.0 g=543.0 b=329 p=0 c=329#
% t=526.44444 plus 48.0 minus 30.0 g=543.0 b=4 p=0 c=4#
% t=544.89285 plus 48.0 minus 30.0 g=543.0 b=0 p=0 c=0#
% t=564.44444 plus 51.0 minus 32.0 g=543.0 b=30 p=300 c=330
% t=577.44444 plus 51.0 minus 32.0 g=543.0 b=* p=-100 c=*
 [453]
%% goal height=543.0, max depth=4.0
% t=10.0 g=543.0 b=10000 p=300 c=100000#
% t=23.0 g=543.0 b=10000 p=-100 c=100000#
% t=42.0 plus 3.0 minus 2.0 g=543.0 b=10000 p=0 c=100000#
% t=55.0 plus 4.0 minus 2.0 g=543.0 b=10000 p=250 c=100000#
% t=68.0 plus 4.0 minus 2.0 g=543.0 b=10000 p=0 c=100000#
% t=81.0 plus 4.0 minus 2.0 g=543.0 b=10000 p=50 c=100000#
% t=130.94467 plus 7.0 minus 4.0 g=543.0 b=10000 p=0 c=100000#
% t=148.88911 plus 10.0 minus 6.0 g=543.0 b=10000 p=200 c=100000#
% t=195.56468 plus 13.0 minus 8.0 g=543.0 b=10000 p=0 c=100000#
% t=230.56491 plus 13.0 minus 8.0 g=543.0 b=10000 p=0 c=100000#
% t=249.05965 plus 16.0 minus 10.0 g=543.0 b=10000 p=300 c=100000#
% t=262.05965 plus 16.0 minus 10.0 g=543.0 b=10000 p=0 c=100000#
% t=275.05965 plus 17.0 minus 10.0 g=543.0 b=10000 p=200 c=100000#
% t=314.05965 plus 20.0 minus 12.0 g=543.0 b=10000 p=0 c=100000#
% t=339.16193 plus 20.0 minus 12.0 g=543.0 b=10000 p=0 c=100000#
% t=361.66193 plus 23.0 minus 14.0 g=543.0 b=10000 p=0 c=100000#
% t=408.65417 plus 27.0 minus 16.0 g=543.0 b=10000 p=0 c=100000#
% t=440.69107 plus 27.0 minus 16.0 g=543.0 b=5431 p=0 c=5431#
% t=462.66373 plus 27.0 minus 16.0 g=543.0 b=2626 p=0 c=2626#
% t=485.66373 plus 30.0 minus 18.0 g=543.0 b=695 p=200 c=895#
% t=521.66373 plus 33.0 minus 20.0 g=543.0 b=27 p=0 c=27#
% t=544.66373 plus 36.0 minus 22.0 g=543.0 b=0 p=150 c=150
% t=557.66373 plus 36.0 minus 22.0 g=543.0 b=29 p=150 c=179
% t=570.66373 plus 36.0 minus 22.0 g=543.0 b=* p=0 c=*
 [454]
%% goal height=543.0, max depth=4.0
% t=10.0 g=543.0 b=10000 p=150 c=100000#
% t=23.0 g=543.0 b=10000 p=150 c=100000#
% t=36.0 g=543.0 b=10000 p=0 c=100000#
% t=49.0 plus 1.0 g=543.0 b=10000 p=200 c=100000#
% t=88.0 plus 4.0 minus 2.0 g=543.0 b=10000 p=0 c=100000#
% t=106.0 plus 4.0 minus 2.0 g=543.0 b=10000 p=0 c=100000#
% t=124.0 plus 4.0 minus 2.0 g=543.0 b=10000 p=0 c=100000#
% t=142.0 plus 4.0 minus 2.0 g=543.0 b=10000 p=0 c=100000#
% t=160.0 plus 4.0 minus 2.0 g=543.0 b=10000 p=0 c=100000#
% t=178.0 plus 4.0 minus 2.0 g=543.0 b=10000 p=0 c=100000#
% t=196.0 plus 4.0 minus 2.0 g=543.0 b=10000 p=0 c=100000#
% t=219.0 plus 7.0 minus 4.0 g=543.0 b=10000 p=150 c=100000#
% t=232.0 plus 7.0 minus 4.0 g=543.0 b=10000 p=0 c=100000#
% t=245.0 plus 7.0 minus 4.0 g=543.0 b=10000 p=0 c=100000#
% t=258.0 plus 7.0 minus 4.0 g=543.0 b=10000 p=150 c=100000#
% t=271.0 plus 7.0 minus 4.0 g=543.0 b=10000 p=0 c=100000#
% t=284.0 plus 8.0 minus 4.0 g=543.0 b=10000 p=200 c=100000#
% t=320.0 plus 11.0 minus 6.0 g=543.0 b=10000 p=0 c=100000#
% t=335.0 plus 11.0 minus 6.0 g=543.0 b=10000 p=0 c=100000#
% t=350.0 plus 11.0 minus 6.0 g=543.0 b=10000 p=0 c=100000#
% t=365.0 plus 11.0 minus 6.0 g=543.0 b=10000 p=0 c=100000#
% t=388.0 plus 14.0 minus 8.0 g=543.0 b=10000 p=200 c=100000#
% t=424.0 plus 17.0 minus 10.0 g=543.0 b=10000 p=0 c=100000#
% t=447.0 plus 20.0 minus 12.0 g=543.0 b=10000 p=150 c=100000#
% t=460.0 plus 20.0 minus 12.0 g=543.0 b=7133 p=150 c=7283#
% t=473.0 plus 20.0 minus 12.0 g=543.0 b=4279 p=0 c=4279#
% t=486.0 plus 21.0 minus 12.0 g=543.0 b=1997 p=250 c=2247#
% t=499.0 plus 21.0 minus 12.0 g=543.0 b=918 p=100 c=1018#
% t=512.0 plus 21.0 minus 12.0 g=543.0 b=321 p=0 c=321#
% t=525.0 plus 21.0 minus 12.0 g=543.0 b=63 p=0 c=63#
% t=538.0 plus 21.0 minus 12.0 g=543.0 b=1 p=150 c=151
% t=551.0 plus 21.0 minus 12.0 g=543.0 b=30 p=-100 c=-70#
% t=583.0 plus 25.0 minus 14.0 g=543.0 b=* p=150 c=*
 [455]
%% goal height=543.0, max depth=4.0
% t=23.0 plus 1.0 g=543.0 b=10000 p=150 c=100000#
% t=36.0 plus 1.0 g=543.0 b=10000 p=50 c=100000#
% t=83.35608 plus 4.0 minus 2.0 g=543.0 b=10000 p=0 c=100000#
% t=101.30052 plus 7.0 minus 4.0 g=543.0 b=10000 p=300 c=100000#
% t=114.30052 plus 7.0 minus 4.0 g=543.0 b=10000 p=0 c=100000#
% t=127.30052 plus 8.0 minus 4.0 g=543.0 b=10000 p=200 c=100000#
% t=170.6566 plus 11.0 minus 6.0 g=543.0 b=10000 p=0 c=100000#
% t=194.12926 plus 14.0 minus 8.0 g=543.0 b=10000 p=0 c=100000#
% t=207.12926 plus 15.0 minus 8.0 g=543.0 b=10000 p=200 c=100000#
% t=246.62932 plus 18.0 minus 10.0 g=543.0 b=10000 p=0 c=100000#
% t=266.12926 plus 21.0 minus 12.0 g=543.0 b=10000 p=200 c=100000#
% t=308.93329 plus 24.0 minus 14.0 g=543.0 b=10000 p=0 c=100000#
% t=357.37779 plus 30.0 minus 18.0 g=543.0 b=10000 p=0 c=100000#
% t=376.87773 plus 33.0 minus 20.0 g=543.0 b=10000 p=150 c=100000#
% t=389.87773 plus 33.0 minus 20.0 g=543.0 b=10000 p=150 c=100000#
% t=402.87773 plus 33.0 minus 20.0 g=543.0 b=7649 p=0 c=7649#
% t=441.37598 plus 37.0 minus 22.0 g=543.0 b=2065 p=0 c=2065#
% t=461.87773 plus 40.0 minus 24.0 g=543.0 b=832 p=150 c=982#
% t=474.87773 plus 40.0 minus 24.0 g=543.0 b=491 p=0 c=491#
% t=487.87773 plus 40.0 minus 24.0 g=543.0 b=261 p=150 c=411#
% t=500.87773 plus 40.0 minus 24.0 g=543.0 b=116 p=0 c=116#
% t=513.87773 plus 41.0 minus 24.0 g=543.0 b=35 p=200 c=235
% t=560.36554 plus 44.0 minus 26.0 g=543.0 b=30 p=0 c=30#
% t=583.8382 plus 47.0 minus 28.0 g=543.0 b=* p=150 c=*
 [456]
%% goal height=543.0, max depth=4.0
% t=10.0 g=543.0 b=10000 p=150 c=100000#
% t=23.0 g=543.0 b=10000 p=50 c=100000#
% t=59.0 plus 3.0 minus 2.0 g=543.0 b=10000 p=0 c=100000#
% t=82.0 plus 6.0 minus 4.0 g=543.0 b=10000 p=200 c=100000#
% t=118.0 plus 9.0 minus 6.0 g=543.0 b=10000 p=0 c=100000#
% t=164.0 plus 15.0 minus 10.0 g=543.0 b=10000 p=0 c=100000#
% t=187.0 plus 18.0 minus 12.0 g=543.0 b=10000 p=0 c=100000#
% t=200.0 plus 19.0 minus 12.0 g=543.0 b=10000 p=200 c=100000#
% t=247.35783 plus 22.0 minus 14.0 g=543.0 b=10000 p=0 c=100000#
% t=296.72948 plus 28.0 minus 18.0 g=543.0 b=10000 p=0 c=100000#
% t=316.22942 plus 31.0 minus 20.0 g=543.0 b=10000 p=300 c=100000#
% t=355.22942 plus 34.0 minus 22.0 g=543.0 b=10000 p=0 c=100000#
% t=380.29669 plus 34.0 minus 22.0 g=543.0 b=10000 p=0 c=100000#
% t=408.97226 plus 34.0 minus 22.0 g=543.0 b=6110 p=0 c=6110#
% t=431.47226 plus 37.0 minus 24.0 g=543.0 b=2735 p=200 c=2935#
% t=477.98573 plus 40.0 minus 26.0 g=543.0 b=427 p=0 c=427#
% t=497.45839 plus 43.0 minus 28.0 g=543.0 b=118 p=150 c=268#
% t=510.45839 plus 43.0 minus 28.0 g=543.0 b=43 p=0 c=43#
% t=523.45839 plus 43.0 minus 28.0 g=543.0 b=9 p=150 c=159
% t=536.45839 plus 43.0 minus 28.0 g=543.0 b=0 p=-100 c=-100#
% t=568.45839 plus 47.0 minus 30.0 g=543.0 b=61 p=250 c=311
% t=581.45839 plus 47.0 minus 30.0 g=543.0 b=* p=50 c=*
 [457

]
%% goal height=543.0, max depth=4.0
% t=23.0 plus 1.0 g=543.0 b=10000 p=250 c=100000#
% t=36.0 plus 1.0 g=543.0 b=10000 p=50 c=100000#
% t=81.3705 plus 4.0 minus 2.0 g=543.0 b=10000 p=0 c=100000#
% t=100.84315 plus 7.0 minus 4.0 g=543.0 b=10000 p=300 c=100000#
% t=113.84315 plus 7.0 minus 4.0 g=543.0 b=10000 p=0 c=100000#
% t=126.84315 plus 8.0 minus 4.0 g=543.0 b=10000 p=150 c=100000#
% t=139.84315 plus 8.0 minus 4.0 g=543.0 b=10000 p=0 c=100000#
% t=152.84315 plus 8.0 minus 4.0 g=543.0 b=10000 p=0 c=100000#
% t=165.84315 plus 8.0 minus 4.0 g=543.0 b=10000 p=150 c=100000#
% t=178.84315 plus 8.0 minus 4.0 g=543.0 b=10000 p=0 c=100000#
% t=191.84315 plus 9.0 minus 4.0 g=543.0 b=10000 p=200 c=100000#
% t=236.58101 plus 12.0 minus 6.0 g=543.0 b=10000 p=0 c=100000#
% t=294.39899 plus 18.0 minus 10.0 g=543.0 b=10000 p=0 c=100000#
% t=324.32808 plus 18.0 minus 10.0 g=543.0 b=10000 p=0 c=100000#
% t=350.38362 plus 18.0 minus 10.0 g=543.0 b=10000 p=0 c=100000#
% t=412.83203 plus 18.0 minus 10.0 g=543.0 b=10000 p=0 c=100000#
% t=436.61308 plus 21.0 minus 12.0 g=543.0 b=10000 p=300 c=100000#
% t=449.61308 plus 21.0 minus 12.0 g=543.0 b=10000 p=0 c=100000#
% t=462.61308 plus 22.0 minus 12.0 g=543.0 b=4872 p=150 c=5022#
% t=475.61308 plus 22.0 minus 12.0 g=543.0 b=2865 p=0 c=2865#
% t=488.61308 plus 22.0 minus 12.0 g=543.0 b=1509 p=0 c=1509#
% t=501.61308 plus 22.0 minus 12.0 g=543.0 b=663 p=0 c=663#
% t=514.61308 plus 22.0 minus 12.0 g=543.0 b=214 p=0 c=214#
% t=527.61308 plus 22.0 minus 12.0 g=543.0 b=34 p=150 c=184#
% t=540.61308 plus 22.0 minus 12.0 g=543.0 b=0 p=0 c=0#
% t=553.61308 plus 23.0 minus 12.0 g=543.0 b=69 p=200 c=269
% t=598.59442 plus 26.0 minus 14.0 g=543.0 b=* p=0 c=*
 [458

]
%% goal height=543.0, max depth=4.0
% t=10.0 g=543.0 b=10000 p=200 c=100000#
% t=54.98134 plus 3.0 minus 2.0 g=543.0 b=10000 p=0 c=100000#
% t=78.51999 plus 3.0 minus 2.0 g=543.0 b=10000 p=0 c=100000#
% t=100.46443 plus 6.0 minus 4.0 g=543.0 b=10000 p=200 c=100000#
% t=145.94753 plus 9.0 minus 6.0 g=543.0 b=10000 p=0 c=100000#
% t=173.31802 plus 9.0 minus 6.0 g=543.0 b=10000 p=0 c=100000#
% t=202.35492 plus 9.0 minus 6.0 g=543.0 b=10000 p=0 c=100000#
% t=250.29936 plus 15.0 minus 10.0 g=543.0 b=10000 p=0 c=100000#
% t=268.29936 plus 15.0 minus 10.0 g=543.0 b=10000 p=0 c=100000#
% t=286.29936 plus 15.0 minus 10.0 g=543.0 b=10000 p=0 c=100000#
% t=335.74777 plus 21.0 minus 14.0 g=543.0 b=10000 p=0 c=100000#
% t=355.29936 plus 25.0 minus 16.0 g=543.0 b=10000 p=150 c=100000#
% t=368.29936 plus 25.0 minus 16.0 g=543.0 b=10000 p=0 c=100000#
% t=381.29936 plus 25.0 minus 16.0 g=543.0 b=10000 p=0 c=100000#
% t=394.29936 plus 25.0 minus 16.0 g=543.0 b=10000 p=0 c=100000#
% t=407.29936 plus 25.0 minus 16.0 g=543.0 b=10000 p=0 c=100000#
% t=420.29936 plus 25.0 minus 16.0 g=543.0 b=10000 p=0 c=100000#
% t=433.29936 plus 25.0 minus 16.0 g=543.0 b=10000 p=50 c=100000#
% t=469.29936 plus 28.0 minus 18.0 g=543.0 b=1817 p=0 c=1817#
% t=492.29936 plus 31.0 minus 20.0 g=543.0 b=435 p=150 c=585#
% t=505.29936 plus 31.0 minus 20.0 g=543.0 b=179 p=150 c=329#
% t=518.29936 plus 31.0 minus 20.0 g=543.0 b=50 p=-100 c=-50#
% t=550.29936 plus 35.0 minus 22.0 g=543.0 b=4 p=200 c=204
% t=603.88889 plus 38.0 minus 24.0 g=543.0 b=* p=0 c=*
 [459]
%% goal height=543.0, max depth=4.0
% t=23.0 plus 1.0 g=543.0 b=10000 p=200 c=100000#
% t=76.58952 plus 4.0 minus 2.0 g=543.0 b=10000 p=0 c=100000#
% t=95.08426 plus 7.0 minus 4.0 g=543.0 b=10000 p=0 c=100000#
% t=108.08426 plus 8.0 minus 4.0 g=543.0 b=10000 p=150 c=100000#
% t=121.08426 plus 8.0 minus 4.0 g=543.0 b=10000 p=0 c=100000#
% t=134.08426 plus 8.0 minus 4.0 g=543.0 b=10000 p=50 c=100000#
% t=181.07062 plus 11.0 minus 6.0 g=543.0 b=10000 p=0 c=100000#
% t=204.54327 plus 14.0 minus 8.0 g=543.0 b=10000 p=0 c=100000#
% t=217.54327 plus 15.0 minus 8.0 g=543.0 b=10000 p=200 c=100000#
% t=256.04327 plus 18.0 minus 10.0 g=543.0 b=10000 p=0 c=100000#
% t=276.54327 plus 21.0 minus 12.0 g=543.0 b=10000 p=150 c=100000#
% t=289.54327 plus 21.0 minus 12.0 g=543.0 b=10000 p=150 c=100000#
% t=302.54327 plus 21.0 minus 12.0 g=543.0 b=10000 p=0 c=100000#
% t=315.54327 plus 22.0 minus 12.0 g=543.0 b=10000 p=150 c=100000#
% t=328.54327 plus 22.0 minus 12.0 g=543.0 b=10000 p=0 c=100000#
% t=341.54327 plus 22.0 minus 12.0 g=543.0 b=10000 p=0 c=100000#
% t=354.54327 plus 22.0 minus 12.0 g=543.0 b=10000 p=0 c=100000#
% t=367.54327 plus 22.0 minus 12.0 g=543.0 b=10000 p=0 c=100000#
% t=380.54327 plus 22.0 minus 12.0 g=543.0 b=10000 p=150 c=100000#
% t=393.54327 plus 22.0 minus 12.0 g=543.0 b=10000 p=0 c=100000#
% t=406.54327 plus 23.0 minus 12.0 g=543.0 b=10000 p=150 c=100000#
% t=419.54327 plus 23.0 minus 12.0 g=543.0 b=10000 p=50 c=100000#
% t=471.9075 plus 26.0 minus 14.0 g=543.0 b=2042 p=0 c=2042#
% t=504.11118 plus 26.0 minus 14.0 g=543.0 b=334 p=0 c=334#
% t=534.75626 plus 26.0 minus 14.0 g=543.0 b=3 p=0 c=3#
% t=556.7007 plus 29.0 minus 16.0 g=543.0 b=63 p=400 c=463
% t=569.7007 plus 29.0 minus 16.0 g=543.0 b=* p=0 c=*
 [460]
%% goal height=543.0, max depth=4.0
% t=10.0 g=543.0 b=10000 p=400 c=100000#
% t=23.0 g=543.0 b=10000 p=0 c=100000#
% t=36.0 plus 1.0 g=543.0 b=10000 p=150 c=100000#
% t=49.0 plus 1.0 g=543.0 b=10000 p=50 c=100000#
% t=98.72783 plus 4.0 minus 2.0 g=543.0 b=10000 p=0 c=100000#
% t=122.20049 plus 7.0 minus 4.0 g=543.0 b=10000 p=300 c=100000#
% t=135.20049 plus 7.0 minus 4.0 g=543.0 b=10000 p=0 c=100000#
% t=148.20049 plus 8.0 minus 4.0 g=543.0 b=10000 p=150 c=100000#
% t=161.20049 plus 8.0 minus 4.0 g=543.0 b=10000 p=50 c=100000#
% t=207.35402 plus 11.0 minus 6.0 g=543.0 b=10000 p=0 c=100000#
% t=235.89267 plus 11.0 minus 6.0 g=543.0 b=10000 p=0 c=100000#
% t=295.4822 plus 17.0 minus 10.0 g=543.0 b=10000 p=0 c=100000#
% t=317.7633 plus 17.0 minus 10.0 g=543.0 b=10000 p=0 c=100000#
% t=337.26324 plus 20.0 minus 12.0 g=543.0 b=10000 p=0 c=100000#
% t=350.26324 plus 21.0 minus 12.0 g=543.0 b=10000 p=150 c=100000#
% t=363.26324 plus 21.0 minus 12.0 g=543.0 b=10000 p=0 c=100000#
% t=376.26324 plus 21.0 minus 12.0 g=543.0 b=10000 p=50 c=100000#
% t=425.85277 plus 24.0 minus 14.0 g=543.0 b=10000 p=0 c=100000#
% t=447.79721 plus 27.0 minus 16.0 g=543.0 b=4378 p=150 c=4528#
% t=460.79721 plus 27.0 minus 16.0 g=543.0 b=2818 p=0 c=2818#
% t=473.79721 plus 27.0 minus 16.0 g=543.0 b=1681 p=0 c=1681#
% t=486.79721 plus 27.0 minus 16.0 g=543.0 b=900 p=50 c=950#
% t=522.79721 plus 30.0 minus 18.0 g=543.0 b=31 p=0 c=31#
% t=545.79721 plus 33.0 minus 20.0 g=543.0 b=0 p=0 c=0#
% t=595.38673 plus 37.0 minus 22.0 g=543.0 b=* p=0 c=*
 [461

]
%% goal height=543.0, max depth=4.0
% t=46.58952 plus 3.0 minus 2.0 g=543.0 b=10000 p=0 c=100000#
% t=70.37057 plus 6.0 minus 4.0 g=543.0 b=10000 p=0 c=100000#
% t=84.37057 plus 7.0 minus 4.0 g=543.0 b=10000 p=200 c=100000#
% t=134.51566 plus 10.0 minus 6.0 g=543.0 b=10000 p=0 c=100000#
% t=159.96078 plus 13.0 minus 8.0 g=543.0 b=10000 p=150 c=100000#
% t=172.96078 plus 13.0 minus 8.0 g=543.0 b=10000 p=0 c=100000#
% t=185.96078 plus 13.0 minus 8.0 g=543.0 b=10000 p=0 c=100000#
% t=198.96078 plus 13.0 minus 8.0 g=543.0 b=10000 p=150 c=100000#
% t=211.96078 plus 13.0 minus 8.0 g=543.0 b=10000 p=0 c=100000#
% t=224.96078 plus 14.0 minus 8.0 g=543.0 b=10000 p=200 c=100000#
% t=273.00247 plus 17.0 minus 10.0 g=543.0 b=10000 p=0 c=100000#
% t=290.94691 plus 20.0 minus 12.0 g=543.0 b=10000 p=300 c=100000#
% t=303.94691 plus 20.0 minus 12.0 g=543.0 b=10000 p=-100 c=100000#
% t=335.94691 plus 24.0 minus 14.0 g=543.0 b=10000 p=200 c=100000#
% t=371.94691 plus 27.0 minus 16.0 g=543.0 b=10000 p=0 c=100000#
% t=436.092 plus 33.0 minus 20.0 g=543.0 b=3396 p=0 c=3396#
% t=454.592 plus 36.0 minus 22.0 g=543.0 b=1478 p=300 c=1778#
% t=467.592 plus 36.0 minus 22.0 g=543.0 b=918 p=0 c=918#
% t=480.592 plus 37.0 minus 22.0 g=543.0 b=477 p=150 c=627#
% t=493.592 plus 37.0 minus 22.0 g=543.0 b=237 p=0 c=237#
% t=506.592 plus 37.0 minus 22.0 g=543.0 b=95 p=0 c=95#
% t=519.592 plus 37.0 minus 22.0 g=543.0 b=25 p=0 c=25#
% t=532.592 plus 37.0 minus 22.0 g=543.0 b=2 p=150 c=152
% t=545.592 plus 37.0 minus 22.0 g=543.0 b=0 p=0 c=0#
% t=558.592 plus 38.0 minus 22.0 g=543.0 b=35 p=200 c=235
% t=611.47409 plus 41.0 minus 24.0 g=543.0 b=* p=0 c=*
 [462]
%% goal height=543.0, max depth=4.0
% t=10.0 g=543.0 b=10000 p=200 c=100000#
% t=62.8821 plus 3.0 minus 2.0 g=543.0 b=10000 p=0 c=100000#
% t=98.60915 plus 3.0 minus 2.0 g=543.0 b=10000 p=0 c=100000#
% t=134.3362 plus 3.0 minus 2.0 g=543.0 b=10000 p=0 c=100000#
% t=156.28064 plus 6.0 minus 4.0 g=543.0 b=10000 p=150 c=100000#
% t=169.28064 plus 6.0 minus 4.0 g=543.0 b=10000 p=0 c=100000#
% t=182.28064 plus 6.0 minus 4.0 g=543.0 b=10000 p=0 c=100000#
% t=195.28064 plus 6.0 minus 4.0 g=543.0 b=10000 p=50 c=100000#
% t=242.6928 plus 9.0 minus 6.0 g=543.0 b=10000 p=0 c=100000#
% t=273.34525 plus 9.0 minus 6.0 g=543.0 b=10000 p=0 c=100000#
% t=296.8179 plus 12.0 minus 8.0 g=543.0 b=10000 p=200 c=100000#
% t=345.35655 plus 15.0 minus 10.0 g=543.0 b=10000 p=0 c=100000#
% t=345.35655 plus 18.0 minus 12.0 g=543.0 b=10000 p=-200 c=100000#
% t=390.49704 plus 20.0 minus 12.0 g=543.0 b=10000 p=150 c=100000#
% t=403.49704 plus 20.0 minus 12.0 g=543.0 b=10000 p=0 c=100000#
% t=416.49704 plus 20.0 minus 12.0 g=543.0 b=10000 p=150 c=100000#
% t=429.49704 plus 20.0 minus 12.0 g=543.0 b=10000 p=-100 c=100000#
% t=461.49704 plus 24.0 minus 14.0 g=543.0 b=3907 p=200 c=4107#
% t=497.49704 plus 27.0 minus 16.0 g=543.0 b=477 p=0 c=477#
% t=520.49704 plus 30.0 minus 18.0 g=543.0 b=42 p=150 c=192#
% t=533.49704 plus 30.0 minus 18.0 g=543.0 b=3 p=0 c=3#
% t=546.49704 plus 30.0 minus 18.0 g=543.0 b=1 p=0 c=1#
% t=559.49704 plus 30.0 minus 18.0 g=543.0 b=77 p=150 c=227
% t=572.49704 plus 30.0 minus 18.0 g=543.0 b=* p=0 c=*
 [463

]
%% goal height=543.0, max depth=4.0
% t=10.0 g=543.0 b=10000 p=150 c=100000#
% t=23.0 g=543.0 b=10000 p=0 c=100000#
% t=36.0 plus 1.0 g=543.0 b=10000 p=200 c=100000#
% t=91.70192 plus 4.0 minus 2.0 g=543.0 b=10000 p=0 c=100000#
% t=149.07068 plus 10.0 minus 6.0 g=543.0 b=10000 p=0 c=100000#
% t=210.81017 plus 16.0 minus 10.0 g=543.0 b=10000 p=0 c=100000#
% t=228.75461 plus 19.0 minus 12.0 g=543.0 b=10000 p=200 c=100000#
% t=281.6546 plus 22.0 minus 14.0 g=543.0 b=10000 p=0 c=100000#
% t=304.6546 plus 25.0 minus 16.0 g=543.0 b=10000 p=150 c=100000#
% t=317.6546 plus 25.0 minus 16.0 g=543.0 b=10000 p=0 c=100000#
% t=330.6546 plus 25.0 minus 16.0 g=543.0 b=10000 p=150 c=100000#
% t=343.6546 plus 25.0 minus 16.0 g=543.0 b=10000 p=0 c=100000#
% t=356.6546 plus 26.0 minus 16.0 g=543.0 b=10000 p=200 c=100000#
% t=392.6546 plus 29.0 minus 18.0 g=543.0 b=10000 p=0 c=100000#
% t=415.6546 plus 32.0 minus 20.0 g=543.0 b=6284 p=200 c=6484#
% t=466.38036 plus 35.0 minus 22.0 g=543.0 b=1048 p=0 c=1048#
% t=515.89383 plus 41.0 minus 26.0 g=543.0 b=29 p=0 c=29#
% t=575.8351 plus 47.0 minus 30.0 g=543.0 b=* p=0 c=*

[464]
%% goal height=543.0, max depth=4.0
% t=47.99683 plus 3.0 minus 2.0 g=543.0 b=10000 p=0 c=100000#
% t=78.40898 plus 3.0 minus 2.0 g=543.0 b=10000 p=0 c=100000#
% t=108.82114 plus 3.0 minus 2.0 g=543.0 b=10000 p=0 c=100000#
% t=134.35979 plus 3.0 minus 2.0 g=543.0 b=10000 p=0 c=100000#
% t=189.9798 plus 9.0 minus 6.0 g=543.0 b=10000 p=0 c=100000#
% t=209.45245 plus 12.0 minus 8.0 g=543.0 b=10000 p=0 c=100000#
% t=222.45245 plus 13.0 minus 8.0 g=543.0 b=10000 p=200 c=100000#
% t=274.22838 plus 16.0 minus 10.0 g=543.0 b=10000 p=0 c=100000#
% t=300.76703 plus 16.0 minus 10.0 g=543.0 b=10000 p=0 c=100000#
% t=324.23969 plus 19.0 minus 12.0 g=543.0 b=10000 p=0 c=100000#
% t=337.23969 plus 20.0 minus 12.0 g=543.0 b=10000 p=200 c=100000#
% t=390.82921 plus 23.0 minus 14.0 g=543.0 b=10000 p=0 c=100000#
% t=429.47429 plus 23.0 minus 14.0 g=543.0 b=10000 p=0 c=100000#
% t=450.59756 plus 26.0 minus 16.0 g=543.0 b=4479 p=150 c=4629#
% t=463.59756 plus 26.0 minus 16.0 g=543.0 b=2846 p=50 c=2896#
% t=515.30124 plus 29.0 minus 18.0 g=543.0 b=86 p=0 c=86#
% t=576.02661 plus 35.0 minus 22.0 g=543.0 b=* p=0 c=*
 [465]
%% goal height=543.0, max depth=4.0
% t=48.78093 plus 3.0 minus 2.0 g=543.0 b=10000 p=0 c=100000#
% t=71.28093 plus 6.0 minus 4.0 g=543.0 b=10000 p=0 c=100000#
% t=122.9846 plus 10.0 minus 6.0 g=543.0 b=10000 p=0 c=100000#
% t=182.73247 plus 16.0 minus 10.0 g=543.0 b=10000 p=0 c=100000#
% t=200.67691 plus 19.0 minus 12.0 g=543.0 b=10000 p=200 c=100000#
% t=250.36922 plus 22.0 minus 14.0 g=543.0 b=10000 p=0 c=100000#
% t=268.86922 plus 25.0 minus 16.0 g=543.0 b=10000 p=-100 c=100000#
% t=300.86922 plus 29.0 minus 18.0 g=543.0 b=10000 p=150 c=100000#
% t=313.86922 plus 29.0 minus 18.0 g=543.0 b=10000 p=0 c=100000#
% t=326.86922 plus 29.0 minus 18.0 g=543.0 b=10000 p=0 c=100000#
% t=339.86922 plus 29.0 minus 18.0 g=543.0 b=10000 p=150 c=100000#
% t=352.86922 plus 29.0 minus 18.0 g=543.0 b=10000 p=0 c=100000#
% t=365.86922 plus 30.0 minus 18.0 g=543.0 b=10000 p=250 c=100000#
% t=378.86922 plus 30.0 minus 18.0 g=543.0 b=10000 p=150 c=100000#
% t=407.86922 plus 32.0 minus 19.0 g=543.0 b=7522 p=150 c=7672#
% t=420.86922 plus 32.0 minus 19.0 g=543.0 b=5548 p=0 c=5548#
% t=433.86922 plus 32.0 minus 19.0 g=543.0 b=3954 p=0 c=3954#
% t=446.86922 plus 32.0 minus 19.0 g=543.0 b=2707 p=150 c=2857#
% t=459.86922 plus 32.0 minus 19.0 g=543.0 b=1748 p=0 c=1748#
% t=498.86922 plus 37.0 minus 22.0 g=543.0 b=169 p=0 c=169#
% t=521.86922 plus 40.0 minus 24.0 g=543.0 b=14 p=0 c=14#
% t=568.87967 plus 45.0 minus 27.0 g=543.0 b=87 p=0 c=87
% t=598.39018 plus 45.0 minus 27.0 g=543.0 b=* p=0 c=*
 [466

]
%% goal height=543.0, max depth=4.0
% t=41.01045 plus 3.0 minus 2.0 g=543.0 b=10000 p=0 c=100000#
% t=70.52097 plus 3.0 minus 2.0 g=543.0 b=10000 p=0 c=100000#
% t=121.47586 plus 10.0 minus 6.0 g=543.0 b=10000 p=0 c=100000#
% t=143.4203 plus 13.0 minus 8.0 g=543.0 b=10000 p=200 c=100000#
% t=189.43076 plus 16.0 minus 10.0 g=543.0 b=10000 p=0 c=100000#
% t=211.3752 plus 19.0 minus 12.0 g=543.0 b=10000 p=200 c=100000#
% t=259.88571 plus 22.0 minus 14.0 g=543.0 b=10000 p=0 c=100000#
% t=287.39622 plus 22.0 minus 14.0 g=543.0 b=10000 p=0 c=100000#
% t=332.89622 plus 29.0 minus 18.0 g=543.0 b=10000 p=0 c=100000#
% t=347.89622 plus 29.0 minus 18.0 g=543.0 b=10000 p=0 c=100000#
% t=362.89622 plus 29.0 minus 18.0 g=543.0 b=10000 p=0 c=100000#
% t=408.89622 plus 35.0 minus 22.0 g=543.0 b=5607 p=0 c=5607#
% t=454.89622 plus 41.0 minus 26.0 g=543.0 b=991 p=0 c=991#
% t=477.89622 plus 44.0 minus 28.0 g=543.0 b=323 p=0 c=323#
% t=552.89622 plus 51.0 minus 32.0 g=543.0 b=3 p=300 c=303#
% t=565.89622 plus 51.0 minus 32.0 g=543.0 b=36 p=0 c=36#
% t=578.89622 plus 52.0 minus 32.0 g=543.0 b=* p=150 c=*
 [467

]
%% goal height=543.0, max depth=4.0
% t=10.0 g=543.0 b=10000 p=150 c=100000#
% t=23.0 g=543.0 b=10000 p=50 c=100000#
% t=74.70367 plus 3.0 minus 2.0 g=543.0 b=10000 p=0 c=100000#
% t=96.64812 plus 6.0 minus 4.0 g=543.0 b=10000 p=200 c=100000#
% t=144.6898 plus 9.0 minus 6.0 g=543.0 b=10000 p=0 c=100000#
% t=163.1898 plus 12.0 minus 8.0 g=543.0 b=10000 p=200 c=100000#
% t=214.74472 plus 15.0 minus 10.0 g=543.0 b=10000 p=0 c=100000#
% t=238.62364 plus 18.0 minus 12.0 g=543.0 b=10000 p=0 c=100000#
% t=274.62364 plus 22.0 minus 14.0 g=543.0 b=10000 p=0 c=100000#
% t=289.62364 plus 22.0 minus 14.0 g=543.0 b=10000 p=0 c=100000#
% t=304.62364 plus 22.0 minus 14.0 g=543.0 b=10000 p=0 c=100000#
% t=322.62364 plus 23.0 minus 15.0 g=543.0 b=10000 p=0 c=100000#
% t=337.62364 plus 23.0 minus 15.0 g=543.0 b=10000 p=0 c=100000#
% t=360.62364 plus 26.0 minus 17.0 g=543.0 b=10000 p=300 c=100000#
% t=373.62364 plus 26.0 minus 17.0 g=543.0 b=10000 p=0 c=100000#
% t=387.62364 plus 27.0 minus 17.0 g=543.0 b=10000 p=150 c=100000#
% t=400.62369 plus 27.0 minus 17.0 g=543.0 b=10000 p=50 c=100000#
% t=452.78873 plus 30.0 minus 19.0 g=543.0 b=2717 p=0 c=2717#
% t=486.19318 plus 30.0 minus 19.0 g=543.0 b=677 p=0 c=677#
% t=518.80312 plus 30.0 minus 19.0 g=543.0 b=52 p=0 c=52#
% t=542.80312 plus 33.0 minus 21.0 g=543.0 b=0 p=300 c=300
% t=594.1776 plus 36.0 minus 23.0 g=543.0 b=* p=0 c=*
 [468

]
%% goal height=543.0, max depth=4.0
% t=10.0 g=543.0 b=10000 p=300 c=100000#
% t=61.37448 plus 3.0 minus 2.0 g=543.0 b=10000 p=0 c=100000#
% t=83.31892 plus 6.0 minus 4.0 g=543.0 b=10000 p=0 c=100000#
% t=96.31892 plus 7.0 minus 4.0 g=543.0 b=10000 p=200 c=100000#
% t=151.46704 plus 10.0 minus 6.0 g=543.0 b=10000 p=0 c=100000#
% t=214.66565 plus 16.0 minus 10.0 g=543.0 b=10000 p=0 c=100000#
% t=233.16565 plus 19.0 minus 12.0 g=543.0 b=10000 p=300 c=100000#
% t=246.16565 plus 19.0 minus 12.0 g=543.0 b=10000 p=0 c=100000#
% t=259.16565 plus 20.0 minus 12.0 g=543.0 b=10000 p=250 c=100000#
% t=272.16565 plus 20.0 minus 12.0 g=543.0 b=10000 p=0 c=100000#
% t=285.16565 plus 20.0 minus 12.0 g=543.0 b=10000 p=0 c=100000#
% t=298.16565 plus 20.0 minus 12.0 g=543.0 b=10000 p=0 c=100000#
% t=311.16565 plus 20.0 minus 12.0 g=543.0 b=10000 p=150 c=100000#
% t=326.11009 plus 20.0 minus 12.0 g=543.0 b=10000 p=-200 c=100000#
% t=376.16565 plus 22.0 minus 12.0 g=543.0 b=10000 p=150 c=100000#
% t=389.16565 plus 22.0 minus 12.0 g=543.0 b=10000 p=0 c=100000#
% t=402.16565 plus 22.0 minus 12.0 g=543.0 b=10000 p=0 c=100000#
% t=415.16565 plus 22.0 minus 12.0 g=543.0 b=10000 p=0 c=100000#
% t=428.16565 plus 22.0 minus 12.0 g=543.0 b=10000 p=150 c=100000#
% t=441.16565 plus 22.0 minus 12.0 g=543.0 b=10000 p=0 c=100000#
% t=500.00325 plus 26.0 minus 14.0 g=543.0 b=452 p=0 c=452#
% t=533.48601 plus 26.0 minus 14.0 g=543.0 b=5 p=0 c=5#
% t=551.43045 plus 29.0 minus 16.0 g=543.0 b=14 p=150 c=164
% t=564.43045 plus 29.0 minus 16.0 g=543.0 b=* p=0 c=*
 [469

]
%% goal height=543.0, max depth=4.0
% t=10.0 g=543.0 b=10000 p=150 c=100000#
% t=23.0 g=543.0 b=10000 p=0 c=100000#
% t=36.0 g=543.0 b=10000 p=0 c=100000#
% t=49.0 g=543.0 b=10000 p=0 c=100000#
% t=62.0 g=543.0 b=10000 p=100 c=100000#
% t=75.0 g=543.0 b=10000 p=0 c=100000#
% t=88.0 g=543.0 b=10000 p=150 c=100000#
% t=101.0 g=543.0 b=10000 p=0 c=100000#
% t=114.0 plus 1.0 g=543.0 b=10000 p=150 c=100000#
% t=127.0 plus 1.0 g=543.0 b=10000 p=0 c=100000#
% t=140.0 plus 1.0 g=543.0 b=10000 p=150 c=100000#
% t=153.0 plus 1.0 g=543.0 b=10000 p=0 c=100000#
% t=166.0 plus 2.0 g=543.0 b=10000 p=200 c=100000#
% t=202.0 plus 5.0 minus 2.0 g=543.0 b=10000 p=0 c=100000#
% t=217.0 plus 5.0 minus 2.0 g=543.0 b=10000 p=0 c=100000#
% t=240.0 plus 8.0 minus 4.0 g=543.0 b=10000 p=150 c=100000#
% t=253.0 plus 8.0 minus 4.0 g=543.0 b=10000 p=50 c=100000#
% t=312.3376 plus 11.0 minus 6.0 g=543.0 b=10000 p=0 c=100000#
% t=351.06465 plus 11.0 minus 6.0 g=543.0 b=10000 p=0 c=100000#
% t=413.41962 plus 17.0 minus 10.0 g=543.0 b=10000 p=0 c=100000#
% t=437.41962 plus 20.0 minus 12.0 g=543.0 b=10000 p=0 c=100000#
% t=450.41962 plus 21.0 minus 12.0 g=543.0 b=10000 p=150 c=100000#
% t=463.41962 plus 21.0 minus 12.0 g=543.0 b=5431 p=0 c=5431#
% t=476.41962 plus 21.0 minus 12.0 g=543.0 b=3179 p=0 c=3179#
% t=489.41962 plus 21.0 minus 12.0 g=543.0 b=1655 p=50 c=1705#
% t=532.50647 plus 24.0 minus 14.0 g=543.0 b=8 p=0 c=8#
% t=580.45091 plus 30.0 minus 18.0 g=543.0 b=* p=0 c=*
 [470


]
%% goal height=543.0, max depth=4.0
% t=36.0 plus 3.0 minus 2.0 g=543.0 b=10000 p=0 c=100000#
% t=54.0 plus 3.0 minus 2.0 g=543.0 b=10000 p=0 c=100000#
% t=74.49825 plus 3.0 minus 2.0 g=543.0 b=10000 p=0 c=100000#
% t=95.0 plus 6.0 minus 4.0 g=543.0 b=10000 p=150 c=100000#
% t=108.0 plus 6.0 minus 4.0 g=543.0 b=10000 p=0 c=100000#
% t=121.0 plus 6.0 minus 4.0 g=543.0 b=10000 p=50 c=100000#
% t=178.58952 plus 9.0 minus 6.0 g=543.0 b=10000 p=0 c=100000#
% t=241.4201 plus 15.0 minus 10.0 g=543.0 b=10000 p=0 c=100000#
% t=259.9201 plus 18.0 minus 12.0 g=543.0 b=10000 p=150 c=100000#
% t=272.9201 plus 18.0 minus 12.0 g=543.0 b=10000 p=0 c=100000#
% t=285.9201 plus 18.0 minus 12.0 g=543.0 b=10000 p=0 c=100000#
% t=298.9201 plus 18.0 minus 12.0 g=543.0 b=10000 p=0 c=100000#
% t=311.9201 plus 18.0 minus 12.0 g=543.0 b=10000 p=150 c=100000#
% t=324.9201 plus 18.0 minus 12.0 g=543.0 b=10000 p=0 c=100000#
% t=337.9201 plus 19.0 minus 12.0 g=543.0 b=10000 p=200 c=100000#
% t=389.74666 plus 22.0 minus 14.0 g=543.0 b=10000 p=0 c=100000#
% t=451.62175 plus 28.0 minus 18.0 g=543.0 b=3471 p=0 c=3471#
% t=474.12175 plus 31.0 minus 20.0 g=543.0 b=1092 p=300 c=1392#
% t=487.12175 plus 31.0 minus 20.0 g=543.0 b=584 p=0 c=584#
% t=500.12175 plus 32.0 minus 20.0 g=543.0 b=239 p=200 c=439#
% t=545.21573 plus 35.0 minus 22.0 g=543.0 b=0 p=0 c=0#
% t=605.21596 plus 41.0 minus 26.0 g=543.0 b=* p=0 c=*
 [471]
%% goal height=543.0, max depth=4.0
% t=47.50023 plus 3.0 minus 2.0 g=543.0 b=10000 p=0 c=100000#
% t=67.28128 plus 6.0 minus 4.0 g=543.0 b=10000 p=200 c=100000#
% t=114.3197 plus 9.0 minus 6.0 g=543.0 b=10000 p=0 c=100000#
% t=174.30257 plus 15.0 minus 10.0 g=543.0 b=10000 p=0 c=100000#
% t=194.08362 plus 18.0 minus 12.0 g=543.0 b=10000 p=300 c=100000#
% t=207.08362 plus 18.0 minus 12.0 g=543.0 b=10000 p=0 c=100000#
% t=220.08362 plus 19.0 minus 12.0 g=543.0 b=10000 p=200 c=100000#
% t=271.9242 plus 22.0 minus 14.0 g=543.0 b=10000 p=0 c=100000#
% t=304.79596 plus 22.0 minus 14.0 g=543.0 b=10000 p=0 c=100000#
% t=362.55661 plus 28.0 minus 18.0 g=543.0 b=10000 p=0 c=100000#
% t=386.55661 plus 31.0 minus 20.0 g=543.0 b=10000 p=200 c=100000#
% t=436.56717 plus 34.0 minus 22.0 g=543.0 b=3058 p=0 c=3058#
% t=471.07773 plus 34.0 minus 22.0 g=543.0 b=945 p=0 c=945#
% t=489.57773 plus 37.0 minus 24.0 g=543.0 b=299 p=300 c=599#
% t=525.57777 plus 40.0 minus 26.0 g=543.0 b=8 p=0 c=8#
% t=574.07597 plus 46.0 minus 30.0 g=543.0 b=* p=0 c=*
 [472

]
%% goal height=543.0, max depth=4.0
% t=35.49825 plus 3.0 minus 2.0 g=543.0 b=10000 p=0 c=100000#
% t=56.0 plus 6.0 minus 4.0 g=543.0 b=10000 p=150 c=100000#
% t=69.0 plus 6.0 minus 4.0 g=543.0 b=10000 p=150 c=100000#
% t=82.0 plus 6.0 minus 4.0 g=543.0 b=10000 p=0 c=100000#
% t=95.0 plus 7.0 minus 4.0 g=543.0 b=10000 p=200 c=100000#
% t=145.0088 plus 10.0 minus 6.0 g=543.0 b=10000 p=0 c=100000#
% t=167.5088 plus 13.0 minus 8.0 g=543.0 b=10000 p=0 c=100000#
% t=215.10103 plus 17.0 minus 10.0 g=543.0 b=10000 p=0 c=100000#
% t=237.04547 plus 20.0 minus 12.0 g=543.0 b=10000 p=200 c=100000#
% t=284.0839 plus 23.0 minus 14.0 g=543.0 b=10000 p=0 c=100000#
% t=307.96335 plus 26.0 minus 16.0 g=543.0 b=10000 p=300 c=100000#
% t=320.96335 plus 26.0 minus 16.0 g=543.0 b=10000 p=0 c=100000#
% t=333.96335 plus 27.0 minus 16.0 g=543.0 b=10000 p=200 c=100000#
% t=369.96335 plus 30.0 minus 18.0 g=543.0 b=10000 p=0 c=100000#
% t=422.96335 plus 30.0 minus 18.0 g=543.0 b=6396 p=0 c=6396#
% t=471.96335 plus 30.0 minus 18.0 g=543.0 b=1325 p=0 c=1325#
% t=520.96335 plus 30.0 minus 18.0 g=543.0 b=40 p=0 c=40#
% t=528.96335 plus 33.0 minus 20.0 g=543.0 b=8 p=150 c=158
% t=541.96335 plus 33.0 minus 20.0 g=543.0 b=0 p=150 c=150
% t=554.96335 plus 33.0 minus 20.0 g=543.0 b=21 p=0 c=21#
% t=567.96335 plus 34.0 minus 20.0 g=543.0 b=* p=150 c=*
 [473]
%% goal height=543.0, max depth=4.0
% t=10.0 g=543.0 b=10000 p=150 c=100000#
% t=23.0 g=543.0 b=10000 p=150 c=100000#
% t=36.0 g=543.0 b=10000 p=0 c=100000#
% t=49.0 plus 1.0 g=543.0 b=10000 p=150 c=100000#
% t=62.0 plus 1.0 g=543.0 b=10000 p=50 c=100000#
% t=98.0 plus 4.0 minus 2.0 g=543.0 b=10000 p=0 c=100000#
% t=144.0 plus 10.0 minus 6.0 g=543.0 b=10000 p=0 c=100000#
% t=167.0 plus 13.0 minus 8.0 g=543.0 b=10000 p=150 c=100000#
% t=180.0 plus 13.0 minus 8.0 g=543.0 b=10000 p=100 c=100000#
% t=193.0 plus 13.0 minus 8.0 g=543.0 b=10000 p=0 c=100000#
% t=206.0 plus 13.0 minus 8.0 g=543.0 b=10000 p=0 c=100000#
% t=219.0 plus 13.0 minus 8.0 g=543.0 b=10000 p=0 c=100000#
% t=232.0 plus 13.0 minus 8.0 g=543.0 b=10000 p=150 c=100000#
% t=245.0 plus 13.0 minus 8.0 g=543.0 b=10000 p=0 c=100000#
% t=258.0 plus 14.0 minus 8.0 g=543.0 b=10000 p=200 c=100000#
% t=297.44841 plus 17.0 minus 10.0 g=543.0 b=10000 p=0 c=100000#
% t=343.50006 plus 23.0 minus 14.0 g=543.0 b=10000 p=0 c=100000#
% t=363.0 plus 26.0 minus 16.0 g=543.0 b=10000 p=200 c=100000#
% t=413.72575 plus 29.0 minus 18.0 g=543.0 b=10000 p=0 c=100000#
% t=479.4083 plus 35.0 minus 22.0 g=543.0 b=597 p=0 c=597#
% t=514.50227 plus 35.0 minus 22.0 g=543.0 b=53 p=0 c=53#
% t=532.99701 plus 38.0 minus 24.0 g=543.0 b=2 p=150 c=152
% t=545.99701 plus 38.0 minus 24.0 g=543.0 b=0 p=0 c=0#
% t=558.99701 plus 38.0 minus 24.0 g=543.0 b=29 p=150 c=179
% t=571.99701 plus 38.0 minus 24.0 g=543.0 b=* p=0 c=*
 [474]
%% goal height=543.0, max depth=4.0
% t=10.0 g=543.0 b=10000 p=150 c=100000#
% t=23.0 g=543.0 b=10000 p=0 c=100000#
% t=38.38268 plus 1.0 g=543.0 b=10000 p=200 c=100000#
% t=87.31012 plus 4.0 minus 2.0 g=543.0 b=10000 p=0 c=100000#
% t=109.25456 plus 7.0 minus 4.0 g=543.0 b=10000 p=150 c=100000#
% t=122.25456 plus 7.0 minus 4.0 g=543.0 b=10000 p=50 c=100000#
% t=160.7528 plus 10.0 minus 6.0 g=543.0 b=10000 p=0 c=100000#
% t=217.2359 plus 16.0 minus 10.0 g=543.0 b=10000 p=0 c=100000#
% t=235.18034 plus 19.0 minus 12.0 g=543.0 b=10000 p=300 c=100000#
% t=248.18034 plus 19.0 minus 12.0 g=543.0 b=10000 p=0 c=100000#
% t=261.18034 plus 20.0 minus 12.0 g=543.0 b=10000 p=150 c=100000#
% t=274.18034 plus 20.0 minus 12.0 g=543.0 b=10000 p=50 c=100000#
% t=310.18034 plus 23.0 minus 14.0 g=543.0 b=10000 p=0 c=100000#
% t=333.18034 plus 26.0 minus 16.0 g=543.0 b=10000 p=200 c=100000#
% t=371.67859 plus 29.0 minus 18.0 g=543.0 b=10000 p=0 c=100000#
% t=392.18034 plus 32.0 minus 20.0 g=543.0 b=10000 p=300 c=100000#
% t=405.18034 plus 32.0 minus 20.0 g=543.0 b=7981 p=0 c=7981#
% t=418.18034 plus 33.0 minus 20.0 g=543.0 b=5403 p=200 c=5603#
% t=466.0191 plus 36.0 minus 22.0 g=543.0 b=977 p=0 c=977#
% t=489.89856 plus 39.0 minus 24.0 g=543.0 b=252 p=150 c=402#
% t=502.89856 plus 39.0 minus 24.0 g=543.0 b=108 p=100 c=208#
% t=515.89856 plus 39.0 minus 24.0 g=543.0 b=33 p=0 c=33#
% t=528.89856 plus 39.0 minus 24.0 g=543.0 b=5 p=100 c=105
% t=541.89856 plus 39.0 minus 24.0 g=543.0 b=0 p=150 c=150
% t=557.3968 plus 39.0 minus 24.0 g=543.0 b=22 p=-200 c=-178#
% t=606.89856 plus 41.0 minus 24.0 g=543.0 b=* p=150 c=*
 [475]
%% goal height=543.0, max depth=4.0
% t=28.0 plus 1.0 g=543.0 b=10000 p=150 c=100000#
% t=41.0 plus 1.0 g=543.0 b=10000 p=150 c=100000#
% t=54.0 plus 1.0 g=543.0 b=10000 p=-100 c=100000#
% t=86.0 plus 5.0 minus 2.0 g=543.0 b=10000 p=150 c=100000#
% t=99.0 plus 5.0 minus 2.0 g=543.0 b=10000 p=50 c=100000#
% t=149.41049 plus 8.0 minus 4.0 g=543.0 b=10000 p=0 c=100000#
% t=171.35493 plus 11.0 minus 6.0 g=543.0 b=10000 p=300 c=100000#
% t=184.35493 plus 11.0 minus 6.0 g=543.0 b=10000 p=0 c=100000#
% t=197.35493 plus 12.0 minus 6.0 g=543.0 b=10000 p=200 c=100000#
% t=240.66988 plus 15.0 minus 8.0 g=543.0 b=10000 p=0 c=100000#
% t=262.61432 plus 18.0 minus 10.0 g=543.0 b=10000 p=200 c=100000#
% t=308.14946 plus 21.0 minus 12.0 g=543.0 b=10000 p=0 c=100000#
% t=360.5607 plus 27.0 minus 16.0 g=543.0 b=10000 p=0 c=100000#
% t=422.28775 plus 33.0 minus 20.0 g=543.0 b=4886 p=0 c=4886#
% t=449.00108 plus 33.0 minus 20.0 g=543.0 b=2302 p=0 c=2302#
% t=505.92686 plus 39.0 minus 24.0 g=543.0 b=86 p=0 c=86#
% t=534.96376 plus 39.0 minus 24.0 g=543.0 b=1 p=0 c=1#
% t=558.43642 plus 42.0 minus 26.0 g=543.0 b=21 p=150 c=171
% t=571.43642 plus 42.0 minus 26.0 g=543.0 b=* p=50 c=*

[476]
%% goal height=543.0, max depth=4.0
% t=10.0 g=543.0 b=10000 p=150 c=100000#
% t=23.0 g=543.0 b=10000 p=50 c=100000#
% t=68.54605 plus 3.0 minus 2.0 g=543.0 b=10000 p=0 c=100000#
% t=96.91655 plus 3.0 minus 2.0 g=543.0 b=10000 p=0 c=100000#
% t=126.95345 plus 3.0 minus 2.0 g=543.0 b=10000 p=0 c=100000#
% t=156.99034 plus 3.0 minus 2.0 g=543.0 b=10000 p=0 c=100000#
% t=204.93478 plus 9.0 minus 6.0 g=543.0 b=10000 p=0 c=100000#
% t=222.93478 plus 9.0 minus 6.0 g=543.0 b=10000 p=0 c=100000#
% t=240.93478 plus 9.0 minus 6.0 g=543.0 b=10000 p=0 c=100000#
% t=263.93478 plus 12.0 minus 8.0 g=543.0 b=10000 p=0 c=100000#
% t=276.93478 plus 13.0 minus 8.0 g=543.0 b=10000 p=150 c=100000#
% t=289.93478 plus 13.0 minus 8.0 g=543.0 b=10000 p=0 c=100000#
% t=302.93478 plus 13.0 minus 8.0 g=543.0 b=10000 p=0 c=100000#
% t=315.93478 plus 13.0 minus 8.0 g=543.0 b=10000 p=0 c=100000#
% t=328.93478 plus 13.0 minus 8.0 g=543.0 b=10000 p=150 c=100000#
% t=341.93478 plus 13.0 minus 8.0 g=543.0 b=10000 p=0 c=100000#
% t=354.93478 plus 14.0 minus 8.0 g=543.0 b=10000 p=0 c=100000#
% t=367.93478 plus 15.0 minus 8.0 g=543.0 b=10000 p=200 c=100000#
% t=403.93478 plus 18.0 minus 10.0 g=543.0 b=10000 p=0 c=100000#
% t=426.93478 plus 21.0 minus 12.0 g=543.0 b=10000 p=150 c=100000#
% t=439.93478 plus 21.0 minus 12.0 g=543.0 b=10000 p=0 c=100000#
% t=452.93478 plus 21.0 minus 12.0 g=543.0 b=7869 p=150 c=8019#
% t=465.93478 plus 21.0 minus 12.0 g=543.0 b=4927 p=0 c=4927#
% t=478.93478 plus 22.0 minus 12.0 g=543.0 b=2460 p=150 c=2610#
% t=491.93478 plus 22.0 minus 12.0 g=543.0 b=1248 p=50 c=1298#
% t=537.9437 plus 25.0 minus 14.0 g=543.0 b=1 p=0 c=1#
% t=561.82315 plus 28.0 minus 16.0 g=543.0 b=* p=200 c=*
 [477]
%% goal height=543.0, max depth=4.0
% t=10.0 g=543.0 b=10000 p=200 c=100000#
% t=56.00891 plus 3.0 minus 2.0 g=543.0 b=10000 p=0 c=100000#
% t=82.27304 plus 3.0 minus 2.0 g=543.0 b=10000 p=0 c=100000#
% t=140.807 plus 9.0 minus 6.0 g=543.0 b=10000 p=0 c=100000#
% t=156.77966 plus 9.0 minus 6.0 g=543.0 b=10000 p=0 c=100000#
% t=179.77966 plus 12.0 minus 8.0 g=543.0 b=10000 p=150 c=100000#
% t=192.77966 plus 12.0 minus 8.0 g=543.0 b=10000 p=150 c=100000#
% t=205.77966 plus 12.0 minus 8.0 g=543.0 b=10000 p=0 c=100000#
% t=218.77966 plus 13.0 minus 8.0 g=543.0 b=10000 p=300 c=100000#
% t=254.77966 plus 16.0 minus 10.0 g=543.0 b=10000 p=0 c=100000#
% t=312.42474 plus 22.0 minus 14.0 g=543.0 b=10000 p=0 c=100000#
% t=334.36919 plus 25.0 minus 16.0 g=543.0 b=10000 p=150 c=100000#
% t=347.36919 plus 25.0 minus 16.0 g=543.0 b=10000 p=0 c=100000#
% t=360.40036 plus 25.0 minus 16.0 g=543.0 b=10000 p=0 c=100000#
% t=373.36919 plus 25.0 minus 16.0 g=543.0 b=10000 p=50 c=100000#
% t=427.12741 plus 28.0 minus 18.0 g=543.0 b=7081 p=0 c=7081#
% t=459.85446 plus 28.0 minus 18.0 g=543.0 b=2608 p=0 c=2608#
% t=522.38843 plus 34.0 minus 22.0 g=543.0 b=22 p=0 c=22#
% t=541.86108 plus 37.0 minus 24.0 g=543.0 b=0 p=150 c=150
% t=554.86108 plus 37.0 minus 24.0 g=543.0 b=12 p=0 c=12#
% t=567.86108 plus 37.0 minus 24.0 g=543.0 b=* p=150 c=*
 [478]
%% goal height=543.0, max depth=4.0
% t=10.0 g=543.0 b=10000 p=150 c=100000#
% t=23.0 g=543.0 b=10000 p=-100 c=100000#
% t=55.0 plus 4.0 minus 2.0 g=543.0 b=10000 p=200 c=100000#
% t=100.96594 plus 7.0 minus 4.0 g=543.0 b=10000 p=0 c=100000#
% t=163.63744 plus 13.0 minus 8.0 g=543.0 b=10000 p=0 c=100000#
% t=182.69304 plus 16.0 minus 10.0 g=543.0 b=10000 p=200 c=100000#
% t=218.69304 plus 19.0 minus 12.0 g=543.0 b=10000 p=0 c=100000#
% t=241.69304 plus 22.0 minus 14.0 g=543.0 b=10000 p=150 c=100000#
% t=254.69304 plus 22.0 minus 14.0 g=543.0 b=10000 p=50 c=100000#
% t=290.69304 plus 25.0 minus 16.0 g=543.0 b=10000 p=0 c=100000#
% t=321.20255 plus 25.0 minus 16.0 g=543.0 b=10000 p=0 c=100000#
% t=379.87404 plus 31.0 minus 20.0 g=543.0 b=10000 p=0 c=100000#
% t=398.37404 plus 34.0 minus 22.0 g=543.0 b=7685 p=0 c=7685#
% t=411.37404 plus 35.0 minus 22.0 g=543.0 b=5302 p=300 c=5602#
% t=424.37404 plus 35.0 minus 22.0 g=543.0 b=3884 p=0 c=3884#
% t=437.37404 plus 36.0 minus 22.0 g=543.0 b=2521 p=200 c=2721#
% t=473.37404 plus 39.0 minus 24.0 g=543.0 b=568 p=0 c=568#
% t=496.37404 plus 42.0 minus 26.0 g=543.0 b=136 p=150 c=286#
% t=509.37404 plus 42.0 minus 26.0 g=543.0 b=51 p=50 c=101#
% t=545.37404 plus 45.0 minus 28.0 g=543.0 b=0 p=0 c=0#
% t=611.60109 plus 51.0 minus 32.0 g=543.0 b=* p=0 c=*
 [479]
%% goal height=543.0, max depth=4.0
% t=53.22705 plus 3.0 minus 2.0 g=543.0 b=10000 p=0 c=100000#
% t=71.1715 plus 6.0 minus 4.0 g=543.0 b=10000 p=0 c=100000#
% t=84.1715 plus 7.0 minus 4.0 g=543.0 b=10000 p=300 c=100000#
% t=122.66974 plus 10.0 minus 6.0 g=543.0 b=10000 p=0 c=100000#
% t=143.1715 plus 13.0 minus 8.0 g=543.0 b=10000 p=150 c=100000#
% t=156.1715 plus 13.0 minus 8.0 g=543.0 b=10000 p=0 c=100000#
% t=169.1715 plus 13.0 minus 8.0 g=543.0 b=10000 p=150 c=100000#
% t=182.1715 plus 13.0 minus 8.0 g=543.0 b=10000 p=-100 c=100000#
% t=214.1715 plus 17.0 minus 10.0 g=543.0 b=10000 p=150 c=100000#
% t=227.1715 plus 17.0 minus 10.0 g=543.0 b=10000 p=150 c=100000#
% t=240.1715 plus 17.0 minus 10.0 g=543.0 b=10000 p=0 c=100000#
% t=253.1715 plus 18.0 minus 10.0 g=543.0 b=10000 p=250 c=100000#
% t=266.1715 plus 18.0 minus 10.0 g=543.0 b=10000 p=50 c=100000#
% t=319.35403 plus 21.0 minus 12.0 g=543.0 b=10000 p=0 c=100000#
% t=341.29848 plus 24.0 minus 14.0 g=543.0 b=10000 p=150 c=100000#
% t=354.29848 plus 24.0 minus 14.0 g=543.0 b=10000 p=0 c=100000#
% t=367.29848 plus 24.0 minus 14.0 g=543.0 b=10000 p=0 c=100000#
% t=380.29848 plus 24.0 minus 14.0 g=543.0 b=10000 p=150 c=100000#
% t=393.29848 plus 24.0 minus 14.0 g=543.0 b=10000 p=0 c=100000#
% t=406.29848 plus 25.0 minus 14.0 g=543.0 b=10000 p=150 c=100000#
% t=419.29848 plus 25.0 minus 14.0 g=543.0 b=10000 p=50 c=100000#
% t=475.52553 plus 28.0 minus 16.0 g=543.0 b=1394 p=0 c=1394#
% t=493.46997 plus 31.0 minus 18.0 g=543.0 b=406 p=200 c=606#
% t=539.95306 plus 34.0 minus 20.0 g=543.0 b=0 p=0 c=0#
% t=557.8975 plus 37.0 minus 22.0 g=543.0 b=31 p=200 c=231
% t=593.8975 plus 40.0 minus 24.0 g=543.0 b=* p=0 c=*
 [480]
%% goal height=543.0, max depth=4.0
% t=10.0 g=543.0 b=10000 p=200 c=100000#
% t=46.0 plus 3.0 minus 2.0 g=543.0 b=10000 p=0 c=100000#
% t=69.0 plus 6.0 minus 4.0 g=543.0 b=10000 p=200 c=100000#
% t=106.89056 plus 9.0 minus 6.0 g=543.0 b=10000 p=0 c=100000#
% t=128.0 plus 12.0 minus 8.0 g=543.0 b=10000 p=400 c=100000#
% t=141.0 plus 12.0 minus 8.0 g=543.0 b=10000 p=-100 c=100000#
% t=173.0 plus 16.0 minus 10.0 g=543.0 b=10000 p=150 c=100000#
% t=186.0 plus 16.0 minus 10.0 g=543.0 b=10000 p=150 c=100000#
% t=235.6199 plus 19.0 minus 12.0 g=543.0 b=10000 p=0 c=100000#
% t=268.34695 plus 19.0 minus 12.0 g=543.0 b=10000 p=0 c=100000#
% t=290.84695 plus 22.0 minus 14.0 g=543.0 b=10000 p=150 c=100000#
% t=303.84695 plus 22.0 minus 14.0 g=543.0 b=10000 p=0 c=100000#
% t=316.84695 plus 22.0 minus 14.0 g=543.0 b=10000 p=0 c=100000#
% t=329.84695 plus 22.0 minus 14.0 g=543.0 b=10000 p=50 c=100000#
% t=376.36043 plus 25.0 minus 16.0 g=543.0 b=10000 p=0 c=100000#
% t=394.30487 plus 28.0 minus 18.0 g=543.0 b=10000 p=150 c=100000#
% t=407.30487 plus 28.0 minus 18.0 g=543.0 b=10000 p=0 c=100000#
% t=420.30487 plus 28.0 minus 18.0 g=543.0 b=10000 p=150 c=100000#
% t=433.30487 plus 28.0 minus 18.0 g=543.0 b=6001 p=0 c=6001#
% t=446.30487 plus 29.0 minus 18.0 g=543.0 b=3701 p=150 c=3851#
% t=459.30487 plus 29.0 minus 18.0 g=543.0 b=2401 p=0 c=2401#
% t=472.30487 plus 29.0 minus 18.0 g=543.0 b=1448 p=0 c=1448#
% t=485.30487 plus 29.0 minus 18.0 g=543.0 b=783 p=0 c=783#
% t=498.30487 plus 29.0 minus 18.0 g=543.0 b=364 p=0 c=364#
% t=511.30487 plus 29.0 minus 18.0 g=543.0 b=130 p=150 c=280#
% t=524.30487 plus 29.0 minus 18.0 g=543.0 b=27 p=0 c=27#
% t=537.30487 plus 30.0 minus 18.0 g=543.0 b=1 p=200 c=201
% t=583.24954 plus 33.0 minus 20.0 g=543.0 b=* p=0 c=*
 [481

]
%% goal height=543.0, max depth=4.0
% t=10.0 g=543.0 b=10000 p=200 c=100000#
% t=55.94467 plus 3.0 minus 2.0 g=543.0 b=10000 p=0 c=100000#
% t=116.56061 plus 9.0 minus 6.0 g=543.0 b=10000 p=0 c=100000#
% t=139.05534 plus 12.0 minus 8.0 g=543.0 b=10000 p=200 c=100000#
% t=188.7824 plus 15.0 minus 10.0 g=543.0 b=10000 p=0 c=100000#
% t=212.90172 plus 15.0 minus 10.0 g=543.0 b=10000 p=0 c=100000#
% t=245.62877 plus 15.0 minus 10.0 g=543.0 b=10000 p=0 c=100000#
% t=275.88657 plus 15.0 minus 10.0 g=543.0 b=10000 p=0 c=100000#
% t=298.38657 plus 18.0 minus 12.0 g=543.0 b=10000 p=150 c=100000#
% t=311.38657 plus 18.0 minus 12.0 g=543.0 b=10000 p=0 c=100000#
% t=324.38657 plus 18.0 minus 12.0 g=543.0 b=10000 p=50 c=100000#
% t=369.90004 plus 21.0 minus 14.0 g=543.0 b=10000 p=0 c=100000#
% t=405.62709 plus 21.0 minus 14.0 g=543.0 b=10000 p=0 c=100000#
% t=429.40814 plus 24.0 minus 16.0 g=543.0 b=10000 p=150 c=100000#
% t=442.40814 plus 24.0 minus 16.0 g=543.0 b=7344 p=0 c=7344#
% t=455.40814 plus 24.0 minus 16.0 g=543.0 b=4846 p=150 c=4996#
% t=468.40814 plus 24.0 minus 16.0 g=543.0 b=3000 p=-100 c=2900#
% t=548.79805 plus 31.0 minus 20.0 g=543.0 b=2 p=0 c=2#
% t=571.79805 plus 34.0 minus 22.0 g=543.0 b=* p=150 c=*
 [482]
%% goal height=543.0, max depth=4.0
% t=10.0 g=543.0 b=10000 p=150 c=100000#
% t=23.0 g=543.0 b=10000 p=0 c=100000#
% t=36.0 g=543.0 b=10000 p=0 c=100000#
% t=49.0 g=543.0 b=10000 p=50 c=100000#
% t=101.67522 plus 3.0 minus 2.0 g=543.0 b=10000 p=0 c=100000#
% t=124.82085 plus 6.0 minus 4.0 g=543.0 b=10000 p=150 c=100000#
% t=137.82085 plus 6.0 minus 4.0 g=543.0 b=10000 p=50 c=100000#
% t=188.16481 plus 9.0 minus 6.0 g=543.0 b=10000 p=0 c=100000#
% t=211.16481 plus 12.0 minus 8.0 g=543.0 b=10000 p=0 c=100000#
% t=224.16481 plus 13.0 minus 8.0 g=543.0 b=10000 p=150 c=100000#
% t=237.16481 plus 13.0 minus 8.0 g=543.0 b=10000 p=50 c=100000#
% t=284.58095 plus 16.0 minus 10.0 g=543.0 b=10000 p=0 c=100000#
% t=309.84259 plus 19.0 minus 12.0 g=543.0 b=10000 p=150 c=100000#
% t=322.70422 plus 19.0 minus 12.0 g=543.0 b=10000 p=150 c=100000#
% t=335.70422 plus 19.0 minus 12.0 g=543.0 b=10000 p=0 c=100000#
% t=348.70422 plus 20.0 minus 12.0 g=543.0 b=10000 p=200 c=100000#
% t=385.82574 plus 23.0 minus 14.0 g=543.0 b=10000 p=0 c=100000#
% t=441.3299 plus 29.0 minus 18.0 g=543.0 b=4303 p=0 c=4303#
% t=495.19781 plus 35.0 minus 22.0 g=543.0 b=253 p=0 c=253#
% t=540.14226 plus 41.0 minus 26.0 g=543.0 b=0 p=0 c=0#
% t=598.26407 plus 47.0 minus 30.0 g=543.0 b=* p=0 c=*
 [483]
%% goal height=543.0, max depth=4.0
% t=43.62175 plus 3.0 minus 2.0 g=543.0 b=10000 p=0 c=100000#
% t=66.11649 plus 6.0 minus 4.0 g=543.0 b=10000 p=0 c=100000#
% t=79.11649 plus 7.0 minus 4.0 g=543.0 b=10000 p=150 c=100000#
% t=92.11649 plus 7.0 minus 4.0 g=543.0 b=10000 p=0 c=100000#
% t=105.11649 plus 7.0 minus 4.0 g=543.0 b=10000 p=50 c=100000#
% t=141.11649 plus 10.0 minus 6.0 g=543.0 b=10000 p=0 c=100000#
% t=164.11649 plus 13.0 minus 8.0 g=543.0 b=10000 p=0 c=100000#
% t=177.11649 plus 14.0 minus 8.0 g=543.0 b=10000 p=200 c=100000#
% t=213.11649 plus 17.0 minus 10.0 g=543.0 b=10000 p=0 c=100000#
% t=274.20744 plus 23.0 minus 14.0 g=543.0 b=10000 p=0 c=100000#
% t=337.91269 plus 29.0 minus 18.0 g=543.0 b=10000 p=0 c=100000#
% t=371.50671 plus 29.0 minus 18.0 g=543.0 b=10000 p=0 c=100000#
% t=381.65234 plus 29.0 minus 18.0 g=543.0 b=10000 p=0 c=100000#
% t=403.74461 plus 29.0 minus 18.0 g=543.0 b=10000 p=0 c=100000#
% t=425.12407 plus 29.0 minus 18.0 g=543.0 b=6708 p=0 c=6708#
% t=448.12407 plus 32.0 minus 20.0 g=543.0 b=2600 p=150 c=2750#
% t=462.88577 plus 32.0 minus 20.0 g=543.0 b=1565 p=150 c=1715#
% t=475.7474 plus 32.0 minus 20.0 g=543.0 b=927 p=0 c=927#
% t=488.7474 plus 33.0 minus 20.0 g=543.0 b=443 p=150 c=593#
% t=501.7474 plus 33.0 minus 20.0 g=543.0 b=195 p=150 c=345#
% t=514.7474 plus 33.0 minus 20.0 g=543.0 b=63 p=0 c=63#
% t=527.7474 plus 34.0 minus 20.0 g=543.0 b=9 p=150 c=159
% t=540.7474 plus 34.0 minus 20.0 g=543.0 b=0 p=0 c=0#
% t=553.7474 plus 34.0 minus 20.0 g=543.0 b=15 p=50 c=65
% t=600.60799 plus 37.0 minus 22.0 g=543.0 b=* p=0 c=*
 [484]
%% goal height=543.0, max depth=4.0
% t=10.0 g=543.0 b=10000 p=50 c=100000#
% t=56.86058 plus 3.0 minus 2.0 g=543.0 b=10000 p=0 c=100000#
% t=115.84344 plus 9.0 minus 6.0 g=543.0 b=10000 p=0 c=100000#
% t=125.3161 plus 9.0 minus 6.0 g=543.0 b=10000 p=0 c=100000#
% t=145.90833 plus 9.0 minus 6.0 g=543.0 b=10000 p=0 c=100000#
% t=177.0023 plus 9.0 minus 6.0 g=543.0 b=10000 p=0 c=100000#
% t=200.47496 plus 12.0 minus 8.0 g=543.0 b=10000 p=300 c=100000#
% t=213.47496 plus 12.0 minus 8.0 g=543.0 b=10000 p=0 c=100000#
% t=261.83951 plus 16.0 minus 10.0 g=543.0 b=10000 p=0 c=100000#
% t=285.62056 plus 19.0 minus 12.0 g=543.0 b=10000 p=300 c=100000#
% t=298.62056 plus 19.0 minus 12.0 g=543.0 b=10000 p=0 c=100000#
% t=347.63101 plus 23.0 minus 14.0 g=543.0 b=10000 p=0 c=100000#
% t=365.57545 plus 26.0 minus 16.0 g=543.0 b=10000 p=0 c=100000#
% t=378.57545 plus 27.0 minus 16.0 g=543.0 b=10000 p=150 c=100000#
% t=391.57545 plus 27.0 minus 16.0 g=543.0 b=10000 p=0 c=100000#
% t=404.57545 plus 27.0 minus 16.0 g=543.0 b=10000 p=100 c=100000#
% t=417.57545 plus 27.0 minus 16.0 g=543.0 b=10000 p=50 c=100000#
% t=456.0737 plus 30.0 minus 18.0 g=543.0 b=2426 p=0 c=2426#
% t=489.57545 plus 35.0 minus 20.0 g=543.0 b=355 p=150 c=505#
% t=502.57545 plus 35.0 minus 20.0 g=543.0 b=154 p=0 c=154#
% t=515.57545 plus 35.0 minus 20.0 g=543.0 b=48 p=150 c=198
% t=528.57545 plus 35.0 minus 20.0 g=543.0 b=7 p=0 c=7#
% t=541.57545 plus 36.0 minus 20.0 g=543.0 b=0 p=300 c=300
% t=589.08601 plus 39.0 minus 22.0 g=543.0 b=* p=0 c=*
 [485]
%% goal height=543.0, max depth=4.0
% t=10.0 g=543.0 b=10000 p=300 c=100000#
% t=57.51056 plus 3.0 minus 2.0 g=543.0 b=10000 p=0 c=100000#
% t=79.455 plus 6.0 minus 4.0 g=543.0 b=10000 p=0 c=100000#
% t=92.455 plus 7.0 minus 4.0 g=543.0 b=10000 p=150 c=100000#
% t=105.455 plus 7.0 minus 4.0 g=543.0 b=10000 p=150 c=100000#
% t=118.455 plus 7.0 minus 4.0 g=543.0 b=10000 p=0 c=100000#
% t=131.455 plus 8.0 minus 4.0 g=543.0 b=10000 p=150 c=100000#
% t=144.455 plus 8.0 minus 4.0 g=543.0 b=10000 p=0 c=100000#
% t=157.455 plus 8.0 minus 4.0 g=543.0 b=10000 p=0 c=100000#
% t=170.455 plus 8.0 minus 4.0 g=543.0 b=10000 p=50 c=100000#
% t=219.91 plus 11.0 minus 6.0 g=543.0 b=10000 p=0 c=100000#
% t=241.85445 plus 14.0 minus 8.0 g=543.0 b=10000 p=300 c=100000#
% t=254.85445 plus 14.0 minus 8.0 g=543.0 b=10000 p=0 c=100000#
% t=267.85445 plus 15.0 minus 8.0 g=543.0 b=10000 p=200 c=100000#
% t=313.41646 plus 18.0 minus 10.0 g=543.0 b=10000 p=0 c=100000#
% t=368.77815 plus 24.0 minus 14.0 g=543.0 b=10000 p=0 c=100000#
% t=393.09036 plus 28.0 minus 16.0 g=543.0 b=10000 p=150 c=100000#
% t=406.05919 plus 28.0 minus 16.0 g=543.0 b=10000 p=50 c=100000#
% t=442.05919 plus 31.0 minus 18.0 g=543.0 b=3449 p=0 c=3449#
% t=457.05919 plus 31.0 minus 18.0 g=543.0 b=2126 p=0 c=2126#
% t=472.05919 plus 31.0 minus 18.0 g=543.0 b=1194 p=0 c=1194#
% t=487.05919 plus 31.0 minus 18.0 g=543.0 b=584 p=0 c=584#
% t=502.05919 plus 31.0 minus 18.0 g=543.0 b=230 p=0 c=230#
% t=525.05919 plus 34.0 minus 20.0 g=543.0 b=14 p=0 c=14#
% t=538.05919 plus 35.0 minus 20.0 g=543.0 b=0 p=150 c=150
% t=551.05919 plus 35.0 minus 20.0 g=543.0 b=6 p=0 c=6#
% t=564.05919 plus 35.0 minus 20.0 g=543.0 b=* p=0 c=*
 [486]
%% goal height=543.0, max depth=4.0
% t=10.0 g=543.0 b=10000 p=0 c=100000#
% t=23.0 g=543.0 b=10000 p=0 c=100000#
% t=36.0 g=543.0 b=10000 p=0 c=100000#
% t=49.0 g=543.0 b=10000 p=0 c=100000#
% t=62.0 g=543.0 b=10000 p=0 c=100000#
% t=75.0 g=543.0 b=10000 p=50 c=100000#
% t=113.49825 plus 3.0 minus 2.0 g=543.0 b=10000 p=0 c=100000#
% t=134.0 plus 6.0 minus 4.0 g=543.0 b=10000 p=150 c=100000#
% t=147.0 plus 6.0 minus 4.0 g=543.0 b=10000 p=50 c=100000#
% t=186.0 plus 9.0 minus 6.0 g=543.0 b=10000 p=0 c=100000#
% t=207.44841 plus 9.0 minus 6.0 g=543.0 b=10000 p=0 c=100000#
% t=250.0 plus 15.0 minus 10.0 g=543.0 b=10000 p=0 c=100000#
% t=273.0 plus 18.0 minus 12.0 g=543.0 b=10000 p=0 c=100000#
% t=286.0 plus 19.0 minus 12.0 g=543.0 b=10000 p=150 c=100000#
% t=299.0 plus 19.0 minus 12.0 g=543.0 b=10000 p=0 c=100000#
% t=312.0 plus 19.0 minus 12.0 g=543.0 b=10000 p=50 c=100000#
% t=356.59549 plus 22.0 minus 14.0 g=543.0 b=10000 p=0 c=100000#
% t=412.9222 plus 28.0 minus 18.0 g=543.0 b=10000 p=0 c=100000#
% t=466.8403 plus 34.0 minus 22.0 g=543.0 b=1122 p=0 c=1122#
% t=526.67361 plus 40.0 minus 26.0 g=543.0 b=7 p=0 c=7#
% t=578.50693 plus 46.0 minus 30.0 g=543.0 b=* p=0 c=*
 [487

]
%% goal height=543.0, max depth=4.0
% t=43.88887 plus 3.0 minus 2.0 g=543.0 b=10000 p=0 c=100000#
% t=66.3836 plus 6.0 minus 4.0 g=543.0 b=10000 p=300 c=100000#
% t=79.3836 plus 6.0 minus 4.0 g=543.0 b=10000 p=0 c=100000#
% t=92.3836 plus 7.0 minus 4.0 g=543.0 b=10000 p=200 c=100000#
% t=144.03864 plus 10.0 minus 6.0 g=543.0 b=10000 p=0 c=100000#
% t=172.41058 plus 10.0 minus 6.0 g=543.0 b=10000 p=0 c=100000#
% t=196.41058 plus 13.0 minus 8.0 g=543.0 b=10000 p=300 c=100000#
% t=246.42114 plus 16.0 minus 10.0 g=543.0 b=10000 p=0 c=100000#
% t=270.72812 plus 19.0 minus 12.0 g=543.0 b=10000 p=0 c=100000#
% t=283.72812 plus 20.0 minus 12.0 g=543.0 b=10000 p=200 c=100000#
% t=332.54471 plus 23.0 minus 14.0 g=543.0 b=10000 p=0 c=100000#
% t=356.32576 plus 26.0 minus 16.0 g=543.0 b=10000 p=0 c=100000#
% t=402.41255 plus 30.0 minus 18.0 g=543.0 b=10000 p=0 c=100000#
% t=420.03583 plus 30.0 minus 18.0 g=543.0 b=6876 p=0 c=6876#
% t=443.03587 plus 33.0 minus 20.0 g=543.0 b=2772 p=150 c=2922#
% t=456.03583 plus 33.0 minus 20.0 g=543.0 b=1824 p=0 c=1824#
% t=469.03583 plus 33.0 minus 20.0 g=543.0 b=1122 p=0 c=1122#
% t=482.03583 plus 33.0 minus 20.0 g=543.0 b=628 p=0 c=628#
% t=495.03583 plus 33.0 minus 20.0 g=543.0 b=305 p=0 c=305#
% t=508.03583 plus 33.0 minus 20.0 g=543.0 b=118 p=50 c=168#
% t=559.12273 plus 36.0 minus 22.0 g=543.0 b=39 p=0 c=39#
% t=581.06717 plus 39.0 minus 24.0 g=543.0 b=* p=150 c=*

[488


]
%% goal height=543.0, max depth=4.0
% t=10.0 g=543.0 b=10000 p=150 c=100000#
% t=23.0 g=543.0 b=10000 p=100 c=100000#
% t=36.0 g=543.0 b=10000 p=150 c=100000#
% t=49.0 g=543.0 b=10000 p=0 c=100000#
% t=62.0 plus 1.0 g=543.0 b=10000 p=200 c=100000#
% t=115.0825 plus 4.0 minus 2.0 g=543.0 b=10000 p=0 c=100000#
% t=158.0825 plus 10.0 minus 6.0 g=543.0 b=10000 p=0 c=100000#
% t=183.02695 plus 13.0 minus 8.0 g=543.0 b=10000 p=-200 c=100000#
% t=252.0825 plus 20.0 minus 12.0 g=543.0 b=10000 p=300 c=100000#
% t=265.0825 plus 20.0 minus 12.0 g=543.0 b=10000 p=-100 c=100000#
% t=283.0825 plus 23.0 minus 14.0 g=543.0 b=10000 p=0 c=100000#
% t=299.0825 plus 25.0 minus 15.0 g=543.0 b=10000 p=0 c=100000#
% t=312.0825 plus 26.0 minus 15.0 g=543.0 b=10000 p=0 c=100000#
% t=325.0825 plus 27.0 minus 15.0 g=543.0 b=10000 p=0 c=100000#
% t=339.0535 plus 28.0 minus 15.0 g=543.0 b=10000 p=-100 c=100000#
% t=356.0825 plus 31.0 minus 17.0 g=543.0 b=10000 p=300 c=100000#
% t=369.0825 plus 31.0 minus 17.0 g=543.0 b=10000 p=-100 c=100000#
% t=387.0825 plus 34.0 minus 19.0 g=543.0 b=10000 p=150 c=100000#
% t=400.0825 plus 34.0 minus 19.0 g=543.0 b=7415 p=150 c=7565#
% t=413.0825 plus 34.0 minus 19.0 g=543.0 b=5563 p=-100 c=5463#
% t=431.0825 plus 37.0 minus 21.0 g=543.0 b=2762 p=300 c=3062#
% t=444.0825 plus 37.0 minus 21.0 g=543.0 b=1910 p=-100 c=1810#
% t=462.0825 plus 40.0 minus 23.0 g=543.0 b=824 p=300 c=1124#
% t=475.0825 plus 40.0 minus 23.0 g=543.0 b=488 p=-100 c=388#
% t=493.0825 plus 43.0 minus 25.0 g=543.0 b=155 p=-100 c=55#
% t=530.0825 plus 49.0 minus 29.0 g=543.0 b=2 p=150 c=152
% t=543.0825 plus 49.0 minus 29.0 g=543.0 b=0 p=150 c=150
% t=556.0825 plus 49.0 minus 29.0 g=543.0 b=9 p=-100 c=-91#
% t=574.0825 plus 52.0 minus 31.0 g=543.0 b=* p=300 c=*
 [489

]
%% goal height=543.0, max depth=4.0
% t=10.0 g=543.0 b=10000 p=300 c=100000#
% t=23.0 g=543.0 b=10000 p=-100 c=100000#
% t=41.0 plus 3.0 minus 2.0 g=543.0 b=10000 p=-100 c=100000#
% t=59.0 plus 6.0 minus 4.0 g=543.0 b=10000 p=-100 c=100000#
% t=104.53865 plus 12.0 minus 8.0 g=543.0 b=10000 p=0 c=100000#
% t=124.67914 plus 15.0 minus 10.0 g=543.0 b=10000 p=-100 c=100000#
% t=142.67914 plus 18.0 minus 12.0 g=543.0 b=10000 p=-100 c=100000#
% t=160.67914 plus 21.0 minus 14.0 g=543.0 b=10000 p=-100 c=100000#
% t=178.67914 plus 24.0 minus 16.0 g=543.0 b=10000 p=300 c=100000#
% t=191.67914 plus 24.0 minus 16.0 g=543.0 b=10000 p=-100 c=100000#
% t=245.22153 plus 30.0 minus 20.0 g=543.0 b=10000 p=0 c=100000#
% t=267.73935 plus 33.0 minus 22.0 g=543.0 b=10000 p=-100 c=100000#
% t=285.73935 plus 36.0 minus 24.0 g=543.0 b=10000 p=300 c=100000#
% t=298.73935 plus 36.0 minus 24.0 g=543.0 b=10000 p=-100 c=100000#
% t=316.73935 plus 39.0 minus 26.0 g=543.0 b=10000 p=-100 c=100000#
% t=353.73935 plus 45.0 minus 30.0 g=543.0 b=7433 p=300 c=7733#
% t=366.73935 plus 45.0 minus 30.0 g=543.0 b=6001 p=-100 c=5901#
% t=384.73935 plus 48.0 minus 32.0 g=543.0 b=3579 p=0 c=3579#
% t=416.68408 plus 50.0 minus 33.0 g=543.0 b=1609 p=0 c=1609#
% t=435.30736 plus 52.0 minus 34.0 g=543.0 b=887 p=0 c=887#
% t=455.80577 plus 54.0 minus 35.0 g=543.0 b=419 p=-100 c=319#
% t=474.27843 plus 57.0 minus 37.0 g=543.0 b=175 p=250 c=425
% t=487.27843 plus 57.0 minus 37.0 g=543.0 b=93 p=150 c=243#
% t=500.27843 plus 57.0 minus 37.0 g=543.0 b=42 p=-100 c=-58#
% t=518.27843 plus 60.0 minus 39.0 g=543.0 b=7 p=-100 c=-93#
% t=536.27843 plus 63.0 minus 41.0 g=543.0 b=0 p=300 c=300
% t=549.27843 plus 63.0 minus 41.0 g=543.0 b=0 p=-100 c=-100#
% t=567.27843 plus 66.0 minus 43.0 g=543.0 b=18 p=300 c=318
% t=580.27843 plus 66.0 minus 43.0 g=543.0 b=65 p=0 c=65
% t=596.27843 plus 68.0 minus 44.0 g=543.0 b=* p=0 c=*
 [490]
%% goal height=543.0, max depth=4.0
% t=10.0 g=543.0 b=10000 p=300 c=100000#
% t=23.0 g=543.0 b=10000 p=0 c=100000#
% t=39.0 plus 2.0 minus 1.0 g=543.0 b=10000 p=0 c=100000#
% t=52.0 plus 3.0 minus 1.0 g=543.0 b=10000 p=-100 c=100000#
% t=70.0 plus 6.0 minus 3.0 g=543.0 b=10000 p=-100 c=100000#
% t=88.0 plus 9.0 minus 5.0 g=543.0 b=10000 p=150 c=100000#
% t=101.0 plus 9.0 minus 5.0 g=543.0 b=10000 p=0 c=100000#
% t=114.0 plus 9.0 minus 5.0 g=543.0 b=10000 p=100 c=100000#
% t=127.0 plus 9.0 minus 5.0 g=543.0 b=10000 p=150 c=100000#
% t=140.0 plus 9.0 minus 5.0 g=543.0 b=10000 p=0 c=100000#
% t=156.0 plus 11.0 minus 6.0 g=543.0 b=10000 p=150 c=100000#
% t=169.0 plus 11.0 minus 6.0 g=543.0 b=10000 p=0 c=100000#
% t=182.0 plus 11.0 minus 6.0 g=543.0 b=10000 p=150 c=100000#
% t=195.0 plus 11.0 minus 6.0 g=543.0 b=10000 p=-100 c=100000#
% t=213.0 plus 14.0 minus 8.0 g=543.0 b=10000 p=150 c=100000#
% t=226.0 plus 14.0 minus 8.0 g=543.0 b=10000 p=150 c=100000#
% t=239.0 plus 14.0 minus 8.0 g=543.0 b=10000 p=-100 c=100000#
% t=257.0 plus 17.0 minus 10.0 g=543.0 b=10000 p=150 c=100000#
% t=270.0 plus 17.0 minus 10.0 g=543.0 b=10000 p=150 c=100000#
% t=283.0 plus 17.0 minus 10.0 g=543.0 b=10000 p=-100 c=100000#
% t=301.0 plus 20.0 minus 12.0 g=543.0 b=10000 p=-100 c=100000#
% t=319.0 plus 23.0 minus 14.0 g=543.0 b=10000 p=300 c=100000#
% t=332.0 plus 23.0 minus 14.0 g=543.0 b=10000 p=-100 c=100000#
% t=350.0 plus 26.0 minus 16.0 g=543.0 b=10000 p=300 c=100000#
% t=363.0 plus 26.0 minus 16.0 g=543.0 b=10000 p=-100 c=100000#
% t=401.00919 plus 32.0 minus 20.0 g=543.0 b=10000 p=-100 c=100000#
% t=419.00919 plus 35.0 minus 22.0 g=543.0 b=4441 p=-100 c=4341#
% t=468.60468 plus 41.0 minus 26.0 g=543.0 b=594 p=0 c=594#
% t=491.84909 plus 45.0 minus 28.0 g=543.0 b=146 p=-100 c=46#
% t=509.84909 plus 48.0 minus 30.0 g=543.0 b=33 p=-100 c=-67#
% t=527.84909 plus 51.0 minus 32.0 g=543.0 b=3 p=-100 c=-97#
% t=545.84909 plus 54.0 minus 34.0 g=543.0 b=0 p=-100 c=-100#
% t=563.84909 plus 57.0 minus 36.0 g=543.0 b=19 p=300 c=319
% t=576.84909 plus 57.0 minus 36.0 g=543.0 b=83 p=-100 c=-17
% t=594.84909 plus 60.0 minus 38.0 g=543.0 b=* p=400 c=*
 [491]
%% goal height=543.0, max depth=4.0
% t=10.0 g=543.0 b=10000 p=300 c=100000#
% t=23.0 g=543.0 b=10000 p=-100 c=100000#
% t=41.0 plus 3.0 minus 2.0 g=543.0 b=10000 p=400 c=100000#
% t=54.0 plus 3.0 minus 2.0 g=543.0 b=10000 p=-100 c=100000#
% t=72.0 plus 6.0 minus 4.0 g=543.0 b=10000 p=150 c=100000#
% t=85.0 plus 6.0 minus 4.0 g=543.0 b=10000 p=150 c=100000#
% t=98.0 plus 6.0 minus 4.0 g=543.0 b=10000 p=-100 c=100000#
% t=116.0 plus 9.0 minus 6.0 g=543.0 b=10000 p=150 c=100000#
% t=129.0 plus 9.0 minus 6.0 g=543.0 b=10000 p=50 c=100000#
% t=179.41049 plus 12.0 minus 8.0 g=543.0 b=10000 p=0 c=100000#
% t=203.22272 plus 15.0 minus 10.0 g=543.0 b=10000 p=300 c=100000#
% t=216.19154 plus 15.0 minus 10.0 g=543.0 b=10000 p=-100 c=100000#
% t=234.19154 plus 18.0 minus 12.0 g=543.0 b=10000 p=150 c=100000#
% t=247.19154 plus 18.0 minus 12.0 g=543.0 b=10000 p=150 c=100000#
% t=260.19154 plus 18.0 minus 12.0 g=543.0 b=10000 p=-100 c=100000#
% t=309.19177 plus 24.0 minus 16.0 g=543.0 b=10000 p=0 c=100000#
% t=334.26875 plus 27.0 minus 18.0 g=543.0 b=10000 p=300 c=100000#
% t=347.26875 plus 27.0 minus 18.0 g=543.0 b=10000 p=-100 c=100000#
% t=365.26875 plus 30.0 minus 20.0 g=543.0 b=10000 p=150 c=100000#
% t=378.26875 plus 30.0 minus 20.0 g=543.0 b=10000 p=0 c=100000#
% t=391.26875 plus 30.0 minus 20.0 g=543.0 b=10000 p=150 c=100000#
% t=427.26875 plus 33.0 minus 22.0 g=543.0 b=4303 p=0 c=4303#
% t=473.26875 plus 39.0 minus 26.0 g=543.0 b=571 p=0 c=571#
% t=496.26875 plus 42.0 minus 28.0 g=543.0 b=137 p=300 c=437#
% t=509.26875 plus 42.0 minus 28.0 g=543.0 b=51 p=-100 c=-49#
% t=527.26875 plus 45.0 minus 30.0 g=543.0 b=4 p=200 c=204
% t=563.26875 plus 48.0 minus 32.0 g=543.0 b=25 p=0 c=25
% t=586.26875 plus 51.0 minus 34.0 g=543.0 b=* p=300 c=*
 [492]
%% goal height=543.0, max depth=4.0
% t=10.0 g=543.0 b=10000 p=200 c=100000#
% t=46.0 plus 3.0 minus 2.0 g=543.0 b=10000 p=0 c=100000#
% t=69.0 plus 6.0 minus 4.0 g=543.0 b=10000 p=300 c=100000#
% t=82.0 plus 6.0 minus 4.0 g=543.0 b=10000 p=-100 c=100000#
% t=138.6715 plus 12.0 minus 8.0 g=543.0 b=10000 p=0 c=100000#
% t=160.61594 plus 15.0 minus 10.0 g=543.0 b=10000 p=-100 c=100000#
% t=178.61594 plus 18.0 minus 12.0 g=543.0 b=10000 p=150 c=100000#
% t=191.61594 plus 18.0 minus 12.0 g=543.0 b=10000 p=0 c=100000#
% t=204.61594 plus 18.0 minus 12.0 g=543.0 b=10000 p=0 c=100000#
% t=217.61594 plus 18.0 minus 12.0 g=543.0 b=10000 p=50 c=100000#
% t=250.39113 plus 21.0 minus 14.0 g=543.0 b=10000 p=0 c=100000#
% t=258.79112 plus 21.0 minus 14.0 g=543.0 b=10000 p=0 c=100000#
% t=267.79112 plus 21.0 minus 14.0 g=543.0 b=10000 p=0 c=100000#
% t=280.79112 plus 21.0 minus 14.0 g=543.0 b=10000 p=0 c=100000#
% t=293.79112 plus 21.0 minus 14.0 g=543.0 b=10000 p=0 c=100000#
% t=306.79112 plus 21.0 minus 14.0 g=543.0 b=10000 p=0 c=100000#
% t=319.79112 plus 21.0 minus 14.0 g=543.0 b=10000 p=0 c=100000#
% t=342.79112 plus 24.0 minus 16.0 g=543.0 b=10000 p=400 c=100000#
% t=355.79112 plus 24.0 minus 16.0 g=543.0 b=10000 p=-100 c=100000#
% t=373.79112 plus 27.0 minus 18.0 g=543.0 b=10000 p=150 c=100000#
% t=386.79112 plus 27.0 minus 18.0 g=543.0 b=10000 p=50 c=100000#
% t=422.79112 plus 30.0 minus 20.0 g=543.0 b=6428 p=0 c=6428#
% t=445.79112 plus 34.0 minus 22.0 g=543.0 b=2334 p=150 c=2484#
% t=458.79112 plus 34.0 minus 22.0 g=543.0 b=1515 p=100 c=1615#
% t=471.79112 plus 34.0 minus 22.0 g=543.0 b=918 p=0 c=918#
% t=484.79112 plus 34.0 minus 22.0 g=543.0 b=500 p=0 c=500#
% t=497.79112 plus 34.0 minus 22.0 g=543.0 b=233 p=0 c=233#
% t=510.79112 plus 34.0 minus 22.0 g=543.0 b=85 p=0 c=85#
% t=523.79112 plus 34.0 minus 22.0 g=543.0 b=18 p=0 c=18#
% t=536.79112 plus 34.0 minus 22.0 g=543.0 b=1 p=150 c=151
% t=549.79112 plus 34.0 minus 22.0 g=543.0 b=3 p=0 c=3#
% t=565.79112 plus 36.0 minus 23.0 g=543.0 b=97 p=150 c=247
% t=578.79112 plus 36.0 minus 23.0 g=543.0 b=* p=0 c=*
 [493]
%% goal height=543.0, max depth=4.0
% t=10.0 g=543.0 b=10000 p=150 c=100000#
% t=23.0 g=543.0 b=10000 p=0 c=100000#
% t=36.0 g=543.0 b=10000 p=150 c=100000#
% t=49.0 g=543.0 b=10000 p=0 c=100000#
% t=62.0 plus 1.0 g=543.0 b=10000 p=150 c=100000#
% t=75.0 plus 1.0 g=543.0 b=10000 p=0 c=100000#
% t=88.0 plus 1.0 g=543.0 b=10000 p=150 c=100000#
% t=101.0 plus 1.0 g=543.0 b=10000 p=-100 c=100000#
% t=138.0 plus 7.0 minus 4.0 g=543.0 b=10000 p=-100 c=100000#
% t=156.0 plus 10.0 minus 6.0 g=543.0 b=10000 p=200 c=100000#
% t=199.94461 plus 13.0 minus 8.0 g=543.0 b=10000 p=0 c=100000#
% t=245.94461 plus 20.0 minus 12.0 g=543.0 b=10000 p=0 c=100000#
% t=302.89134 plus 26.0 minus 16.0 g=543.0 b=10000 p=0 c=100000#
% t=325.39134 plus 29.0 minus 18.0 g=543.0 b=10000 p=-100 c=100000#
% t=343.39134 plus 32.0 minus 20.0 g=543.0 b=10000 p=200 c=100000#
% t=391.85739 plus 35.0 minus 22.0 g=543.0 b=8038 p=0 c=8038#
% t=415.63844 plus 38.0 minus 24.0 g=543.0 b=3758 p=-100 c=3658#
% t=433.63844 plus 41.0 minus 26.0 g=543.0 b=1895 p=-100 c=1795#
% t=451.63844 plus 44.0 minus 28.0 g=543.0 b=892 p=150 c=1042#
% t=464.63844 plus 44.0 minus 28.0 g=543.0 b=562 p=150 c=712#
% t=477.63844 plus 44.0 minus 28.0 g=543.0 b=327 p=-100 c=227#
% t=495.63844 plus 47.0 minus 30.0 g=543.0 b=102 p=250 c=352
% t=508.63844 plus 47.0 minus 30.0 g=543.0 b=39 p=100 c=139#
% t=521.63844 plus 47.0 minus 30.0 g=543.0 b=9 p=150 c=159
% t=534.63844 plus 47.0 minus 30.0 g=543.0 b=1 p=-100 c=-99#
% t=589.73378 plus 53.0 minus 34.0 g=543.0 b=* p=0 c=*
 [494

]
%% goal height=543.0, max depth=4.0
% t=47.09534 plus 3.0 minus 2.0 g=543.0 b=10000 p=0 c=100000#
% t=101.83319 plus 9.0 minus 6.0 g=543.0 b=10000 p=0 c=100000#
% t=125.61424 plus 12.0 minus 8.0 g=543.0 b=10000 p=300 c=100000#
% t=138.61424 plus 12.0 minus 8.0 g=543.0 b=10000 p=-100 c=100000#
% t=156.61424 plus 15.0 minus 10.0 g=543.0 b=10000 p=200 c=100000#
% t=193.73576 plus 18.0 minus 12.0 g=543.0 b=10000 p=0 c=100000#
% t=210.8591 plus 18.0 minus 12.0 g=543.0 b=10000 p=0 c=100000#
% t=233.8591 plus 21.0 minus 14.0 g=543.0 b=10000 p=300 c=100000#
% t=246.8591 plus 21.0 minus 14.0 g=543.0 b=10000 p=-100 c=100000#
% t=297.80377 plus 27.0 minus 18.0 g=543.0 b=10000 p=0 c=100000#
% t=319.74821 plus 30.0 minus 20.0 g=543.0 b=10000 p=-100 c=100000#
% t=337.74821 plus 33.0 minus 22.0 g=543.0 b=10000 p=150 c=100000#
% t=350.74821 plus 33.0 minus 22.0 g=543.0 b=10000 p=150 c=100000#
% t=363.74821 plus 33.0 minus 22.0 g=543.0 b=10000 p=-100 c=100000#
% t=382.9468 plus 36.0 minus 24.0 g=543.0 b=10000 p=150 c=100000#
% t=394.74821 plus 36.0 minus 24.0 g=543.0 b=6978 p=50 c=7028#
% t=430.74821 plus 39.0 minus 26.0 g=543.0 b=2376 p=0 c=2376#
% t=453.74821 plus 42.0 minus 28.0 g=543.0 b=958 p=-100 c=858#
% t=471.74821 plus 45.0 minus 30.0 g=543.0 b=396 p=400 c=796#
% t=484.74821 plus 45.0 minus 30.0 g=543.0 b=216 p=-100 c=116#
% t=539.33774 plus 51.0 minus 34.0 g=543.0 b=0 p=0 c=0#
% t=561.83774 plus 54.0 minus 36.0 g=543.0 b=14 p=-100 c=-86#
% t=611.81908 plus 60.0 minus 40.0 g=543.0 b=* p=0 c=*
 [495]
%% goal height=543.0, max depth=4.0
% t=41.98134 plus 3.0 minus 2.0 g=543.0 b=10000 p=0 c=100000#
% t=81.92578 plus 10.0 minus 6.0 g=543.0 b=10000 p=150 c=100000#
% t=94.92578 plus 10.0 minus 6.0 g=543.0 b=10000 p=150 c=100000#
% t=107.92578 plus 10.0 minus 6.0 g=543.0 b=10000 p=-100 c=100000#
% t=125.92578 plus 13.0 minus 8.0 g=543.0 b=10000 p=150 c=100000#
% t=138.92578 plus 13.0 minus 8.0 g=543.0 b=10000 p=0 c=100000#
% t=151.92578 plus 13.0 minus 8.0 g=543.0 b=10000 p=0 c=100000#
% t=164.92578 plus 13.0 minus 8.0 g=543.0 b=10000 p=50 c=100000#
% t=200.92578 plus 16.0 minus 10.0 g=543.0 b=10000 p=0 c=100000#
% t=223.92578 plus 20.0 minus 12.0 g=543.0 b=10000 p=300 c=100000#
)
*\end
% t=240.92578 plus 20.0 minus 12.0 g=543.0 b=10000 p=0 c=100000#
% t=240.92578 plus 20.0 plus 1.0fill minus 12.0 g=543.0 b=0 p=-1073741824 c=-10
73741824#
[496

]
Output written on chap9.pdf (58 pages).
